## SLURM PROLOG ###############################################################
##    Job ID : 3879040
##  Job Name : render_MI_val
##  Nodelist : gpu2003
##      CPUs : 1
##  Mem/Node : 40960 MB
## Directory : /gpfs/data/tserre/aarjun1/blender_render-color_pos
##   Started : Sun Jan 30 00:13:23 EST 2022
###############################################################################

##################################################
This is version: single_illuminant
##################################################
This is jobID: 3879040
##################################################
This is batch_size: 150000
##################################################
This is gpu_index: None
['scenes/AI_33/AI33_005/AI33_005_280.blend', 'scenes/AI_33/AI33_003/AI33_003_280.blend', 'scenes/AI_33/AI33_009/AI33_009_280.blend', 'scenes/AI_33/AI33_002/AI33_002_280.blend', 'scenes/AI_33/AI33_007/AI33_007_280.blend', 'scenes/AI_33/AI33_001/AI33_001_280.blend', 'scenes/AI_33/AI33_006/AI33_006_280.blend', 'scenes/AI_33/AI33_010/AI33_010_280.blend', 'scenes/AI_43/AI43_010/AI043_010_Blender.blend', 'scenes/AI_43/AI43_006/AI043_006_Blender.blend', 'scenes/AI_43/AI43_005/AI043_005_Blender.blend', 'scenes/AI_43/AI43_004/AI043_004.blend', 'scenes/AI_43/AI43_008_blender/AI043_008.blend', 'scenes/AI_43/AI43_009/AI043_009_Blender.blend', 'scenes/AI_43/AI43_003/AI043_003_Blender.blend', 'scenes/AI_43/AI43_001/AI043_001_Blender.blend', 'scenes/AI_48/AI48_001/AI48_001.blend', 'scenes/AI_48/AI48_002/AI48_002.blend', 'scenes/AI_48/AI48_008/AI48_008.blend', 'scenes/AI_48/AI48_010/AI48_010.blend', 'scenes/AI_48/AI48_009/AI48_009.blend', 'scenes/AI_48/AI48_003/AI48_003.blend', 'scenes/AI_48/AI48_004/AI48_004.blend', 'scenes/AI_58/AI58_002/AI58_002.blend', 'scenes/AI_58/AI58_005/AI58_005.blend', 'scenes/AI_58/AI58_007/AI58_007.blend', 'scenes/AI_58/AI58_001/AI58_001.blend', 'scenes/AI_58/AI58_008/AI58_008.blend', 'scenes/AI_58/AI58_006/AI58_006.blend', 'scenes/AI_58/AI58_009/AI58_009.blend', 'scenes/AI_58/AI58_010/AI58_010.blend']
blend_files len :  31
Rendering to folder: /gpfs/scratch/aarjun1/blender_data/data_no_filmic/images_single_illuminant
Output folder created successfully
Job folder successfully created
~~~~~~~~~~~~~~~~~~~~~~~~~~~~~~~~~~~~~~~~~~~~~~~~~~
Rendering index 0
##################################################
This is lenn: 31
Background: AI48_003.blend
Background pivot: [0.0, 0.0, 0.0]
Universal color works22 : [0.4453166234659195, 0.4505024388641138, 0.24613550807220436, 1]
Background intensity: 0.0
mat_count : 0
lamp_count: 0
vertices: [[-19.20069694519043, -16.787254333496094, -0.0008464990532957017], [-19.20069694519043, -16.787254333496094, 10.468788146972656], [-19.20069694519043, 21.67430877685547, 10.468786239624023], [-19.20069694519043, 21.67430877685547, -0.0008481802069582045], [15.789934158325195, -16.787254333496094, -0.0008464990532957017], [15.789934158325195, -16.787254333496094, 10.468788146972656], [15.789934158325195, 21.67430877685547, 10.468786239624023], [15.789934158325195, 21.67430877685547, -0.0008481802069582045]]
max_vol_name: ['AI48_003_Wall_Abackground']
bounding_limits: [[-12.48045301437378, 10.263457202911377], [-10.911715316772462, 14.088300704956055], [-0.0008464990532957017, 10.468788146972656]]
max_vol_name_list: [['AI48_003_Ceilingbackground'], ['AI48_003_Floorbackground'], ['AI48_003_Wall_Abackground'], ['AI48_003_Wall_Bbackground']]
Model arrangement: single
sub_parameters: {'position_range': (-2.5, 2.5), 'rotate': True, 'scale_uniform': True, 'directory': 'ben_blobs/test_stls', 'scale_range': (0.35, 0.55)}
position_range: (-2.5, 2.5)
position: [4.336873020045335, -2.396120052706177, 3.604056815142193]
##################################################
This is lenn: 1
##################################################
This is lenn: 20
Importing model from shape_631.stl
Scale: [0.46382295599067, 0.46382295599067, 0.46382295599067]
model pos (4.336873020045335, -2.396120052706177, 3.604056815142193)
model counterr [5]
origin_location: [-0.5738319158554077, -3.260796308517456, 0.5790581703186035]
Model center location: [-6.839990615844727, -0.7595869898796082, 5.76099157333374]
Camera location: (-7.413822531700134, -4.020383298397064, 6.340049743652344), rotation: [0.7626955135399156, 0.6408811899681842, -0.05596088462346372, -0.06659754772668473]
Camera counter: 1
Camera if_counter: 0
Camera bool_chi: False
Universal color works : [0.4453166234659195, 0.4505024388641138, 0.24613550807220436, 1]
before light location: [-1.3886361122131348, 1.6324372291564941, 1.218788504600525]
counterr light: 1
if_counter light: 0
light location: (-8.228626728057861, 0.872850239276886, 6.979780077934265)
light bool_chi: False
Done Material: object
Color Material: [0.2156740219134859, 0.3427835389559408, 0.29525569861198175, 1]
##################################################
This is lenn: 1
light_colors: {'light': [0.4453166234659195, 0.4505024388641138, 0.24613550807220436, 1], 'scene_light': [0.4453166234659195, 0.4505024388641138, 0.24613550807220436, 1]}
scene_intensity: 197.65398163675553
Render activated_gpus: []
Render filename: 000000
