## SLURM PROLOG ###############################################################
##    Job ID : 3836851
##  Job Name : render_MI_val
##  Nodelist : gpu2108
##      CPUs : 1
##  Mem/Node : 40960 MB
## Directory : /gpfs/data/tserre/aarjun1/blender_render-color_pos
##   Started : Tue Jan 25 06:56:37 EST 2022
###############################################################################
17
##################################################
This is version: single_illuminant
##################################################
This is jobID: 3836851
##################################################
This is batch_size: 150000
##################################################
This is gpu_index: None
['scenes/AI_33/AI33_005/AI33_005_280.blend', 'scenes/AI_33/AI33_003/AI33_003_280.blend', 'scenes/AI_33/AI33_009/AI33_009_280.blend', 'scenes/AI_33/AI33_002/AI33_002_280.blend', 'scenes/AI_33/AI33_007/AI33_007_280.blend', 'scenes/AI_33/AI33_001/AI33_001_280.blend', 'scenes/AI_33/AI33_006/AI33_006_280.blend', 'scenes/AI_33/AI33_010/AI33_010_280.blend', 'scenes/AI_43/AI43_010/AI043_010_Blender.blend', 'scenes/AI_43/AI43_006/AI043_006_Blender.blend', 'scenes/AI_43/AI43_005/AI043_005_Blender.blend', 'scenes/AI_43/AI43_004/AI043_004.blend', 'scenes/AI_43/AI43_008_blender/AI043_008.blend', 'scenes/AI_43/AI43_009/AI043_009_Blender.blend', 'scenes/AI_43/AI43_003/AI043_003_Blender.blend', 'scenes/AI_43/AI43_001/AI043_001_Blender.blend', 'scenes/AI_48/AI48_001/AI48_001.blend', 'scenes/AI_48/AI48_002/AI48_002.blend', 'scenes/AI_48/AI48_008/AI48_008.blend', 'scenes/AI_48/AI48_010/AI48_010.blend', 'scenes/AI_48/AI48_009/AI48_009.blend', 'scenes/AI_48/AI48_003/AI48_003.blend', 'scenes/AI_48/AI48_004/AI48_004.blend', 'scenes/AI_58/AI58_002/AI58_002.blend', 'scenes/AI_58/AI58_005/AI58_005.blend', 'scenes/AI_58/AI58_007/AI58_007.blend', 'scenes/AI_58/AI58_001/AI58_001.blend', 'scenes/AI_58/AI58_008/AI58_008.blend', 'scenes/AI_58/AI58_006/AI58_006.blend', 'scenes/AI_58/AI58_009/AI58_009.blend', 'scenes/AI_58/AI58_010/AI58_010.blend']
blend_files len :  31
Rendering to folder: /gpfs/scratch/aarjun1/blender_data/data5/images_single_illuminant
Job folder successfully created
~~~~~~~~~~~~~~~~~~~~~~~~~~~~~~~~~~~~~~~~~~~~~~~~~~
Rendering index 0
##################################################
This is lenn: 31
Background: AI48_009.blend
Background pivot: [0.0, 0.0, 0.0]
Universal color works22 : [0.6973655471739562, 0.3961904698820713, 0.47672937613599, 1]
Background intensity: 0.0
mat_count : 0
lamp_count: 0
vertices: [[12.323814392089844, 23.951065063476562, 4.115785121917725], [12.323814392089844, 23.951066970825195, 18.631988525390625], [12.32382869720459, -14.510455131530762, 18.63199234008789], [12.32382869720459, -14.510457038879395, 4.115789890289307], [-18.79796028137207, 23.951053619384766, 4.115785121917725], [-18.79796028137207, 23.9510555267334, 18.631988525390625], [-18.797945022583008, -14.510467529296875, 18.63199234008789], [-18.797945022583008, -14.510469436645508, 4.115789890289307]]
max_vol_name: ['AI48_009_roof_01background']
bounding_limits: [[8.010479354858399, -12.218674182891846], [15.568193531036377, -9.431795835494995], [4.115785121917725, 18.631988525390625]]
max_vol_name_list: [['AI48_009_baseboard_02background'], ['AI48_009_obj_007background'], ['AI48_009_roof_01background'], ['AI48_009_tablebackground'], ['Planebackground']]
Model arrangement: single
sub_parameters: {'directory': 'ben_blobs/test_stls', 'scale_uniform': True, 'position_range': (-2.5, 2.5), 'rotate': True, 'scale_range': (0.35, 0.55)}
position_range: (-2.5, 2.5)
position: [7.99653105519911, 14.087470469814203, 8.855333213352765]
##################################################
This is lenn: 1
##################################################
This is lenn: 20
Importing model from shape_685.stl
Scale: [0.538056926011597, 0.538056926011597, 0.538056926011597]
model pos (7.99653105519911, 14.087470469814203, 8.855333213352765)
model counterr [1]
origin_location: [-0.4543851613998413, 1.046411395072937, -4.637318134307861]
Model center location: [7.996531009674072, 14.087470054626465, 8.85533332824707]
Camera location: (7.542145848274231, 15.133881449699402, 4.218015193939209), rotation: [0.024472566374248488, 0.2019251157058336, -0.9719826885596452, -0.11780065484795575]
Camera counter: 1
Camera if_counter: 0
Camera bool_chi: False
Universal color works : [0.6973655471739562, 0.3961904698820713, 0.47672937613599, 1]
before light location: [-0.09316861629486084, -0.04286891222000122, 1.908522367477417]
counterr light: 1
if_counter light: 0
light location: (7.903362393379211, 14.044601142406464, 10.763855695724487)
light bool_chi: False
Done Material: object
Color Material: [0.5882305288827109, 0.3402137101004329, 0.3285013617708936, 1]
##################################################
This is lenn: 1
light_colors: {'scene_light': [0.6973655471739562, 0.3961904698820713, 0.47672937613599, 1], 'light': [0.6973655471739562, 0.3961904698820713, 0.47672937613599, 1]}
scene_intensity: 169.09330593966362
Render activated_gpus: []
Render filename: 000000
info_dict: {'scene_name': 'AI48_009.blend', 'camera_dist': 4.775579772280994, 'blob_color': [0.5882305288827109, 0.3402137101004329, 0.3285013617708936, 1], 'light_intensity': 169.09330593966362, 'scene_color': [0.6973655471739562, 0.3961904698820713, 0.47672937613599, 1]}
Render activated_gpus: []
Render filename: 000000.gt_sm
Render activated_gpus: []
Render filename: 000000.gt_r
Render activated_gpus: []
Render filename: 000000.gt_ill
Render 0 complete
Data from render 0 saved
~~~~~~~~~~~~~~~~~~~~~~~~~~~~~~~~~~~~~~~~~~~~~~~~~~
Rendering index 1
##################################################
This is lenn: 31
Background: AI043_001_Blender.blend
Background pivot: [0.0, 0.0, 0.0]
Universal color works22 : [0.5002837475759035, 0.5916962668674123, 0.5661221798766579, 1]
Background intensity: 0.0
mat_count : 0
lamp_count: 0
vertices: [[-18.264389038085938, -19.421098709106445, -0.0023088110610842705], [-18.264389038085938, -19.421098709106445, 13.371927261352539], [-18.264389038085938, 19.04043960571289, 13.371925354003906], [-18.264389038085938, 19.04043960571289, -0.002310492331162095], [14.20960807800293, -19.421098709106445, -0.0023088110610842705], [14.20960807800293, -19.421098709106445, 13.371927261352539], [14.20960807800293, 19.04043960571289, 13.371925354003906], [14.20960807800293, 19.04043960571289, -0.002310492331162095]]
max_vol_name: ['AI43_wallsbackground']
bounding_limits: [[-11.87185287475586, 9.236245250701904], [-12.62371416091919, 12.37628574371338], [-0.0023088110610842705, 13.371927261352539]]
max_vol_name_list: [['Ai43_floorbackground'], ['AI43_wallsbackground']]
Model arrangement: single
sub_parameters: {'scale_uniform': True, 'position_range': (-2.5, 2.5), 'scale_range': (0.35, 0.55), 'files': ['/gpfs/scratch/aarjun1/train_data/ben_blobs/test_stls/shape_621.stl', '/gpfs/scratch/aarjun1/train_data/ben_blobs/test_stls/shape_755.stl', '/gpfs/scratch/aarjun1/train_data/ben_blobs/test_stls/shape_864.stl', '/gpfs/scratch/aarjun1/train_data/ben_blobs/test_stls/shape_400.stl', '/gpfs/scratch/aarjun1/train_data/ben_blobs/test_stls/shape_685.stl', '/gpfs/scratch/aarjun1/train_data/ben_blobs/test_stls/shape_863.stl', '/gpfs/scratch/aarjun1/train_data/ben_blobs/test_stls/shape_905.stl', '/gpfs/scratch/aarjun1/train_data/ben_blobs/test_stls/shape_939.stl', '/gpfs/scratch/aarjun1/train_data/ben_blobs/test_stls/shape_631.stl', '/gpfs/scratch/aarjun1/train_data/ben_blobs/test_stls/shape_364.stl', '/gpfs/scratch/aarjun1/train_data/ben_blobs/test_stls/shape_375.stl', '/gpfs/scratch/aarjun1/train_data/ben_blobs/test_stls/shape_711.stl', '/gpfs/scratch/aarjun1/train_data/ben_blobs/test_stls/shape_892.stl', '/gpfs/scratch/aarjun1/train_data/ben_blobs/test_stls/shape_951.stl', '/gpfs/scratch/aarjun1/train_data/ben_blobs/test_stls/shape_702.stl', '/gpfs/scratch/aarjun1/train_data/ben_blobs/test_stls/shape_597.stl', '/gpfs/scratch/aarjun1/train_data/ben_blobs/test_stls/shape_17.stl', '/gpfs/scratch/aarjun1/train_data/ben_blobs/test_stls/shape_971.stl', '/gpfs/scratch/aarjun1/train_data/ben_blobs/test_stls/shape_371.stl', '/gpfs/scratch/aarjun1/train_data/ben_blobs/test_stls/shape_461.stl'], 'directory': 'ben_blobs/test_stls', 'rotate': True}
position_range: (-2.5, 2.5)
position: [7.118765456168372, -11.135637135351148, 7.798843221800013]
##################################################
This is lenn: 1
##################################################
This is lenn: 20
Importing model from shape_892.stl
Scale: [0.40251819113309756, 0.40251819113309756, 0.40251819113309756]
model pos (7.118765456168372, -11.135637135351148, 7.798843221800013)
model counterr [2]
origin_location: [3.8065266609191895, 0.4030611515045166, -0.9158376455307007]
Model center location: [-10.585341453552246, 11.15798568725586, 7.8567516803741455]
Camera location: (-6.778814792633057, 11.561046838760376, 6.940914034843445), rotation: [-0.41428016179962174, -0.5250931792939317, -0.5836291208920801, -0.46046297337028935]
Camera counter: 1
Camera if_counter: 0
Camera bool_chi: False
Universal color works : [0.5002837475759035, 0.5916962668674123, 0.5661221798766579, 1]
before light location: [-0.6267887353897095, 1.4746407270431519, 0.6985782384872437]
counterr light: 1
if_counter light: 0
light location: (-11.212130188941956, 12.632626414299011, 8.55532991886139)
light bool_chi: False
Done Material: object
Color Material: [0.1581590276749851, 0.6451873879588095, 0.2735251018914292, 1]
##################################################
This is lenn: 1
light_colors: {'scene_light': [0.5002837475759035, 0.5916962668674123, 0.5661221798766579, 1], 'light': [0.5002837475759035, 0.5916962668674123, 0.5661221798766579, 1]}
scene_intensity: 160.10622336501453
Render activated_gpus: []
Render filename: 000001
info_dict: {'scene_name': 'AI043_001_Blender.blend', 'camera_dist': 3.935843252101379, 'blob_color': [0.1581590276749851, 0.6451873879588095, 0.2735251018914292, 1], 'light_intensity': 160.10622336501453, 'scene_color': [0.5002837475759035, 0.5916962668674123, 0.5661221798766579, 1]}
Render activated_gpus: []
Render filename: 000001.gt_sm
Render activated_gpus: []
Render filename: 000001.gt_r
Render activated_gpus: []
Render filename: 000001.gt_ill
Render 1 complete
Data from render 1 saved
~~~~~~~~~~~~~~~~~~~~~~~~~~~~~~~~~~~~~~~~~~~~~~~~~~
Rendering index 2
##################################################
This is lenn: 31
Background: AI33_007_280.blend
Background pivot: [0.0, 0.0, 0.0]
Universal color works22 : [0.291069235078917, 0.7848712292692303, 0.8882621719439496, 1]
Background intensity: 0.0
mat_count : 0
lamp_count: 0
vertices: [[-12.647257804870605, -11.510225296020508, -2.31748628616333], [-12.647257804870605, -11.510225296020508, 6.975137233734131], [-12.647257804870605, 13.080890655517578, 6.9751362800598145], [-12.647257804870605, 13.080890655517578, -2.3174872398376465], [25.814292907714844, -11.510225296020508, -2.31748628616333], [25.814292907714844, -11.510225296020508, 6.975137233734131], [25.814292907714844, 13.080890655517578, 6.9751362800598145], [25.814292907714844, 13.080890655517578, -2.3174872398376465]]
max_vol_name: ['AI33_007_obj_137background']
bounding_limits: [[-8.220717573165894, 16.779290390014648], [-7.48164644241333, 8.502578926086427], [-2.31748628616333, 6.975137233734131]]
max_vol_name_list: [['AI33_007_obj_024background'], ['AI33_007_obj_025background'], ['AI33_007_obj_027background'], ['AI33_007_obj_028background'], ['AI33_007_obj_030background'], ['AI33_007_obj_087background'], ['AI33_007_obj_090background'], ['AI33_007_obj_091background'], ['AI33_007_obj_123background'], ['AI33_007_obj_124background'], ['AI33_007_obj_134background'], ['AI33_007_obj_137background'], ['AI33_007_obj_161background'], ['AI33_007_obj_162background'], ['AI33_007_obj_163background']]
Model arrangement: single
sub_parameters: {'scale_uniform': True, 'position_range': (-2.5, 2.5), 'scale_range': (0.35, 0.55), 'files': ['/gpfs/scratch/aarjun1/train_data/ben_blobs/test_stls/shape_621.stl', '/gpfs/scratch/aarjun1/train_data/ben_blobs/test_stls/shape_755.stl', '/gpfs/scratch/aarjun1/train_data/ben_blobs/test_stls/shape_864.stl', '/gpfs/scratch/aarjun1/train_data/ben_blobs/test_stls/shape_400.stl', '/gpfs/scratch/aarjun1/train_data/ben_blobs/test_stls/shape_685.stl', '/gpfs/scratch/aarjun1/train_data/ben_blobs/test_stls/shape_863.stl', '/gpfs/scratch/aarjun1/train_data/ben_blobs/test_stls/shape_905.stl', '/gpfs/scratch/aarjun1/train_data/ben_blobs/test_stls/shape_939.stl', '/gpfs/scratch/aarjun1/train_data/ben_blobs/test_stls/shape_631.stl', '/gpfs/scratch/aarjun1/train_data/ben_blobs/test_stls/shape_364.stl', '/gpfs/scratch/aarjun1/train_data/ben_blobs/test_stls/shape_375.stl', '/gpfs/scratch/aarjun1/train_data/ben_blobs/test_stls/shape_711.stl', '/gpfs/scratch/aarjun1/train_data/ben_blobs/test_stls/shape_892.stl', '/gpfs/scratch/aarjun1/train_data/ben_blobs/test_stls/shape_951.stl', '/gpfs/scratch/aarjun1/train_data/ben_blobs/test_stls/shape_702.stl', '/gpfs/scratch/aarjun1/train_data/ben_blobs/test_stls/shape_597.stl', '/gpfs/scratch/aarjun1/train_data/ben_blobs/test_stls/shape_17.stl', '/gpfs/scratch/aarjun1/train_data/ben_blobs/test_stls/shape_971.stl', '/gpfs/scratch/aarjun1/train_data/ben_blobs/test_stls/shape_371.stl', '/gpfs/scratch/aarjun1/train_data/ben_blobs/test_stls/shape_461.stl'], 'directory': 'ben_blobs/test_stls', 'rotate': True}
position_range: (-2.5, 2.5)
position: [-3.585519418453935, 3.4228183398454295, 1.9063377740398]
##################################################
This is lenn: 1
##################################################
This is lenn: 20
Importing model from shape_461.stl
Scale: [0.5236593247680241, 0.5236593247680241, 0.5236593247680241]
model pos (-3.585519418453935, 3.4228183398454295, 1.9063377740398)
model counterr [1]
origin_location: [-2.939375400543213, -3.5476088523864746, 3.388474464416504]
Model center location: [-3.585519313812256, 3.422818422317505, 1.9063377380371094]
Camera location: (-6.524894714355469, -0.12479043006896973, 5.294812202453613), rotation: [0.8394577485809973, 0.42464727032503696, -0.15306448530076794, -0.3025832901738448]
Camera counter: 1
Camera if_counter: 0
Camera bool_chi: False
Universal color works : [0.291069235078917, 0.7848712292692303, 0.8882621719439496, 1]
before light location: [0.010595678351819515, 0.07206326723098755, 2.399502992630005]
counterr light: 1
if_counter light: 0
light location: (-3.5749236354604363, 3.4948816895484924, 4.305840730667114)
light bool_chi: False
Done Material: object
Color Material: [0.6871636510637399, 0.39023353012529305, 0.13989050988460436, 1]
##################################################
This is lenn: 1
light_colors: {'scene_light': [0.291069235078917, 0.7848712292692303, 0.8882621719439496, 1], 'light': [0.291069235078917, 0.7848712292692303, 0.8882621719439496, 1]}
scene_intensity: 126.5614618429918
Render activated_gpus: []
Render filename: 000002
info_dict: {'scene_name': 'AI33_007_280.blend', 'camera_dist': 5.71902225129892, 'blob_color': [0.6871636510637399, 0.39023353012529305, 0.13989050988460436, 1], 'light_intensity': 126.5614618429918, 'scene_color': [0.291069235078917, 0.7848712292692303, 0.8882621719439496, 1]}
Render activated_gpus: []
Render filename: 000002.gt_sm
Render activated_gpus: []
Render filename: 000002.gt_r
Render activated_gpus: []
Render filename: 000002.gt_ill
Render 2 complete
Data from render 2 saved
~~~~~~~~~~~~~~~~~~~~~~~~~~~~~~~~~~~~~~~~~~~~~~~~~~
Rendering index 3
##################################################
This is lenn: 31
Background: AI33_002_280.blend
Background pivot: [0.0, 0.0, 0.0]
Universal color works22 : [0.4046033926511593, 0.7982748471082813, 0.7399100262633337, 1]
Background intensity: 0.0
mat_count : 0
lamp_count: 0
vertices: [[-24.545372009277344, -13.37139892578125, 0.3248749077320099], [-24.545372009277344, -13.37139892578125, 0.3254264295101166], [-24.545372009277344, 4.167393684387207, 0.3254256546497345], [-24.545372009277344, 4.167393684387207, 0.3248741328716278], [13.916197776794434, -13.37139892578125, 0.3248749077320099], [13.916197776794434, -13.37139892578125, 0.3254264295101166], [13.916197776794434, 4.167393684387207, 0.3254256546497345], [13.916197776794434, 4.167393684387207, 0.3248741328716278]]
max_vol_name: ['AI33_002_693background']
bounding_limits: [[-15.954491806030275, 9.045528554916382], [-8.691409301757814, 2.7088058948516847], [0.3248749077320099, 0.3254264295101166]]
max_vol_name_list: [['AI33_002_693background']]
Model arrangement: single
sub_parameters: {'scale_uniform': True, 'position_range': (-2.5, 2.5), 'scale_range': (0.35, 0.55), 'files': ['/gpfs/scratch/aarjun1/train_data/ben_blobs/test_stls/shape_621.stl', '/gpfs/scratch/aarjun1/train_data/ben_blobs/test_stls/shape_755.stl', '/gpfs/scratch/aarjun1/train_data/ben_blobs/test_stls/shape_864.stl', '/gpfs/scratch/aarjun1/train_data/ben_blobs/test_stls/shape_400.stl', '/gpfs/scratch/aarjun1/train_data/ben_blobs/test_stls/shape_685.stl', '/gpfs/scratch/aarjun1/train_data/ben_blobs/test_stls/shape_863.stl', '/gpfs/scratch/aarjun1/train_data/ben_blobs/test_stls/shape_905.stl', '/gpfs/scratch/aarjun1/train_data/ben_blobs/test_stls/shape_939.stl', '/gpfs/scratch/aarjun1/train_data/ben_blobs/test_stls/shape_631.stl', '/gpfs/scratch/aarjun1/train_data/ben_blobs/test_stls/shape_364.stl', '/gpfs/scratch/aarjun1/train_data/ben_blobs/test_stls/shape_375.stl', '/gpfs/scratch/aarjun1/train_data/ben_blobs/test_stls/shape_711.stl', '/gpfs/scratch/aarjun1/train_data/ben_blobs/test_stls/shape_892.stl', '/gpfs/scratch/aarjun1/train_data/ben_blobs/test_stls/shape_951.stl', '/gpfs/scratch/aarjun1/train_data/ben_blobs/test_stls/shape_702.stl', '/gpfs/scratch/aarjun1/train_data/ben_blobs/test_stls/shape_597.stl', '/gpfs/scratch/aarjun1/train_data/ben_blobs/test_stls/shape_17.stl', '/gpfs/scratch/aarjun1/train_data/ben_blobs/test_stls/shape_971.stl', '/gpfs/scratch/aarjun1/train_data/ben_blobs/test_stls/shape_371.stl', '/gpfs/scratch/aarjun1/train_data/ben_blobs/test_stls/shape_461.stl'], 'directory': 'ben_blobs/test_stls', 'rotate': True}
position_range: (-2.5, 2.5)
position: [-4.5162923345273995, 0.22207771266148235, 0.3249187825053531]
##################################################
This is lenn: 1
##################################################
This is lenn: 20
Importing model from shape_400.stl
Scale: [0.5323120406891658, 0.5323120406891658, 0.5323120406891658]
model pos (-4.5162923345273995, 0.22207771266148235, 0.3249187825053531)
model counterr [25]
origin_location: [-0.9156523942947388, 1.7906272411346436, -4.575707912445068]
Model center location: [-4.3585686683654785, -8.286625862121582, 0.32502296566963196]
Camera location: (-5.274221062660217, -6.4959986209869385, -4.250684946775436), rotation: [0.048137054351601774, 0.22915085634823562, -0.9514340223746098, -0.19986497967701047]
Camera counter: 25
Camera if_counter: 0
Camera bool_chi: True
~~~~~~~~~~~~~~~~~~~~~~~~~~~~~~~~~~~~~~~~~~~~~~~~~~
Rendering index 3
##################################################
This is lenn: 31
Background: AI043_005_Blender.blend
Background pivot: [0.0, 0.0, 0.0]
Universal color works22 : [0.34219728085782997, 0.7671387559604428, 0.11638375938088014, 1]
Background intensity: 0.0
mat_count : 0
lamp_count: 0
vertices: [[-11.892767906188965, -19.629199981689453, -8.896159172058105], [-11.892767906188965, -19.62919807434082, 16.103839874267578], [-11.892767906188965, 17.433942794799805, 16.103837966918945], [-11.892767906188965, 17.433940887451172, -8.896161079406738], [17.099822998046875, -19.629199981689453, -8.896159172058105], [17.099822998046875, -19.62919807434082, 16.103839874267578], [17.099822998046875, 17.433942794799805, 16.103837966918945], [17.099822998046875, 17.433940887451172, -8.896161079406738]]
max_vol_name: ['AI43_005_building_001background']
bounding_limits: [[-7.7302991390228275, 11.114884948730468], [-12.758978748321534, 11.332062816619873], [-8.896159172058105, 16.103839874267578]]
max_vol_name_list: [['AI43_005_building_001background'], ['AI43_005_concrete_floor_001background'], ['AI43_005_glass_001background']]
Model arrangement: single
sub_parameters: {'scale_uniform': True, 'position_range': (-2.5, 2.5), 'scale_range': (0.35, 0.55), 'files': ['/gpfs/scratch/aarjun1/train_data/ben_blobs/test_stls/shape_621.stl', '/gpfs/scratch/aarjun1/train_data/ben_blobs/test_stls/shape_755.stl', '/gpfs/scratch/aarjun1/train_data/ben_blobs/test_stls/shape_864.stl', '/gpfs/scratch/aarjun1/train_data/ben_blobs/test_stls/shape_400.stl', '/gpfs/scratch/aarjun1/train_data/ben_blobs/test_stls/shape_685.stl', '/gpfs/scratch/aarjun1/train_data/ben_blobs/test_stls/shape_863.stl', '/gpfs/scratch/aarjun1/train_data/ben_blobs/test_stls/shape_905.stl', '/gpfs/scratch/aarjun1/train_data/ben_blobs/test_stls/shape_939.stl', '/gpfs/scratch/aarjun1/train_data/ben_blobs/test_stls/shape_631.stl', '/gpfs/scratch/aarjun1/train_data/ben_blobs/test_stls/shape_364.stl', '/gpfs/scratch/aarjun1/train_data/ben_blobs/test_stls/shape_375.stl', '/gpfs/scratch/aarjun1/train_data/ben_blobs/test_stls/shape_711.stl', '/gpfs/scratch/aarjun1/train_data/ben_blobs/test_stls/shape_892.stl', '/gpfs/scratch/aarjun1/train_data/ben_blobs/test_stls/shape_951.stl', '/gpfs/scratch/aarjun1/train_data/ben_blobs/test_stls/shape_702.stl', '/gpfs/scratch/aarjun1/train_data/ben_blobs/test_stls/shape_597.stl', '/gpfs/scratch/aarjun1/train_data/ben_blobs/test_stls/shape_17.stl', '/gpfs/scratch/aarjun1/train_data/ben_blobs/test_stls/shape_971.stl', '/gpfs/scratch/aarjun1/train_data/ben_blobs/test_stls/shape_371.stl', '/gpfs/scratch/aarjun1/train_data/ben_blobs/test_stls/shape_461.stl'], 'directory': 'ben_blobs/test_stls', 'rotate': True}
position_range: (-2.5, 2.5)
position: [-1.8649517654751016, -1.8294091842954359, -3.948728768155731]
##################################################
This is lenn: 1
##################################################
This is lenn: 20
Importing model from shape_631.stl
Scale: [0.4371512236138673, 0.4371512236138673, 0.4371512236138673]
model pos (-1.8649517654751016, -1.8294091842954359, -3.948728768155731)
model counterr [1]
origin_location: [1.2444746494293213, 0.883514404296875, 3.927206516265869]
Model center location: [-1.864951729774475, -1.8294092416763306, -3.9487287998199463]
Camera location: (-0.6204770803451538, -0.9458948373794556, -0.02152228355407715), rotation: [-0.45100236312156244, -0.08455497225067878, -0.1637270167174968, -0.8732930717252038]
Camera counter: 1
Camera if_counter: 0
Camera bool_chi: False
Universal color works : [0.34219728085782997, 0.7671387559604428, 0.11638375938088014, 1]
before light location: [1.1941466331481934, 1.6287087202072144, 1.0562362670898438]
counterr light: 1
if_counter light: 0
light location: (-0.6708050966262817, -0.2007005214691162, -2.8924925327301025)
light bool_chi: False
Done Material: object
Color Material: [0.415880900666208, 0.4119501798244033, 0.5301417951966776, 1]
##################################################
This is lenn: 1
light_colors: {'scene_light': [0.34219728085782997, 0.7671387559604428, 0.11638375938088014, 1], 'light': [0.34219728085782997, 0.7671387559604428, 0.11638375938088014, 1]}
scene_intensity: 100.85346344604599
Render activated_gpus: []
Render filename: 000003
info_dict: {'scene_name': 'AI043_005_Blender.blend', 'camera_dist': 4.213343788141836, 'blob_color': [0.415880900666208, 0.4119501798244033, 0.5301417951966776, 1], 'light_intensity': 100.85346344604599, 'scene_color': [0.34219728085782997, 0.7671387559604428, 0.11638375938088014, 1]}
Render activated_gpus: []
Render filename: 000003.gt_sm
Render activated_gpus: []
Render filename: 000003.gt_r
Render activated_gpus: []
Render filename: 000003.gt_ill
Render 3 complete
Data from render 3 saved
~~~~~~~~~~~~~~~~~~~~~~~~~~~~~~~~~~~~~~~~~~~~~~~~~~
Rendering index 4
##################################################
This is lenn: 31
Background: AI043_004.blend
Background pivot: [0.0, 0.0, 0.0]
Universal color works22 : [0.40900186362552016, 0.4705041912535036, 0.6783148569396794, 1]
Background intensity: 0.0
mat_count : 0
lamp_count: 0
vertices: [[-5.0578293800354, -12.097195625305176, -0.026789184659719467], [-5.0578293800354, -12.09719467163086, 6.790333271026611], [-5.0578293800354, 26.364341735839844, 6.7903313636779785], [-5.0578293800354, 26.364341735839844, -0.026790864765644073], [21.781991958618164, -12.097195625305176, -0.026789184659719467], [21.781991958618164, -12.09719467163086, 6.790333271026611], [21.781991958618164, 26.364341735839844, 6.7903313636779785], [21.781991958618164, 26.364341735839844, -0.026790864765644073]]
max_vol_name: ['AI43_004_obj_010_001background']
bounding_limits: [[-3.28758909702301, 14.158294773101806], [-7.863176536560059, 17.1368221282959], [-0.026789184659719467, 6.790333271026611]]
max_vol_name_list: [['AI43_004_obj_010_001background'], ['AI43_004_obj_0296background']]
Model arrangement: single
sub_parameters: {'scale_uniform': True, 'position_range': (-2.5, 2.5), 'scale_range': (0.35, 0.55), 'files': ['/gpfs/scratch/aarjun1/train_data/ben_blobs/test_stls/shape_621.stl', '/gpfs/scratch/aarjun1/train_data/ben_blobs/test_stls/shape_755.stl', '/gpfs/scratch/aarjun1/train_data/ben_blobs/test_stls/shape_864.stl', '/gpfs/scratch/aarjun1/train_data/ben_blobs/test_stls/shape_400.stl', '/gpfs/scratch/aarjun1/train_data/ben_blobs/test_stls/shape_685.stl', '/gpfs/scratch/aarjun1/train_data/ben_blobs/test_stls/shape_863.stl', '/gpfs/scratch/aarjun1/train_data/ben_blobs/test_stls/shape_905.stl', '/gpfs/scratch/aarjun1/train_data/ben_blobs/test_stls/shape_939.stl', '/gpfs/scratch/aarjun1/train_data/ben_blobs/test_stls/shape_631.stl', '/gpfs/scratch/aarjun1/train_data/ben_blobs/test_stls/shape_364.stl', '/gpfs/scratch/aarjun1/train_data/ben_blobs/test_stls/shape_375.stl', '/gpfs/scratch/aarjun1/train_data/ben_blobs/test_stls/shape_711.stl', '/gpfs/scratch/aarjun1/train_data/ben_blobs/test_stls/shape_892.stl', '/gpfs/scratch/aarjun1/train_data/ben_blobs/test_stls/shape_951.stl', '/gpfs/scratch/aarjun1/train_data/ben_blobs/test_stls/shape_702.stl', '/gpfs/scratch/aarjun1/train_data/ben_blobs/test_stls/shape_597.stl', '/gpfs/scratch/aarjun1/train_data/ben_blobs/test_stls/shape_17.stl', '/gpfs/scratch/aarjun1/train_data/ben_blobs/test_stls/shape_971.stl', '/gpfs/scratch/aarjun1/train_data/ben_blobs/test_stls/shape_371.stl', '/gpfs/scratch/aarjun1/train_data/ben_blobs/test_stls/shape_461.stl'], 'directory': 'ben_blobs/test_stls', 'rotate': True}
position_range: (-2.5, 2.5)
position: [11.187519437817862, 11.814581245669821, 3.8587091772241116]
##################################################
This is lenn: 1
##################################################
This is lenn: 20
Importing model from shape_461.stl
Scale: [0.5439195795620287, 0.5439195795620287, 0.5439195795620287]
model pos (11.187519437817862, 11.814581245669821, 3.8587091772241116)
model counterr [4]
origin_location: [0.03224058821797371, 0.016651231795549393, -4.571866989135742]
Model center location: [12.422331809997559, 14.832918167114258, 3.4813977479934692]
Camera location: (12.454572398215532, 14.849569398909807, -1.090469241142273), rotation: [-0.002064164123706892, -0.5201493835965649, -0.8540660810165999, -0.003389281270545084]
Camera counter: 25
Camera if_counter: 0
Camera bool_chi: True
~~~~~~~~~~~~~~~~~~~~~~~~~~~~~~~~~~~~~~~~~~~~~~~~~~
Rendering index 4
##################################################
This is lenn: 31
Background: AI58_005.blend
Background pivot: [0.0, 0.0, 0.0]
Universal color works22 : [0.3688886848519063, 0.7570976250574873, 0.7643721907857902, 1]
Background intensity: 0.0
mat_count : 0
lamp_count: 0
vertices: [[0.5979589819908142, -19.17183494567871, 21.756919860839844], [-4.243265151977539, -19.171838760375977, 8.455748558044434], [-4.243294715881348, 19.289690017700195, 8.455747604370117], [0.5979296565055847, 19.28969383239746, 21.75691795349121], [-15.031867980957031, -19.171846389770508, 27.44570541381836], [-19.873092651367188, -19.171850204467773, 14.144533157348633], [-19.87312126159668, 19.2896785736084, 14.144532203674316], [-15.03189754486084, 19.289682388305664, 27.445703506469727]]
max_vol_name: ['AI58_05_Object002background']
bounding_limits: [[0.3886733382940292, -9.77071418762207], [-12.461695194244385, 12.538298511505127], [21.756919860839844, 8.455748558044434]]
max_vol_name_list: [['AI58_05_floor_woodbackground'], ['AI58_05_Object002background'], ['AI_58_05_037background']]
Model arrangement: single
sub_parameters: {'scale_uniform': True, 'position_range': (-2.5, 2.5), 'scale_range': (0.35, 0.55), 'files': ['/gpfs/scratch/aarjun1/train_data/ben_blobs/test_stls/shape_621.stl', '/gpfs/scratch/aarjun1/train_data/ben_blobs/test_stls/shape_755.stl', '/gpfs/scratch/aarjun1/train_data/ben_blobs/test_stls/shape_864.stl', '/gpfs/scratch/aarjun1/train_data/ben_blobs/test_stls/shape_400.stl', '/gpfs/scratch/aarjun1/train_data/ben_blobs/test_stls/shape_685.stl', '/gpfs/scratch/aarjun1/train_data/ben_blobs/test_stls/shape_863.stl', '/gpfs/scratch/aarjun1/train_data/ben_blobs/test_stls/shape_905.stl', '/gpfs/scratch/aarjun1/train_data/ben_blobs/test_stls/shape_939.stl', '/gpfs/scratch/aarjun1/train_data/ben_blobs/test_stls/shape_631.stl', '/gpfs/scratch/aarjun1/train_data/ben_blobs/test_stls/shape_364.stl', '/gpfs/scratch/aarjun1/train_data/ben_blobs/test_stls/shape_375.stl', '/gpfs/scratch/aarjun1/train_data/ben_blobs/test_stls/shape_711.stl', '/gpfs/scratch/aarjun1/train_data/ben_blobs/test_stls/shape_892.stl', '/gpfs/scratch/aarjun1/train_data/ben_blobs/test_stls/shape_951.stl', '/gpfs/scratch/aarjun1/train_data/ben_blobs/test_stls/shape_702.stl', '/gpfs/scratch/aarjun1/train_data/ben_blobs/test_stls/shape_597.stl', '/gpfs/scratch/aarjun1/train_data/ben_blobs/test_stls/shape_17.stl', '/gpfs/scratch/aarjun1/train_data/ben_blobs/test_stls/shape_971.stl', '/gpfs/scratch/aarjun1/train_data/ben_blobs/test_stls/shape_371.stl', '/gpfs/scratch/aarjun1/train_data/ben_blobs/test_stls/shape_461.stl'], 'directory': 'ben_blobs/test_stls', 'rotate': True}
position_range: (-2.5, 2.5)
position: [-3.877070989696419, 5.46783074768209, 21.56838031593029]
##################################################
This is lenn: 1
##################################################
This is lenn: 20
Importing model from shape_971.stl
Scale: [0.35011587306404357, 0.35011587306404357, 0.35011587306404357]
model pos (-3.877070989696419, 5.46783074768209, 21.56838031593029)
model counterr [6]
origin_location: [0.7562829852104187, -2.0292177200317383, 2.4620139598846436]
Model center location: [-8.10365080833435, 1.0721216797828674, 8.789265632629395]
Camera location: (-7.347367823123932, -0.9570960402488708, 11.251279592514038), rotation: [0.9207999856482156, 0.34734102344732487, 0.06262251982897683, 0.16601210760387386]
Camera counter: 1
Camera if_counter: 0
Camera bool_chi: False
Universal color works : [0.3688886848519063, 0.7570976250574873, 0.7643721907857902, 1]
before light location: [-1.4886648654937744, -0.8315024375915527, 0.1974816620349884]
counterr light: 1
if_counter light: 0
light location: (-9.592315673828125, 0.2406192421913147, 8.986747294664383)
light bool_chi: False
Done Material: object
Color Material: [0.7631744244120637, 0.6530170249711025, 0.8004915651341538, 1]
##################################################
This is lenn: 1
light_colors: {'scene_light': [0.3688886848519063, 0.7570976250574873, 0.7643721907857902, 1], 'light': [0.3688886848519063, 0.7570976250574873, 0.7643721907857902, 1]}
scene_intensity: 186.3603886281058
Render activated_gpus: []
Render filename: 000004
info_dict: {'scene_name': 'AI58_005.blend', 'camera_dist': 3.2789024455870064, 'blob_color': [0.7631744244120637, 0.6530170249711025, 0.8004915651341538, 1], 'light_intensity': 186.3603886281058, 'scene_color': [0.3688886848519063, 0.7570976250574873, 0.7643721907857902, 1]}
Render activated_gpus: []
Render filename: 000004.gt_sm
Render activated_gpus: []
Render filename: 000004.gt_r
Render activated_gpus: []
Render filename: 000004.gt_ill
Render 4 complete
Data from render 4 saved
~~~~~~~~~~~~~~~~~~~~~~~~~~~~~~~~~~~~~~~~~~~~~~~~~~
Rendering index 5
##################################################
This is lenn: 31
Background: AI33_003_280.blend
Background pivot: [0.0, 0.0, 0.0]
Universal color works22 : [0.2325871703613446, 0.8582022274907749, 0.17835049265602487, 1]
Background intensity: 0.0
mat_count : 0
lamp_count: 0
vertices: [[16.631549835205078, 10.815349578857422, 2.2909021377563477], [16.631549835205078, 10.815349578857422, 8.506816864013672], [16.631547927856445, -4.666616916656494, 8.506817817687988], [16.631547927856445, -4.666617393493652, 2.290903091430664], [-21.830013275146484, 10.81535530090332, 2.2909021377563477], [-21.830013275146484, 10.81535530090332, 8.506816864013672], [-21.830015182495117, -4.666611194610596, 8.506817817687988], [-21.830015182495117, -4.666611671447754, 2.290903091430664]]
max_vol_name: ['AI33_003_185background']
bounding_limits: [[10.8105073928833, -14.189508628845216], [7.029977226257325, -3.033300995826721], [2.2909021377563477, 8.506816864013672]]
max_vol_name_list: [['AI33_003_185background'], ['AI33_003_37background']]
Model arrangement: single
sub_parameters: {'scale_uniform': True, 'position_range': (-2.5, 2.5), 'scale_range': (0.35, 0.55), 'files': ['/gpfs/scratch/aarjun1/train_data/ben_blobs/test_stls/shape_621.stl', '/gpfs/scratch/aarjun1/train_data/ben_blobs/test_stls/shape_755.stl', '/gpfs/scratch/aarjun1/train_data/ben_blobs/test_stls/shape_864.stl', '/gpfs/scratch/aarjun1/train_data/ben_blobs/test_stls/shape_400.stl', '/gpfs/scratch/aarjun1/train_data/ben_blobs/test_stls/shape_685.stl', '/gpfs/scratch/aarjun1/train_data/ben_blobs/test_stls/shape_863.stl', '/gpfs/scratch/aarjun1/train_data/ben_blobs/test_stls/shape_905.stl', '/gpfs/scratch/aarjun1/train_data/ben_blobs/test_stls/shape_939.stl', '/gpfs/scratch/aarjun1/train_data/ben_blobs/test_stls/shape_631.stl', '/gpfs/scratch/aarjun1/train_data/ben_blobs/test_stls/shape_364.stl', '/gpfs/scratch/aarjun1/train_data/ben_blobs/test_stls/shape_375.stl', '/gpfs/scratch/aarjun1/train_data/ben_blobs/test_stls/shape_711.stl', '/gpfs/scratch/aarjun1/train_data/ben_blobs/test_stls/shape_892.stl', '/gpfs/scratch/aarjun1/train_data/ben_blobs/test_stls/shape_951.stl', '/gpfs/scratch/aarjun1/train_data/ben_blobs/test_stls/shape_702.stl', '/gpfs/scratch/aarjun1/train_data/ben_blobs/test_stls/shape_597.stl', '/gpfs/scratch/aarjun1/train_data/ben_blobs/test_stls/shape_17.stl', '/gpfs/scratch/aarjun1/train_data/ben_blobs/test_stls/shape_971.stl', '/gpfs/scratch/aarjun1/train_data/ben_blobs/test_stls/shape_371.stl', '/gpfs/scratch/aarjun1/train_data/ben_blobs/test_stls/shape_461.stl'], 'directory': 'ben_blobs/test_stls', 'rotate': True}
position_range: (-2.5, 2.5)
position: [3.921633612549341, -1.149004291815473, 4.180245303959923]
##################################################
This is lenn: 1
##################################################
This is lenn: 20
Importing model from shape_400.stl
Scale: [0.5390874529631275, 0.5390874529631275, 0.5390874529631275]
model pos (3.921633612549341, -1.149004291815473, 4.180245303959923)
model counterr [1]
origin_location: [-2.5627174377441406, 3.668252468109131, 2.087648868560791]
Model center location: [3.921633720397949, -1.1490042507648468, 4.180245280265808]
Camera location: (1.3589162826538086, 2.519248217344284, 6.267894148826599), rotation: [0.25319934728651494, 0.1612722014763404, -0.5124418659892008, -0.8045400558991227]
Camera counter: 1
Camera if_counter: 0
Camera bool_chi: False
Universal color works : [0.2325871703613446, 0.8582022274907749, 0.17835049265602487, 1]
before light location: [1.157963752746582, -2.9564971923828125, 0.5576870441436768]
counterr light: 1
if_counter light: 0
light location: (5.079597473144531, -4.105501443147659, 4.737932324409485)
light bool_chi: False
Done Material: object
Color Material: [0.8201139770040976, 0.6072473465177947, 0.47961698414746223, 1]
##################################################
This is lenn: 1
light_colors: {'scene_light': [0.2325871703613446, 0.8582022274907749, 0.17835049265602487, 1], 'light': [0.2325871703613446, 0.8582022274907749, 0.17835049265602487, 1]}
scene_intensity: 198.10045964828413
Render activated_gpus: []
Render filename: 000005
info_dict: {'scene_name': 'AI33_003_280.blend', 'camera_dist': 4.937800586689359, 'blob_color': [0.8201139770040976, 0.6072473465177947, 0.47961698414746223, 1], 'light_intensity': 198.10045964828413, 'scene_color': [0.2325871703613446, 0.8582022274907749, 0.17835049265602487, 1]}
Render activated_gpus: []
Render filename: 000005.gt_sm
