## SLURM PROLOG ###############################################################
##    Job ID : 3836838
##  Job Name : render_MI_val
##  Nodelist : gpu2005
##      CPUs : 1
##  Mem/Node : 40960 MB
## Directory : /gpfs/data/tserre/aarjun1/blender_render-color_pos
##   Started : Tue Jan 25 06:52:12 EST 2022
###############################################################################
4
##################################################
This is version: single_illuminant
##################################################
This is jobID: 3836838
##################################################
This is batch_size: 150000
##################################################
This is gpu_index: None
['scenes/AI_33/AI33_005/AI33_005_280.blend', 'scenes/AI_33/AI33_003/AI33_003_280.blend', 'scenes/AI_33/AI33_009/AI33_009_280.blend', 'scenes/AI_33/AI33_002/AI33_002_280.blend', 'scenes/AI_33/AI33_007/AI33_007_280.blend', 'scenes/AI_33/AI33_001/AI33_001_280.blend', 'scenes/AI_33/AI33_006/AI33_006_280.blend', 'scenes/AI_33/AI33_010/AI33_010_280.blend', 'scenes/AI_43/AI43_010/AI043_010_Blender.blend', 'scenes/AI_43/AI43_006/AI043_006_Blender.blend', 'scenes/AI_43/AI43_005/AI043_005_Blender.blend', 'scenes/AI_43/AI43_004/AI043_004.blend', 'scenes/AI_43/AI43_008_blender/AI043_008.blend', 'scenes/AI_43/AI43_009/AI043_009_Blender.blend', 'scenes/AI_43/AI43_003/AI043_003_Blender.blend', 'scenes/AI_43/AI43_001/AI043_001_Blender.blend', 'scenes/AI_48/AI48_001/AI48_001.blend', 'scenes/AI_48/AI48_002/AI48_002.blend', 'scenes/AI_48/AI48_008/AI48_008.blend', 'scenes/AI_48/AI48_010/AI48_010.blend', 'scenes/AI_48/AI48_009/AI48_009.blend', 'scenes/AI_48/AI48_003/AI48_003.blend', 'scenes/AI_48/AI48_004/AI48_004.blend', 'scenes/AI_58/AI58_002/AI58_002.blend', 'scenes/AI_58/AI58_005/AI58_005.blend', 'scenes/AI_58/AI58_007/AI58_007.blend', 'scenes/AI_58/AI58_001/AI58_001.blend', 'scenes/AI_58/AI58_008/AI58_008.blend', 'scenes/AI_58/AI58_006/AI58_006.blend', 'scenes/AI_58/AI58_009/AI58_009.blend', 'scenes/AI_58/AI58_010/AI58_010.blend']
blend_files len :  31
Rendering to folder: /gpfs/scratch/aarjun1/blender_data/data5/images_single_illuminant
Job folder successfully created
~~~~~~~~~~~~~~~~~~~~~~~~~~~~~~~~~~~~~~~~~~~~~~~~~~
Rendering index 0
##################################################
This is lenn: 31
Background: AI33_002_280.blend
Background pivot: [0.0, 0.0, 0.0]
Universal color works22 : [0.4631685603871879, 0.14514510075945897, 0.531275398149379, 1]
Background intensity: 0.0
mat_count : 0
lamp_count: 0
vertices: [[-24.545372009277344, -13.37139892578125, 0.3248749077320099], [-24.545372009277344, -13.37139892578125, 0.3254264295101166], [-24.545372009277344, 4.167393684387207, 0.3254256546497345], [-24.545372009277344, 4.167393684387207, 0.3248741328716278], [13.916197776794434, -13.37139892578125, 0.3248749077320099], [13.916197776794434, -13.37139892578125, 0.3254264295101166], [13.916197776794434, 4.167393684387207, 0.3254256546497345], [13.916197776794434, 4.167393684387207, 0.3248741328716278]]
max_vol_name: ['AI33_002_693background']
bounding_limits: [[-15.954491806030275, 9.045528554916382], [-8.691409301757814, 2.7088058948516847], [0.3248749077320099, 0.3254264295101166]]
max_vol_name_list: [['AI33_002_693background']]
Model arrangement: single
sub_parameters: {'scale_uniform': True, 'scale_range': (0.35, 0.55), 'rotate': True, 'position_range': (-2.5, 2.5), 'directory': 'ben_blobs/test_stls'}
position_range: (-2.5, 2.5)
position: [1.9890014544454697, -2.4806783679880686, 0.32532217726074164]
##################################################
This is lenn: 1
##################################################
This is lenn: 20
Importing model from shape_905.stl
Scale: [0.3516706118581544, 0.3516706118581544, 0.3516706118581544]
model pos (1.9890014544454697, -2.4806783679880686, 0.32532217726074164)
model counterr [25]
origin_location: [1.8292266130447388, 2.116257905960083, 0.9374606013298035]
Model center location: [-15.279274940490723, -6.4659905433654785, 0.3251214623451233]
Camera location: (-13.450048327445984, -4.3497326374053955, 1.2625820636749268), rotation: [-0.2832011172450833, -0.203771074333979, -0.5473521654047225, -0.7607102493608681]
Camera counter: 6
Camera if_counter: 0
Camera bool_chi: False
Universal color works : [0.4631685603871879, 0.14514510075945897, 0.531275398149379, 1]
before light location: [-0.5947685837745667, 1.5529403686523438, 0.34109994769096375]
counterr light: 25
if_counter light: 0
light location: (-15.87404352426529, -4.913050174713135, 0.666221410036087)
light bool_chi: True
~~~~~~~~~~~~~~~~~~~~~~~~~~~~~~~~~~~~~~~~~~~~~~~~~~
Rendering index 0
##################################################
This is lenn: 31
Background: AI58_008.blend
Background pivot: [0.0, 0.0, 0.0]
Universal color works22 : [0.30677260502556153, 0.2048564274001799, 0.18959936996130713, 1]
Background intensity: 0.0
mat_count : 0
lamp_count: 0
vertices: [[-22.068096160888672, -17.96973419189453, 1.0610897334117908e-06], [-22.068096160888672, -17.96973419189453, 8.354351997375488], [-22.068096160888672, 9.457755088806152, 8.354351043701172], [-22.068096160888672, 9.457755088806152, -1.3780386609596462e-07], [16.39344024658203, -17.96973419189453, 1.0610897334117908e-06], [16.39344024658203, -17.96973419189453, 8.354351997375488], [16.39344024658203, 9.457755088806152, 8.354351043701172], [16.39344024658203, 9.457755088806152, -1.3780386609596462e-07]]
max_vol_name: ['AI58_008_WallV003background']
bounding_limits: [[-14.344262504577637, 10.655736160278321], [-11.680327224731446, 6.147540807723999], [1.0610897334117908e-06, 8.354351997375488]]
max_vol_name_list: [['AI58_008_Ceilingbackground'], ['AI58_008_Floorbackground'], ['AI58_008_Strip_Wallbackground'], ['AI58_008_WallV003background'], ['AI58_008_WallV004background'], ['AI58_008_Worktop_002background'], ['Am158_059_06background']]
Model arrangement: single
sub_parameters: {'scale_range': (0.35, 0.55), 'rotate': True, 'files': ['/gpfs/scratch/aarjun1/train_data/ben_blobs/test_stls/shape_621.stl', '/gpfs/scratch/aarjun1/train_data/ben_blobs/test_stls/shape_755.stl', '/gpfs/scratch/aarjun1/train_data/ben_blobs/test_stls/shape_864.stl', '/gpfs/scratch/aarjun1/train_data/ben_blobs/test_stls/shape_400.stl', '/gpfs/scratch/aarjun1/train_data/ben_blobs/test_stls/shape_685.stl', '/gpfs/scratch/aarjun1/train_data/ben_blobs/test_stls/shape_863.stl', '/gpfs/scratch/aarjun1/train_data/ben_blobs/test_stls/shape_905.stl', '/gpfs/scratch/aarjun1/train_data/ben_blobs/test_stls/shape_939.stl', '/gpfs/scratch/aarjun1/train_data/ben_blobs/test_stls/shape_631.stl', '/gpfs/scratch/aarjun1/train_data/ben_blobs/test_stls/shape_364.stl', '/gpfs/scratch/aarjun1/train_data/ben_blobs/test_stls/shape_375.stl', '/gpfs/scratch/aarjun1/train_data/ben_blobs/test_stls/shape_711.stl', '/gpfs/scratch/aarjun1/train_data/ben_blobs/test_stls/shape_892.stl', '/gpfs/scratch/aarjun1/train_data/ben_blobs/test_stls/shape_951.stl', '/gpfs/scratch/aarjun1/train_data/ben_blobs/test_stls/shape_702.stl', '/gpfs/scratch/aarjun1/train_data/ben_blobs/test_stls/shape_597.stl', '/gpfs/scratch/aarjun1/train_data/ben_blobs/test_stls/shape_17.stl', '/gpfs/scratch/aarjun1/train_data/ben_blobs/test_stls/shape_971.stl', '/gpfs/scratch/aarjun1/train_data/ben_blobs/test_stls/shape_371.stl', '/gpfs/scratch/aarjun1/train_data/ben_blobs/test_stls/shape_461.stl'], 'scale_uniform': True, 'position_range': (-2.5, 2.5), 'directory': 'ben_blobs/test_stls'}
position_range: (-2.5, 2.5)
position: [0.5401572647971342, 1.1549544288126317, 2.3059537601062545]
##################################################
This is lenn: 1
##################################################
This is lenn: 20
Importing model from shape_597.stl
Scale: [0.4135640262410581, 0.4135640262410581, 0.4135640262410581]
model pos (0.5401572647971342, 1.1549544288126317, 2.3059537601062545)
model counterr [1]
origin_location: [-0.83924400806427, -0.313430517911911, -4.204261779785156]
Model center location: [0.5401572734117508, 1.1549544632434845, 2.3059537410736084]
Camera location: (-0.2990867346525192, 0.8415239453315735, -1.8983080387115479), rotation: [0.08608084573983638, 0.8170204417589317, -0.5670086855065193, -0.05973973807210497]
Camera counter: 4
Camera if_counter: 0
Camera bool_chi: False
Universal color works : [0.30677260502556153, 0.2048564274001799, 0.18959936996130713, 1]
before light location: [-0.029774101451039314, 0.08068415522575378, 2.6320436000823975]
counterr light: 1
if_counter light: 0
light location: (0.5103831719607115, 1.2356386184692383, 4.937997341156006)
light bool_chi: False
Done Material: object
Color Material: [0.840110884916306, 0.24804205698037596, 0.5955355203592342, 1]
##################################################
This is lenn: 1
light_colors: {'light': [0.30677260502556153, 0.2048564274001799, 0.18959936996130713, 1], 'scene_light': [0.30677260502556153, 0.2048564274001799, 0.18959936996130713, 1]}
scene_intensity: 145.82704209977257
Render activated_gpus: []
Render filename: 000000
info_dict: {'camera_dist': 4.298649358530254, 'blob_color': [0.840110884916306, 0.24804205698037596, 0.5955355203592342, 1], 'light_intensity': 145.82704209977257, 'scene_color': [0.30677260502556153, 0.2048564274001799, 0.18959936996130713, 1], 'scene_name': 'AI58_008.blend'}
Render activated_gpus: []
Render filename: 000000.gt_sm
Render activated_gpus: []
Render filename: 000000.gt_r
Render activated_gpus: []
Render filename: 000000.gt_ill
Render 0 complete
Data from render 0 saved
~~~~~~~~~~~~~~~~~~~~~~~~~~~~~~~~~~~~~~~~~~~~~~~~~~
Rendering index 1
##################################################
This is lenn: 31
Background: AI33_009_280.blend
Background pivot: [0.0, 0.0, 0.0]
Universal color works22 : [0.176508649883208, 0.42002484701666165, 0.6087528284276111, 1]
Background intensity: 0.0
mat_count : 0
lamp_count: 0
vertices: [[-20.98570442199707, -12.64957332611084, -5.10948371887207], [-20.98570442199707, -12.64957332611084, 3.2318785190582275], [-20.98570442199707, 17.741846084594727, 3.231877326965332], [-20.98570442199707, 17.741846084594727, -5.109485149383545], [17.475900650024414, -12.64957332611084, -5.10948371887207], [17.475900650024414, -12.64957332611084, 3.2318785190582275], [17.475900650024414, 17.741846084594727, 3.231877326965332], [17.475900650024414, 17.741846084594727, -5.109485149383545]]
max_vol_name: ['AI33_009_columns_001background']
bounding_limits: [[-13.640707874298096, 11.35933542251587], [-8.222222661972046, 11.532199954986572], [-5.10948371887207, 3.2318785190582275]]
max_vol_name_list: [['AI33_009_barrier_001hbackground'], ['AI33_009_books_001background'], ['AI33_009_cables_001background'], ['AI33_009_columns_001background'], ['AI33_009_floor_001background'], ['AI33_009_floor_001.001background'], ['AI33_009_frames_001background'], ['AI33_009_horizontal_pillars_001background'], ['AI33_009_lamp_001background'], ['AI33_009_lampstand_002background'], ['AI33_009_widnows_001background']]
Model arrangement: single
sub_parameters: {'scale_range': (0.35, 0.55), 'rotate': True, 'files': ['/gpfs/scratch/aarjun1/train_data/ben_blobs/test_stls/shape_621.stl', '/gpfs/scratch/aarjun1/train_data/ben_blobs/test_stls/shape_755.stl', '/gpfs/scratch/aarjun1/train_data/ben_blobs/test_stls/shape_864.stl', '/gpfs/scratch/aarjun1/train_data/ben_blobs/test_stls/shape_400.stl', '/gpfs/scratch/aarjun1/train_data/ben_blobs/test_stls/shape_685.stl', '/gpfs/scratch/aarjun1/train_data/ben_blobs/test_stls/shape_863.stl', '/gpfs/scratch/aarjun1/train_data/ben_blobs/test_stls/shape_905.stl', '/gpfs/scratch/aarjun1/train_data/ben_blobs/test_stls/shape_939.stl', '/gpfs/scratch/aarjun1/train_data/ben_blobs/test_stls/shape_631.stl', '/gpfs/scratch/aarjun1/train_data/ben_blobs/test_stls/shape_364.stl', '/gpfs/scratch/aarjun1/train_data/ben_blobs/test_stls/shape_375.stl', '/gpfs/scratch/aarjun1/train_data/ben_blobs/test_stls/shape_711.stl', '/gpfs/scratch/aarjun1/train_data/ben_blobs/test_stls/shape_892.stl', '/gpfs/scratch/aarjun1/train_data/ben_blobs/test_stls/shape_951.stl', '/gpfs/scratch/aarjun1/train_data/ben_blobs/test_stls/shape_702.stl', '/gpfs/scratch/aarjun1/train_data/ben_blobs/test_stls/shape_597.stl', '/gpfs/scratch/aarjun1/train_data/ben_blobs/test_stls/shape_17.stl', '/gpfs/scratch/aarjun1/train_data/ben_blobs/test_stls/shape_971.stl', '/gpfs/scratch/aarjun1/train_data/ben_blobs/test_stls/shape_371.stl', '/gpfs/scratch/aarjun1/train_data/ben_blobs/test_stls/shape_461.stl'], 'scale_uniform': True, 'position_range': (-2.5, 2.5), 'directory': 'ben_blobs/test_stls'}
position_range: (-2.5, 2.5)
position: [-2.134084646458687, 2.6432675333796922, -0.7868795091631879]
##################################################
This is lenn: 1
##################################################
This is lenn: 20
Importing model from shape_597.stl
Scale: [0.3920914932227564, 0.3920914932227564, 0.3920914932227564]
model pos (-2.134084646458687, 2.6432675333796922, -0.7868795091631879)
model counterr [1]
origin_location: [-0.5432996153831482, -0.2469884604215622, 3.868647813796997]
Model center location: [-2.134084701538086, 2.6432676315307617, -0.7868794500827789]
Camera location: (-2.677384316921234, 2.3962791711091995, 3.081768363714218), rotation: [0.8383273977404411, 0.06428309115088963, -0.04139037112120561, -0.5397793026490324]
Camera counter: 1
Camera if_counter: 0
Camera bool_chi: False
Universal color works : [0.176508649883208, 0.42002484701666165, 0.6087528284276111, 1]
before light location: [0.5378638505935669, 1.1367682218551636, 1.9136759042739868]
counterr light: 1
if_counter light: 0
light location: (-1.596220850944519, 3.7800358533859253, 1.1267964541912079)
light bool_chi: False
Done Material: object
Color Material: [0.7621018942005429, 0.7774246803852133, 0.36458325052568485, 1]
##################################################
This is lenn: 1
light_colors: {'light': [0.176508649883208, 0.42002484701666165, 0.6087528284276111, 1], 'scene_light': [0.176508649883208, 0.42002484701666165, 0.6087528284276111, 1]}
scene_intensity: 117.49511764413097
Render activated_gpus: []
Render filename: 000001
info_dict: {'camera_dist': 3.9144110257934304, 'blob_color': [0.7621018942005429, 0.7774246803852133, 0.36458325052568485, 1], 'light_intensity': 117.49511764413097, 'scene_color': [0.176508649883208, 0.42002484701666165, 0.6087528284276111, 1], 'scene_name': 'AI33_009_280.blend'}
Render activated_gpus: []
Render filename: 000001.gt_sm
Render activated_gpus: []
Render filename: 000001.gt_r
Render activated_gpus: []
Render filename: 000001.gt_ill
Render 1 complete
Data from render 1 saved
~~~~~~~~~~~~~~~~~~~~~~~~~~~~~~~~~~~~~~~~~~~~~~~~~~
Rendering index 2
##################################################
This is lenn: 31
Background: AI33_006_280.blend
Background pivot: [0.0, 0.0, 0.0]
Universal color works22 : [0.37812584397738913, 0.417658469000294, 0.5065757847169013, 1]
Background intensity: 0.0
mat_count : 0
lamp_count: 0
vertices: [[-22.693017959594727, -16.730457305908203, -0.10078243166208267], [-22.693017959594727, -16.730457305908203, 15.874728202819824], [-22.693017959594727, 9.639928817749023, 15.874726295471191], [-22.693017959594727, 9.639927864074707, -0.1007835865020752], [15.768498420715332, -16.730457305908203, -0.10078243166208267], [15.768498420715332, -16.730457305908203, 15.874728202819824], [15.768498420715332, 9.639928817749023, 15.874726295471191], [15.768498420715332, 9.639927864074707, -0.1007835865020752]]
max_vol_name: ['AI33_06_wallsbackground']
bounding_limits: [[-14.750461673736572, 10.249523973464965], [-10.874797248840332, 6.265953731536865], [-0.10078243166208267, 15.874728202819824]]
max_vol_name_list: [['AI33_06_parapetbackground'], ['AI33_06_wallsbackground'], ['AI33_06_window_framesbackground']]
Model arrangement: single
sub_parameters: {'scale_range': (0.35, 0.55), 'rotate': True, 'files': ['/gpfs/scratch/aarjun1/train_data/ben_blobs/test_stls/shape_621.stl', '/gpfs/scratch/aarjun1/train_data/ben_blobs/test_stls/shape_755.stl', '/gpfs/scratch/aarjun1/train_data/ben_blobs/test_stls/shape_864.stl', '/gpfs/scratch/aarjun1/train_data/ben_blobs/test_stls/shape_400.stl', '/gpfs/scratch/aarjun1/train_data/ben_blobs/test_stls/shape_685.stl', '/gpfs/scratch/aarjun1/train_data/ben_blobs/test_stls/shape_863.stl', '/gpfs/scratch/aarjun1/train_data/ben_blobs/test_stls/shape_905.stl', '/gpfs/scratch/aarjun1/train_data/ben_blobs/test_stls/shape_939.stl', '/gpfs/scratch/aarjun1/train_data/ben_blobs/test_stls/shape_631.stl', '/gpfs/scratch/aarjun1/train_data/ben_blobs/test_stls/shape_364.stl', '/gpfs/scratch/aarjun1/train_data/ben_blobs/test_stls/shape_375.stl', '/gpfs/scratch/aarjun1/train_data/ben_blobs/test_stls/shape_711.stl', '/gpfs/scratch/aarjun1/train_data/ben_blobs/test_stls/shape_892.stl', '/gpfs/scratch/aarjun1/train_data/ben_blobs/test_stls/shape_951.stl', '/gpfs/scratch/aarjun1/train_data/ben_blobs/test_stls/shape_702.stl', '/gpfs/scratch/aarjun1/train_data/ben_blobs/test_stls/shape_597.stl', '/gpfs/scratch/aarjun1/train_data/ben_blobs/test_stls/shape_17.stl', '/gpfs/scratch/aarjun1/train_data/ben_blobs/test_stls/shape_971.stl', '/gpfs/scratch/aarjun1/train_data/ben_blobs/test_stls/shape_371.stl', '/gpfs/scratch/aarjun1/train_data/ben_blobs/test_stls/shape_461.stl'], 'scale_uniform': True, 'position_range': (-2.5, 2.5), 'directory': 'ben_blobs/test_stls'}
position_range: (-2.5, 2.5)
position: [-3.8248521351918594, -8.018087860620088, 14.346632476822169]
##################################################
This is lenn: 1
##################################################
This is lenn: 20
Importing model from shape_892.stl
Scale: [0.5100079198378988, 0.5100079198378988, 0.5100079198378988]
model pos (-3.8248521351918594, -8.018087860620088, 14.346632476822169)
model counterr [2]
origin_location: [-3.1772053241729736, 0.21382273733615875, -2.9184634685516357]
Model center location: [-2.571303069591522, -1.2841446995735168, 1.2864988148212433]
Camera location: (-5.748508393764496, -1.070321962237358, -1.6319646537303925), rotation: [0.2750305709277035, 0.6251276906984959, -0.6686122092851763, -0.29416197744090367]
Camera counter: 13
Camera if_counter: 0
Camera bool_chi: False
Universal color works : [0.37812584397738913, 0.417658469000294, 0.5065757847169013, 1]
before light location: [-2.269709348678589, -0.3841758072376251, 1.0898019075393677]
counterr light: 1
if_counter light: 0
light location: (-4.841012418270111, -1.668320506811142, 2.376300722360611)
light bool_chi: False
Done Material: object
Color Material: [0.7650152141821007, 0.1382614809948012, 0.7028266015425846, 1]
##################################################
This is lenn: 1
light_colors: {'light': [0.37812584397738913, 0.417658469000294, 0.5065757847169013, 1], 'scene_light': [0.37812584397738913, 0.417658469000294, 0.5065757847169013, 1]}
scene_intensity: 162.66887296714322
Render activated_gpus: []
Render filename: 000002
info_dict: {'camera_dist': 4.3194655748397235, 'blob_color': [0.7650152141821007, 0.1382614809948012, 0.7028266015425846, 1], 'light_intensity': 162.66887296714322, 'scene_color': [0.37812584397738913, 0.417658469000294, 0.5065757847169013, 1], 'scene_name': 'AI33_006_280.blend'}
Render activated_gpus: []
Render filename: 000002.gt_sm
Render activated_gpus: []
Render filename: 000002.gt_r
Render activated_gpus: []
Render filename: 000002.gt_ill
Render 2 complete
Data from render 2 saved
~~~~~~~~~~~~~~~~~~~~~~~~~~~~~~~~~~~~~~~~~~~~~~~~~~
Rendering index 3
##################################################
This is lenn: 31
Background: AI48_008.blend
Background pivot: [0.0, 0.0, 0.0]
Universal color works22 : [0.7767967390093061, 0.450915411771731, 0.7685702482423843, 1]
Background intensity: 0.0
mat_count : 0
lamp_count: 0
vertices: [[-16.65146255493164, -25.752456665039062, -16.616926193237305], [-16.65146255493164, -25.752456665039062, 1.8437615633010864], [-16.65146255493164, 12.709089279174805, 1.8437598943710327], [-16.65146255493164, 12.709089279174805, -16.616928100585938], [19.19069480895996, -25.752456665039062, -16.616926193237305], [19.19069480895996, -25.752456665039062, 1.8437615633010864], [19.19069480895996, 12.709089279174805, 1.8437598943710327], [19.19069480895996, 12.709089279174805, -16.616928100585938]]
max_vol_name: ['AI48_008_313background']
bounding_limits: [[-10.823450660705566, 12.473951625823975], [-16.73909683227539, 8.260908031463623], [-16.616926193237305, 1.8437615633010864]]
max_vol_name_list: [['AI48_008_183background'], ['AI48_008_312background'], ['AI48_008_313background'], ['AI48_008_314background'], ['AI48_008_315background'], ['AI48_008_317background']]
Model arrangement: single
sub_parameters: {'scale_range': (0.35, 0.55), 'rotate': True, 'files': ['/gpfs/scratch/aarjun1/train_data/ben_blobs/test_stls/shape_621.stl', '/gpfs/scratch/aarjun1/train_data/ben_blobs/test_stls/shape_755.stl', '/gpfs/scratch/aarjun1/train_data/ben_blobs/test_stls/shape_864.stl', '/gpfs/scratch/aarjun1/train_data/ben_blobs/test_stls/shape_400.stl', '/gpfs/scratch/aarjun1/train_data/ben_blobs/test_stls/shape_685.stl', '/gpfs/scratch/aarjun1/train_data/ben_blobs/test_stls/shape_863.stl', '/gpfs/scratch/aarjun1/train_data/ben_blobs/test_stls/shape_905.stl', '/gpfs/scratch/aarjun1/train_data/ben_blobs/test_stls/shape_939.stl', '/gpfs/scratch/aarjun1/train_data/ben_blobs/test_stls/shape_631.stl', '/gpfs/scratch/aarjun1/train_data/ben_blobs/test_stls/shape_364.stl', '/gpfs/scratch/aarjun1/train_data/ben_blobs/test_stls/shape_375.stl', '/gpfs/scratch/aarjun1/train_data/ben_blobs/test_stls/shape_711.stl', '/gpfs/scratch/aarjun1/train_data/ben_blobs/test_stls/shape_892.stl', '/gpfs/scratch/aarjun1/train_data/ben_blobs/test_stls/shape_951.stl', '/gpfs/scratch/aarjun1/train_data/ben_blobs/test_stls/shape_702.stl', '/gpfs/scratch/aarjun1/train_data/ben_blobs/test_stls/shape_597.stl', '/gpfs/scratch/aarjun1/train_data/ben_blobs/test_stls/shape_17.stl', '/gpfs/scratch/aarjun1/train_data/ben_blobs/test_stls/shape_971.stl', '/gpfs/scratch/aarjun1/train_data/ben_blobs/test_stls/shape_371.stl', '/gpfs/scratch/aarjun1/train_data/ben_blobs/test_stls/shape_461.stl'], 'scale_uniform': True, 'position_range': (-2.5, 2.5), 'directory': 'ben_blobs/test_stls'}
position_range: (-2.5, 2.5)
position: [-10.607385588050086, -8.276189807804444, -4.79036660713048]
##################################################
This is lenn: 1
##################################################
This is lenn: 20
Importing model from shape_631.stl
Scale: [0.4301208227218646, 0.4301208227218646, 0.4301208227218646]
model pos (-10.607385588050086, -8.276189807804444, -4.79036660713048)
model counterr [1]
origin_location: [0.11103206127882004, 1.9188692569732666, -3.592451333999634]
Model center location: [-10.607385635375977, -8.276189804077148, -4.7903666496276855]
Camera location: (-10.496353574097157, -6.357320547103882, -8.38281798362732), rotation: [-0.00702669110782368, -0.028028007928862748, -0.9695769356586361, -0.24307534268704387]
Camera counter: 1
Camera if_counter: 0
Camera bool_chi: False
Universal color works : [0.7767967390093061, 0.450915411771731, 0.7685702482423843, 1]
before light location: [0.37933647632598877, 0.08972693979740143, 2.3638319969177246]
counterr light: 1
if_counter light: 0
light location: (-10.228049159049988, -8.186462864279747, -2.426534652709961)
light bool_chi: False
Done Material: object
Color Material: [0.12250203103256299, 0.7579447925471509, 0.2896125399524818, 1]
##################################################
This is lenn: 1
light_colors: {'light': [0.7767967390093061, 0.450915411771731, 0.7685702482423843, 1], 'scene_light': [0.7767967390093061, 0.450915411771731, 0.7685702482423843, 1]}
scene_intensity: 183.60924839161845
Render activated_gpus: []
Render filename: 000003
info_dict: {'camera_dist': 4.074321284722734, 'blob_color': [0.12250203103256299, 0.7579447925471509, 0.2896125399524818, 1], 'light_intensity': 183.60924839161845, 'scene_color': [0.7767967390093061, 0.450915411771731, 0.7685702482423843, 1], 'scene_name': 'AI48_008.blend'}
Render activated_gpus: []
Render filename: 000003.gt_sm
Render activated_gpus: []
Render filename: 000003.gt_r
Render activated_gpus: []
Render filename: 000003.gt_ill
Render 3 complete
Data from render 3 saved
~~~~~~~~~~~~~~~~~~~~~~~~~~~~~~~~~~~~~~~~~~~~~~~~~~
Rendering index 4
##################################################
This is lenn: 31
Background: AI58_007.blend
Background pivot: [0.0, 0.0, 0.0]
Universal color works22 : [0.30804037961367015, 0.1605529406091999, 0.8520050619589498, 1]
Background intensity: 0.0
mat_count : 0
lamp_count: 0
vertices: [[-16.913087844848633, -20.58535385131836, 0.006578351370990276], [-16.913087844848633, -20.585351943969727, 20.187366485595703], [-16.913087844848633, 17.876163482666016, 20.18736457824707], [-16.913087844848633, 17.876161575317383, 0.006576670333743095], [9.707633972167969, -20.58535385131836, 0.006578351370990276], [9.707633972167969, -20.585351943969727, 20.187366485595703], [9.707633972167969, 17.876163482666016, 20.18736457824707], [9.707633972167969, 17.876161575317383, 0.006576670333743095]]
max_vol_name: ['AI58_07_Wallsbackground']
bounding_limits: [[-10.993507099151612, 6.3099620819091795], [-13.380478763580323, 11.61950626373291], [0.006578351370990276, 20.187366485595703]]
max_vol_name_list: [['AI58_07_09background'], ['AI58_07_Wallsbackground'], ['AM237_012_cutlery_01background'], ['AM237_012_tea_towelbackground']]
Model arrangement: single
sub_parameters: {'scale_range': (0.35, 0.55), 'rotate': True, 'files': ['/gpfs/scratch/aarjun1/train_data/ben_blobs/test_stls/shape_621.stl', '/gpfs/scratch/aarjun1/train_data/ben_blobs/test_stls/shape_755.stl', '/gpfs/scratch/aarjun1/train_data/ben_blobs/test_stls/shape_864.stl', '/gpfs/scratch/aarjun1/train_data/ben_blobs/test_stls/shape_400.stl', '/gpfs/scratch/aarjun1/train_data/ben_blobs/test_stls/shape_685.stl', '/gpfs/scratch/aarjun1/train_data/ben_blobs/test_stls/shape_863.stl', '/gpfs/scratch/aarjun1/train_data/ben_blobs/test_stls/shape_905.stl', '/gpfs/scratch/aarjun1/train_data/ben_blobs/test_stls/shape_939.stl', '/gpfs/scratch/aarjun1/train_data/ben_blobs/test_stls/shape_631.stl', '/gpfs/scratch/aarjun1/train_data/ben_blobs/test_stls/shape_364.stl', '/gpfs/scratch/aarjun1/train_data/ben_blobs/test_stls/shape_375.stl', '/gpfs/scratch/aarjun1/train_data/ben_blobs/test_stls/shape_711.stl', '/gpfs/scratch/aarjun1/train_data/ben_blobs/test_stls/shape_892.stl', '/gpfs/scratch/aarjun1/train_data/ben_blobs/test_stls/shape_951.stl', '/gpfs/scratch/aarjun1/train_data/ben_blobs/test_stls/shape_702.stl', '/gpfs/scratch/aarjun1/train_data/ben_blobs/test_stls/shape_597.stl', '/gpfs/scratch/aarjun1/train_data/ben_blobs/test_stls/shape_17.stl', '/gpfs/scratch/aarjun1/train_data/ben_blobs/test_stls/shape_971.stl', '/gpfs/scratch/aarjun1/train_data/ben_blobs/test_stls/shape_371.stl', '/gpfs/scratch/aarjun1/train_data/ben_blobs/test_stls/shape_461.stl'], 'scale_uniform': True, 'position_range': (-2.5, 2.5), 'directory': 'ben_blobs/test_stls'}
position_range: (-2.5, 2.5)
position: [-7.886188716567291, 9.376086426882429, 15.20525720971464]
##################################################
This is lenn: 1
##################################################
This is lenn: 20
Importing model from shape_711.stl
Scale: [0.4286112644987816, 0.4286112644987816, 0.4286112644987816]
model pos (-7.886188716567291, 9.376086426882429, 15.20525720971464)
model counterr [3]
origin_location: [0.8195135593414307, -1.3903653621673584, 3.487142324447632]
Model center location: [3.0641332864761353, 4.022596955299377, 7.273433685302734]
Camera location: (3.883646845817566, 2.632231593132019, 10.760576009750366), rotation: [0.942180613965392, 0.20745848199800418, 0.05659095576509147, 0.25700998548786824]
Camera counter: 1
Camera if_counter: 0
Camera bool_chi: False
Universal color works : [0.30804037961367015, 0.1605529406091999, 0.8520050619589498, 1]
before light location: [-0.259589821100235, -2.1834068298339844, 2.2265844345092773]
counterr light: 1
if_counter light: 0
light location: (2.8045434653759003, 1.839190125465393, 9.500018119812012)
light bool_chi: False
Done Material: object
Color Material: [0.13050524855782575, 0.5791014554009534, 0.6932004170596796, 1]
##################################################
This is lenn: 1
light_colors: {'light': [0.30804037961367015, 0.1605529406091999, 0.8520050619589498, 1], 'scene_light': [0.30804037961367015, 0.1605529406091999, 0.8520050619589498, 1]}
scene_intensity: 134.76085813995132
Render activated_gpus: []
Render filename: 000004
