## SLURM PROLOG ###############################################################
##    Job ID : 3836837
##  Job Name : render_MI_val
##  Nodelist : gpu1401
##      CPUs : 1
##  Mem/Node : 40960 MB
## Directory : /gpfs/data/tserre/aarjun1/blender_render-color_pos
##   Started : Tue Jan 25 06:52:12 EST 2022
###############################################################################
3
##################################################
This is version: single_illuminant
##################################################
This is jobID: 3836837
##################################################
This is batch_size: 150000
##################################################
This is gpu_index: None
['scenes/AI_33/AI33_005/AI33_005_280.blend', 'scenes/AI_33/AI33_003/AI33_003_280.blend', 'scenes/AI_33/AI33_009/AI33_009_280.blend', 'scenes/AI_33/AI33_002/AI33_002_280.blend', 'scenes/AI_33/AI33_007/AI33_007_280.blend', 'scenes/AI_33/AI33_001/AI33_001_280.blend', 'scenes/AI_33/AI33_006/AI33_006_280.blend', 'scenes/AI_33/AI33_010/AI33_010_280.blend', 'scenes/AI_43/AI43_010/AI043_010_Blender.blend', 'scenes/AI_43/AI43_006/AI043_006_Blender.blend', 'scenes/AI_43/AI43_005/AI043_005_Blender.blend', 'scenes/AI_43/AI43_004/AI043_004.blend', 'scenes/AI_43/AI43_008_blender/AI043_008.blend', 'scenes/AI_43/AI43_009/AI043_009_Blender.blend', 'scenes/AI_43/AI43_003/AI043_003_Blender.blend', 'scenes/AI_43/AI43_001/AI043_001_Blender.blend', 'scenes/AI_48/AI48_001/AI48_001.blend', 'scenes/AI_48/AI48_002/AI48_002.blend', 'scenes/AI_48/AI48_008/AI48_008.blend', 'scenes/AI_48/AI48_010/AI48_010.blend', 'scenes/AI_48/AI48_009/AI48_009.blend', 'scenes/AI_48/AI48_003/AI48_003.blend', 'scenes/AI_48/AI48_004/AI48_004.blend', 'scenes/AI_58/AI58_002/AI58_002.blend', 'scenes/AI_58/AI58_005/AI58_005.blend', 'scenes/AI_58/AI58_007/AI58_007.blend', 'scenes/AI_58/AI58_001/AI58_001.blend', 'scenes/AI_58/AI58_008/AI58_008.blend', 'scenes/AI_58/AI58_006/AI58_006.blend', 'scenes/AI_58/AI58_009/AI58_009.blend', 'scenes/AI_58/AI58_010/AI58_010.blend']
blend_files len :  31
Rendering to folder: /gpfs/scratch/aarjun1/blender_data/data5/images_single_illuminant
Job folder successfully created
~~~~~~~~~~~~~~~~~~~~~~~~~~~~~~~~~~~~~~~~~~~~~~~~~~
Rendering index 0
##################################################
This is lenn: 31
Background: AI33_006_280.blend
Background pivot: [0.0, 0.0, 0.0]
Universal color works22 : [0.23610350125362878, 0.718013542786742, 0.2255704757435426, 1]
Background intensity: 0.0
mat_count : 0
lamp_count: 0
vertices: [[-22.693017959594727, -16.730457305908203, -0.10078243166208267], [-22.693017959594727, -16.730457305908203, 15.874728202819824], [-22.693017959594727, 9.639928817749023, 15.874726295471191], [-22.693017959594727, 9.639927864074707, -0.1007835865020752], [15.768498420715332, -16.730457305908203, -0.10078243166208267], [15.768498420715332, -16.730457305908203, 15.874728202819824], [15.768498420715332, 9.639928817749023, 15.874726295471191], [15.768498420715332, 9.639927864074707, -0.1007835865020752]]
max_vol_name: ['AI33_06_wallsbackground']
bounding_limits: [[-14.750461673736572, 10.249523973464965], [-10.874797248840332, 6.265953731536865], [-0.10078243166208267, 15.874728202819824]]
max_vol_name_list: [['AI33_06_parapetbackground'], ['AI33_06_wallsbackground'], ['AI33_06_window_framesbackground']]
Model arrangement: single
sub_parameters: {'directory': 'ben_blobs/test_stls', 'scale_range': (0.35, 0.55), 'rotate': True, 'scale_uniform': True, 'position_range': (-2.5, 2.5)}
position_range: (-2.5, 2.5)
position: [-1.7689254972991861, -10.337194547095264, 15.695258943360411]
##################################################
This is lenn: 1
##################################################
This is lenn: 20
Importing model from shape_631.stl
Scale: [0.36057432414885154, 0.36057432414885154, 0.36057432414885154]
model pos (-1.7689254972991861, -10.337194547095264, 15.695258943360411)
model counterr [10]
origin_location: [0.2590811550617218, -0.9212563037872314, 2.116518259048462]
Model center location: [-1.624088168144226, 6.112820148468018, 0.6742023676633835]
Camera location: (-1.3650070130825043, 5.191563844680786, 2.7907206267118454), rotation: [0.968375099338344, 0.2087538198677143, 0.028794990812090308, 0.1335752902906148]
Camera counter: 4
Camera if_counter: 0
Camera bool_chi: False
Universal color works : [0.23610350125362878, 0.718013542786742, 0.2255704757435426, 1]
before light location: [-0.3858492076396942, 0.030218934640288353, 1.41246497631073]
counterr light: 1
if_counter light: 0
light location: (-2.0099373757839203, 6.143039083108306, 2.0866673439741135)
light bool_chi: False
Done Material: object
Color Material: [0.7077065534076658, 0.723789917511456, 0.5937933540498629, 1]
##################################################
This is lenn: 1
light_colors: {'scene_light': [0.23610350125362878, 0.718013542786742, 0.2255704757435426, 1], 'light': [0.23610350125362878, 0.718013542786742, 0.2255704757435426, 1]}
scene_intensity: 108.95430802494536
Render activated_gpus: []
Render filename: 000000
info_dict: {'blob_color': [0.7077065534076658, 0.723789917511456, 0.5937933540498629, 1], 'light_intensity': 108.95430802494536, 'scene_name': 'AI33_006_280.blend', 'scene_color': [0.23610350125362878, 0.718013542786742, 0.2255704757435426, 1], 'camera_dist': 2.3228184955052686}
Render activated_gpus: []
Render filename: 000000.gt_sm
Render activated_gpus: []
Render filename: 000000.gt_r
Render activated_gpus: []
Render filename: 000000.gt_ill
Render 0 complete
Data from render 0 saved
~~~~~~~~~~~~~~~~~~~~~~~~~~~~~~~~~~~~~~~~~~~~~~~~~~
Rendering index 1
##################################################
This is lenn: 31
Background: AI33_006_280.blend
Background pivot: [0.0, 0.0, 0.0]
Universal color works22 : [0.6025955470501986, 0.43469490777476116, 0.31863338898748667, 1]
Background intensity: 0.0
mat_count : 0
lamp_count: 0
vertices: [[-22.693017959594727, -16.730457305908203, -0.10078243166208267], [-22.693017959594727, -16.730457305908203, 15.874728202819824], [-22.693017959594727, 9.639928817749023, 15.874726295471191], [-22.693017959594727, 9.639927864074707, -0.1007835865020752], [15.768498420715332, -16.730457305908203, -0.10078243166208267], [15.768498420715332, -16.730457305908203, 15.874728202819824], [15.768498420715332, 9.639928817749023, 15.874726295471191], [15.768498420715332, 9.639927864074707, -0.1007835865020752]]
max_vol_name: ['AI33_06_wallsbackground']
bounding_limits: [[-14.750461673736572, 10.249523973464965], [-10.874797248840332, 6.265953731536865], [-0.10078243166208267, 15.874728202819824]]
max_vol_name_list: [['AI33_06_parapetbackground'], ['AI33_06_wallsbackground'], ['AI33_06_window_framesbackground']]
Model arrangement: single
sub_parameters: {'scale_range': (0.35, 0.55), 'position_range': (-2.5, 2.5), 'scale_uniform': True, 'directory': 'ben_blobs/test_stls', 'rotate': True, 'files': ['/gpfs/scratch/aarjun1/train_data/ben_blobs/test_stls/shape_621.stl', '/gpfs/scratch/aarjun1/train_data/ben_blobs/test_stls/shape_755.stl', '/gpfs/scratch/aarjun1/train_data/ben_blobs/test_stls/shape_864.stl', '/gpfs/scratch/aarjun1/train_data/ben_blobs/test_stls/shape_400.stl', '/gpfs/scratch/aarjun1/train_data/ben_blobs/test_stls/shape_685.stl', '/gpfs/scratch/aarjun1/train_data/ben_blobs/test_stls/shape_863.stl', '/gpfs/scratch/aarjun1/train_data/ben_blobs/test_stls/shape_905.stl', '/gpfs/scratch/aarjun1/train_data/ben_blobs/test_stls/shape_939.stl', '/gpfs/scratch/aarjun1/train_data/ben_blobs/test_stls/shape_631.stl', '/gpfs/scratch/aarjun1/train_data/ben_blobs/test_stls/shape_364.stl', '/gpfs/scratch/aarjun1/train_data/ben_blobs/test_stls/shape_375.stl', '/gpfs/scratch/aarjun1/train_data/ben_blobs/test_stls/shape_711.stl', '/gpfs/scratch/aarjun1/train_data/ben_blobs/test_stls/shape_892.stl', '/gpfs/scratch/aarjun1/train_data/ben_blobs/test_stls/shape_951.stl', '/gpfs/scratch/aarjun1/train_data/ben_blobs/test_stls/shape_702.stl', '/gpfs/scratch/aarjun1/train_data/ben_blobs/test_stls/shape_597.stl', '/gpfs/scratch/aarjun1/train_data/ben_blobs/test_stls/shape_17.stl', '/gpfs/scratch/aarjun1/train_data/ben_blobs/test_stls/shape_971.stl', '/gpfs/scratch/aarjun1/train_data/ben_blobs/test_stls/shape_371.stl', '/gpfs/scratch/aarjun1/train_data/ben_blobs/test_stls/shape_461.stl']}
position_range: (-2.5, 2.5)
position: [-7.621589503415285, -8.205361711396753, 5.667941524176016]
##################################################
This is lenn: 1
##################################################
This is lenn: 20
Importing model from shape_371.stl
Scale: [0.4702334912040447, 0.4702334912040447, 0.4702334912040447]
model pos (-7.621589503415285, -8.205361711396753, 5.667941524176016)
model counterr [12]
origin_location: [2.137617349624634, -0.3597152531147003, -3.170490026473999]
Model center location: [-5.2622761726379395, -6.254468202590942, 2.5732439756393433]
Camera location: (-3.1246588230133057, -6.614183455705643, -0.5972460508346558), rotation: [0.22552960832477942, 0.7294580858420739, 0.6169620829029332, 0.19074874843249437]
Camera counter: 2
Camera if_counter: 0
Camera bool_chi: False
Universal color works : [0.6025955470501986, 0.43469490777476116, 0.31863338898748667, 1]
before light location: [1.760532021522522, 1.1171187162399292, 0.8178802728652954]
counterr light: 1
if_counter light: 0
light location: (-3.5017441511154175, -5.137349486351013, 3.3911242485046387)
light bool_chi: False
Done Material: object
Color Material: [0.8164344626739279, 0.48600244198749276, 0.6321324469110088, 1]
##################################################
This is lenn: 1
light_colors: {'scene_light': [0.6025955470501986, 0.43469490777476116, 0.31863338898748667, 1], 'light': [0.6025955470501986, 0.43469490777476116, 0.31863338898748667, 1]}
scene_intensity: 111.57493669298555
Render activated_gpus: []
Render filename: 000001
info_dict: {'blob_color': [0.8164344626739279, 0.48600244198749276, 0.6321324469110088, 1], 'light_intensity': 111.57493669298555, 'scene_name': 'AI33_006_280.blend', 'scene_color': [0.6025955470501986, 0.43469490777476116, 0.31863338898748667, 1], 'camera_dist': 3.8406783261177595}
Render activated_gpus: []
Render filename: 000001.gt_sm
Render activated_gpus: []
Render filename: 000001.gt_r
Render activated_gpus: []
Render filename: 000001.gt_ill
Render 1 complete
Data from render 1 saved
~~~~~~~~~~~~~~~~~~~~~~~~~~~~~~~~~~~~~~~~~~~~~~~~~~
Rendering index 2
##################################################
This is lenn: 31
Background: AI58_007.blend
Background pivot: [0.0, 0.0, 0.0]
Universal color works22 : [0.3258288398025616, 0.1227407950920929, 0.5196204515933495, 1]
Background intensity: 0.0
mat_count : 0
lamp_count: 0
vertices: [[-16.913087844848633, -20.58535385131836, 0.006578351370990276], [-16.913087844848633, -20.585351943969727, 20.187366485595703], [-16.913087844848633, 17.876163482666016, 20.18736457824707], [-16.913087844848633, 17.876161575317383, 0.006576670333743095], [9.707633972167969, -20.58535385131836, 0.006578351370990276], [9.707633972167969, -20.585351943969727, 20.187366485595703], [9.707633972167969, 17.876163482666016, 20.18736457824707], [9.707633972167969, 17.876161575317383, 0.006576670333743095]]
max_vol_name: ['AI58_07_Wallsbackground']
bounding_limits: [[-10.993507099151612, 6.3099620819091795], [-13.380478763580323, 11.61950626373291], [0.006578351370990276, 20.187366485595703]]
max_vol_name_list: [['AI58_07_09background'], ['AI58_07_Wallsbackground'], ['AM237_012_cutlery_01background'], ['AM237_012_tea_towelbackground']]
Model arrangement: single
sub_parameters: {'scale_range': (0.35, 0.55), 'position_range': (-2.5, 2.5), 'scale_uniform': True, 'directory': 'ben_blobs/test_stls', 'rotate': True, 'files': ['/gpfs/scratch/aarjun1/train_data/ben_blobs/test_stls/shape_621.stl', '/gpfs/scratch/aarjun1/train_data/ben_blobs/test_stls/shape_755.stl', '/gpfs/scratch/aarjun1/train_data/ben_blobs/test_stls/shape_864.stl', '/gpfs/scratch/aarjun1/train_data/ben_blobs/test_stls/shape_400.stl', '/gpfs/scratch/aarjun1/train_data/ben_blobs/test_stls/shape_685.stl', '/gpfs/scratch/aarjun1/train_data/ben_blobs/test_stls/shape_863.stl', '/gpfs/scratch/aarjun1/train_data/ben_blobs/test_stls/shape_905.stl', '/gpfs/scratch/aarjun1/train_data/ben_blobs/test_stls/shape_939.stl', '/gpfs/scratch/aarjun1/train_data/ben_blobs/test_stls/shape_631.stl', '/gpfs/scratch/aarjun1/train_data/ben_blobs/test_stls/shape_364.stl', '/gpfs/scratch/aarjun1/train_data/ben_blobs/test_stls/shape_375.stl', '/gpfs/scratch/aarjun1/train_data/ben_blobs/test_stls/shape_711.stl', '/gpfs/scratch/aarjun1/train_data/ben_blobs/test_stls/shape_892.stl', '/gpfs/scratch/aarjun1/train_data/ben_blobs/test_stls/shape_951.stl', '/gpfs/scratch/aarjun1/train_data/ben_blobs/test_stls/shape_702.stl', '/gpfs/scratch/aarjun1/train_data/ben_blobs/test_stls/shape_597.stl', '/gpfs/scratch/aarjun1/train_data/ben_blobs/test_stls/shape_17.stl', '/gpfs/scratch/aarjun1/train_data/ben_blobs/test_stls/shape_971.stl', '/gpfs/scratch/aarjun1/train_data/ben_blobs/test_stls/shape_371.stl', '/gpfs/scratch/aarjun1/train_data/ben_blobs/test_stls/shape_461.stl']}
position_range: (-2.5, 2.5)
position: [-5.973516299262897, 0.8333035593785443, 16.954723394289783]
##################################################
This is lenn: 1
##################################################
This is lenn: 20
Importing model from shape_863.stl
Scale: [0.5154198895034652, 0.5154198895034652, 0.5154198895034652]
model pos (-5.973516299262897, 0.8333035593785443, 16.954723394289783)
model counterr [3]
origin_location: [-0.33441194891929626, -1.6612673997879028, 5.243260383605957]
Model center location: [-1.7302364110946655, 0.2210889309644699, 10.165340900421143]
Camera location: (-2.064648360013962, -1.440178468823433, 15.4086012840271), rotation: [0.9829418455093318, 0.15489612251844248, -0.015435426237543529, -0.09795033023081473]
Camera counter: 1
Camera if_counter: 0
Camera bool_chi: False
Universal color works : [0.3258288398025616, 0.1227407950920929, 0.5196204515933495, 1]
before light location: [-0.889115035533905, 0.3079707622528076, 1.8627136945724487]
counterr light: 1
if_counter light: 0
light location: (-2.6193514466285706, 0.5290596932172775, 12.028054594993591)
light bool_chi: False
Done Material: object
Color Material: [0.44839730313648507, 0.3614629716223213, 0.42283722447362093, 1]
##################################################
This is lenn: 1
light_colors: {'scene_light': [0.3258288398025616, 0.1227407950920929, 0.5196204515933495, 1], 'light': [0.3258288398025616, 0.1227407950920929, 0.5196204515933495, 1]}
scene_intensity: 198.55284864072866
Render activated_gpus: []
Render filename: 000002
info_dict: {'blob_color': [0.44839730313648507, 0.3614629716223213, 0.42283722447362093, 1], 'light_intensity': 198.55284864072866, 'scene_name': 'AI58_007.blend', 'scene_color': [0.3258288398025616, 0.1227407950920929, 0.5196204515933495, 1], 'camera_dist': 5.510301278103562}
Render activated_gpus: []
Render filename: 000002.gt_sm
Render activated_gpus: []
Render filename: 000002.gt_r
Render activated_gpus: []
Render filename: 000002.gt_ill
Render 2 complete
Data from render 2 saved
~~~~~~~~~~~~~~~~~~~~~~~~~~~~~~~~~~~~~~~~~~~~~~~~~~
Rendering index 3
##################################################
This is lenn: 31
Background: AI33_009_280.blend
Background pivot: [0.0, 0.0, 0.0]
Universal color works22 : [0.10886449569081913, 0.5664092204835848, 0.2036249949984301, 1]
Background intensity: 0.0
mat_count : 0
lamp_count: 0
vertices: [[-20.98570442199707, -12.64957332611084, -5.10948371887207], [-20.98570442199707, -12.64957332611084, 3.2318785190582275], [-20.98570442199707, 17.741846084594727, 3.231877326965332], [-20.98570442199707, 17.741846084594727, -5.109485149383545], [17.475900650024414, -12.64957332611084, -5.10948371887207], [17.475900650024414, -12.64957332611084, 3.2318785190582275], [17.475900650024414, 17.741846084594727, 3.231877326965332], [17.475900650024414, 17.741846084594727, -5.109485149383545]]
max_vol_name: ['AI33_009_columns_001background']
bounding_limits: [[-13.640707874298096, 11.35933542251587], [-8.222222661972046, 11.532199954986572], [-5.10948371887207, 3.2318785190582275]]
max_vol_name_list: [['AI33_009_barrier_001hbackground'], ['AI33_009_books_001background'], ['AI33_009_cables_001background'], ['AI33_009_columns_001background'], ['AI33_009_floor_001background'], ['AI33_009_floor_001.001background'], ['AI33_009_frames_001background'], ['AI33_009_horizontal_pillars_001background'], ['AI33_009_lamp_001background'], ['AI33_009_lampstand_002background'], ['AI33_009_widnows_001background']]
Model arrangement: single
sub_parameters: {'scale_range': (0.35, 0.55), 'position_range': (-2.5, 2.5), 'scale_uniform': True, 'directory': 'ben_blobs/test_stls', 'rotate': True, 'files': ['/gpfs/scratch/aarjun1/train_data/ben_blobs/test_stls/shape_621.stl', '/gpfs/scratch/aarjun1/train_data/ben_blobs/test_stls/shape_755.stl', '/gpfs/scratch/aarjun1/train_data/ben_blobs/test_stls/shape_864.stl', '/gpfs/scratch/aarjun1/train_data/ben_blobs/test_stls/shape_400.stl', '/gpfs/scratch/aarjun1/train_data/ben_blobs/test_stls/shape_685.stl', '/gpfs/scratch/aarjun1/train_data/ben_blobs/test_stls/shape_863.stl', '/gpfs/scratch/aarjun1/train_data/ben_blobs/test_stls/shape_905.stl', '/gpfs/scratch/aarjun1/train_data/ben_blobs/test_stls/shape_939.stl', '/gpfs/scratch/aarjun1/train_data/ben_blobs/test_stls/shape_631.stl', '/gpfs/scratch/aarjun1/train_data/ben_blobs/test_stls/shape_364.stl', '/gpfs/scratch/aarjun1/train_data/ben_blobs/test_stls/shape_375.stl', '/gpfs/scratch/aarjun1/train_data/ben_blobs/test_stls/shape_711.stl', '/gpfs/scratch/aarjun1/train_data/ben_blobs/test_stls/shape_892.stl', '/gpfs/scratch/aarjun1/train_data/ben_blobs/test_stls/shape_951.stl', '/gpfs/scratch/aarjun1/train_data/ben_blobs/test_stls/shape_702.stl', '/gpfs/scratch/aarjun1/train_data/ben_blobs/test_stls/shape_597.stl', '/gpfs/scratch/aarjun1/train_data/ben_blobs/test_stls/shape_17.stl', '/gpfs/scratch/aarjun1/train_data/ben_blobs/test_stls/shape_971.stl', '/gpfs/scratch/aarjun1/train_data/ben_blobs/test_stls/shape_371.stl', '/gpfs/scratch/aarjun1/train_data/ben_blobs/test_stls/shape_461.stl']}
position_range: (-2.5, 2.5)
position: [4.921003631542396, -5.798310266734942, 3.0247197307211753]
##################################################
This is lenn: 1
##################################################
This is lenn: 20
Importing model from shape_702.stl
Scale: [0.5059547330299777, 0.5059547330299777, 0.5059547330299777]
model pos (4.921003631542396, -5.798310266734942, 3.0247197307211753)
model counterr [4]
origin_location: [-0.03677746653556824, -3.229861259460449, 2.96441650390625]
Model center location: [-0.06181764602661133, 6.818386077880859, 0.1497095823287964]
Camera location: (-0.09859511256217957, 3.58852481842041, 3.1141260862350464), rotation: [0.915452421640834, 0.4023859498292896, -0.0022908501258609767, -0.005211822868629863]
Camera counter: 1
Camera if_counter: 0
Camera bool_chi: False
Universal color works : [0.10886449569081913, 0.5664092204835848, 0.2036249949984301, 1]
before light location: [0.5021401643753052, -2.553692579269409, 0.7298327088356018]
counterr light: 1
if_counter light: 0
light location: (0.44032251834869385, 4.26469349861145, 0.8795422911643982)
light bool_chi: False
Done Material: object
Color Material: [0.17331993769292237, 0.7269424009067241, 0.4908924773257949, 1]
##################################################
This is lenn: 1
light_colors: {'scene_light': [0.10886449569081913, 0.5664092204835848, 0.2036249949984301, 1], 'light': [0.10886449569081913, 0.5664092204835848, 0.2036249949984301, 1]}
scene_intensity: 138.10005476273378
Render activated_gpus: []
Render filename: 000003
