## SLURM PROLOG ###############################################################
##    Job ID : 3714923
##  Job Name : render_MI_val
##  Nodelist : node1624
##      CPUs : 7
##  Mem/Node : 40960 MB
## Directory : /gpfs/data/tserre/aarjun1/blender_render-color_pos
##   Started : Mon Dec 27 01:45:09 EST 2021
###############################################################################
11
##################################################
This is version: single_illuminant
##################################################
This is jobID: 3714923
##################################################
This is batch_size: 150000
##################################################
This is gpu_index: None
['scenes/AI_33/AI33_005/AI33_005_280.blend', 'scenes/AI_33/AI33_003/AI33_003_280.blend', 'scenes/AI_33/AI33_009/AI33_009_280.blend', 'scenes/AI_33/AI33_002/AI33_002_280.blend', 'scenes/AI_33/AI33_007/AI33_007_280.blend', 'scenes/AI_33/AI33_001/AI33_001_280.blend', 'scenes/AI_33/AI33_006/AI33_006_280.blend', 'scenes/AI_33/AI33_010/AI33_010_280.blend', 'scenes/AI_43/AI43_010/AI043_010_Blender.blend', 'scenes/AI_43/AI43_006/AI043_006_Blender.blend', 'scenes/AI_43/AI43_005/AI043_005_Blender.blend', 'scenes/AI_43/AI43_004/AI043_004.blend', 'scenes/AI_43/AI43_008_blender/AI043_008.blend', 'scenes/AI_43/AI43_009/AI043_009_Blender.blend', 'scenes/AI_43/AI43_003/AI043_003_Blender.blend', 'scenes/AI_43/AI43_001/AI043_001_Blender.blend', 'scenes/AI_48/AI48_001/AI48_001.blend', 'scenes/AI_48/AI48_002/AI48_002.blend', 'scenes/AI_48/AI48_008/AI48_008.blend', 'scenes/AI_48/AI48_010/AI48_010.blend', 'scenes/AI_48/AI48_009/AI48_009.blend', 'scenes/AI_48/AI48_003/AI48_003.blend', 'scenes/AI_48/AI48_004/AI48_004.blend', 'scenes/AI_58/AI58_002/AI58_002.blend', 'scenes/AI_58/AI58_005/AI58_005.blend', 'scenes/AI_58/AI58_007/AI58_007.blend', 'scenes/AI_58/AI58_001/AI58_001.blend', 'scenes/AI_58/AI58_008/AI58_008.blend', 'scenes/AI_58/AI58_006/AI58_006.blend', 'scenes/AI_58/AI58_009/AI58_009.blend', 'scenes/AI_58/AI58_010/AI58_010.blend']
blend_files len :  31
Rendering to folder: /gpfs/scratch/aarjun1/blender_data/data5/images_single_illuminant
Job folder successfully created
~~~~~~~~~~~~~~~~~~~~~~~~~~~~~~~~~~~~~~~~~~~~~~~~~~
Rendering index 0
##################################################
This is lenn: 31
Background: AI043_003_Blender.blend
Background pivot: [0.0, 0.0, 0.0]
Universal color works22 : [0.15210525653596038, 0.574647493172331, 0.398806637350967, 1]
Background intensity: 0.0
mat_count : 0
lamp_count: 0
vertices: [[-12.840497016906738, -20.774497985839844, 1.0513038635253906], [-12.840497016906738, -20.774497985839844, 17.737064361572266], [-12.840497016906738, 17.687040328979492, 17.737064361572266], [-12.840497016906738, 17.687040328979492, 1.051302194595337], [15.495990753173828, -20.774497985839844, 1.0513038635253906], [15.495990753173828, -20.774497985839844, 17.737064361572266], [15.495990753173828, 17.687040328979492, 17.737064361572266], [15.495990753173828, 17.687040328979492, 1.051302194595337]]
max_vol_name: ['AI43_003_01background']
bounding_limits: [[-8.34632306098938, 10.072393989562988], [-13.503423690795898, 11.49657621383667], [1.0513038635253906, 17.737064361572266]]
max_vol_name_list: [['AI43_003_01background'], ['AI43_003_03background'], ['AI43_003_04background'], ['AI43_003_10background']]
Model arrangement: single
sub_parameters: {'scale_range': (0.35, 0.55), 'rotate': True, 'position_range': (-2.5, 2.5), 'scale_uniform': True, 'directory': 'ben_blobs/test_stls'}
position_range: (-2.5, 2.5)
position: [4.986726132949046, -12.564276953890475, 6.620176379026198]
##################################################
This is lenn: 1
##################################################
This is lenn: 20
Importing model from shape_863.stl
Scale: [0.5200264009932285, 0.5200264009932285, 0.5200264009932285]
model pos (4.986726132949046, -12.564276953890475, 6.620176379026198)
model counterr [5]
origin_location: [1.952843189239502, 2.982990264892578, -0.8865673542022705]
Model center location: [7.676753997802734, 5.460742950439453, 2.8881229162216187]
Camera location: (9.629597187042236, 8.443733215332031, 2.001555562019348), rotation: [-0.1760154273762852, -0.22514371222564347, -0.7549612877170175, -0.590222273571121]
Camera counter: 4
Camera if_counter: 0
Camera bool_chi: False
Universal color works : [0.15210525653596038, 0.574647493172331, 0.398806637350967, 1]
before light location: [1.6525554656982422, 0.4126182496547699, 2.893639326095581]
counterr light: 1
if_counter light: 0
light location: (9.329309463500977, 5.873361200094223, 5.7817622423172)
light bool_chi: False
Done Material: object
Color Material: [0.6818420729870601, 0.6438360340899159, 0.7675693547789421, 1]
##################################################
This is lenn: 1
light_colors: {'scene_light': [0.15210525653596038, 0.574647493172331, 0.398806637350967, 1], 'light': [0.15210525653596038, 0.574647493172331, 0.398806637350967, 1]}
scene_intensity: 115.46439023110563
Render activated_gpus: []
Render filename: 000000
info_dict: {'scene_color': [0.15210525653596038, 0.574647493172331, 0.398806637350967, 1], 'camera_dist': 3.673939182368186, 'light_intensity': 115.46439023110563, 'scene_name': 'AI043_003_Blender.blend', 'blob_color': [0.6818420729870601, 0.6438360340899159, 0.7675693547789421, 1]}
Render activated_gpus: []
Render filename: 000000.gt_sm
