## SLURM PROLOG ###############################################################
##    Job ID : 3836852
##  Job Name : render_MI_val
##  Nodelist : gpu2102
##      CPUs : 1
##  Mem/Node : 40960 MB
## Directory : /gpfs/data/tserre/aarjun1/blender_render-color_pos
##   Started : Tue Jan 25 06:52:22 EST 2022
###############################################################################
18
##################################################
This is version: single_illuminant
##################################################
This is jobID: 3836852
##################################################
This is batch_size: 150000
##################################################
This is gpu_index: None
['scenes/AI_33/AI33_005/AI33_005_280.blend', 'scenes/AI_33/AI33_003/AI33_003_280.blend', 'scenes/AI_33/AI33_009/AI33_009_280.blend', 'scenes/AI_33/AI33_002/AI33_002_280.blend', 'scenes/AI_33/AI33_007/AI33_007_280.blend', 'scenes/AI_33/AI33_001/AI33_001_280.blend', 'scenes/AI_33/AI33_006/AI33_006_280.blend', 'scenes/AI_33/AI33_010/AI33_010_280.blend', 'scenes/AI_43/AI43_010/AI043_010_Blender.blend', 'scenes/AI_43/AI43_006/AI043_006_Blender.blend', 'scenes/AI_43/AI43_005/AI043_005_Blender.blend', 'scenes/AI_43/AI43_004/AI043_004.blend', 'scenes/AI_43/AI43_008_blender/AI043_008.blend', 'scenes/AI_43/AI43_009/AI043_009_Blender.blend', 'scenes/AI_43/AI43_003/AI043_003_Blender.blend', 'scenes/AI_43/AI43_001/AI043_001_Blender.blend', 'scenes/AI_48/AI48_001/AI48_001.blend', 'scenes/AI_48/AI48_002/AI48_002.blend', 'scenes/AI_48/AI48_008/AI48_008.blend', 'scenes/AI_48/AI48_010/AI48_010.blend', 'scenes/AI_48/AI48_009/AI48_009.blend', 'scenes/AI_48/AI48_003/AI48_003.blend', 'scenes/AI_48/AI48_004/AI48_004.blend', 'scenes/AI_58/AI58_002/AI58_002.blend', 'scenes/AI_58/AI58_005/AI58_005.blend', 'scenes/AI_58/AI58_007/AI58_007.blend', 'scenes/AI_58/AI58_001/AI58_001.blend', 'scenes/AI_58/AI58_008/AI58_008.blend', 'scenes/AI_58/AI58_006/AI58_006.blend', 'scenes/AI_58/AI58_009/AI58_009.blend', 'scenes/AI_58/AI58_010/AI58_010.blend']
blend_files len :  31
Rendering to folder: /gpfs/scratch/aarjun1/blender_data/data5/images_single_illuminant
Job folder successfully created
~~~~~~~~~~~~~~~~~~~~~~~~~~~~~~~~~~~~~~~~~~~~~~~~~~
Rendering index 0
##################################################
This is lenn: 31
Background: AI33_005_280.blend
Background pivot: [0.0, 0.0, 0.0]
Universal color works22 : [0.856912668496985, 0.24262839878074446, 0.24723133246303697, 1]
Background intensity: 0.0
mat_count : 0
lamp_count: 0
vertices: [[-12.64403247833252, -17.905441284179688, 0.1412685662508011], [-12.64403247833252, -17.905439376831055, 10.013442993164062], [-12.64403247833252, 20.556135177612305, 10.013442039489746], [-12.64403247833252, 20.556135177612305, 0.14126689732074738], [10.782952308654785, -17.905441284179688, 0.1412685662508011], [10.782952308654785, -17.905439376831055, 10.013442993164062], [10.782952308654785, 20.556135177612305, 10.013442039489746], [10.782952308654785, 20.556135177612305, 0.14126689732074738]]
max_vol_name: ['AI33_005_66background']
bounding_limits: [[-8.218621110916137, 7.00891900062561], [-11.638535594940185, 13.361487865447998], [0.1412685662508011, 10.013442993164062]]
max_vol_name_list: [['AI33_005_66background']]
Model arrangement: single
sub_parameters: {'scale_uniform': True, 'position_range': (-2.5, 2.5), 'rotate': True, 'scale_range': (0.35, 0.55), 'directory': 'ben_blobs/test_stls'}
position_range: (-2.5, 2.5)
position: [3.702374331929022, 1.0670037722132975, 8.99582247878398]
##################################################
This is lenn: 1
##################################################
This is lenn: 20
Importing model from shape_864.stl
Scale: [0.5487647262278191, 0.5487647262278191, 0.5487647262278191]
model pos (3.702374331929022, 1.0670037722132975, 8.99582247878398)
model counterr [2]
origin_location: [-0.7753058075904846, -0.2643926739692688, 4.119692802429199]
Model center location: [2.4351451992988586, -1.5207984745502472, 6.685550689697266]
Camera location: (1.659839391708374, -1.785191148519516, 10.805243492126465), rotation: [0.8093413134055015, 0.0796835495909539, -0.05701599426796518, -0.5791082340437572]
Camera counter: 2
Camera if_counter: 0
Camera bool_chi: False
Universal color works : [0.856912668496985, 0.24262839878074446, 0.24723133246303697, 1]
before light location: [0.42634207010269165, 0.5458871722221375, 3.994499921798706]
counterr light: 2
if_counter light: 0
light location: (2.8614872694015503, -0.9749113023281097, 10.680050611495972)
light bool_chi: False
Done Material: object
Color Material: [0.4714567311107537, 0.5010905408564783, 0.16404652489591925, 1]
##################################################
This is lenn: 1
light_colors: {'scene_light': [0.856912668496985, 0.24262839878074446, 0.24723133246303697, 1], 'light': [0.856912668496985, 0.24262839878074446, 0.24723133246303697, 1]}
scene_intensity: 190.74049381229156
Render activated_gpus: []
Render filename: 000000
