## SLURM PROLOG ###############################################################
##    Job ID : 3836841
##  Job Name : render_MI_val
##  Nodelist : gpu2006
##      CPUs : 1
##  Mem/Node : 40960 MB
## Directory : /gpfs/data/tserre/aarjun1/blender_render-color_pos
##   Started : Tue Jan 25 06:52:12 EST 2022
###############################################################################
7
##################################################
This is version: single_illuminant
##################################################
This is jobID: 3836841
##################################################
This is batch_size: 150000
##################################################
This is gpu_index: None
['scenes/AI_33/AI33_005/AI33_005_280.blend', 'scenes/AI_33/AI33_003/AI33_003_280.blend', 'scenes/AI_33/AI33_009/AI33_009_280.blend', 'scenes/AI_33/AI33_002/AI33_002_280.blend', 'scenes/AI_33/AI33_007/AI33_007_280.blend', 'scenes/AI_33/AI33_001/AI33_001_280.blend', 'scenes/AI_33/AI33_006/AI33_006_280.blend', 'scenes/AI_33/AI33_010/AI33_010_280.blend', 'scenes/AI_43/AI43_010/AI043_010_Blender.blend', 'scenes/AI_43/AI43_006/AI043_006_Blender.blend', 'scenes/AI_43/AI43_005/AI043_005_Blender.blend', 'scenes/AI_43/AI43_004/AI043_004.blend', 'scenes/AI_43/AI43_008_blender/AI043_008.blend', 'scenes/AI_43/AI43_009/AI043_009_Blender.blend', 'scenes/AI_43/AI43_003/AI043_003_Blender.blend', 'scenes/AI_43/AI43_001/AI043_001_Blender.blend', 'scenes/AI_48/AI48_001/AI48_001.blend', 'scenes/AI_48/AI48_002/AI48_002.blend', 'scenes/AI_48/AI48_008/AI48_008.blend', 'scenes/AI_48/AI48_010/AI48_010.blend', 'scenes/AI_48/AI48_009/AI48_009.blend', 'scenes/AI_48/AI48_003/AI48_003.blend', 'scenes/AI_48/AI48_004/AI48_004.blend', 'scenes/AI_58/AI58_002/AI58_002.blend', 'scenes/AI_58/AI58_005/AI58_005.blend', 'scenes/AI_58/AI58_007/AI58_007.blend', 'scenes/AI_58/AI58_001/AI58_001.blend', 'scenes/AI_58/AI58_008/AI58_008.blend', 'scenes/AI_58/AI58_006/AI58_006.blend', 'scenes/AI_58/AI58_009/AI58_009.blend', 'scenes/AI_58/AI58_010/AI58_010.blend']
blend_files len :  31
Rendering to folder: /gpfs/scratch/aarjun1/blender_data/data5/images_single_illuminant
Job folder successfully created
~~~~~~~~~~~~~~~~~~~~~~~~~~~~~~~~~~~~~~~~~~~~~~~~~~
Rendering index 0
##################################################
This is lenn: 31
Background: AI58_008.blend
Background pivot: [0.0, 0.0, 0.0]
Universal color works22 : [0.47106720528041646, 0.679084283812857, 0.4166540766684359, 1]
Background intensity: 0.0
mat_count : 0
lamp_count: 0
vertices: [[-22.068096160888672, -17.96973419189453, 1.0610897334117908e-06], [-22.068096160888672, -17.96973419189453, 8.354351997375488], [-22.068096160888672, 9.457755088806152, 8.354351043701172], [-22.068096160888672, 9.457755088806152, -1.3780386609596462e-07], [16.39344024658203, -17.96973419189453, 1.0610897334117908e-06], [16.39344024658203, -17.96973419189453, 8.354351997375488], [16.39344024658203, 9.457755088806152, 8.354351043701172], [16.39344024658203, 9.457755088806152, -1.3780386609596462e-07]]
max_vol_name: ['AI58_008_WallV003background']
bounding_limits: [[-14.344262504577637, 10.655736160278321], [-11.680327224731446, 6.147540807723999], [1.0610897334117908e-06, 8.354351997375488]]
max_vol_name_list: [['AI58_008_Ceilingbackground'], ['AI58_008_Floorbackground'], ['AI58_008_Strip_Wallbackground'], ['AI58_008_WallV003background'], ['AI58_008_WallV004background'], ['AI58_008_Worktop_002background'], ['Am158_059_06background']]
Model arrangement: single
sub_parameters: {'directory': 'ben_blobs/test_stls', 'position_range': (-2.5, 2.5), 'scale_range': (0.35, 0.55), 'rotate': True, 'scale_uniform': True}
position_range: (-2.5, 2.5)
position: [-3.314146093529917, -10.968213264423925, 3.426701252717015]
##################################################
This is lenn: 1
##################################################
This is lenn: 20
Importing model from shape_364.stl
Scale: [0.36568372368342134, 0.36568372368342134, 0.36568372368342134]
model pos (-3.314146093529917, -10.968213264423925, 3.426701252717015)
model counterr [2]
origin_location: [-0.8931000828742981, 2.3744053840637207, 1.9923688173294067]
Model center location: [-9.703518867492676, -6.58877420425415, 3.220567226409912]
Camera location: (-10.596618950366974, -4.21436882019043, 5.212936043739319), rotation: [0.16090690854764592, 0.0782268657044798, -0.4301750265482304, -0.8848383868243522]
Camera counter: 4
Camera if_counter: 0
Camera bool_chi: False
Universal color works : [0.47106720528041646, 0.679084283812857, 0.4166540766684359, 1]
before light location: [0.5532811284065247, 0.33647799491882324, 1.9015103578567505]
counterr light: 1
if_counter light: 0
light location: (-9.150237739086151, -6.252296209335327, 5.122077584266663)
light bool_chi: False
Done Material: object
Color Material: [0.44102049998521475, 0.7586934674474198, 0.21906603106973394, 1]
##################################################
This is lenn: 1
light_colors: {'light': [0.47106720528041646, 0.679084283812857, 0.4166540766684359, 1], 'scene_light': [0.47106720528041646, 0.679084283812857, 0.4166540766684359, 1]}
scene_intensity: 154.8581432899174
Render activated_gpus: []
Render filename: 000000
info_dict: {'blob_color': [0.44102049998521475, 0.7586934674474198, 0.21906603106973394, 1], 'scene_color': [0.47106720528041646, 0.679084283812857, 0.4166540766684359, 1], 'scene_name': 'AI58_008.blend', 'camera_dist': 3.225672362495522, 'light_intensity': 154.8581432899174}
Render activated_gpus: []
Render filename: 000000.gt_sm
Render activated_gpus: []
Render filename: 000000.gt_r
Render activated_gpus: []
Render filename: 000000.gt_ill
Render 0 complete
Data from render 0 saved
~~~~~~~~~~~~~~~~~~~~~~~~~~~~~~~~~~~~~~~~~~~~~~~~~~
Rendering index 1
##################################################
This is lenn: 31
Background: AI043_008.blend
Background pivot: [0.0, 0.0, 0.0]
Universal color works22 : [0.3284413785665644, 0.2610046409365248, 0.6532274190556373, 1]
Background intensity: 0.0
mat_count : 0
lamp_count: 0
vertices: [[-29.12395477294922, -29.605159759521484, -5.40560245513916], [-29.12395477294922, -29.605159759521484, 3.831458330154419], [-29.12395477294922, 8.856380462646484, 3.831456422805786], [-29.12395477294922, 8.856380462646484, -5.405603885650635], [2.9008073806762695, -29.605159759521484, -5.40560245513916], [2.9008073806762695, -29.605159759521484, 3.831458330154419], [2.9008073806762695, 8.856380462646484, 3.831456422805786], [2.9008073806762695, 8.856380462646484, -5.405603885650635]]
max_vol_name: ['AI43_008_258.001background']
bounding_limits: [[-18.930570602416992, 1.8855247974395752], [-19.243353843688965, 5.756647300720215], [-5.40560245513916, 3.831458330154419]]
max_vol_name_list: [['AI43_008_099background'], ['AI43_008_258background'], ['AI43_008_258.001background'], ['AI43_008_258.009background'], ['AI43_008_258.010background']]
Model arrangement: single
sub_parameters: {'directory': 'ben_blobs/test_stls', 'rotate': True, 'scale_range': (0.35, 0.55), 'files': ['/gpfs/scratch/aarjun1/train_data/ben_blobs/test_stls/shape_621.stl', '/gpfs/scratch/aarjun1/train_data/ben_blobs/test_stls/shape_755.stl', '/gpfs/scratch/aarjun1/train_data/ben_blobs/test_stls/shape_864.stl', '/gpfs/scratch/aarjun1/train_data/ben_blobs/test_stls/shape_400.stl', '/gpfs/scratch/aarjun1/train_data/ben_blobs/test_stls/shape_685.stl', '/gpfs/scratch/aarjun1/train_data/ben_blobs/test_stls/shape_863.stl', '/gpfs/scratch/aarjun1/train_data/ben_blobs/test_stls/shape_905.stl', '/gpfs/scratch/aarjun1/train_data/ben_blobs/test_stls/shape_939.stl', '/gpfs/scratch/aarjun1/train_data/ben_blobs/test_stls/shape_631.stl', '/gpfs/scratch/aarjun1/train_data/ben_blobs/test_stls/shape_364.stl', '/gpfs/scratch/aarjun1/train_data/ben_blobs/test_stls/shape_375.stl', '/gpfs/scratch/aarjun1/train_data/ben_blobs/test_stls/shape_711.stl', '/gpfs/scratch/aarjun1/train_data/ben_blobs/test_stls/shape_892.stl', '/gpfs/scratch/aarjun1/train_data/ben_blobs/test_stls/shape_951.stl', '/gpfs/scratch/aarjun1/train_data/ben_blobs/test_stls/shape_702.stl', '/gpfs/scratch/aarjun1/train_data/ben_blobs/test_stls/shape_597.stl', '/gpfs/scratch/aarjun1/train_data/ben_blobs/test_stls/shape_17.stl', '/gpfs/scratch/aarjun1/train_data/ben_blobs/test_stls/shape_971.stl', '/gpfs/scratch/aarjun1/train_data/ben_blobs/test_stls/shape_371.stl', '/gpfs/scratch/aarjun1/train_data/ben_blobs/test_stls/shape_461.stl'], 'position_range': (-2.5, 2.5), 'scale_uniform': True}
position_range: (-2.5, 2.5)
position: [-16.50463702649387, 0.5275898146908062, -4.191926962540907]
##################################################
This is lenn: 1
##################################################
This is lenn: 20
Importing model from shape_685.stl
Scale: [0.5050748068090409, 0.5050748068090409, 0.5050748068090409]
model pos (-16.50463702649387, 0.5275898146908062, -4.191926962540907)
model counterr [2]
origin_location: [2.6900293827056885, 0.05604011192917824, -2.311633586883545]
Model center location: [-15.532904624938965, -3.8178627490997314, -2.821866512298584]
Camera location: (-12.842875242233276, -3.761822637170553, -5.133500099182129), rotation: [-0.2920091728102836, -0.6358589770165645, -0.6492434914309657, -0.2981558202964207]
Camera counter: 5
Camera if_counter: 0
Camera bool_chi: False
Universal color works : [0.3284413785665644, 0.2610046409365248, 0.6532274190556373, 1]
before light location: [1.5154081583023071, -0.10854019969701767, 1.0591859817504883]
counterr light: 1
if_counter light: 0
light location: (-14.017496466636658, -3.926402948796749, -1.7626805305480957)
light bool_chi: False
Done Material: object
Color Material: [0.2608814189831652, 0.4485207533752881, 0.13677377583302075, 1]
##################################################
This is lenn: 1
light_colors: {'light': [0.3284413785665644, 0.2610046409365248, 0.6532274190556373, 1], 'scene_light': [0.3284413785665644, 0.2610046409365248, 0.6532274190556373, 1]}
scene_intensity: 187.38036023196383
Render activated_gpus: []
Render filename: 000001
info_dict: {'blob_color': [0.2608814189831652, 0.4485207533752881, 0.13677377583302075, 1], 'scene_color': [0.3284413785665644, 0.2610046409365248, 0.6532274190556373, 1], 'scene_name': 'AI043_008.blend', 'camera_dist': 3.5472592820335347, 'light_intensity': 187.38036023196383}
Render activated_gpus: []
Render filename: 000001.gt_sm
Render activated_gpus: []
Render filename: 000001.gt_r
Render activated_gpus: []
Render filename: 000001.gt_ill
Render 1 complete
Data from render 1 saved
~~~~~~~~~~~~~~~~~~~~~~~~~~~~~~~~~~~~~~~~~~~~~~~~~~
Rendering index 2
##################################################
This is lenn: 31
Background: AI043_004.blend
Background pivot: [0.0, 0.0, 0.0]
Universal color works22 : [0.6955113576664141, 0.8428856301000845, 0.19997886639222903, 1]
Background intensity: 0.0
mat_count : 0
lamp_count: 0
vertices: [[-5.0578293800354, -12.097195625305176, -0.026789184659719467], [-5.0578293800354, -12.09719467163086, 6.790333271026611], [-5.0578293800354, 26.364341735839844, 6.7903313636779785], [-5.0578293800354, 26.364341735839844, -0.026790864765644073], [21.781991958618164, -12.097195625305176, -0.026789184659719467], [21.781991958618164, -12.09719467163086, 6.790333271026611], [21.781991958618164, 26.364341735839844, 6.7903313636779785], [21.781991958618164, 26.364341735839844, -0.026790864765644073]]
max_vol_name: ['AI43_004_obj_010_001background']
bounding_limits: [[-3.28758909702301, 14.158294773101806], [-7.863176536560059, 17.1368221282959], [-0.026789184659719467, 6.790333271026611]]
max_vol_name_list: [['AI43_004_obj_010_001background'], ['AI43_004_obj_0296background']]
Model arrangement: single
sub_parameters: {'directory': 'ben_blobs/test_stls', 'rotate': True, 'scale_range': (0.35, 0.55), 'files': ['/gpfs/scratch/aarjun1/train_data/ben_blobs/test_stls/shape_621.stl', '/gpfs/scratch/aarjun1/train_data/ben_blobs/test_stls/shape_755.stl', '/gpfs/scratch/aarjun1/train_data/ben_blobs/test_stls/shape_864.stl', '/gpfs/scratch/aarjun1/train_data/ben_blobs/test_stls/shape_400.stl', '/gpfs/scratch/aarjun1/train_data/ben_blobs/test_stls/shape_685.stl', '/gpfs/scratch/aarjun1/train_data/ben_blobs/test_stls/shape_863.stl', '/gpfs/scratch/aarjun1/train_data/ben_blobs/test_stls/shape_905.stl', '/gpfs/scratch/aarjun1/train_data/ben_blobs/test_stls/shape_939.stl', '/gpfs/scratch/aarjun1/train_data/ben_blobs/test_stls/shape_631.stl', '/gpfs/scratch/aarjun1/train_data/ben_blobs/test_stls/shape_364.stl', '/gpfs/scratch/aarjun1/train_data/ben_blobs/test_stls/shape_375.stl', '/gpfs/scratch/aarjun1/train_data/ben_blobs/test_stls/shape_711.stl', '/gpfs/scratch/aarjun1/train_data/ben_blobs/test_stls/shape_892.stl', '/gpfs/scratch/aarjun1/train_data/ben_blobs/test_stls/shape_951.stl', '/gpfs/scratch/aarjun1/train_data/ben_blobs/test_stls/shape_702.stl', '/gpfs/scratch/aarjun1/train_data/ben_blobs/test_stls/shape_597.stl', '/gpfs/scratch/aarjun1/train_data/ben_blobs/test_stls/shape_17.stl', '/gpfs/scratch/aarjun1/train_data/ben_blobs/test_stls/shape_971.stl', '/gpfs/scratch/aarjun1/train_data/ben_blobs/test_stls/shape_371.stl', '/gpfs/scratch/aarjun1/train_data/ben_blobs/test_stls/shape_461.stl'], 'position_range': (-2.5, 2.5), 'scale_uniform': True}
position_range: (-2.5, 2.5)
position: [8.039380623056784, 14.008308037375674, 1.1123743673341902]
##################################################
This is lenn: 1
##################################################
This is lenn: 20
Importing model from shape_951.stl
Scale: [0.4516961677400786, 0.4516961677400786, 0.4516961677400786]
model pos (8.039380623056784, 14.008308037375674, 1.1123743673341902)
model counterr [1]
origin_location: [-0.15402629971504211, 0.8714138865470886, -2.9118969440460205]
Model center location: [8.03938102722168, 14.008308410644531, 1.112374484539032]
Camera location: (7.885354727506638, 14.87972229719162, -1.7995224595069885), rotation: [0.012840539365366438, 0.08641343008842522, -0.9853575347636125, -0.1464184699200746]
Camera counter: 2
Camera if_counter: 0
Camera bool_chi: False
Universal color works : [0.6955113576664141, 0.8428856301000845, 0.19997886639222903, 1]
before light location: [-1.3420988321304321, -0.2326434999704361, 1.1228915452957153]
counterr light: 1
if_counter light: 0
light location: (6.697282195091248, 13.775664910674095, 2.2352660298347473)
light bool_chi: False
Done Material: object
Color Material: [0.28187650416007226, 0.19049863905853368, 0.8668413673744731, 1]
##################################################
This is lenn: 1
light_colors: {'light': [0.6955113576664141, 0.8428856301000845, 0.19997886639222903, 1], 'scene_light': [0.6955113576664141, 0.8428856301000845, 0.19997886639222903, 1]}
scene_intensity: 137.93736122413506
Render activated_gpus: []
Render filename: 000002
info_dict: {'blob_color': [0.28187650416007226, 0.19049863905853368, 0.8668413673744731, 1], 'scene_color': [0.6955113576664141, 0.8428856301000845, 0.19997886639222903, 1], 'scene_name': 'AI043_004.blend', 'camera_dist': 3.0433912130082064, 'light_intensity': 137.93736122413506}
Render activated_gpus: []
Render filename: 000002.gt_sm
Render activated_gpus: []
Render filename: 000002.gt_r
Render activated_gpus: []
Render filename: 000002.gt_ill
Render 2 complete
Data from render 2 saved
~~~~~~~~~~~~~~~~~~~~~~~~~~~~~~~~~~~~~~~~~~~~~~~~~~
Rendering index 3
##################################################
This is lenn: 31
Background: AI48_002.blend
Background pivot: [0.0, 0.0, 0.0]
Universal color works22 : [0.20169629345894055, 0.8439983098430865, 0.7733392946950193, 1]
Background intensity: 0.0
mat_count : 0
lamp_count: 0
vertices: [[-7.997471809387207, -14.2140474319458, 0.060391463339328766], [-7.997471809387207, -14.2140474319458, 9.41245174407959], [-7.997471809387207, 24.24751853942871, 9.412449836730957], [-7.997471809387207, 24.24751853942871, 0.06038977950811386], [5.4071455001831055, -14.2140474319458, 0.060391463339328766], [5.4071455001831055, -14.2140474319458, 9.41245174407959], [5.4071455001831055, 24.24751853942871, 9.412449836730957], [5.4071455001831055, 24.24751853942871, 0.06038977950811386]]
max_vol_name: ['AI48_002_wallsbackground']
bounding_limits: [[-5.198356676101684, 3.5146445751190187], [-9.23913083076477, 15.760887050628662], [0.060391463339328766, 9.41245174407959]]
max_vol_name_list: [['AI48_002_ceilingbackground'], ['AI48_002_floorbackground'], ['AI48_002_wallsbackground'], ['AI48_002_window_glassbackground'], ['AI48_002_windowsillsbackground']]
Model arrangement: single
sub_parameters: {'directory': 'ben_blobs/test_stls', 'rotate': True, 'scale_range': (0.35, 0.55), 'files': ['/gpfs/scratch/aarjun1/train_data/ben_blobs/test_stls/shape_621.stl', '/gpfs/scratch/aarjun1/train_data/ben_blobs/test_stls/shape_755.stl', '/gpfs/scratch/aarjun1/train_data/ben_blobs/test_stls/shape_864.stl', '/gpfs/scratch/aarjun1/train_data/ben_blobs/test_stls/shape_400.stl', '/gpfs/scratch/aarjun1/train_data/ben_blobs/test_stls/shape_685.stl', '/gpfs/scratch/aarjun1/train_data/ben_blobs/test_stls/shape_863.stl', '/gpfs/scratch/aarjun1/train_data/ben_blobs/test_stls/shape_905.stl', '/gpfs/scratch/aarjun1/train_data/ben_blobs/test_stls/shape_939.stl', '/gpfs/scratch/aarjun1/train_data/ben_blobs/test_stls/shape_631.stl', '/gpfs/scratch/aarjun1/train_data/ben_blobs/test_stls/shape_364.stl', '/gpfs/scratch/aarjun1/train_data/ben_blobs/test_stls/shape_375.stl', '/gpfs/scratch/aarjun1/train_data/ben_blobs/test_stls/shape_711.stl', '/gpfs/scratch/aarjun1/train_data/ben_blobs/test_stls/shape_892.stl', '/gpfs/scratch/aarjun1/train_data/ben_blobs/test_stls/shape_951.stl', '/gpfs/scratch/aarjun1/train_data/ben_blobs/test_stls/shape_702.stl', '/gpfs/scratch/aarjun1/train_data/ben_blobs/test_stls/shape_597.stl', '/gpfs/scratch/aarjun1/train_data/ben_blobs/test_stls/shape_17.stl', '/gpfs/scratch/aarjun1/train_data/ben_blobs/test_stls/shape_971.stl', '/gpfs/scratch/aarjun1/train_data/ben_blobs/test_stls/shape_371.stl', '/gpfs/scratch/aarjun1/train_data/ben_blobs/test_stls/shape_461.stl'], 'position_range': (-2.5, 2.5), 'scale_uniform': True}
position_range: (-2.5, 2.5)
position: [0.3808868091293691, -3.7697274378473047, 0.4216742658416237]
##################################################
This is lenn: 1
##################################################
This is lenn: 20
Importing model from shape_939.stl
Scale: [0.47079348246420855, 0.47079348246420855, 0.47079348246420855]
model pos (0.3808868091293691, -3.7697274378473047, 0.4216742658416237)
model counterr [2]
origin_location: [-1.6460773944854736, -0.9951374530792236, 3.7299551963806152]
Model center location: [-0.8474219441413879, 1.354550063610077, 4.785056829452515]
Camera location: (-2.4934993386268616, 0.35941261053085327, 8.51501202583313), rotation: [0.8464560557755554, 0.20540296175722242, -0.1158446922371624, -0.4773905908401716]
Camera counter: 1
Camera if_counter: 0
Camera bool_chi: False
Universal color works : [0.20169629345894055, 0.8439983098430865, 0.7733392946950193, 1]
before light location: [-0.8341048955917358, 1.3597403764724731, 2.075212001800537]
counterr light: 1
if_counter light: 0
light location: (-1.6815268397331238, 2.71429044008255, 6.860268831253052)
light bool_chi: False
Done Material: object
Color Material: [0.7178063660994431, 0.4317264092631995, 0.8473886072452239, 1]
##################################################
This is lenn: 1
light_colors: {'light': [0.20169629345894055, 0.8439983098430865, 0.7733392946950193, 1], 'scene_light': [0.20169629345894055, 0.8439983098430865, 0.7733392946950193, 1]}
scene_intensity: 134.88412493294868
Render activated_gpus: []
Render filename: 000003
info_dict: {'blob_color': [0.7178063660994431, 0.4317264092631995, 0.8473886072452239, 1], 'scene_color': [0.20169629345894055, 0.8439983098430865, 0.7733392946950193, 1], 'scene_name': 'AI48_002.blend', 'camera_dist': 4.196717182055975, 'light_intensity': 134.88412493294868}
Render activated_gpus: []
Render filename: 000003.gt_sm
