## SLURM PROLOG ###############################################################
##    Job ID : 3875990
##  Job Name : render_MI_val
##  Nodelist : gpu1201
##      CPUs : 1
##  Mem/Node : 40960 MB
## Directory : /gpfs/data/tserre/aarjun1/blender_render-color_pos
##   Started : Sat Jan 29 04:59:18 EST 2022
###############################################################################
0
##################################################
This is version: single_illuminant
##################################################
This is jobID: 3875990
##################################################
This is batch_size: 150000
##################################################
This is gpu_index: None
['scenes/AI_33/AI33_005/AI33_005_280.blend', 'scenes/AI_33/AI33_003/AI33_003_280.blend', 'scenes/AI_33/AI33_009/AI33_009_280.blend', 'scenes/AI_33/AI33_002/AI33_002_280.blend', 'scenes/AI_33/AI33_007/AI33_007_280.blend', 'scenes/AI_33/AI33_001/AI33_001_280.blend', 'scenes/AI_33/AI33_006/AI33_006_280.blend', 'scenes/AI_33/AI33_010/AI33_010_280.blend', 'scenes/AI_43/AI43_010/AI043_010_Blender.blend', 'scenes/AI_43/AI43_006/AI043_006_Blender.blend', 'scenes/AI_43/AI43_005/AI043_005_Blender.blend', 'scenes/AI_43/AI43_004/AI043_004.blend', 'scenes/AI_43/AI43_008_blender/AI043_008.blend', 'scenes/AI_43/AI43_009/AI043_009_Blender.blend', 'scenes/AI_43/AI43_003/AI043_003_Blender.blend', 'scenes/AI_43/AI43_001/AI043_001_Blender.blend', 'scenes/AI_48/AI48_001/AI48_001.blend', 'scenes/AI_48/AI48_002/AI48_002.blend', 'scenes/AI_48/AI48_008/AI48_008.blend', 'scenes/AI_48/AI48_010/AI48_010.blend', 'scenes/AI_48/AI48_009/AI48_009.blend', 'scenes/AI_48/AI48_003/AI48_003.blend', 'scenes/AI_48/AI48_004/AI48_004.blend', 'scenes/AI_58/AI58_002/AI58_002.blend', 'scenes/AI_58/AI58_005/AI58_005.blend', 'scenes/AI_58/AI58_007/AI58_007.blend', 'scenes/AI_58/AI58_001/AI58_001.blend', 'scenes/AI_58/AI58_008/AI58_008.blend', 'scenes/AI_58/AI58_006/AI58_006.blend', 'scenes/AI_58/AI58_009/AI58_009.blend', 'scenes/AI_58/AI58_010/AI58_010.blend']
blend_files len :  31
Rendering to folder: /gpfs/scratch/aarjun1/blender_data/data_no_filmic/images_single_illuminant
Job folder successfully created
~~~~~~~~~~~~~~~~~~~~~~~~~~~~~~~~~~~~~~~~~~~~~~~~~~
Rendering index 0
##################################################
This is lenn: 31
Background: AI043_010_Blender.blend
Background pivot: [0.0, 0.0, 0.0]
Universal color works22 : [0.5183933897602622, 0.5815052238181349, 0.639906006117448, 1]
Background intensity: 0.0
mat_count : 0
lamp_count: 0
vertices: [[-11.075819969177246, -38.1632194519043, -10.511170387268066], [-11.075819969177246, -38.1632194519043, 0.9072744250297546], [-11.075819969177246, 0.298321008682251, 0.9072727560997009], [-11.075819969177246, 0.2983205020427704, -10.5111722946167], [22.316909790039062, -38.1632194519043, -10.511170387268066], [22.316909790039062, -38.1632194519043, 0.9072744250297546], [22.316909790039062, 0.298321008682251, 0.9072727560997009], [22.316909790039062, 0.2983205020427704, -10.5111722946167]]
max_vol_name: ['AI43_010_obj_01background']
bounding_limits: [[-7.1992829799652105, 14.505991363525391], [-24.806092643737795, 0.19390865564346313], [-10.511170387268066, 0.9072744250297546]]
max_vol_name_list: [['AI43_010_obj_01background'], ['AI43_010_obj_04background'], ['AI43_010_obj_11background'], ['AI43_010_obj_17background']]
Model arrangement: single
sub_parameters: {'directory': 'ben_blobs/test_stls', 'rotate': True, 'scale_range': (0.35, 0.55), 'scale_uniform': True, 'position_range': (-2.5, 2.5)}
position_range: (-2.5, 2.5)
position: [0.6829892359522196, -2.810399583864534, -10.213459868084362]
##################################################
This is lenn: 1
##################################################
This is lenn: 20
Importing model from shape_863.stl
Scale: [0.4864871956487949, 0.4864871956487949, 0.4864871956487949]
model pos (0.6829892359522196, -2.810399583864534, -10.213459868084362)
model counterr [3]
origin_location: [0.9474678635597229, -2.9033164978027344, 3.097291946411133]
Model center location: [5.035464763641357, -18.197420120239258, -5.46793270111084]
Camera location: (5.98293262720108, -21.100736618041992, -2.370640754699707), rotation: [0.9137361854947638, 0.37472077637160817, 0.059596571625232436, 0.14532299103533614]
Camera counter: 1
Camera if_counter: 0
Camera bool_chi: False
Universal color works : [0.5183933897602622, 0.5815052238181349, 0.639906006117448, 1]
before light location: [0.15893766283988953, 0.5405890941619873, 1.7335402965545654]
counterr light: 1
if_counter light: 0
light location: (5.194402426481247, -17.65683102607727, -3.7343924045562744)
light bool_chi: False
Done Material: object
Color Material: [0.5124210421803083, 0.6062617330760394, 0.5544255034893126, 1]
##################################################
This is lenn: 1
light_colors: {'scene_light': [0.5183933897602622, 0.5815052238181349, 0.639906006117448, 1], 'light': [0.5183933897602622, 0.5815052238181349, 0.639906006117448, 1]}
scene_intensity: 154.69734118534916
Render activated_gpus: []
Render filename: 000000
