## SLURM PROLOG ###############################################################
##    Job ID : 3714912
##  Job Name : render_MI_val
##  Nodelist : node1311
##      CPUs : 7
##  Mem/Node : 40960 MB
## Directory : /gpfs/data/tserre/aarjun1/blender_render-color_pos
##   Started : Mon Dec 27 01:44:59 EST 2021
###############################################################################
0
##################################################
This is version: single_illuminant
##################################################
This is jobID: 3714912
##################################################
This is batch_size: 150000
##################################################
This is gpu_index: None
['scenes/AI_33/AI33_005/AI33_005_280.blend', 'scenes/AI_33/AI33_003/AI33_003_280.blend', 'scenes/AI_33/AI33_009/AI33_009_280.blend', 'scenes/AI_33/AI33_002/AI33_002_280.blend', 'scenes/AI_33/AI33_007/AI33_007_280.blend', 'scenes/AI_33/AI33_001/AI33_001_280.blend', 'scenes/AI_33/AI33_006/AI33_006_280.blend', 'scenes/AI_33/AI33_010/AI33_010_280.blend', 'scenes/AI_43/AI43_010/AI043_010_Blender.blend', 'scenes/AI_43/AI43_006/AI043_006_Blender.blend', 'scenes/AI_43/AI43_005/AI043_005_Blender.blend', 'scenes/AI_43/AI43_004/AI043_004.blend', 'scenes/AI_43/AI43_008_blender/AI043_008.blend', 'scenes/AI_43/AI43_009/AI043_009_Blender.blend', 'scenes/AI_43/AI43_003/AI043_003_Blender.blend', 'scenes/AI_43/AI43_001/AI043_001_Blender.blend', 'scenes/AI_48/AI48_001/AI48_001.blend', 'scenes/AI_48/AI48_002/AI48_002.blend', 'scenes/AI_48/AI48_008/AI48_008.blend', 'scenes/AI_48/AI48_010/AI48_010.blend', 'scenes/AI_48/AI48_009/AI48_009.blend', 'scenes/AI_48/AI48_003/AI48_003.blend', 'scenes/AI_48/AI48_004/AI48_004.blend', 'scenes/AI_58/AI58_002/AI58_002.blend', 'scenes/AI_58/AI58_005/AI58_005.blend', 'scenes/AI_58/AI58_007/AI58_007.blend', 'scenes/AI_58/AI58_001/AI58_001.blend', 'scenes/AI_58/AI58_008/AI58_008.blend', 'scenes/AI_58/AI58_006/AI58_006.blend', 'scenes/AI_58/AI58_009/AI58_009.blend', 'scenes/AI_58/AI58_010/AI58_010.blend']
blend_files len :  31
Rendering to folder: /gpfs/scratch/aarjun1/blender_data/data5/images_single_illuminant
Job folder successfully created
~~~~~~~~~~~~~~~~~~~~~~~~~~~~~~~~~~~~~~~~~~~~~~~~~~
Rendering index 0
##################################################
This is lenn: 31
Background: AI043_008.blend
Background pivot: [0.0, 0.0, 0.0]
Universal color works22 : [0.3216797297344839, 0.5999003484794228, 0.1444472902680719, 1]
Background intensity: 0.0
mat_count : 0
lamp_count: 0
vertices: [[-29.12395477294922, -29.605159759521484, -5.40560245513916], [-29.12395477294922, -29.605159759521484, 3.831458330154419], [-29.12395477294922, 8.856380462646484, 3.831456422805786], [-29.12395477294922, 8.856380462646484, -5.405603885650635], [2.9008073806762695, -29.605159759521484, -5.40560245513916], [2.9008073806762695, -29.605159759521484, 3.831458330154419], [2.9008073806762695, 8.856380462646484, 3.831456422805786], [2.9008073806762695, 8.856380462646484, -5.405603885650635]]
max_vol_name: ['AI43_008_258.001background']
bounding_limits: [[-18.930570602416992, 1.8855247974395752], [-19.243353843688965, 5.756647300720215], [-5.40560245513916, 3.831458330154419]]
max_vol_name_list: [['AI43_008_099background'], ['AI43_008_258background'], ['AI43_008_258.001background'], ['AI43_008_258.009background'], ['AI43_008_258.010background']]
Model arrangement: single
sub_parameters: {'scale_uniform': True, 'position_range': (-2.5, 2.5), 'scale_range': (0.35, 0.55), 'directory': 'ben_blobs/test_stls', 'rotate': True}
position_range: (-2.5, 2.5)
position: [-13.624969996381644, 0.6393435939738588, -1.0504785994447925]
##################################################
This is lenn: 1
##################################################
This is lenn: 20
Importing model from shape_685.stl
Scale: [0.5307442408495848, 0.5307442408495848, 0.5307442408495848]
model pos (-13.624969996381644, 0.6393435939738588, -1.0504785994447925)
model counterr [7]
origin_location: [-4.147114276885986, -3.038576126098633, 0.36298444867134094]
Model center location: [-13.399231910705566, -8.347065925598145, -3.1019833087921143]
Camera location: (-17.546346187591553, -11.385642051696777, -2.7389988601207733), rotation: [0.6525111303354955, 0.6080657897373647, -0.3082885574765876, -0.33082228683747056]
Camera counter: 3
Camera if_counter: 0
Camera bool_chi: False
Universal color works : [0.3216797297344839, 0.5999003484794228, 0.1444472902680719, 1]
before light location: [-1.8755877017974854, -1.1391247510910034, 2.5170764923095703]
counterr light: 1
if_counter light: 0
light location: (-15.274819612503052, -9.486190676689148, -0.584906816482544)
light bool_chi: False
Done Material: object
Color Material: [0.47618582681879296, 0.5137235137445637, 0.6928451990753328, 1]
##################################################
This is lenn: 1
light_colors: {'light': [0.3216797297344839, 0.5999003484794228, 0.1444472902680719, 1], 'scene_light': [0.3216797297344839, 0.5999003484794228, 0.1444472902680719, 1]}
scene_intensity: 191.1031872186103
Render activated_gpus: []
Render filename: 000000
info_dict: {'scene_color': [0.3216797297344839, 0.5999003484794228, 0.1444472902680719, 1], 'blob_color': [0.47618582681879296, 0.5137235137445637, 0.6928451990753328, 1], 'light_intensity': 191.1031872186103, 'camera_dist': 5.1539557050507705, 'scene_name': 'AI043_008.blend'}
Render activated_gpus: []
Render filename: 000000.gt_sm
