## SLURM PROLOG ###############################################################
##    Job ID : 3853022
##  Job Name : render_MI_val
##  Nodelist : gpu2002
##      CPUs : 1
##  Mem/Node : 40960 MB
## Directory : /gpfs/data/tserre/aarjun1/blender_render-color_pos
##   Started : Thu Jan 27 07:42:26 EST 2022
###############################################################################
22
##################################################
This is version: single_illuminant
##################################################
This is jobID: 3853022
##################################################
This is batch_size: 150000
##################################################
This is gpu_index: None
['scenes/AI_33/AI33_005/AI33_005_280.blend', 'scenes/AI_33/AI33_003/AI33_003_280.blend', 'scenes/AI_33/AI33_009/AI33_009_280.blend', 'scenes/AI_33/AI33_002/AI33_002_280.blend', 'scenes/AI_33/AI33_007/AI33_007_280.blend', 'scenes/AI_33/AI33_001/AI33_001_280.blend', 'scenes/AI_33/AI33_006/AI33_006_280.blend', 'scenes/AI_33/AI33_010/AI33_010_280.blend', 'scenes/AI_43/AI43_010/AI043_010_Blender.blend', 'scenes/AI_43/AI43_006/AI043_006_Blender.blend', 'scenes/AI_43/AI43_005/AI043_005_Blender.blend', 'scenes/AI_43/AI43_004/AI043_004.blend', 'scenes/AI_43/AI43_008_blender/AI043_008.blend', 'scenes/AI_43/AI43_009/AI043_009_Blender.blend', 'scenes/AI_43/AI43_003/AI043_003_Blender.blend', 'scenes/AI_43/AI43_001/AI043_001_Blender.blend', 'scenes/AI_48/AI48_001/AI48_001.blend', 'scenes/AI_48/AI48_002/AI48_002.blend', 'scenes/AI_48/AI48_008/AI48_008.blend', 'scenes/AI_48/AI48_010/AI48_010.blend', 'scenes/AI_48/AI48_009/AI48_009.blend', 'scenes/AI_48/AI48_003/AI48_003.blend', 'scenes/AI_48/AI48_004/AI48_004.blend', 'scenes/AI_58/AI58_002/AI58_002.blend', 'scenes/AI_58/AI58_005/AI58_005.blend', 'scenes/AI_58/AI58_007/AI58_007.blend', 'scenes/AI_58/AI58_001/AI58_001.blend', 'scenes/AI_58/AI58_008/AI58_008.blend', 'scenes/AI_58/AI58_006/AI58_006.blend', 'scenes/AI_58/AI58_009/AI58_009.blend', 'scenes/AI_58/AI58_010/AI58_010.blend']
blend_files len :  31
Rendering to folder: /gpfs/scratch/aarjun1/blender_data/data5/images_single_illuminant
Job folder successfully created
~~~~~~~~~~~~~~~~~~~~~~~~~~~~~~~~~~~~~~~~~~~~~~~~~~
Rendering index 0
##################################################
This is lenn: 31
Background: AI33_010_280.blend
Background pivot: [0.0, 0.0, 0.0]
Universal color works22 : [0.2432427353106099, 0.6932924040021128, 0.3717774538762274, 1]
Background intensity: 0.0
mat_count : 0
lamp_count: 0
vertices: [[-18.70944595336914, -8.807384490966797, -1.0464365482330322], [-18.70944595336914, -8.80738353729248, 12.178155899047852], [-18.70944595336914, 29.654129028320312, 12.178153991699219], [-18.70944595336914, 29.654129028320312, -1.046438217163086], [15.27591609954834, -8.807384490966797, -1.0464365482330322], [15.27591609954834, -8.80738353729248, 12.178155899047852], [15.27591609954834, 29.654129028320312, 12.178153991699219], [15.27591609954834, 29.654129028320312, -1.046438217163086]]
max_vol_name: ['AI33_010_01background']
bounding_limits: [[-12.161139869689942, 9.92934546470642], [-5.724799299240113, 19.275183868408202], [-1.0464365482330322, 12.178155899047852]]
max_vol_name_list: [['AI33_010_01background'], ['AI33_010_650background']]
Model arrangement: single
sub_parameters: {'scale_range': (0.35, 0.55), 'rotate': True, 'scale_uniform': True, 'position_range': (-2.5, 2.5), 'directory': 'ben_blobs/test_stls'}
position_range: (-2.5, 2.5)
position: [0.7465217292489861, 8.750710680872857, 10.398522831287782]
##################################################
This is lenn: 1
##################################################
This is lenn: 20
Importing model from shape_371.stl
Scale: [0.43884179576540805, 0.43884179576540805, 0.43884179576540805]
model pos (0.7465217292489861, 8.750710680872857, 10.398522831287782)
model counterr [1]
origin_location: [-0.5265651345252991, -3.956132173538208, 2.9690208435058594]
Model center location: [0.7465217113494873, 8.750710487365723, 10.39852237701416]
Camera location: (0.21995657682418823, 4.794578313827515, 13.36754322052002), rotation: [0.8915985868132713, 0.44797431059202736, -0.02968202991959201, -0.059075833824227444]
Camera counter: 3
Camera if_counter: 0
Camera bool_chi: False
Universal color works : [0.2432427353106099, 0.6932924040021128, 0.3717774538762274, 1]
before light location: [0.21361100673675537, -0.0260801799595356, 2.799893856048584]
counterr light: 5
if_counter light: 0
light location: (0.9601327180862427, 8.724630307406187, 13.198416233062744)
light bool_chi: False
Done Material: object
Color Material: [0.5270748614885791, 0.25447057209525525, 0.10832494037245191, 1]
##################################################
This is lenn: 1
light_colors: {'scene_light': [0.2432427353106099, 0.6932924040021128, 0.3717774538762274, 1], 'light': [0.2432427353106099, 0.6932924040021128, 0.3717774538762274, 1]}
scene_intensity: 120.13748354303628
Render activated_gpus: []
Render filename: 000000
