## SLURM PROLOG ###############################################################
##    Job ID : 3853008
##  Job Name : render_MI_val
##  Nodelist : gpu1401
##      CPUs : 1
##  Mem/Node : 40960 MB
## Directory : /gpfs/data/tserre/aarjun1/blender_render-color_pos
##   Started : Thu Jan 27 07:42:26 EST 2022
###############################################################################
8
##################################################
This is version: single_illuminant
##################################################
This is jobID: 3853008
##################################################
This is batch_size: 150000
##################################################
This is gpu_index: None
['scenes/AI_33/AI33_005/AI33_005_280.blend', 'scenes/AI_33/AI33_003/AI33_003_280.blend', 'scenes/AI_33/AI33_009/AI33_009_280.blend', 'scenes/AI_33/AI33_002/AI33_002_280.blend', 'scenes/AI_33/AI33_007/AI33_007_280.blend', 'scenes/AI_33/AI33_001/AI33_001_280.blend', 'scenes/AI_33/AI33_006/AI33_006_280.blend', 'scenes/AI_33/AI33_010/AI33_010_280.blend', 'scenes/AI_43/AI43_010/AI043_010_Blender.blend', 'scenes/AI_43/AI43_006/AI043_006_Blender.blend', 'scenes/AI_43/AI43_005/AI043_005_Blender.blend', 'scenes/AI_43/AI43_004/AI043_004.blend', 'scenes/AI_43/AI43_008_blender/AI043_008.blend', 'scenes/AI_43/AI43_009/AI043_009_Blender.blend', 'scenes/AI_43/AI43_003/AI043_003_Blender.blend', 'scenes/AI_43/AI43_001/AI043_001_Blender.blend', 'scenes/AI_48/AI48_001/AI48_001.blend', 'scenes/AI_48/AI48_002/AI48_002.blend', 'scenes/AI_48/AI48_008/AI48_008.blend', 'scenes/AI_48/AI48_010/AI48_010.blend', 'scenes/AI_48/AI48_009/AI48_009.blend', 'scenes/AI_48/AI48_003/AI48_003.blend', 'scenes/AI_48/AI48_004/AI48_004.blend', 'scenes/AI_58/AI58_002/AI58_002.blend', 'scenes/AI_58/AI58_005/AI58_005.blend', 'scenes/AI_58/AI58_007/AI58_007.blend', 'scenes/AI_58/AI58_001/AI58_001.blend', 'scenes/AI_58/AI58_008/AI58_008.blend', 'scenes/AI_58/AI58_006/AI58_006.blend', 'scenes/AI_58/AI58_009/AI58_009.blend', 'scenes/AI_58/AI58_010/AI58_010.blend']
blend_files len :  31
Rendering to folder: /gpfs/scratch/aarjun1/blender_data/data5/images_single_illuminant
Job folder successfully created
~~~~~~~~~~~~~~~~~~~~~~~~~~~~~~~~~~~~~~~~~~~~~~~~~~
Rendering index 0
##################################################
This is lenn: 31
Background: AI58_008.blend
Background pivot: [0.0, 0.0, 0.0]
Universal color works22 : [0.18759625275804348, 0.49202610503722977, 0.40359734472051023, 1]
Background intensity: 0.0
mat_count : 0
lamp_count: 0
vertices: [[-22.068096160888672, -17.96973419189453, 1.0610897334117908e-06], [-22.068096160888672, -17.96973419189453, 8.354351997375488], [-22.068096160888672, 9.457755088806152, 8.354351043701172], [-22.068096160888672, 9.457755088806152, -1.3780386609596462e-07], [16.39344024658203, -17.96973419189453, 1.0610897334117908e-06], [16.39344024658203, -17.96973419189453, 8.354351997375488], [16.39344024658203, 9.457755088806152, 8.354351043701172], [16.39344024658203, 9.457755088806152, -1.3780386609596462e-07]]
max_vol_name: ['AI58_008_WallV003background']
bounding_limits: [[-14.344262504577637, 10.655736160278321], [-11.680327224731446, 6.147540807723999], [1.0610897334117908e-06, 8.354351997375488]]
max_vol_name_list: [['AI58_008_Ceilingbackground'], ['AI58_008_Floorbackground'], ['AI58_008_Strip_Wallbackground'], ['AI58_008_WallV003background'], ['AI58_008_WallV004background'], ['AI58_008_Worktop_002background'], ['Am158_059_06background']]
Model arrangement: single
sub_parameters: {'scale_uniform': True, 'position_range': (-2.5, 2.5), 'rotate': True, 'directory': 'ben_blobs/test_stls', 'scale_range': (0.35, 0.55)}
position_range: (-2.5, 2.5)
position: [9.36581385045451, -1.173634806361795, 5.8729321781613635]
##################################################
This is lenn: 1
##################################################
This is lenn: 20
Importing model from shape_755.stl
Scale: [0.43527679489268795, 0.43527679489268795, 0.43527679489268795]
model pos (9.36581385045451, -1.173634806361795, 5.8729321781613635)
model counterr [2]
origin_location: [3.047454357147217, -1.9781560897827148, -1.7578787803649902]
Model center location: [-12.510217666625977, 4.070318222045898, 5.439355850219727]
Camera location: (-9.46276330947876, 2.0921621322631836, 3.6814770698547363), rotation: [0.4668496337676574, 0.7445034391902118, 0.40433073580233103, 0.25354034111063306]
Camera counter: 2
Camera if_counter: 0
Camera bool_chi: False
Universal color works : [0.18759625275804348, 0.49202610503722977, 0.40359734472051023, 1]
before light location: [0.6110456585884094, -0.7771697044372559, 1.3534573316574097]
counterr light: 1
if_counter light: 0
light location: (-11.899172008037567, 3.2931485176086426, 6.792813181877136)
light bool_chi: False
Done Material: object
Color Material: [0.13666411661154154, 0.10045146171574473, 0.7360864898681977, 1]
##################################################
This is lenn: 1
light_colors: {'light': [0.18759625275804348, 0.49202610503722977, 0.40359734472051023, 1], 'scene_light': [0.18759625275804348, 0.49202610503722977, 0.40359734472051023, 1]}
scene_intensity: 148.3216383106609
Render activated_gpus: []
Render filename: 000000
info_dict: {'blob_color': [0.13666411661154154, 0.10045146171574473, 0.7360864898681977, 1], 'scene_name': 'AI58_008.blend', 'light_intensity': 148.3216383106609, 'scene_color': [0.18759625275804348, 0.49202610503722977, 0.40359734472051023, 1], 'camera_dist': 4.0361141436903765}
Render activated_gpus: []
Render filename: 000000.gt_sm
