## SLURM PROLOG ###############################################################
##    Job ID : 3714913
##  Job Name : render_MI_val
##  Nodelist : node1110
##      CPUs : 7
##  Mem/Node : 40960 MB
## Directory : /gpfs/data/tserre/aarjun1/blender_render-color_pos
##   Started : Mon Dec 27 01:44:58 EST 2021
###############################################################################
1
##################################################
This is version: single_illuminant
##################################################
This is jobID: 3714913
##################################################
This is batch_size: 150000
##################################################
This is gpu_index: None
['scenes/AI_33/AI33_005/AI33_005_280.blend', 'scenes/AI_33/AI33_003/AI33_003_280.blend', 'scenes/AI_33/AI33_009/AI33_009_280.blend', 'scenes/AI_33/AI33_002/AI33_002_280.blend', 'scenes/AI_33/AI33_007/AI33_007_280.blend', 'scenes/AI_33/AI33_001/AI33_001_280.blend', 'scenes/AI_33/AI33_006/AI33_006_280.blend', 'scenes/AI_33/AI33_010/AI33_010_280.blend', 'scenes/AI_43/AI43_010/AI043_010_Blender.blend', 'scenes/AI_43/AI43_006/AI043_006_Blender.blend', 'scenes/AI_43/AI43_005/AI043_005_Blender.blend', 'scenes/AI_43/AI43_004/AI043_004.blend', 'scenes/AI_43/AI43_008_blender/AI043_008.blend', 'scenes/AI_43/AI43_009/AI043_009_Blender.blend', 'scenes/AI_43/AI43_003/AI043_003_Blender.blend', 'scenes/AI_43/AI43_001/AI043_001_Blender.blend', 'scenes/AI_48/AI48_001/AI48_001.blend', 'scenes/AI_48/AI48_002/AI48_002.blend', 'scenes/AI_48/AI48_008/AI48_008.blend', 'scenes/AI_48/AI48_010/AI48_010.blend', 'scenes/AI_48/AI48_009/AI48_009.blend', 'scenes/AI_48/AI48_003/AI48_003.blend', 'scenes/AI_48/AI48_004/AI48_004.blend', 'scenes/AI_58/AI58_002/AI58_002.blend', 'scenes/AI_58/AI58_005/AI58_005.blend', 'scenes/AI_58/AI58_007/AI58_007.blend', 'scenes/AI_58/AI58_001/AI58_001.blend', 'scenes/AI_58/AI58_008/AI58_008.blend', 'scenes/AI_58/AI58_006/AI58_006.blend', 'scenes/AI_58/AI58_009/AI58_009.blend', 'scenes/AI_58/AI58_010/AI58_010.blend']
blend_files len :  31
Rendering to folder: /gpfs/scratch/aarjun1/blender_data/data5/images_single_illuminant
Job folder successfully created
~~~~~~~~~~~~~~~~~~~~~~~~~~~~~~~~~~~~~~~~~~~~~~~~~~
Rendering index 0
##################################################
This is lenn: 31
Background: AI58_001.blend
Background pivot: [0.0, 0.0, 0.0]
Universal color works22 : [0.47169804697693785, 0.6871634253476571, 0.5764576481527118, 1]
Background intensity: 0.0
mat_count : 0
lamp_count: 0
vertices: [[-26.5157527923584, -26.899662017822266, 7.72102225710114e-07], [-26.5157527923584, -26.899662017822266, 8.755249977111816], [-26.5157527923584, 8.427618980407715, 8.755248069763184], [-26.5157527923584, 8.427618980407715, -7.721023393969517e-07], [11.94576644897461, -26.899662017822266, 7.72102225710114e-07], [11.94576644897461, -26.899662017822266, 8.755249977111816], [11.94576644897461, 8.427618980407715, 8.755248069763184], [11.94576644897461, 8.427618980407715, -7.721023393969517e-07]]
max_vol_name: ['AI58_001_Wall_002background']
bounding_limits: [[-17.23523931503296, 7.764748191833497], [-17.484780311584473, 5.477952337265015], [7.72102225710114e-07, 8.755249977111816]]
max_vol_name_list: [['AI58_001_Ceilingbackground'], ['AI58_001_Floor_Basebackground'], ['AI58_001_Furniture_kitechen_base_002background'], ['AI58_001_Wall_002background'], ['AI58_001_Wall_004background']]
Model arrangement: single
sub_parameters: {'directory': 'ben_blobs/test_stls', 'rotate': True, 'position_range': (-2.5, 2.5), 'scale_uniform': True, 'scale_range': (0.35, 0.55)}
position_range: (-2.5, 2.5)
position: [-0.3770458332751474, -6.661334434685747, 7.5931850614250935]
##################################################
This is lenn: 1
##################################################
This is lenn: 20
Importing model from shape_461.stl
Scale: [0.3918283166464991, 0.3918283166464991, 0.3918283166464991]
model pos (-0.3770458332751474, -6.661334434685747, 7.5931850614250935)
model counterr [1]
origin_location: [-1.7688506841659546, 0.0992950052022934, 3.564972162246704]
Model center location: [-0.3770458400249481, -6.66133451461792, 7.593184947967529]
Camera location: (-2.1458965241909027, -6.5620395094156265, 11.158157110214233), rotation: [0.6688192421186292, 0.15702636237249476, -0.16608830214316897, -0.7074165807946006]
Camera counter: 9
Camera if_counter: 0
Camera bool_chi: False
Universal color works : [0.47169804697693785, 0.6871634253476571, 0.5764576481527118, 1]
before light location: [0.3503957986831665, -0.10274507105350494, 2.130052089691162]
counterr light: 25
if_counter light: 0
light location: (-0.026650041341781616, -6.764079585671425, 9.723237037658691)
light bool_chi: True
~~~~~~~~~~~~~~~~~~~~~~~~~~~~~~~~~~~~~~~~~~~~~~~~~~
Rendering index 0
##################################################
This is lenn: 31
Background: AI58_006.blend
Background pivot: [0.0, 0.0, 0.0]
Universal color works22 : [0.7813957810412816, 0.16613051026882797, 0.19607177709005663, 1]
Background intensity: 0.0
mat_count : 0
lamp_count: 0
vertices: [[-22.152263641357422, -12.628111839294434, 7.5573836966214e-07], [-22.152263641357422, -12.628110885620117, 17.048904418945312], [-22.152263641357422, 15.926796913146973, 17.048904418945312], [-22.152263641357422, 15.926795959472656, -4.924362997371645e-07], [16.309301376342773, -12.628111839294434, 7.5573836966214e-07], [16.309301376342773, -12.628110885620117, 17.048904418945312], [16.309301376342773, 15.926796913146973, 17.048904418945312], [16.309301376342773, 15.926795959472656, -4.924362997371645e-07]]
max_vol_name: ['AI_58_06_125background']
bounding_limits: [[-14.398971366882325, 10.601045894622803], [-8.208272075653076, 10.352417993545533], [7.5573836966214e-07, 17.048904418945312]]
max_vol_name_list: [['AI_58_06_125background'], ['AI_58_06_128background'], ['AI_58_06_129background']]
Model arrangement: single
sub_parameters: {'directory': 'ben_blobs/test_stls', 'scale_uniform': True, 'rotate': True, 'files': ['/gpfs/scratch/aarjun1/train_data/ben_blobs/test_stls/shape_621.stl', '/gpfs/scratch/aarjun1/train_data/ben_blobs/test_stls/shape_755.stl', '/gpfs/scratch/aarjun1/train_data/ben_blobs/test_stls/shape_864.stl', '/gpfs/scratch/aarjun1/train_data/ben_blobs/test_stls/shape_400.stl', '/gpfs/scratch/aarjun1/train_data/ben_blobs/test_stls/shape_685.stl', '/gpfs/scratch/aarjun1/train_data/ben_blobs/test_stls/shape_863.stl', '/gpfs/scratch/aarjun1/train_data/ben_blobs/test_stls/shape_905.stl', '/gpfs/scratch/aarjun1/train_data/ben_blobs/test_stls/shape_939.stl', '/gpfs/scratch/aarjun1/train_data/ben_blobs/test_stls/shape_631.stl', '/gpfs/scratch/aarjun1/train_data/ben_blobs/test_stls/shape_364.stl', '/gpfs/scratch/aarjun1/train_data/ben_blobs/test_stls/shape_375.stl', '/gpfs/scratch/aarjun1/train_data/ben_blobs/test_stls/shape_711.stl', '/gpfs/scratch/aarjun1/train_data/ben_blobs/test_stls/shape_892.stl', '/gpfs/scratch/aarjun1/train_data/ben_blobs/test_stls/shape_951.stl', '/gpfs/scratch/aarjun1/train_data/ben_blobs/test_stls/shape_702.stl', '/gpfs/scratch/aarjun1/train_data/ben_blobs/test_stls/shape_597.stl', '/gpfs/scratch/aarjun1/train_data/ben_blobs/test_stls/shape_17.stl', '/gpfs/scratch/aarjun1/train_data/ben_blobs/test_stls/shape_971.stl', '/gpfs/scratch/aarjun1/train_data/ben_blobs/test_stls/shape_371.stl', '/gpfs/scratch/aarjun1/train_data/ben_blobs/test_stls/shape_461.stl'], 'scale_range': (0.35, 0.55), 'position_range': (-2.5, 2.5)}
position_range: (-2.5, 2.5)
position: [3.1321572945424023, -5.60209841453375, 3.8499164155711303]
##################################################
This is lenn: 1
##################################################
This is lenn: 20
Importing model from shape_597.stl
Scale: [0.50824872160628, 0.50824872160628, 0.50824872160628]
model pos (3.1321572945424023, -5.60209841453375, 3.8499164155711303)
model counterr [7]
origin_location: [0.6428666710853577, 3.211524486541748, 1.6911022663116455]
Model center location: [-13.821264266967773, -1.4806478023529053, 3.059439182281494]
Camera location: (-13.178397595882416, 1.7308766841888428, 4.75054144859314), rotation: [-0.08422697906217509, -0.051302802588559966, -0.5176640477913594, -0.8498810340682302]
Camera counter: 1
Camera if_counter: 0
Camera bool_chi: False
Universal color works : [0.7813957810412816, 0.16613051026882797, 0.19607177709005663, 1]
before light location: [-1.919223666191101, -1.8802993297576904, 0.6061589121818542]
counterr light: 1
if_counter light: 0
light location: (-15.740487933158875, -3.3609471321105957, 3.6655980944633484)
light bool_chi: False
Done Material: object
Color Material: [0.46327545133166526, 0.6238734374421372, 0.7906579163704328, 1]
##################################################
This is lenn: 1
light_colors: {'light': [0.7813957810412816, 0.16613051026882797, 0.19607177709005663, 1], 'scene_light': [0.7813957810412816, 0.16613051026882797, 0.19607177709005663, 1]}
scene_intensity: 113.82156625196663
Render activated_gpus: []
Render filename: 000000
info_dict: {'light_intensity': 113.82156625196663, 'scene_name': 'AI58_006.blend', 'blob_color': [0.46327545133166526, 0.6238734374421372, 0.7906579163704328, 1], 'scene_color': [0.7813957810412816, 0.16613051026882797, 0.19607177709005663, 1], 'camera_dist': 3.6860539821839278}
Render activated_gpus: []
Render filename: 000000.gt_sm
