## SLURM PROLOG ###############################################################
##    Job ID : 3853020
##  Job Name : render_MI_val
##  Nodelist : gpu2006
##      CPUs : 1
##  Mem/Node : 40960 MB
## Directory : /gpfs/data/tserre/aarjun1/blender_render-color_pos
##   Started : Thu Jan 27 07:42:20 EST 2022
###############################################################################
20
##################################################
This is version: single_illuminant
##################################################
This is jobID: 3853020
##################################################
This is batch_size: 150000
##################################################
This is gpu_index: None
['scenes/AI_33/AI33_005/AI33_005_280.blend', 'scenes/AI_33/AI33_003/AI33_003_280.blend', 'scenes/AI_33/AI33_009/AI33_009_280.blend', 'scenes/AI_33/AI33_002/AI33_002_280.blend', 'scenes/AI_33/AI33_007/AI33_007_280.blend', 'scenes/AI_33/AI33_001/AI33_001_280.blend', 'scenes/AI_33/AI33_006/AI33_006_280.blend', 'scenes/AI_33/AI33_010/AI33_010_280.blend', 'scenes/AI_43/AI43_010/AI043_010_Blender.blend', 'scenes/AI_43/AI43_006/AI043_006_Blender.blend', 'scenes/AI_43/AI43_005/AI043_005_Blender.blend', 'scenes/AI_43/AI43_004/AI043_004.blend', 'scenes/AI_43/AI43_008_blender/AI043_008.blend', 'scenes/AI_43/AI43_009/AI043_009_Blender.blend', 'scenes/AI_43/AI43_003/AI043_003_Blender.blend', 'scenes/AI_43/AI43_001/AI043_001_Blender.blend', 'scenes/AI_48/AI48_001/AI48_001.blend', 'scenes/AI_48/AI48_002/AI48_002.blend', 'scenes/AI_48/AI48_008/AI48_008.blend', 'scenes/AI_48/AI48_010/AI48_010.blend', 'scenes/AI_48/AI48_009/AI48_009.blend', 'scenes/AI_48/AI48_003/AI48_003.blend', 'scenes/AI_48/AI48_004/AI48_004.blend', 'scenes/AI_58/AI58_002/AI58_002.blend', 'scenes/AI_58/AI58_005/AI58_005.blend', 'scenes/AI_58/AI58_007/AI58_007.blend', 'scenes/AI_58/AI58_001/AI58_001.blend', 'scenes/AI_58/AI58_008/AI58_008.blend', 'scenes/AI_58/AI58_006/AI58_006.blend', 'scenes/AI_58/AI58_009/AI58_009.blend', 'scenes/AI_58/AI58_010/AI58_010.blend']
blend_files len :  31
Rendering to folder: /gpfs/scratch/aarjun1/blender_data/data5/images_single_illuminant
Job folder successfully created
~~~~~~~~~~~~~~~~~~~~~~~~~~~~~~~~~~~~~~~~~~~~~~~~~~
Rendering index 0
##################################################
This is lenn: 31
Background: AI48_003.blend
Background pivot: [0.0, 0.0, 0.0]
Universal color works22 : [0.17432595759523153, 0.7229494553157408, 0.305346416729269, 1]
Background intensity: 0.0
mat_count : 0
lamp_count: 0
vertices: [[-19.20069694519043, -16.787254333496094, -0.0008464990532957017], [-19.20069694519043, -16.787254333496094, 10.468788146972656], [-19.20069694519043, 21.67430877685547, 10.468786239624023], [-19.20069694519043, 21.67430877685547, -0.0008481802069582045], [15.789934158325195, -16.787254333496094, -0.0008464990532957017], [15.789934158325195, -16.787254333496094, 10.468788146972656], [15.789934158325195, 21.67430877685547, 10.468786239624023], [15.789934158325195, 21.67430877685547, -0.0008481802069582045]]
max_vol_name: ['AI48_003_Wall_Abackground']
bounding_limits: [[-12.48045301437378, 10.263457202911377], [-10.911715316772462, 14.088300704956055], [-0.0008464990532957017, 10.468788146972656]]
max_vol_name_list: [['AI48_003_Ceilingbackground'], ['AI48_003_Floorbackground'], ['AI48_003_Wall_Abackground'], ['AI48_003_Wall_Bbackground']]
Model arrangement: single
sub_parameters: {'directory': 'ben_blobs/test_stls', 'scale_range': (0.35, 0.55), 'rotate': True, 'position_range': (-2.5, 2.5), 'scale_uniform': True}
position_range: (-2.5, 2.5)
position: [-8.992674325519065, 7.4436400076880425, 10.158553688369294]
##################################################
This is lenn: 1
##################################################
This is lenn: 20
Importing model from shape_711.stl
Scale: [0.3796043874443186, 0.3796043874443186, 0.3796043874443186]
model pos (-8.992674325519065, 7.4436400076880425, 10.158553688369294)
model counterr [2]
origin_location: [0.5420448780059814, -1.485701560974121, 3.7732458114624023]
Model center location: [-12.223207473754883, 0.9369725584983826, 1.825067937374115]
Camera location: (-11.681162595748901, -0.5487290024757385, 5.598313748836517), rotation: [0.9654146190125503, 0.19413739381904432, 0.03430860343339134, 0.17061126999249449]
Camera counter: 1
Camera if_counter: 0
Camera bool_chi: False
Universal color works : [0.17432595759523153, 0.7229494553157408, 0.305346416729269, 1]
before light location: [0.09877513349056244, 0.09127269685268402, 1.7028990983963013]
counterr light: 1
if_counter light: 0
light location: (-12.12443234026432, 1.0282452553510666, 3.5279670357704163)
light bool_chi: False
Done Material: object
Color Material: [0.4830479708461234, 0.6979703377963222, 0.6145858465909411, 1]
##################################################
This is lenn: 1
light_colors: {'light': [0.17432595759523153, 0.7229494553157408, 0.305346416729269, 1], 'scene_light': [0.17432595759523153, 0.7229494553157408, 0.305346416729269, 1]}
scene_intensity: 111.79092150950339
Render activated_gpus: []
Render filename: 000000
