## SLURM PROLOG ###############################################################
##    Job ID : 3714918
##  Job Name : render_MI_val
##  Nodelist : node1109
##      CPUs : 7
##  Mem/Node : 40960 MB
## Directory : /gpfs/data/tserre/aarjun1/blender_render-color_pos
##   Started : Mon Dec 27 01:44:59 EST 2021
###############################################################################
6
##################################################
This is version: single_illuminant
##################################################
This is jobID: 3714918
##################################################
This is batch_size: 150000
##################################################
This is gpu_index: None
['scenes/AI_33/AI33_005/AI33_005_280.blend', 'scenes/AI_33/AI33_003/AI33_003_280.blend', 'scenes/AI_33/AI33_009/AI33_009_280.blend', 'scenes/AI_33/AI33_002/AI33_002_280.blend', 'scenes/AI_33/AI33_007/AI33_007_280.blend', 'scenes/AI_33/AI33_001/AI33_001_280.blend', 'scenes/AI_33/AI33_006/AI33_006_280.blend', 'scenes/AI_33/AI33_010/AI33_010_280.blend', 'scenes/AI_43/AI43_010/AI043_010_Blender.blend', 'scenes/AI_43/AI43_006/AI043_006_Blender.blend', 'scenes/AI_43/AI43_005/AI043_005_Blender.blend', 'scenes/AI_43/AI43_004/AI043_004.blend', 'scenes/AI_43/AI43_008_blender/AI043_008.blend', 'scenes/AI_43/AI43_009/AI043_009_Blender.blend', 'scenes/AI_43/AI43_003/AI043_003_Blender.blend', 'scenes/AI_43/AI43_001/AI043_001_Blender.blend', 'scenes/AI_48/AI48_001/AI48_001.blend', 'scenes/AI_48/AI48_002/AI48_002.blend', 'scenes/AI_48/AI48_008/AI48_008.blend', 'scenes/AI_48/AI48_010/AI48_010.blend', 'scenes/AI_48/AI48_009/AI48_009.blend', 'scenes/AI_48/AI48_003/AI48_003.blend', 'scenes/AI_48/AI48_004/AI48_004.blend', 'scenes/AI_58/AI58_002/AI58_002.blend', 'scenes/AI_58/AI58_005/AI58_005.blend', 'scenes/AI_58/AI58_007/AI58_007.blend', 'scenes/AI_58/AI58_001/AI58_001.blend', 'scenes/AI_58/AI58_008/AI58_008.blend', 'scenes/AI_58/AI58_006/AI58_006.blend', 'scenes/AI_58/AI58_009/AI58_009.blend', 'scenes/AI_58/AI58_010/AI58_010.blend']
blend_files len :  31
Rendering to folder: /gpfs/scratch/aarjun1/blender_data/data5/images_single_illuminant
Job folder successfully created
~~~~~~~~~~~~~~~~~~~~~~~~~~~~~~~~~~~~~~~~~~~~~~~~~~
Rendering index 0
##################################################
This is lenn: 31
Background: AI043_003_Blender.blend
Background pivot: [0.0, 0.0, 0.0]
Universal color works22 : [0.34313067568687317, 0.6194647408387662, 0.3641029865549402, 1]
Background intensity: 0.0
mat_count : 0
lamp_count: 0
vertices: [[-12.840497016906738, -20.774497985839844, 1.0513038635253906], [-12.840497016906738, -20.774497985839844, 17.737064361572266], [-12.840497016906738, 17.687040328979492, 17.737064361572266], [-12.840497016906738, 17.687040328979492, 1.051302194595337], [15.495990753173828, -20.774497985839844, 1.0513038635253906], [15.495990753173828, -20.774497985839844, 17.737064361572266], [15.495990753173828, 17.687040328979492, 17.737064361572266], [15.495990753173828, 17.687040328979492, 1.051302194595337]]
max_vol_name: ['AI43_003_01background']
bounding_limits: [[-8.34632306098938, 10.072393989562988], [-13.503423690795898, 11.49657621383667], [1.0513038635253906, 17.737064361572266]]
max_vol_name_list: [['AI43_003_01background'], ['AI43_003_03background'], ['AI43_003_04background'], ['AI43_003_10background']]
Model arrangement: single
sub_parameters: {'scale_uniform': True, 'scale_range': (0.35, 0.55), 'directory': 'ben_blobs/test_stls', 'position_range': (-2.5, 2.5), 'rotate': True}
position_range: (-2.5, 2.5)
position: [-2.5729694572666304, 5.5622243949679095, 11.162567960326598]
##################################################
This is lenn: 1
##################################################
This is lenn: 20
Importing model from shape_905.stl
Scale: [0.3518696404495953, 0.3518696404495953, 0.3518696404495953]
model pos (-2.5729694572666304, 5.5622243949679095, 11.162567960326598)
model counterr [1]
origin_location: [0.042916394770145416, 0.0019369467627257109, -2.3225605487823486]
Model center location: [-2.572969436645508, 5.562224388122559, 11.162568092346191]
Camera location: (-2.5300530418753624, 5.564161334885284, 8.840007543563843), rotation: [-0.00638968181780888, -0.6909526812837358, -0.722840840496508, -0.006684572042052134]
Camera counter: 1
Camera if_counter: 0
Camera bool_chi: False
Universal color works : [0.34313067568687317, 0.6194647408387662, 0.3641029865549402, 1]
before light location: [-1.6232019662857056, 0.4371068477630615, 1.0339076519012451]
counterr light: 1
if_counter light: 0
light location: (-4.196171402931213, 5.99933123588562, 12.196475744247437)
light bool_chi: False
Done Material: object
Color Material: [0.2592334135271626, 0.14840446925680598, 0.2109086546665461, 1]
##################################################
This is lenn: 1
light_colors: {'scene_light': [0.34313067568687317, 0.6194647408387662, 0.3641029865549402, 1], 'light': [0.34313067568687317, 0.6194647408387662, 0.3641029865549402, 1]}
scene_intensity: 116.35912891110836
Render activated_gpus: []
Render filename: 000000
info_dict: {'blob_color': [0.2592334135271626, 0.14840446925680598, 0.2109086546665461, 1], 'scene_name': 'AI043_003_Blender.blend', 'scene_color': [0.34313067568687317, 0.6194647408387662, 0.3641029865549402, 1], 'light_intensity': 116.35912891110836, 'camera_dist': 2.322957828171444}
Render activated_gpus: []
Render filename: 000000.gt_sm
