## SLURM PROLOG ###############################################################
##    Job ID : 3875991
##  Job Name : render_MI_val
##  Nodelist : gpu1201
##      CPUs : 1
##  Mem/Node : 40960 MB
## Directory : /gpfs/data/tserre/aarjun1/blender_render-color_pos
##   Started : Sat Jan 29 04:59:18 EST 2022
###############################################################################
1
##################################################
This is version: single_illuminant
##################################################
This is jobID: 3875991
##################################################
This is batch_size: 150000
##################################################
This is gpu_index: None
['scenes/AI_33/AI33_005/AI33_005_280.blend', 'scenes/AI_33/AI33_003/AI33_003_280.blend', 'scenes/AI_33/AI33_009/AI33_009_280.blend', 'scenes/AI_33/AI33_002/AI33_002_280.blend', 'scenes/AI_33/AI33_007/AI33_007_280.blend', 'scenes/AI_33/AI33_001/AI33_001_280.blend', 'scenes/AI_33/AI33_006/AI33_006_280.blend', 'scenes/AI_33/AI33_010/AI33_010_280.blend', 'scenes/AI_43/AI43_010/AI043_010_Blender.blend', 'scenes/AI_43/AI43_006/AI043_006_Blender.blend', 'scenes/AI_43/AI43_005/AI043_005_Blender.blend', 'scenes/AI_43/AI43_004/AI043_004.blend', 'scenes/AI_43/AI43_008_blender/AI043_008.blend', 'scenes/AI_43/AI43_009/AI043_009_Blender.blend', 'scenes/AI_43/AI43_003/AI043_003_Blender.blend', 'scenes/AI_43/AI43_001/AI043_001_Blender.blend', 'scenes/AI_48/AI48_001/AI48_001.blend', 'scenes/AI_48/AI48_002/AI48_002.blend', 'scenes/AI_48/AI48_008/AI48_008.blend', 'scenes/AI_48/AI48_010/AI48_010.blend', 'scenes/AI_48/AI48_009/AI48_009.blend', 'scenes/AI_48/AI48_003/AI48_003.blend', 'scenes/AI_48/AI48_004/AI48_004.blend', 'scenes/AI_58/AI58_002/AI58_002.blend', 'scenes/AI_58/AI58_005/AI58_005.blend', 'scenes/AI_58/AI58_007/AI58_007.blend', 'scenes/AI_58/AI58_001/AI58_001.blend', 'scenes/AI_58/AI58_008/AI58_008.blend', 'scenes/AI_58/AI58_006/AI58_006.blend', 'scenes/AI_58/AI58_009/AI58_009.blend', 'scenes/AI_58/AI58_010/AI58_010.blend']
blend_files len :  31
Rendering to folder: /gpfs/scratch/aarjun1/blender_data/data_no_filmic/images_single_illuminant
Job folder successfully created
~~~~~~~~~~~~~~~~~~~~~~~~~~~~~~~~~~~~~~~~~~~~~~~~~~
Rendering index 0
##################################################
This is lenn: 31
Background: AI48_003.blend
Background pivot: [0.0, 0.0, 0.0]
Universal color works22 : [0.6990965265118819, 0.11341368477299946, 0.455949708734395, 1]
Background intensity: 0.0
mat_count : 0
lamp_count: 0
vertices: [[-19.20069694519043, -16.787254333496094, -0.0008464990532957017], [-19.20069694519043, -16.787254333496094, 10.468788146972656], [-19.20069694519043, 21.67430877685547, 10.468786239624023], [-19.20069694519043, 21.67430877685547, -0.0008481802069582045], [15.789934158325195, -16.787254333496094, -0.0008464990532957017], [15.789934158325195, -16.787254333496094, 10.468788146972656], [15.789934158325195, 21.67430877685547, 10.468786239624023], [15.789934158325195, 21.67430877685547, -0.0008481802069582045]]
max_vol_name: ['AI48_003_Wall_Abackground']
bounding_limits: [[-12.48045301437378, 10.263457202911377], [-10.911715316772462, 14.088300704956055], [-0.0008464990532957017, 10.468788146972656]]
max_vol_name_list: [['AI48_003_Ceilingbackground'], ['AI48_003_Floorbackground'], ['AI48_003_Wall_Abackground'], ['AI48_003_Wall_Bbackground']]
Model arrangement: single
sub_parameters: {'directory': 'ben_blobs/test_stls', 'scale_uniform': True, 'position_range': (-2.5, 2.5), 'rotate': True, 'scale_range': (0.35, 0.55)}
position_range: (-2.5, 2.5)
position: [-8.38821811420518, -8.4239136785219, 0.5512204382157532]
##################################################
This is lenn: 1
##################################################
This is lenn: 20
Importing model from shape_364.stl
Scale: [0.4937778454618643, 0.4937778454618643, 0.4937778454618643]
model pos (-8.38821811420518, -8.4239136785219, 0.5512204382157532)
model counterr [3]
origin_location: [3.7652535438537598, 0.6518101692199707, 1.2811788320541382]
Model center location: [-11.142942428588867, -3.8211928606033325, 7.788432598114014]
Camera location: (-7.377688884735107, -3.169382691383362, 9.069611430168152), rotation: [-0.5227541463938083, -0.3760859714451302, -0.4467845492213608, -0.6210241630462691]
Camera counter: 1
Camera if_counter: 0
Camera bool_chi: False
Universal color works : [0.6990965265118819, 0.11341368477299946, 0.455949708734395, 1]
before light location: [-0.10855287313461304, 0.1445913016796112, 2.4030511379241943]
counterr light: 1
if_counter light: 0
light location: (-11.25149530172348, -3.6766015589237213, 10.191483736038208)
light bool_chi: False
Done Material: object
Color Material: [0.8916460364321396, 0.6384078752853714, 0.19117403077289252, 1]
##################################################
This is lenn: 1
light_colors: {'light': [0.6990965265118819, 0.11341368477299946, 0.455949708734395, 1], 'scene_light': [0.6990965265118819, 0.11341368477299946, 0.455949708734395, 1]}
scene_intensity: 104.45929328758413
Render activated_gpus: []
Render filename: 000000
