## SLURM PROLOG ###############################################################
##    Job ID : 3876006
##  Job Name : render_MI_val
##  Nodelist : gpu2004
##      CPUs : 1
##  Mem/Node : 40960 MB
## Directory : /gpfs/data/tserre/aarjun1/blender_render-color_pos
##   Started : Sat Jan 29 04:59:18 EST 2022
###############################################################################
16
##################################################
This is version: single_illuminant
##################################################
This is jobID: 3876006
##################################################
This is batch_size: 150000
##################################################
This is gpu_index: None
['scenes/AI_33/AI33_005/AI33_005_280.blend', 'scenes/AI_33/AI33_003/AI33_003_280.blend', 'scenes/AI_33/AI33_009/AI33_009_280.blend', 'scenes/AI_33/AI33_002/AI33_002_280.blend', 'scenes/AI_33/AI33_007/AI33_007_280.blend', 'scenes/AI_33/AI33_001/AI33_001_280.blend', 'scenes/AI_33/AI33_006/AI33_006_280.blend', 'scenes/AI_33/AI33_010/AI33_010_280.blend', 'scenes/AI_43/AI43_010/AI043_010_Blender.blend', 'scenes/AI_43/AI43_006/AI043_006_Blender.blend', 'scenes/AI_43/AI43_005/AI043_005_Blender.blend', 'scenes/AI_43/AI43_004/AI043_004.blend', 'scenes/AI_43/AI43_008_blender/AI043_008.blend', 'scenes/AI_43/AI43_009/AI043_009_Blender.blend', 'scenes/AI_43/AI43_003/AI043_003_Blender.blend', 'scenes/AI_43/AI43_001/AI043_001_Blender.blend', 'scenes/AI_48/AI48_001/AI48_001.blend', 'scenes/AI_48/AI48_002/AI48_002.blend', 'scenes/AI_48/AI48_008/AI48_008.blend', 'scenes/AI_48/AI48_010/AI48_010.blend', 'scenes/AI_48/AI48_009/AI48_009.blend', 'scenes/AI_48/AI48_003/AI48_003.blend', 'scenes/AI_48/AI48_004/AI48_004.blend', 'scenes/AI_58/AI58_002/AI58_002.blend', 'scenes/AI_58/AI58_005/AI58_005.blend', 'scenes/AI_58/AI58_007/AI58_007.blend', 'scenes/AI_58/AI58_001/AI58_001.blend', 'scenes/AI_58/AI58_008/AI58_008.blend', 'scenes/AI_58/AI58_006/AI58_006.blend', 'scenes/AI_58/AI58_009/AI58_009.blend', 'scenes/AI_58/AI58_010/AI58_010.blend']
blend_files len :  31
Rendering to folder: /gpfs/scratch/aarjun1/blender_data/data_no_filmic/images_single_illuminant
Output folder created successfully
Job folder successfully created
~~~~~~~~~~~~~~~~~~~~~~~~~~~~~~~~~~~~~~~~~~~~~~~~~~
Rendering index 0
##################################################
This is lenn: 31
Background: AI48_002.blend
Background pivot: [0.0, 0.0, 0.0]
Universal color works22 : [0.5006224916705462, 0.893286515369853, 0.23929458241040164, 1]
Background intensity: 0.0
mat_count : 0
lamp_count: 0
vertices: [[-7.997471809387207, -14.2140474319458, 0.060391463339328766], [-7.997471809387207, -14.2140474319458, 9.41245174407959], [-7.997471809387207, 24.24751853942871, 9.412449836730957], [-7.997471809387207, 24.24751853942871, 0.06038977950811386], [5.4071455001831055, -14.2140474319458, 0.060391463339328766], [5.4071455001831055, -14.2140474319458, 9.41245174407959], [5.4071455001831055, 24.24751853942871, 9.412449836730957], [5.4071455001831055, 24.24751853942871, 0.06038977950811386]]
max_vol_name: ['AI48_002_wallsbackground']
bounding_limits: [[-5.198356676101684, 3.5146445751190187], [-9.23913083076477, 15.760887050628662], [0.060391463339328766, 9.41245174407959]]
max_vol_name_list: [['AI48_002_ceilingbackground'], ['AI48_002_floorbackground'], ['AI48_002_wallsbackground'], ['AI48_002_window_glassbackground'], ['AI48_002_windowsillsbackground']]
Model arrangement: single
sub_parameters: {'rotate': True, 'scale_range': (0.35, 0.55), 'directory': 'ben_blobs/test_stls', 'scale_uniform': True, 'position_range': (-2.5, 2.5)}
position_range: (-2.5, 2.5)
position: [-0.7039327504045509, -5.506561305232593, 5.860642790913946]
##################################################
This is lenn: 1
##################################################
This is lenn: 20
Importing model from shape_461.stl
Scale: [0.5385344896866571, 0.5385344896866571, 0.5385344896866571]
model pos (-0.7039327504045509, -5.506561305232593, 5.860642790913946)
model counterr [1]
origin_location: [3.6550724506378174, -2.370810031890869, -3.650644540786743]
Model center location: [-0.7039327621459961, -5.506561279296875, 5.860642910003662]
Camera location: (2.9511396884918213, -7.877371311187744, 2.209998369216919), rotation: [0.3716181483056363, 0.7962359230925877, 0.4326008859200864, 0.20190289777004514]
Camera counter: 1
Camera if_counter: 0
Camera bool_chi: False
Universal color works : [0.5006224916705462, 0.893286515369853, 0.23929458241040164, 1]
before light location: [0.056206703186035156, -0.043390579521656036, 3.7305045127868652]
counterr light: 5
if_counter light: 0
light location: (-0.6477260589599609, -5.549951858818531, 9.591147422790527)
light bool_chi: False
Done Material: object
Color Material: [0.8999487102272096, 0.4549770753975243, 0.5992960350903198, 1]
##################################################
This is lenn: 1
light_colors: {'scene_light': [0.5006224916705462, 0.893286515369853, 0.23929458241040164, 1], 'light': [0.5006224916705462, 0.893286515369853, 0.23929458241040164, 1]}
scene_intensity: 135.22960699027806
Render activated_gpus: []
Render filename: 000000
