## SLURM PROLOG ###############################################################
##    Job ID : 3836854
##  Job Name : render_MI_val
##  Nodelist : gpu2116
##      CPUs : 1
##  Mem/Node : 40960 MB
## Directory : /gpfs/data/tserre/aarjun1/blender_render-color_pos
##   Started : Tue Jan 25 06:52:23 EST 2022
###############################################################################
20
##################################################
This is version: single_illuminant
##################################################
This is jobID: 3836854
##################################################
This is batch_size: 150000
##################################################
This is gpu_index: None
['scenes/AI_33/AI33_005/AI33_005_280.blend', 'scenes/AI_33/AI33_003/AI33_003_280.blend', 'scenes/AI_33/AI33_009/AI33_009_280.blend', 'scenes/AI_33/AI33_002/AI33_002_280.blend', 'scenes/AI_33/AI33_007/AI33_007_280.blend', 'scenes/AI_33/AI33_001/AI33_001_280.blend', 'scenes/AI_33/AI33_006/AI33_006_280.blend', 'scenes/AI_33/AI33_010/AI33_010_280.blend', 'scenes/AI_43/AI43_010/AI043_010_Blender.blend', 'scenes/AI_43/AI43_006/AI043_006_Blender.blend', 'scenes/AI_43/AI43_005/AI043_005_Blender.blend', 'scenes/AI_43/AI43_004/AI043_004.blend', 'scenes/AI_43/AI43_008_blender/AI043_008.blend', 'scenes/AI_43/AI43_009/AI043_009_Blender.blend', 'scenes/AI_43/AI43_003/AI043_003_Blender.blend', 'scenes/AI_43/AI43_001/AI043_001_Blender.blend', 'scenes/AI_48/AI48_001/AI48_001.blend', 'scenes/AI_48/AI48_002/AI48_002.blend', 'scenes/AI_48/AI48_008/AI48_008.blend', 'scenes/AI_48/AI48_010/AI48_010.blend', 'scenes/AI_48/AI48_009/AI48_009.blend', 'scenes/AI_48/AI48_003/AI48_003.blend', 'scenes/AI_48/AI48_004/AI48_004.blend', 'scenes/AI_58/AI58_002/AI58_002.blend', 'scenes/AI_58/AI58_005/AI58_005.blend', 'scenes/AI_58/AI58_007/AI58_007.blend', 'scenes/AI_58/AI58_001/AI58_001.blend', 'scenes/AI_58/AI58_008/AI58_008.blend', 'scenes/AI_58/AI58_006/AI58_006.blend', 'scenes/AI_58/AI58_009/AI58_009.blend', 'scenes/AI_58/AI58_010/AI58_010.blend']
blend_files len :  31
Rendering to folder: /gpfs/scratch/aarjun1/blender_data/data5/images_single_illuminant
Job folder successfully created
~~~~~~~~~~~~~~~~~~~~~~~~~~~~~~~~~~~~~~~~~~~~~~~~~~
Rendering index 0
##################################################
This is lenn: 31
Background: AI043_003_Blender.blend
Background pivot: [0.0, 0.0, 0.0]
Universal color works22 : [0.37250810743203566, 0.3445199057886412, 0.10626972685213182, 1]
Background intensity: 0.0
mat_count : 0
lamp_count: 0
vertices: [[-12.840497016906738, -20.774497985839844, 1.0513038635253906], [-12.840497016906738, -20.774497985839844, 17.737064361572266], [-12.840497016906738, 17.687040328979492, 17.737064361572266], [-12.840497016906738, 17.687040328979492, 1.051302194595337], [15.495990753173828, -20.774497985839844, 1.0513038635253906], [15.495990753173828, -20.774497985839844, 17.737064361572266], [15.495990753173828, 17.687040328979492, 17.737064361572266], [15.495990753173828, 17.687040328979492, 1.051302194595337]]
max_vol_name: ['AI43_003_01background']
bounding_limits: [[-8.34632306098938, 10.072393989562988], [-13.503423690795898, 11.49657621383667], [1.0513038635253906, 17.737064361572266]]
max_vol_name_list: [['AI43_003_01background'], ['AI43_003_03background'], ['AI43_003_04background'], ['AI43_003_10background']]
Model arrangement: single
sub_parameters: {'scale_range': (0.35, 0.55), 'directory': 'ben_blobs/test_stls', 'rotate': True, 'scale_uniform': True, 'position_range': (-2.5, 2.5)}
position_range: (-2.5, 2.5)
position: [-4.491902561584508, 2.7843752350587003, 2.643968799883866]
##################################################
This is lenn: 1
##################################################
This is lenn: 20
Importing model from shape_971.stl
Scale: [0.5338138041889741, 0.5338138041889741, 0.5338138041889741]
model pos (-4.491902561584508, 2.7843752350587003, 2.643968799883866)
model counterr [1]
origin_location: [-0.2437082678079605, 3.8988730907440186, -1.6449283361434937]
Model center location: [-4.4919023513793945, 2.7843751907348633, 2.643968939781189]
Camera location: (-4.735610619187355, 6.683248281478882, 0.9990406036376953), rotation: [0.01726234578112345, 0.025999055371545572, -0.8326835712568723, -0.5528689995802093]
Camera counter: 2
Camera if_counter: 0
Camera bool_chi: False
Universal color works : [0.37250810743203566, 0.3445199057886412, 0.10626972685213182, 1]
before light location: [-0.44461673498153687, -0.2729019820690155, 3.3934781551361084]
counterr light: 1
if_counter light: 0
light location: (-4.936519086360931, 2.511473208665848, 6.037447094917297)
light bool_chi: False
Done Material: object
Color Material: [0.5568553640888648, 0.31186980934712666, 0.6018689019103751, 1]
##################################################
This is lenn: 1
light_colors: {'scene_light': [0.37250810743203566, 0.3445199057886412, 0.10626972685213182, 1], 'light': [0.37250810743203566, 0.3445199057886412, 0.10626972685213182, 1]}
scene_intensity: 191.26024009643453
Render activated_gpus: []
Render filename: 000000
info_dict: {'blob_color': [0.5568553640888648, 0.31186980934712666, 0.6018689019103751, 1], 'scene_name': 'AI043_003_Blender.blend', 'scene_color': [0.37250810743203566, 0.3445199057886412, 0.10626972685213182, 1], 'camera_dist': 4.238678370503425, 'light_intensity': 191.26024009643453}
Render activated_gpus: []
Render filename: 000000.gt_sm
