## SLURM PROLOG ###############################################################
##    Job ID : 3836839
##  Job Name : render_MI_val
##  Nodelist : gpu2003
##      CPUs : 1
##  Mem/Node : 40960 MB
## Directory : /gpfs/data/tserre/aarjun1/blender_render-color_pos
##   Started : Tue Jan 25 06:52:12 EST 2022
###############################################################################
5
##################################################
This is version: single_illuminant
##################################################
This is jobID: 3836839
##################################################
This is batch_size: 150000
##################################################
This is gpu_index: None
['scenes/AI_33/AI33_005/AI33_005_280.blend', 'scenes/AI_33/AI33_003/AI33_003_280.blend', 'scenes/AI_33/AI33_009/AI33_009_280.blend', 'scenes/AI_33/AI33_002/AI33_002_280.blend', 'scenes/AI_33/AI33_007/AI33_007_280.blend', 'scenes/AI_33/AI33_001/AI33_001_280.blend', 'scenes/AI_33/AI33_006/AI33_006_280.blend', 'scenes/AI_33/AI33_010/AI33_010_280.blend', 'scenes/AI_43/AI43_010/AI043_010_Blender.blend', 'scenes/AI_43/AI43_006/AI043_006_Blender.blend', 'scenes/AI_43/AI43_005/AI043_005_Blender.blend', 'scenes/AI_43/AI43_004/AI043_004.blend', 'scenes/AI_43/AI43_008_blender/AI043_008.blend', 'scenes/AI_43/AI43_009/AI043_009_Blender.blend', 'scenes/AI_43/AI43_003/AI043_003_Blender.blend', 'scenes/AI_43/AI43_001/AI043_001_Blender.blend', 'scenes/AI_48/AI48_001/AI48_001.blend', 'scenes/AI_48/AI48_002/AI48_002.blend', 'scenes/AI_48/AI48_008/AI48_008.blend', 'scenes/AI_48/AI48_010/AI48_010.blend', 'scenes/AI_48/AI48_009/AI48_009.blend', 'scenes/AI_48/AI48_003/AI48_003.blend', 'scenes/AI_48/AI48_004/AI48_004.blend', 'scenes/AI_58/AI58_002/AI58_002.blend', 'scenes/AI_58/AI58_005/AI58_005.blend', 'scenes/AI_58/AI58_007/AI58_007.blend', 'scenes/AI_58/AI58_001/AI58_001.blend', 'scenes/AI_58/AI58_008/AI58_008.blend', 'scenes/AI_58/AI58_006/AI58_006.blend', 'scenes/AI_58/AI58_009/AI58_009.blend', 'scenes/AI_58/AI58_010/AI58_010.blend']
blend_files len :  31
Rendering to folder: /gpfs/scratch/aarjun1/blender_data/data5/images_single_illuminant
Job folder successfully created
~~~~~~~~~~~~~~~~~~~~~~~~~~~~~~~~~~~~~~~~~~~~~~~~~~
Rendering index 0
##################################################
This is lenn: 31
Background: AI58_002.blend
Background pivot: [0.0, 0.0, 0.0]
Universal color works22 : [0.49457893657312435, 0.2752616774509936, 0.8679220072356774, 1]
Background intensity: 0.0
mat_count : 0
lamp_count: 0
vertices: [[-15.02265739440918, -25.264122009277344, 3.1269394185073907e-08], [-15.02265739440918, -25.26412010192871, 17.63616943359375], [-15.02265739440918, 11.207364082336426, 17.636167526245117], [-15.02265739440918, 11.20736312866211, -1.5629498193447944e-06], [23.438867568969727, -25.264122009277344, 3.1269394185073907e-08], [23.438867568969727, -25.26412010192871, 17.63616943359375], [23.438867568969727, 11.207364082336426, 17.636167526245117], [23.438867568969727, 11.20736312866211, -1.5629498193447944e-06]]
max_vol_name: ['AI58_002_Wall_001background']
bounding_limits: [[-9.764727306365968, 15.235263919830322], [-16.421678066253662, 7.284786653518677], [3.1269394185073907e-08, 17.63616943359375]]
max_vol_name_list: [['AI58_002_Floorbackground'], ['AI58_002_Furniture_Kitchen_Base_004background'], ['AI58_002_Strip_Ceilingbackground'], ['AI58_002_Strip_Floorbackground'], ['AI58_002_Wall_001background'], ['AI58_002_Wall_004background']]
Model arrangement: single
sub_parameters: {'position_range': (-2.5, 2.5), 'directory': 'ben_blobs/test_stls', 'scale_range': (0.35, 0.55), 'rotate': True, 'scale_uniform': True}
position_range: (-2.5, 2.5)
position: [9.730495078756155, 3.345692241651612, 1.4345769005073319]
##################################################
This is lenn: 1
##################################################
This is lenn: 20
Importing model from shape_400.stl
Scale: [0.545934241389854, 0.545934241389854, 0.545934241389854]
model pos (9.730495078756155, 3.345692241651612, 1.4345769005073319)
model counterr [1]
origin_location: [-0.9923402070999146, -0.9556901454925537, 4.303363800048828]
Model center location: [9.73049545288086, 3.3456921577453613, 1.4345767498016357]
Camera location: (8.738155245780945, 2.3900020122528076, 5.737940549850464), rotation: [0.909218620368741, 0.1419922234095571, -0.060385973126446876, -0.38666942355912465]
Camera counter: 1
Camera if_counter: 0
Camera bool_chi: False
Universal color works : [0.49457893657312435, 0.2752616774509936, 0.8679220072356774, 1]
before light location: [-0.10176721960306168, 0.7771819233894348, 2.748741388320923]
counterr light: 1
if_counter light: 0
light location: (9.628728233277798, 4.122874081134796, 4.183318138122559)
light bool_chi: False
Done Material: object
Color Material: [0.7969684719955097, 0.7872553167920879, 0.10500161768833811, 1]
##################################################
This is lenn: 1
light_colors: {'light': [0.49457893657312435, 0.2752616774509936, 0.8679220072356774, 1], 'scene_light': [0.49457893657312435, 0.2752616774509936, 0.8679220072356774, 1]}
scene_intensity: 160.0907144081071
Render activated_gpus: []
Render filename: 000000
info_dict: {'light_intensity': 160.0907144081071, 'scene_name': 'AI58_002.blend', 'camera_dist': 4.5185199718922755, 'scene_color': [0.49457893657312435, 0.2752616774509936, 0.8679220072356774, 1], 'blob_color': [0.7969684719955097, 0.7872553167920879, 0.10500161768833811, 1]}
Render activated_gpus: []
Render filename: 000000.gt_sm
Render activated_gpus: []
Render filename: 000000.gt_r
Render activated_gpus: []
Render filename: 000000.gt_ill
Render 0 complete
Data from render 0 saved
~~~~~~~~~~~~~~~~~~~~~~~~~~~~~~~~~~~~~~~~~~~~~~~~~~
Rendering index 1
##################################################
This is lenn: 31
Background: AI33_003_280.blend
Background pivot: [0.0, 0.0, 0.0]
Universal color works22 : [0.31311986010453263, 0.729328029868799, 0.5538474961528489, 1]
Background intensity: 0.0
mat_count : 0
lamp_count: 0
vertices: [[16.631549835205078, 10.815349578857422, 2.2909021377563477], [16.631549835205078, 10.815349578857422, 8.506816864013672], [16.631547927856445, -4.666616916656494, 8.506817817687988], [16.631547927856445, -4.666617393493652, 2.290903091430664], [-21.830013275146484, 10.81535530090332, 2.2909021377563477], [-21.830013275146484, 10.81535530090332, 8.506816864013672], [-21.830015182495117, -4.666611194610596, 8.506817817687988], [-21.830015182495117, -4.666611671447754, 2.290903091430664]]
max_vol_name: ['AI33_003_185background']
bounding_limits: [[10.8105073928833, -14.189508628845216], [7.029977226257325, -3.033300995826721], [2.2909021377563477, 8.506816864013672]]
max_vol_name_list: [['AI33_003_185background'], ['AI33_003_37background']]
Model arrangement: single
sub_parameters: {'directory': 'ben_blobs/test_stls', 'position_range': (-2.5, 2.5), 'files': ['/gpfs/scratch/aarjun1/train_data/ben_blobs/test_stls/shape_621.stl', '/gpfs/scratch/aarjun1/train_data/ben_blobs/test_stls/shape_755.stl', '/gpfs/scratch/aarjun1/train_data/ben_blobs/test_stls/shape_864.stl', '/gpfs/scratch/aarjun1/train_data/ben_blobs/test_stls/shape_400.stl', '/gpfs/scratch/aarjun1/train_data/ben_blobs/test_stls/shape_685.stl', '/gpfs/scratch/aarjun1/train_data/ben_blobs/test_stls/shape_863.stl', '/gpfs/scratch/aarjun1/train_data/ben_blobs/test_stls/shape_905.stl', '/gpfs/scratch/aarjun1/train_data/ben_blobs/test_stls/shape_939.stl', '/gpfs/scratch/aarjun1/train_data/ben_blobs/test_stls/shape_631.stl', '/gpfs/scratch/aarjun1/train_data/ben_blobs/test_stls/shape_364.stl', '/gpfs/scratch/aarjun1/train_data/ben_blobs/test_stls/shape_375.stl', '/gpfs/scratch/aarjun1/train_data/ben_blobs/test_stls/shape_711.stl', '/gpfs/scratch/aarjun1/train_data/ben_blobs/test_stls/shape_892.stl', '/gpfs/scratch/aarjun1/train_data/ben_blobs/test_stls/shape_951.stl', '/gpfs/scratch/aarjun1/train_data/ben_blobs/test_stls/shape_702.stl', '/gpfs/scratch/aarjun1/train_data/ben_blobs/test_stls/shape_597.stl', '/gpfs/scratch/aarjun1/train_data/ben_blobs/test_stls/shape_17.stl', '/gpfs/scratch/aarjun1/train_data/ben_blobs/test_stls/shape_971.stl', '/gpfs/scratch/aarjun1/train_data/ben_blobs/test_stls/shape_371.stl', '/gpfs/scratch/aarjun1/train_data/ben_blobs/test_stls/shape_461.stl'], 'scale_range': (0.35, 0.55), 'rotate': True, 'scale_uniform': True}
position_range: (-2.5, 2.5)
position: [0.4058065446649213, -2.1902915117398223, 8.482855181472111]
##################################################
This is lenn: 1
##################################################
This is lenn: 20
Importing model from shape_631.stl
Scale: [0.4301720108007473, 0.4301720108007473, 0.4301720108007473]
model pos (0.4058065446649213, -2.1902915117398223, 8.482855181472111)
model counterr [2]
origin_location: [0.4438873529434204, -0.6041350364685059, 4.269039154052734]
Model center location: [-4.75451922416687, 3.2142465114593506, 7.176210880279541]
Camera location: (-4.31063187122345, 2.6101114749908447, 11.445250034332275), rotation: [0.9466394236483999, 0.082487533790407, 0.027045986219681444, 0.310383831720028]
Camera counter: 2
Camera if_counter: 0
Camera bool_chi: False
Universal color works : [0.31311986010453263, 0.729328029868799, 0.5538474961528489, 1]
before light location: [-0.2649281620979309, -2.810500383377075, 0.40731945633888245]
counterr light: 25
if_counter light: 0
light location: (-5.019447386264801, 0.4037461280822754, 7.5835303366184235)
light bool_chi: True
~~~~~~~~~~~~~~~~~~~~~~~~~~~~~~~~~~~~~~~~~~~~~~~~~~
Rendering index 1
##################################################
This is lenn: 31
Background: AI043_004.blend
Background pivot: [0.0, 0.0, 0.0]
Universal color works22 : [0.7674925225897365, 0.7536011387282004, 0.8721918548730208, 1]
Background intensity: 0.0
mat_count : 0
lamp_count: 0
vertices: [[-5.0578293800354, -12.097195625305176, -0.026789184659719467], [-5.0578293800354, -12.09719467163086, 6.790333271026611], [-5.0578293800354, 26.364341735839844, 6.7903313636779785], [-5.0578293800354, 26.364341735839844, -0.026790864765644073], [21.781991958618164, -12.097195625305176, -0.026789184659719467], [21.781991958618164, -12.09719467163086, 6.790333271026611], [21.781991958618164, 26.364341735839844, 6.7903313636779785], [21.781991958618164, 26.364341735839844, -0.026790864765644073]]
max_vol_name: ['AI43_004_obj_010_001background']
bounding_limits: [[-3.28758909702301, 14.158294773101806], [-7.863176536560059, 17.1368221282959], [-0.026789184659719467, 6.790333271026611]]
max_vol_name_list: [['AI43_004_obj_010_001background'], ['AI43_004_obj_0296background']]
Model arrangement: single
sub_parameters: {'directory': 'ben_blobs/test_stls', 'position_range': (-2.5, 2.5), 'files': ['/gpfs/scratch/aarjun1/train_data/ben_blobs/test_stls/shape_621.stl', '/gpfs/scratch/aarjun1/train_data/ben_blobs/test_stls/shape_755.stl', '/gpfs/scratch/aarjun1/train_data/ben_blobs/test_stls/shape_864.stl', '/gpfs/scratch/aarjun1/train_data/ben_blobs/test_stls/shape_400.stl', '/gpfs/scratch/aarjun1/train_data/ben_blobs/test_stls/shape_685.stl', '/gpfs/scratch/aarjun1/train_data/ben_blobs/test_stls/shape_863.stl', '/gpfs/scratch/aarjun1/train_data/ben_blobs/test_stls/shape_905.stl', '/gpfs/scratch/aarjun1/train_data/ben_blobs/test_stls/shape_939.stl', '/gpfs/scratch/aarjun1/train_data/ben_blobs/test_stls/shape_631.stl', '/gpfs/scratch/aarjun1/train_data/ben_blobs/test_stls/shape_364.stl', '/gpfs/scratch/aarjun1/train_data/ben_blobs/test_stls/shape_375.stl', '/gpfs/scratch/aarjun1/train_data/ben_blobs/test_stls/shape_711.stl', '/gpfs/scratch/aarjun1/train_data/ben_blobs/test_stls/shape_892.stl', '/gpfs/scratch/aarjun1/train_data/ben_blobs/test_stls/shape_951.stl', '/gpfs/scratch/aarjun1/train_data/ben_blobs/test_stls/shape_702.stl', '/gpfs/scratch/aarjun1/train_data/ben_blobs/test_stls/shape_597.stl', '/gpfs/scratch/aarjun1/train_data/ben_blobs/test_stls/shape_17.stl', '/gpfs/scratch/aarjun1/train_data/ben_blobs/test_stls/shape_971.stl', '/gpfs/scratch/aarjun1/train_data/ben_blobs/test_stls/shape_371.stl', '/gpfs/scratch/aarjun1/train_data/ben_blobs/test_stls/shape_461.stl'], 'scale_range': (0.35, 0.55), 'rotate': True, 'scale_uniform': True}
position_range: (-2.5, 2.5)
position: [2.760411409432073, 7.965662404632114, 6.058152086608011]
##################################################
This is lenn: 1
##################################################
This is lenn: 20
Importing model from shape_400.stl
Scale: [0.41089651408248873, 0.41089651408248873, 0.41089651408248873]
model pos (2.760411409432073, 7.965662404632114, 6.058152086608011)
model counterr [1]
origin_location: [-0.5819312930107117, 2.2046656608581543, 1.8434184789657593]
Model center location: [2.760411500930786, 7.965662479400635, 6.058151960372925]
Camera location: (2.1784802079200745, 10.170328140258789, 7.901570439338684), rotation: [0.11611925480758672, 0.055443293643992135, -0.4272915037782139, -0.8949102360861616]
Camera counter: 3
Camera if_counter: 0
Camera bool_chi: False
Universal color works : [0.7674925225897365, 0.7536011387282004, 0.8721918548730208, 1]
before light location: [1.6024426221847534, -0.7794729471206665, 0.38557398319244385]
counterr light: 25
if_counter light: 0
light location: (4.3628541231155396, 7.186189532279968, 6.443725943565369)
light bool_chi: True
~~~~~~~~~~~~~~~~~~~~~~~~~~~~~~~~~~~~~~~~~~~~~~~~~~
Rendering index 1
##################################################
This is lenn: 31
Background: AI33_003_280.blend
Background pivot: [0.0, 0.0, 0.0]
Universal color works22 : [0.33090884005380944, 0.6811551398302018, 0.47511363662598594, 1]
Background intensity: 0.0
mat_count : 0
lamp_count: 0
vertices: [[16.631549835205078, 10.815349578857422, 2.2909021377563477], [16.631549835205078, 10.815349578857422, 8.506816864013672], [16.631547927856445, -4.666616916656494, 8.506817817687988], [16.631547927856445, -4.666617393493652, 2.290903091430664], [-21.830013275146484, 10.81535530090332, 2.2909021377563477], [-21.830013275146484, 10.81535530090332, 8.506816864013672], [-21.830015182495117, -4.666611194610596, 8.506817817687988], [-21.830015182495117, -4.666611671447754, 2.290903091430664]]
max_vol_name: ['AI33_003_185background']
bounding_limits: [[10.8105073928833, -14.189508628845216], [7.029977226257325, -3.033300995826721], [2.2909021377563477, 8.506816864013672]]
max_vol_name_list: [['AI33_003_185background'], ['AI33_003_37background']]
Model arrangement: single
sub_parameters: {'directory': 'ben_blobs/test_stls', 'position_range': (-2.5, 2.5), 'files': ['/gpfs/scratch/aarjun1/train_data/ben_blobs/test_stls/shape_621.stl', '/gpfs/scratch/aarjun1/train_data/ben_blobs/test_stls/shape_755.stl', '/gpfs/scratch/aarjun1/train_data/ben_blobs/test_stls/shape_864.stl', '/gpfs/scratch/aarjun1/train_data/ben_blobs/test_stls/shape_400.stl', '/gpfs/scratch/aarjun1/train_data/ben_blobs/test_stls/shape_685.stl', '/gpfs/scratch/aarjun1/train_data/ben_blobs/test_stls/shape_863.stl', '/gpfs/scratch/aarjun1/train_data/ben_blobs/test_stls/shape_905.stl', '/gpfs/scratch/aarjun1/train_data/ben_blobs/test_stls/shape_939.stl', '/gpfs/scratch/aarjun1/train_data/ben_blobs/test_stls/shape_631.stl', '/gpfs/scratch/aarjun1/train_data/ben_blobs/test_stls/shape_364.stl', '/gpfs/scratch/aarjun1/train_data/ben_blobs/test_stls/shape_375.stl', '/gpfs/scratch/aarjun1/train_data/ben_blobs/test_stls/shape_711.stl', '/gpfs/scratch/aarjun1/train_data/ben_blobs/test_stls/shape_892.stl', '/gpfs/scratch/aarjun1/train_data/ben_blobs/test_stls/shape_951.stl', '/gpfs/scratch/aarjun1/train_data/ben_blobs/test_stls/shape_702.stl', '/gpfs/scratch/aarjun1/train_data/ben_blobs/test_stls/shape_597.stl', '/gpfs/scratch/aarjun1/train_data/ben_blobs/test_stls/shape_17.stl', '/gpfs/scratch/aarjun1/train_data/ben_blobs/test_stls/shape_971.stl', '/gpfs/scratch/aarjun1/train_data/ben_blobs/test_stls/shape_371.stl', '/gpfs/scratch/aarjun1/train_data/ben_blobs/test_stls/shape_461.stl'], 'scale_range': (0.35, 0.55), 'rotate': True, 'scale_uniform': True}
position_range: (-2.5, 2.5)
position: [-9.161757476408233, 3.3568458238356937, 5.736579688487074]
##################################################
This is lenn: 1
##################################################
This is lenn: 20
Importing model from shape_951.stl
Scale: [0.4061280683155873, 0.4061280683155873, 0.4061280683155873]
model pos (-9.161757476408233, 3.3568458238356937, 5.736579688487074)
model counterr [1]
origin_location: [-0.2940594553947449, -2.991629123687744, -1.6078647375106812]
Model center location: [-9.161757469177246, 3.356845736503601, 5.736579895019531]
Camera location: (-9.455816924571991, 0.36521661281585693, 4.12871515750885), rotation: [0.5133641139678108, 0.8567725589461257, -0.04200661829238342, -0.025169679111780967]
Camera counter: 1
Camera if_counter: 0
Camera bool_chi: False
Universal color works : [0.33090884005380944, 0.6811551398302018, 0.47511363662598594, 1]
before light location: [-2.680009126663208, 0.4372673034667969, 0.7482156157493591]
counterr light: 1
if_counter light: 0
light location: (-11.841766595840454, 3.794113039970398, 6.48479551076889)
light bool_chi: False
Done Material: object
Color Material: [0.8591069010617421, 0.8620107825051301, 0.27037217032919864, 1]
##################################################
This is lenn: 1
light_colors: {'light': [0.33090884005380944, 0.6811551398302018, 0.47511363662598594, 1], 'scene_light': [0.33090884005380944, 0.6811551398302018, 0.47511363662598594, 1]}
scene_intensity: 183.7677206604331
Render activated_gpus: []
Render filename: 000001
info_dict: {'light_intensity': 183.7677206604331, 'scene_name': 'AI33_003_280.blend', 'camera_dist': 3.409038690178515, 'scene_color': [0.33090884005380944, 0.6811551398302018, 0.47511363662598594, 1], 'blob_color': [0.8591069010617421, 0.8620107825051301, 0.27037217032919864, 1]}
Render activated_gpus: []
Render filename: 000001.gt_sm
Render activated_gpus: []
Render filename: 000001.gt_r
Render activated_gpus: []
Render filename: 000001.gt_ill
Render 1 complete
Data from render 1 saved
~~~~~~~~~~~~~~~~~~~~~~~~~~~~~~~~~~~~~~~~~~~~~~~~~~
Rendering index 2
##################################################
This is lenn: 31
Background: AI48_008.blend
Background pivot: [0.0, 0.0, 0.0]
Universal color works22 : [0.4815728098767583, 0.39922741116851745, 0.4257496177661315, 1]
Background intensity: 0.0
mat_count : 0
lamp_count: 0
vertices: [[-16.65146255493164, -25.752456665039062, -16.616926193237305], [-16.65146255493164, -25.752456665039062, 1.8437615633010864], [-16.65146255493164, 12.709089279174805, 1.8437598943710327], [-16.65146255493164, 12.709089279174805, -16.616928100585938], [19.19069480895996, -25.752456665039062, -16.616926193237305], [19.19069480895996, -25.752456665039062, 1.8437615633010864], [19.19069480895996, 12.709089279174805, 1.8437598943710327], [19.19069480895996, 12.709089279174805, -16.616928100585938]]
max_vol_name: ['AI48_008_313background']
bounding_limits: [[-10.823450660705566, 12.473951625823975], [-16.73909683227539, 8.260908031463623], [-16.616926193237305, 1.8437615633010864]]
max_vol_name_list: [['AI48_008_183background'], ['AI48_008_312background'], ['AI48_008_313background'], ['AI48_008_314background'], ['AI48_008_315background'], ['AI48_008_317background']]
Model arrangement: single
sub_parameters: {'directory': 'ben_blobs/test_stls', 'position_range': (-2.5, 2.5), 'files': ['/gpfs/scratch/aarjun1/train_data/ben_blobs/test_stls/shape_621.stl', '/gpfs/scratch/aarjun1/train_data/ben_blobs/test_stls/shape_755.stl', '/gpfs/scratch/aarjun1/train_data/ben_blobs/test_stls/shape_864.stl', '/gpfs/scratch/aarjun1/train_data/ben_blobs/test_stls/shape_400.stl', '/gpfs/scratch/aarjun1/train_data/ben_blobs/test_stls/shape_685.stl', '/gpfs/scratch/aarjun1/train_data/ben_blobs/test_stls/shape_863.stl', '/gpfs/scratch/aarjun1/train_data/ben_blobs/test_stls/shape_905.stl', '/gpfs/scratch/aarjun1/train_data/ben_blobs/test_stls/shape_939.stl', '/gpfs/scratch/aarjun1/train_data/ben_blobs/test_stls/shape_631.stl', '/gpfs/scratch/aarjun1/train_data/ben_blobs/test_stls/shape_364.stl', '/gpfs/scratch/aarjun1/train_data/ben_blobs/test_stls/shape_375.stl', '/gpfs/scratch/aarjun1/train_data/ben_blobs/test_stls/shape_711.stl', '/gpfs/scratch/aarjun1/train_data/ben_blobs/test_stls/shape_892.stl', '/gpfs/scratch/aarjun1/train_data/ben_blobs/test_stls/shape_951.stl', '/gpfs/scratch/aarjun1/train_data/ben_blobs/test_stls/shape_702.stl', '/gpfs/scratch/aarjun1/train_data/ben_blobs/test_stls/shape_597.stl', '/gpfs/scratch/aarjun1/train_data/ben_blobs/test_stls/shape_17.stl', '/gpfs/scratch/aarjun1/train_data/ben_blobs/test_stls/shape_971.stl', '/gpfs/scratch/aarjun1/train_data/ben_blobs/test_stls/shape_371.stl', '/gpfs/scratch/aarjun1/train_data/ben_blobs/test_stls/shape_461.stl'], 'scale_range': (0.35, 0.55), 'rotate': True, 'scale_uniform': True}
position_range: (-2.5, 2.5)
position: [-6.572762825627241, -4.249105482695759, -16.020822300011197]
##################################################
This is lenn: 1
##################################################
This is lenn: 20
Importing model from shape_971.stl
Scale: [0.4729955338227731, 0.4729955338227731, 0.4729955338227731]
model pos (-6.572762825627241, -4.249105482695759, -16.020822300011197)
model counterr [4]
origin_location: [3.525961399078369, 0.018654443323612213, 3.0887935161590576]
Model center location: [-7.60964298248291, 2.080283522605896, -6.381112575531006]
Camera location: (-4.083681583404541, 2.098937965929508, -3.2923190593719482), rotation: [-0.6422917738403844, -0.29123189286179435, -0.2927767594724967, -0.6456988701785783]
Camera counter: 1
Camera if_counter: 0
Camera bool_chi: False
Universal color works : [0.4815728098767583, 0.39922741116851745, 0.4257496177661315, 1]
before light location: [-2.4370036125183105, 1.4586189985275269, 0.7941245436668396]
counterr light: 1
if_counter light: 0
light location: (-10.04664659500122, 3.538902521133423, -5.586988031864166)
light bool_chi: False
Done Material: object
Color Material: [0.15438470264679893, 0.29080066149922656, 0.461983780032333, 1]
##################################################
This is lenn: 1
light_colors: {'light': [0.4815728098767583, 0.39922741116851745, 0.4257496177661315, 1], 'scene_light': [0.4815728098767583, 0.39922741116851745, 0.4257496177661315, 1]}
scene_intensity: 104.92344972510608
Render activated_gpus: []
Render filename: 000002
info_dict: {'light_intensity': 104.92344972510608, 'scene_name': 'AI48_008.blend', 'camera_dist': 4.687579029895137, 'scene_color': [0.4815728098767583, 0.39922741116851745, 0.4257496177661315, 1], 'blob_color': [0.15438470264679893, 0.29080066149922656, 0.461983780032333, 1]}
Render activated_gpus: []
Render filename: 000002.gt_sm
