## SLURM PROLOG ###############################################################
##    Job ID : 3876012
##  Job Name : render_MI_val
##  Nodelist : gpu2005
##      CPUs : 1
##  Mem/Node : 40960 MB
## Directory : /gpfs/data/tserre/aarjun1/blender_render-color_pos
##   Started : Sat Jan 29 04:59:18 EST 2022
###############################################################################
22
##################################################
This is version: single_illuminant
##################################################
This is jobID: 3876012
##################################################
This is batch_size: 150000
##################################################
This is gpu_index: None
['scenes/AI_33/AI33_005/AI33_005_280.blend', 'scenes/AI_33/AI33_003/AI33_003_280.blend', 'scenes/AI_33/AI33_009/AI33_009_280.blend', 'scenes/AI_33/AI33_002/AI33_002_280.blend', 'scenes/AI_33/AI33_007/AI33_007_280.blend', 'scenes/AI_33/AI33_001/AI33_001_280.blend', 'scenes/AI_33/AI33_006/AI33_006_280.blend', 'scenes/AI_33/AI33_010/AI33_010_280.blend', 'scenes/AI_43/AI43_010/AI043_010_Blender.blend', 'scenes/AI_43/AI43_006/AI043_006_Blender.blend', 'scenes/AI_43/AI43_005/AI043_005_Blender.blend', 'scenes/AI_43/AI43_004/AI043_004.blend', 'scenes/AI_43/AI43_008_blender/AI043_008.blend', 'scenes/AI_43/AI43_009/AI043_009_Blender.blend', 'scenes/AI_43/AI43_003/AI043_003_Blender.blend', 'scenes/AI_43/AI43_001/AI043_001_Blender.blend', 'scenes/AI_48/AI48_001/AI48_001.blend', 'scenes/AI_48/AI48_002/AI48_002.blend', 'scenes/AI_48/AI48_008/AI48_008.blend', 'scenes/AI_48/AI48_010/AI48_010.blend', 'scenes/AI_48/AI48_009/AI48_009.blend', 'scenes/AI_48/AI48_003/AI48_003.blend', 'scenes/AI_48/AI48_004/AI48_004.blend', 'scenes/AI_58/AI58_002/AI58_002.blend', 'scenes/AI_58/AI58_005/AI58_005.blend', 'scenes/AI_58/AI58_007/AI58_007.blend', 'scenes/AI_58/AI58_001/AI58_001.blend', 'scenes/AI_58/AI58_008/AI58_008.blend', 'scenes/AI_58/AI58_006/AI58_006.blend', 'scenes/AI_58/AI58_009/AI58_009.blend', 'scenes/AI_58/AI58_010/AI58_010.blend']
blend_files len :  31
Rendering to folder: /gpfs/scratch/aarjun1/blender_data/data_no_filmic/images_single_illuminant
Output folder created successfully
Job folder successfully created
~~~~~~~~~~~~~~~~~~~~~~~~~~~~~~~~~~~~~~~~~~~~~~~~~~
Rendering index 0
##################################################
This is lenn: 31
Background: AI33_010_280.blend
Background pivot: [0.0, 0.0, 0.0]
Universal color works22 : [0.4052898226279128, 0.5241148527232972, 0.7747185892802981, 1]
Background intensity: 0.0
mat_count : 0
lamp_count: 0
vertices: [[-18.70944595336914, -8.807384490966797, -1.0464365482330322], [-18.70944595336914, -8.80738353729248, 12.178155899047852], [-18.70944595336914, 29.654129028320312, 12.178153991699219], [-18.70944595336914, 29.654129028320312, -1.046438217163086], [15.27591609954834, -8.807384490966797, -1.0464365482330322], [15.27591609954834, -8.80738353729248, 12.178155899047852], [15.27591609954834, 29.654129028320312, 12.178153991699219], [15.27591609954834, 29.654129028320312, -1.046438217163086]]
max_vol_name: ['AI33_010_01background']
bounding_limits: [[-12.161139869689942, 9.92934546470642], [-5.724799299240113, 19.275183868408202], [-1.0464365482330322, 12.178155899047852]]
max_vol_name_list: [['AI33_010_01background'], ['AI33_010_650background']]
Model arrangement: single
sub_parameters: {'rotate': True, 'position_range': (-2.5, 2.5), 'directory': 'ben_blobs/test_stls', 'scale_range': (0.35, 0.55), 'scale_uniform': True}
position_range: (-2.5, 2.5)
position: [-0.7466120343744951, -3.823070373429111, 3.894317709756285]
##################################################
This is lenn: 1
##################################################
This is lenn: 20
Importing model from shape_702.stl
Scale: [0.5461500835808091, 0.5461500835808091, 0.5461500835808091]
model pos (-0.7466120343744951, -3.823070373429111, 3.894317709756285)
model counterr [1]
origin_location: [-3.685753583908081, 0.7218255400657654, -3.2792835235595703]
Model center location: [-0.7466121315956116, -3.8230702877044678, 3.894317626953125]
Camera location: (-4.432365715503693, -3.1012447476387024, 0.6150341033935547), rotation: [0.26291970897420414, 0.5785997680096938, -0.7029053722217535, -0.3194050293809517]
Camera counter: 1
Camera if_counter: 0
Camera bool_chi: False
Universal color works : [0.4052898226279128, 0.5241148527232972, 0.7747185892802981, 1]
before light location: [0.3344728350639343, 0.7118604779243469, 2.214740753173828]
counterr light: 1
if_counter light: 0
light location: (-0.41213929653167725, -3.111209809780121, 6.109058380126953)
light bool_chi: False
Done Material: object
Color Material: [0.1764780093967686, 0.6519580919597009, 0.88427987824924, 1]
##################################################
This is lenn: 1
light_colors: {'scene_light': [0.4052898226279128, 0.5241148527232972, 0.7747185892802981, 1], 'light': [0.4052898226279128, 0.5241148527232972, 0.7747185892802981, 1]}
scene_intensity: 194.0923317661571
Render activated_gpus: []
Render filename: 000000
