## SLURM PROLOG ###############################################################
##    Job ID : 3875997
##  Job Name : render_MI_val
##  Nodelist : gpu1204
##      CPUs : 1
##  Mem/Node : 40960 MB
## Directory : /gpfs/data/tserre/aarjun1/blender_render-color_pos
##   Started : Sat Jan 29 04:59:18 EST 2022
###############################################################################
7
##################################################
This is version: single_illuminant
##################################################
This is jobID: 3875997
##################################################
This is batch_size: 150000
##################################################
This is gpu_index: None
['scenes/AI_33/AI33_005/AI33_005_280.blend', 'scenes/AI_33/AI33_003/AI33_003_280.blend', 'scenes/AI_33/AI33_009/AI33_009_280.blend', 'scenes/AI_33/AI33_002/AI33_002_280.blend', 'scenes/AI_33/AI33_007/AI33_007_280.blend', 'scenes/AI_33/AI33_001/AI33_001_280.blend', 'scenes/AI_33/AI33_006/AI33_006_280.blend', 'scenes/AI_33/AI33_010/AI33_010_280.blend', 'scenes/AI_43/AI43_010/AI043_010_Blender.blend', 'scenes/AI_43/AI43_006/AI043_006_Blender.blend', 'scenes/AI_43/AI43_005/AI043_005_Blender.blend', 'scenes/AI_43/AI43_004/AI043_004.blend', 'scenes/AI_43/AI43_008_blender/AI043_008.blend', 'scenes/AI_43/AI43_009/AI043_009_Blender.blend', 'scenes/AI_43/AI43_003/AI043_003_Blender.blend', 'scenes/AI_43/AI43_001/AI043_001_Blender.blend', 'scenes/AI_48/AI48_001/AI48_001.blend', 'scenes/AI_48/AI48_002/AI48_002.blend', 'scenes/AI_48/AI48_008/AI48_008.blend', 'scenes/AI_48/AI48_010/AI48_010.blend', 'scenes/AI_48/AI48_009/AI48_009.blend', 'scenes/AI_48/AI48_003/AI48_003.blend', 'scenes/AI_48/AI48_004/AI48_004.blend', 'scenes/AI_58/AI58_002/AI58_002.blend', 'scenes/AI_58/AI58_005/AI58_005.blend', 'scenes/AI_58/AI58_007/AI58_007.blend', 'scenes/AI_58/AI58_001/AI58_001.blend', 'scenes/AI_58/AI58_008/AI58_008.blend', 'scenes/AI_58/AI58_006/AI58_006.blend', 'scenes/AI_58/AI58_009/AI58_009.blend', 'scenes/AI_58/AI58_010/AI58_010.blend']
blend_files len :  31
Rendering to folder: /gpfs/scratch/aarjun1/blender_data/data_no_filmic/images_single_illuminant
Job folder successfully created
~~~~~~~~~~~~~~~~~~~~~~~~~~~~~~~~~~~~~~~~~~~~~~~~~~
Rendering index 0
##################################################
This is lenn: 31
Background: AI58_009.blend
Background pivot: [0.0, 0.0, 0.0]
Universal color works22 : [0.2221532146863459, 0.6948961938090179, 0.2026999076595568, 1]
Background intensity: 0.0
mat_count : 0
lamp_count: 0
vertices: [[-23.008420944213867, -23.52539825439453, 5.276008891996753e-07], [-23.008420944213867, -23.5253963470459, 16.323223114013672], [-23.008420944213867, 1.3799560070037842, 16.323223114013672], [-23.008420944213867, 1.3799552917480469, -5.610467042060918e-07], [15.453126907348633, -23.52539825439453, 5.276008891996753e-07], [15.453126907348633, -23.5253963470459, 16.323223114013672], [15.453126907348633, 1.3799560070037842, 16.323223114013672], [15.453126907348633, 1.3799552917480469, -5.610467042060918e-07]]
max_vol_name: ['AI58_009_Ceilingbackground']
bounding_limits: [[-14.955473613739015, 10.044532489776612], [-15.291507625579834, 0.8969714045524597], [5.276008891996753e-07, 16.323223114013672]]
max_vol_name_list: [['AI58_009_Base_Floorbackground'], ['AI58_009_Ceilingbackground'], ['AI58_009_Wall_001background'], ['AM212_002_soilbackground']]
Model arrangement: single
sub_parameters: {'rotate': True, 'directory': 'ben_blobs/test_stls', 'scale_range': (0.35, 0.55), 'position_range': (-2.5, 2.5), 'scale_uniform': True}
position_range: (-2.5, 2.5)
position: [0.6363347585456864, -3.108166775525314, 10.514932849984412]
##################################################
This is lenn: 1
##################################################
This is lenn: 20
Importing model from shape_711.stl
Scale: [0.43801960587102723, 0.43801960587102723, 0.43801960587102723]
model pos (0.6363347585456864, -3.108166775525314, 10.514932849984412)
model counterr [1]
origin_location: [-0.574781596660614, -0.7942020893096924, 3.3026278018951416]
Model center location: [0.6363346874713898, -3.1081665754318237, 10.51493215560913]
Camera location: (0.06155309081077576, -3.902368664741516, 13.817559957504272), rotation: [0.9414569075813163, 0.13678432208493566, -0.044304194299448305, -0.3049361880240953]
Camera counter: 1
Camera if_counter: 0
Camera bool_chi: False
Universal color works : [0.2221532146863459, 0.6948961938090179, 0.2026999076595568, 1]
before light location: [-0.9942377805709839, 2.6161916255950928, 1.1699782609939575]
counterr light: 1
if_counter light: 0
light location: (-0.3579030930995941, -0.49197494983673096, 11.684910416603088)
light bool_chi: False
Done Material: object
Color Material: [0.8878598708345175, 0.4799065209640764, 0.8263254641356569, 1]
##################################################
This is lenn: 1
light_colors: {'scene_light': [0.2221532146863459, 0.6948961938090179, 0.2026999076595568, 1], 'light': [0.2221532146863459, 0.6948961938090179, 0.2026999076595568, 1]}
scene_intensity: 149.44416094977765
Render activated_gpus: []
Render filename: 000000
