## SLURM PROLOG ###############################################################
##    Job ID : 3875994
##  Job Name : render_MI_val
##  Nodelist : gpu1203
##      CPUs : 1
##  Mem/Node : 40960 MB
## Directory : /gpfs/data/tserre/aarjun1/blender_render-color_pos
##   Started : Sat Jan 29 04:59:18 EST 2022
###############################################################################
4
##################################################
This is version: single_illuminant
##################################################
This is jobID: 3875994
##################################################
This is batch_size: 150000
##################################################
This is gpu_index: None
['scenes/AI_33/AI33_005/AI33_005_280.blend', 'scenes/AI_33/AI33_003/AI33_003_280.blend', 'scenes/AI_33/AI33_009/AI33_009_280.blend', 'scenes/AI_33/AI33_002/AI33_002_280.blend', 'scenes/AI_33/AI33_007/AI33_007_280.blend', 'scenes/AI_33/AI33_001/AI33_001_280.blend', 'scenes/AI_33/AI33_006/AI33_006_280.blend', 'scenes/AI_33/AI33_010/AI33_010_280.blend', 'scenes/AI_43/AI43_010/AI043_010_Blender.blend', 'scenes/AI_43/AI43_006/AI043_006_Blender.blend', 'scenes/AI_43/AI43_005/AI043_005_Blender.blend', 'scenes/AI_43/AI43_004/AI043_004.blend', 'scenes/AI_43/AI43_008_blender/AI043_008.blend', 'scenes/AI_43/AI43_009/AI043_009_Blender.blend', 'scenes/AI_43/AI43_003/AI043_003_Blender.blend', 'scenes/AI_43/AI43_001/AI043_001_Blender.blend', 'scenes/AI_48/AI48_001/AI48_001.blend', 'scenes/AI_48/AI48_002/AI48_002.blend', 'scenes/AI_48/AI48_008/AI48_008.blend', 'scenes/AI_48/AI48_010/AI48_010.blend', 'scenes/AI_48/AI48_009/AI48_009.blend', 'scenes/AI_48/AI48_003/AI48_003.blend', 'scenes/AI_48/AI48_004/AI48_004.blend', 'scenes/AI_58/AI58_002/AI58_002.blend', 'scenes/AI_58/AI58_005/AI58_005.blend', 'scenes/AI_58/AI58_007/AI58_007.blend', 'scenes/AI_58/AI58_001/AI58_001.blend', 'scenes/AI_58/AI58_008/AI58_008.blend', 'scenes/AI_58/AI58_006/AI58_006.blend', 'scenes/AI_58/AI58_009/AI58_009.blend', 'scenes/AI_58/AI58_010/AI58_010.blend']
blend_files len :  31
Rendering to folder: /gpfs/scratch/aarjun1/blender_data/data_no_filmic/images_single_illuminant
Job folder successfully created
~~~~~~~~~~~~~~~~~~~~~~~~~~~~~~~~~~~~~~~~~~~~~~~~~~
Rendering index 0
##################################################
This is lenn: 31
Background: AI58_006.blend
Background pivot: [0.0, 0.0, 0.0]
Universal color works22 : [0.8067612681440701, 0.805510226182986, 0.2791894272492155, 1]
Background intensity: 0.0
mat_count : 0
lamp_count: 0
vertices: [[-22.152263641357422, -12.628111839294434, 7.5573836966214e-07], [-22.152263641357422, -12.628110885620117, 17.048904418945312], [-22.152263641357422, 15.926796913146973, 17.048904418945312], [-22.152263641357422, 15.926795959472656, -4.924362997371645e-07], [16.309301376342773, -12.628111839294434, 7.5573836966214e-07], [16.309301376342773, -12.628110885620117, 17.048904418945312], [16.309301376342773, 15.926796913146973, 17.048904418945312], [16.309301376342773, 15.926795959472656, -4.924362997371645e-07]]
max_vol_name: ['AI_58_06_125background']
bounding_limits: [[-14.398971366882325, 10.601045894622803], [-8.208272075653076, 10.352417993545533], [7.5573836966214e-07, 17.048904418945312]]
max_vol_name_list: [['AI_58_06_125background'], ['AI_58_06_128background'], ['AI_58_06_129background']]
Model arrangement: single
sub_parameters: {'position_range': (-2.5, 2.5), 'directory': 'ben_blobs/test_stls', 'rotate': True, 'scale_range': (0.35, 0.55), 'scale_uniform': True}
position_range: (-2.5, 2.5)
position: [-11.291215714300844, 8.749720929068038, 7.037401917875744]
##################################################
This is lenn: 1
##################################################
This is lenn: 20
Importing model from shape_631.stl
Scale: [0.4898173132071593, 0.4898173132071593, 0.4898173132071593]
model pos (-11.291215714300844, 8.749720929068038, 7.037401917875744)
model counterr [11]
origin_location: [0.4790143370628357, 0.3621657192707062, -4.18902587890625]
Model center location: [-13.052053451538086, -7.0886664390563965, 7.137158393859863]
Camera location: (-12.57303911447525, -6.72650071978569, 2.9481325149536133), rotation: [-0.0316880546598717, -0.4443536068899385, -0.8930230134673818, -0.0636838806403272]
Camera counter: 1
Camera if_counter: 0
Camera bool_chi: False
Universal color works : [0.8067612681440701, 0.805510226182986, 0.2791894272492155, 1]
before light location: [0.74521404504776, -1.951594591140747, 0.19525854289531708]
counterr light: 1
if_counter light: 0
light location: (-12.306839406490326, -9.040261030197144, 7.33241693675518)
light bool_chi: False
Done Material: object
Color Material: [0.29906380550516587, 0.7973401331939154, 0.10506572069325043, 1]
##################################################
This is lenn: 1
light_colors: {'scene_light': [0.8067612681440701, 0.805510226182986, 0.2791894272492155, 1], 'light': [0.8067612681440701, 0.805510226182986, 0.2791894272492155, 1]}
scene_intensity: 103.75327478110174
Render activated_gpus: []
Render filename: 000000
