## SLURM PROLOG ###############################################################
##    Job ID : 3875995
##  Job Name : render_MI_val
##  Nodelist : gpu1203
##      CPUs : 1
##  Mem/Node : 40960 MB
## Directory : /gpfs/data/tserre/aarjun1/blender_render-color_pos
##   Started : Sat Jan 29 04:59:18 EST 2022
###############################################################################
5
##################################################
This is version: single_illuminant
##################################################
This is jobID: 3875995
##################################################
This is batch_size: 150000
##################################################
This is gpu_index: None
['scenes/AI_33/AI33_005/AI33_005_280.blend', 'scenes/AI_33/AI33_003/AI33_003_280.blend', 'scenes/AI_33/AI33_009/AI33_009_280.blend', 'scenes/AI_33/AI33_002/AI33_002_280.blend', 'scenes/AI_33/AI33_007/AI33_007_280.blend', 'scenes/AI_33/AI33_001/AI33_001_280.blend', 'scenes/AI_33/AI33_006/AI33_006_280.blend', 'scenes/AI_33/AI33_010/AI33_010_280.blend', 'scenes/AI_43/AI43_010/AI043_010_Blender.blend', 'scenes/AI_43/AI43_006/AI043_006_Blender.blend', 'scenes/AI_43/AI43_005/AI043_005_Blender.blend', 'scenes/AI_43/AI43_004/AI043_004.blend', 'scenes/AI_43/AI43_008_blender/AI043_008.blend', 'scenes/AI_43/AI43_009/AI043_009_Blender.blend', 'scenes/AI_43/AI43_003/AI043_003_Blender.blend', 'scenes/AI_43/AI43_001/AI043_001_Blender.blend', 'scenes/AI_48/AI48_001/AI48_001.blend', 'scenes/AI_48/AI48_002/AI48_002.blend', 'scenes/AI_48/AI48_008/AI48_008.blend', 'scenes/AI_48/AI48_010/AI48_010.blend', 'scenes/AI_48/AI48_009/AI48_009.blend', 'scenes/AI_48/AI48_003/AI48_003.blend', 'scenes/AI_48/AI48_004/AI48_004.blend', 'scenes/AI_58/AI58_002/AI58_002.blend', 'scenes/AI_58/AI58_005/AI58_005.blend', 'scenes/AI_58/AI58_007/AI58_007.blend', 'scenes/AI_58/AI58_001/AI58_001.blend', 'scenes/AI_58/AI58_008/AI58_008.blend', 'scenes/AI_58/AI58_006/AI58_006.blend', 'scenes/AI_58/AI58_009/AI58_009.blend', 'scenes/AI_58/AI58_010/AI58_010.blend']
blend_files len :  31
Rendering to folder: /gpfs/scratch/aarjun1/blender_data/data_no_filmic/images_single_illuminant
Job folder successfully created
~~~~~~~~~~~~~~~~~~~~~~~~~~~~~~~~~~~~~~~~~~~~~~~~~~
Rendering index 0
##################################################
This is lenn: 31
Background: AI33_009_280.blend
Background pivot: [0.0, 0.0, 0.0]
Universal color works22 : [0.5227103507613898, 0.28056523147683776, 0.8018332239137337, 1]
Background intensity: 0.0
mat_count : 0
lamp_count: 0
vertices: [[-20.98570442199707, -12.64957332611084, -5.10948371887207], [-20.98570442199707, -12.64957332611084, 3.2318785190582275], [-20.98570442199707, 17.741846084594727, 3.231877326965332], [-20.98570442199707, 17.741846084594727, -5.109485149383545], [17.475900650024414, -12.64957332611084, -5.10948371887207], [17.475900650024414, -12.64957332611084, 3.2318785190582275], [17.475900650024414, 17.741846084594727, 3.231877326965332], [17.475900650024414, 17.741846084594727, -5.109485149383545]]
max_vol_name: ['AI33_009_columns_001background']
bounding_limits: [[-13.640707874298096, 11.35933542251587], [-8.222222661972046, 11.532199954986572], [-5.10948371887207, 3.2318785190582275]]
max_vol_name_list: [['AI33_009_barrier_001hbackground'], ['AI33_009_books_001background'], ['AI33_009_cables_001background'], ['AI33_009_columns_001background'], ['AI33_009_floor_001background'], ['AI33_009_floor_001.001background'], ['AI33_009_frames_001background'], ['AI33_009_horizontal_pillars_001background'], ['AI33_009_lamp_001background'], ['AI33_009_lampstand_002background'], ['AI33_009_widnows_001background']]
Model arrangement: single
sub_parameters: {'position_range': (-2.5, 2.5), 'directory': 'ben_blobs/test_stls', 'scale_range': (0.35, 0.55), 'scale_uniform': True, 'rotate': True}
position_range: (-2.5, 2.5)
position: [9.521344715891457, -4.516650950677242, -1.8522092834770083]
##################################################
This is lenn: 1
##################################################
This is lenn: 20
Importing model from shape_905.stl
Scale: [0.4860429802266789, 0.4860429802266789, 0.4860429802266789]
model pos (9.521344715891457, -4.516650950677242, -1.8522092834770083)
model counterr [1]
origin_location: [-3.6788294315338135, -0.3107020854949951, 0.8120601177215576]
Model center location: [9.521345138549805, -4.516651153564453, -1.8522093296051025]
Camera location: (5.842515707015991, -4.827353239059448, -1.040149211883545), rotation: [0.5738153711904784, 0.4613182241658849, -0.423999128554862, -0.5273956340572847]
Camera counter: 1
Camera if_counter: 0
Camera bool_chi: False
Universal color works : [0.5227103507613898, 0.28056523147683776, 0.8018332239137337, 1]
before light location: [-2.4768991470336914, 1.0595142841339111, 0.7066040635108948]
counterr light: 1
if_counter light: 0
light location: (7.044445991516113, -3.457136869430542, -1.1456052660942078)
light bool_chi: False
Done Material: object
Color Material: [0.38887705624466584, 0.8099125638217431, 0.25704046967046745, 1]
##################################################
This is lenn: 1
light_colors: {'scene_light': [0.5227103507613898, 0.28056523147683776, 0.8018332239137337, 1], 'light': [0.5227103507613898, 0.28056523147683776, 0.8018332239137337, 1]}
scene_intensity: 152.9037085829765
Render activated_gpus: []
Render filename: 000000
