## SLURM PROLOG ###############################################################
##    Job ID : 3852999
##  Job Name : render_MI_val
##  Nodelist : gpu2010
##      CPUs : 1
##  Mem/Node : 40960 MB
## Directory : /gpfs/data/tserre/aarjun1/blender_render-color_pos
##   Started : Thu Jan 27 07:42:26 EST 2022
###############################################################################
25
##################################################
This is version: single_illuminant
##################################################
This is jobID: 3852999
##################################################
This is batch_size: 150000
##################################################
This is gpu_index: None
['scenes/AI_33/AI33_005/AI33_005_280.blend', 'scenes/AI_33/AI33_003/AI33_003_280.blend', 'scenes/AI_33/AI33_009/AI33_009_280.blend', 'scenes/AI_33/AI33_002/AI33_002_280.blend', 'scenes/AI_33/AI33_007/AI33_007_280.blend', 'scenes/AI_33/AI33_001/AI33_001_280.blend', 'scenes/AI_33/AI33_006/AI33_006_280.blend', 'scenes/AI_33/AI33_010/AI33_010_280.blend', 'scenes/AI_43/AI43_010/AI043_010_Blender.blend', 'scenes/AI_43/AI43_006/AI043_006_Blender.blend', 'scenes/AI_43/AI43_005/AI043_005_Blender.blend', 'scenes/AI_43/AI43_004/AI043_004.blend', 'scenes/AI_43/AI43_008_blender/AI043_008.blend', 'scenes/AI_43/AI43_009/AI043_009_Blender.blend', 'scenes/AI_43/AI43_003/AI043_003_Blender.blend', 'scenes/AI_43/AI43_001/AI043_001_Blender.blend', 'scenes/AI_48/AI48_001/AI48_001.blend', 'scenes/AI_48/AI48_002/AI48_002.blend', 'scenes/AI_48/AI48_008/AI48_008.blend', 'scenes/AI_48/AI48_010/AI48_010.blend', 'scenes/AI_48/AI48_009/AI48_009.blend', 'scenes/AI_48/AI48_003/AI48_003.blend', 'scenes/AI_48/AI48_004/AI48_004.blend', 'scenes/AI_58/AI58_002/AI58_002.blend', 'scenes/AI_58/AI58_005/AI58_005.blend', 'scenes/AI_58/AI58_007/AI58_007.blend', 'scenes/AI_58/AI58_001/AI58_001.blend', 'scenes/AI_58/AI58_008/AI58_008.blend', 'scenes/AI_58/AI58_006/AI58_006.blend', 'scenes/AI_58/AI58_009/AI58_009.blend', 'scenes/AI_58/AI58_010/AI58_010.blend']
blend_files len :  31
Rendering to folder: /gpfs/scratch/aarjun1/blender_data/data5/images_single_illuminant
Job folder successfully created
~~~~~~~~~~~~~~~~~~~~~~~~~~~~~~~~~~~~~~~~~~~~~~~~~~
Rendering index 0
##################################################
This is lenn: 31
Background: AI33_007_280.blend
Background pivot: [0.0, 0.0, 0.0]
Universal color works22 : [0.5848685828071701, 0.6758172482493039, 0.555421692245201, 1]
Background intensity: 0.0
mat_count : 0
lamp_count: 0
vertices: [[-12.647257804870605, -11.510225296020508, -2.31748628616333], [-12.647257804870605, -11.510225296020508, 6.975137233734131], [-12.647257804870605, 13.080890655517578, 6.9751362800598145], [-12.647257804870605, 13.080890655517578, -2.3174872398376465], [25.814292907714844, -11.510225296020508, -2.31748628616333], [25.814292907714844, -11.510225296020508, 6.975137233734131], [25.814292907714844, 13.080890655517578, 6.9751362800598145], [25.814292907714844, 13.080890655517578, -2.3174872398376465]]
max_vol_name: ['AI33_007_obj_137background']
bounding_limits: [[-8.220717573165894, 16.779290390014648], [-7.48164644241333, 8.502578926086427], [-2.31748628616333, 6.975137233734131]]
max_vol_name_list: [['AI33_007_obj_024background'], ['AI33_007_obj_025background'], ['AI33_007_obj_027background'], ['AI33_007_obj_028background'], ['AI33_007_obj_030background'], ['AI33_007_obj_087background'], ['AI33_007_obj_090background'], ['AI33_007_obj_091background'], ['AI33_007_obj_123background'], ['AI33_007_obj_124background'], ['AI33_007_obj_134background'], ['AI33_007_obj_137background'], ['AI33_007_obj_161background'], ['AI33_007_obj_162background'], ['AI33_007_obj_163background']]
Model arrangement: single
sub_parameters: {'scale_uniform': True, 'directory': 'ben_blobs/test_stls', 'rotate': True, 'position_range': (-2.5, 2.5), 'scale_range': (0.35, 0.55)}
position_range: (-2.5, 2.5)
position: [15.632921292526847, -4.584509314101913, 3.449892390701917]
##################################################
This is lenn: 1
##################################################
This is lenn: 20
Importing model from shape_864.stl
Scale: [0.48871499230057514, 0.48871499230057514, 0.48871499230057514]
model pos (15.632921292526847, -4.584509314101913, 3.449892390701917)
model counterr [8]
origin_location: [-0.6275209784507751, -2.2872910499572754, -4.5957350730896]
Model center location: [11.691632270812988, -5.708498477935791, 1.6357195973396301]
Camera location: (11.064111292362213, -7.995789527893066, -2.9600154757499695), rotation: [0.23385972984765568, 0.9630639757155348, -0.12971232756037504, -0.031497896968518714]
Camera counter: 25
Camera if_counter: 0
Camera bool_chi: True
~~~~~~~~~~~~~~~~~~~~~~~~~~~~~~~~~~~~~~~~~~~~~~~~~~
Rendering index 0
##################################################
This is lenn: 31
Background: AI33_007_280.blend
Background pivot: [0.0, 0.0, 0.0]
Universal color works22 : [0.5712579946201973, 0.8869663294385639, 0.2168012592767009, 1]
Background intensity: 0.0
mat_count : 0
lamp_count: 0
vertices: [[-12.647257804870605, -11.510225296020508, -2.31748628616333], [-12.647257804870605, -11.510225296020508, 6.975137233734131], [-12.647257804870605, 13.080890655517578, 6.9751362800598145], [-12.647257804870605, 13.080890655517578, -2.3174872398376465], [25.814292907714844, -11.510225296020508, -2.31748628616333], [25.814292907714844, -11.510225296020508, 6.975137233734131], [25.814292907714844, 13.080890655517578, 6.9751362800598145], [25.814292907714844, 13.080890655517578, -2.3174872398376465]]
max_vol_name: ['AI33_007_obj_137background']
bounding_limits: [[-8.220717573165894, 16.779290390014648], [-7.48164644241333, 8.502578926086427], [-2.31748628616333, 6.975137233734131]]
max_vol_name_list: [['AI33_007_obj_024background'], ['AI33_007_obj_025background'], ['AI33_007_obj_027background'], ['AI33_007_obj_028background'], ['AI33_007_obj_030background'], ['AI33_007_obj_087background'], ['AI33_007_obj_090background'], ['AI33_007_obj_091background'], ['AI33_007_obj_123background'], ['AI33_007_obj_124background'], ['AI33_007_obj_134background'], ['AI33_007_obj_137background'], ['AI33_007_obj_161background'], ['AI33_007_obj_162background'], ['AI33_007_obj_163background']]
Model arrangement: single
sub_parameters: {'files': ['/gpfs/scratch/aarjun1/train_data/ben_blobs/test_stls/shape_621.stl', '/gpfs/scratch/aarjun1/train_data/ben_blobs/test_stls/shape_755.stl', '/gpfs/scratch/aarjun1/train_data/ben_blobs/test_stls/shape_864.stl', '/gpfs/scratch/aarjun1/train_data/ben_blobs/test_stls/shape_400.stl', '/gpfs/scratch/aarjun1/train_data/ben_blobs/test_stls/shape_685.stl', '/gpfs/scratch/aarjun1/train_data/ben_blobs/test_stls/shape_863.stl', '/gpfs/scratch/aarjun1/train_data/ben_blobs/test_stls/shape_905.stl', '/gpfs/scratch/aarjun1/train_data/ben_blobs/test_stls/shape_939.stl', '/gpfs/scratch/aarjun1/train_data/ben_blobs/test_stls/shape_631.stl', '/gpfs/scratch/aarjun1/train_data/ben_blobs/test_stls/shape_364.stl', '/gpfs/scratch/aarjun1/train_data/ben_blobs/test_stls/shape_375.stl', '/gpfs/scratch/aarjun1/train_data/ben_blobs/test_stls/shape_711.stl', '/gpfs/scratch/aarjun1/train_data/ben_blobs/test_stls/shape_892.stl', '/gpfs/scratch/aarjun1/train_data/ben_blobs/test_stls/shape_951.stl', '/gpfs/scratch/aarjun1/train_data/ben_blobs/test_stls/shape_702.stl', '/gpfs/scratch/aarjun1/train_data/ben_blobs/test_stls/shape_597.stl', '/gpfs/scratch/aarjun1/train_data/ben_blobs/test_stls/shape_17.stl', '/gpfs/scratch/aarjun1/train_data/ben_blobs/test_stls/shape_971.stl', '/gpfs/scratch/aarjun1/train_data/ben_blobs/test_stls/shape_371.stl', '/gpfs/scratch/aarjun1/train_data/ben_blobs/test_stls/shape_461.stl'], 'directory': 'ben_blobs/test_stls', 'rotate': True, 'scale_uniform': True, 'scale_range': (0.35, 0.55), 'position_range': (-2.5, 2.5)}
position_range: (-2.5, 2.5)
position: [2.1367620827723854, -6.9099136118577, 0.6403023446959937]
##################################################
This is lenn: 1
##################################################
This is lenn: 20
Importing model from shape_461.stl
Scale: [0.3861750966578013, 0.3861750966578013, 0.3861750966578013]
model pos (2.1367620827723854, -6.9099136118577, 0.6403023446959937)
model counterr [1]
origin_location: [0.23387977480888367, -0.4563082456588745, -2.7623445987701416]
Model center location: [2.1367621421813965, -6.909913539886475, 0.6403023451566696]
Camera location: (2.37064191699028, -7.366221785545349, -2.122042253613472), rotation: [0.08908055922240797, 0.9679993032263714, 0.23362316694753857, 0.021499274110665233]
Camera counter: 22
Camera if_counter: 0
Camera bool_chi: False
Universal color works : [0.5712579946201973, 0.8869663294385639, 0.2168012592767009, 1]
before light location: [-0.08611971139907837, 0.5870940089225769, 1.1655025482177734]
counterr light: 1
if_counter light: 0
light location: (2.050642430782318, -6.322819530963898, 1.805804893374443)
light bool_chi: False
Done Material: object
Color Material: [0.35321469846596, 0.4584329325066646, 0.6409791233936559, 1]
##################################################
This is lenn: 1
light_colors: {'scene_light': [0.5712579946201973, 0.8869663294385639, 0.2168012592767009, 1], 'light': [0.5712579946201973, 0.8869663294385639, 0.2168012592767009, 1]}
scene_intensity: 124.80428157061672
Render activated_gpus: []
Render filename: 000000
info_dict: {'light_intensity': 124.80428157061672, 'camera_dist': 2.8095310367524875, 'blob_color': [0.35321469846596, 0.4584329325066646, 0.6409791233936559, 1], 'scene_color': [0.5712579946201973, 0.8869663294385639, 0.2168012592767009, 1], 'scene_name': 'AI33_007_280.blend'}
Render activated_gpus: []
Render filename: 000000.gt_sm
