## SLURM PROLOG ###############################################################
##    Job ID : 3876002
##  Job Name : render_MI_val
##  Nodelist : gpu1401
##      CPUs : 1
##  Mem/Node : 40960 MB
## Directory : /gpfs/data/tserre/aarjun1/blender_render-color_pos
##   Started : Sat Jan 29 04:59:23 EST 2022
###############################################################################
12
##################################################
This is version: single_illuminant
##################################################
This is jobID: 3876002
##################################################
This is batch_size: 150000
##################################################
This is gpu_index: None
['scenes/AI_33/AI33_005/AI33_005_280.blend', 'scenes/AI_33/AI33_003/AI33_003_280.blend', 'scenes/AI_33/AI33_009/AI33_009_280.blend', 'scenes/AI_33/AI33_002/AI33_002_280.blend', 'scenes/AI_33/AI33_007/AI33_007_280.blend', 'scenes/AI_33/AI33_001/AI33_001_280.blend', 'scenes/AI_33/AI33_006/AI33_006_280.blend', 'scenes/AI_33/AI33_010/AI33_010_280.blend', 'scenes/AI_43/AI43_010/AI043_010_Blender.blend', 'scenes/AI_43/AI43_006/AI043_006_Blender.blend', 'scenes/AI_43/AI43_005/AI043_005_Blender.blend', 'scenes/AI_43/AI43_004/AI043_004.blend', 'scenes/AI_43/AI43_008_blender/AI043_008.blend', 'scenes/AI_43/AI43_009/AI043_009_Blender.blend', 'scenes/AI_43/AI43_003/AI043_003_Blender.blend', 'scenes/AI_43/AI43_001/AI043_001_Blender.blend', 'scenes/AI_48/AI48_001/AI48_001.blend', 'scenes/AI_48/AI48_002/AI48_002.blend', 'scenes/AI_48/AI48_008/AI48_008.blend', 'scenes/AI_48/AI48_010/AI48_010.blend', 'scenes/AI_48/AI48_009/AI48_009.blend', 'scenes/AI_48/AI48_003/AI48_003.blend', 'scenes/AI_48/AI48_004/AI48_004.blend', 'scenes/AI_58/AI58_002/AI58_002.blend', 'scenes/AI_58/AI58_005/AI58_005.blend', 'scenes/AI_58/AI58_007/AI58_007.blend', 'scenes/AI_58/AI58_001/AI58_001.blend', 'scenes/AI_58/AI58_008/AI58_008.blend', 'scenes/AI_58/AI58_006/AI58_006.blend', 'scenes/AI_58/AI58_009/AI58_009.blend', 'scenes/AI_58/AI58_010/AI58_010.blend']
blend_files len :  31
Rendering to folder: /gpfs/scratch/aarjun1/blender_data/data_no_filmic/images_single_illuminant
Job folder successfully created
~~~~~~~~~~~~~~~~~~~~~~~~~~~~~~~~~~~~~~~~~~~~~~~~~~
Rendering index 0
##################################################
This is lenn: 31
Background: AI48_004.blend
Background pivot: [0.0, 0.0, 0.0]
Universal color works22 : [0.7691777107373196, 0.3521404887303392, 0.26133944847920026, 1]
Background intensity: 0.0
mat_count : 0
lamp_count: 0
vertices: [[-20.305208206176758, -18.652700424194336, -0.05821257457137108], [-20.305208206176758, -18.652700424194336, 10.971534729003906], [-20.305208206176758, 19.808794021606445, 10.971532821655273], [-20.305208206176758, 19.808794021606445, -0.058214254677295685], [2.1590309143066406, -18.652700424194336, -0.05821257457137108], [2.1590309143066406, -18.652700424194336, 10.971534729003906], [2.1590309143066406, 19.808794021606445, 10.971532821655273], [2.1590309143066406, 19.808794021606445, -0.058214254677295685]]
max_vol_name: ['AI48_004_blockerbackground']
bounding_limits: [[-13.198385334014892, 1.4033700942993164], [-12.124255275726318, 12.87571611404419], [-0.05821257457137108, 10.971534729003906]]
max_vol_name_list: [['AI48_004_basket_background'], ['AI48_004_blockerbackground'], ['AI48_004_floor_planksbackground'], ['AI48_004_planksbackground'], ['AI48_004_skull_hornsbackground'], ['AI48_004_table_v1background'], ['AI48_004_wood_construction_01background']]
Model arrangement: single
sub_parameters: {'scale_uniform': True, 'rotate': True, 'position_range': (-2.5, 2.5), 'scale_range': (0.35, 0.55), 'directory': 'ben_blobs/test_stls'}
position_range: (-2.5, 2.5)
position: [-2.7535142525269265, -7.748517869450212, 9.230807370954649]
##################################################
This is lenn: 1
##################################################
This is lenn: 20
Importing model from shape_597.stl
Scale: [0.38705023415798884, 0.38705023415798884, 0.38705023415798884]
model pos (-2.7535142525269265, -7.748517869450212, 9.230807370954649)
model counterr [3]
origin_location: [1.8651034832000732, 2.1842708587646484, -2.9491536617279053]
Model center location: [-2.4797074794769287, 12.663052558898926, 8.09682846069336]
Camera location: (-0.6146039962768555, 14.847323417663574, 5.147674798965454), rotation: [-0.13031694267036528, -0.32058802521003027, -0.8691477822778305, -0.35330290843200046]
Camera counter: 1
Camera if_counter: 0
Camera bool_chi: False
Universal color works : [0.7691777107373196, 0.3521404887303392, 0.26133944847920026, 1]
before light location: [-0.7192380428314209, 0.17582865059375763, 1.8213392496109009]
counterr light: 25
if_counter light: 0
light location: (-3.1989455223083496, 12.838881209492683, 9.91816771030426)
light bool_chi: True
~~~~~~~~~~~~~~~~~~~~~~~~~~~~~~~~~~~~~~~~~~~~~~~~~~
Rendering index 0
##################################################
This is lenn: 31
Background: AI58_001.blend
Background pivot: [0.0, 0.0, 0.0]
Universal color works22 : [0.7967205244447608, 0.44579754173200115, 0.5793595008281591, 1]
Background intensity: 0.0
mat_count : 0
lamp_count: 0
vertices: [[-26.5157527923584, -26.899662017822266, 7.72102225710114e-07], [-26.5157527923584, -26.899662017822266, 8.755249977111816], [-26.5157527923584, 8.427618980407715, 8.755248069763184], [-26.5157527923584, 8.427618980407715, -7.721023393969517e-07], [11.94576644897461, -26.899662017822266, 7.72102225710114e-07], [11.94576644897461, -26.899662017822266, 8.755249977111816], [11.94576644897461, 8.427618980407715, 8.755248069763184], [11.94576644897461, 8.427618980407715, -7.721023393969517e-07]]
max_vol_name: ['AI58_001_Wall_002background']
bounding_limits: [[-17.23523931503296, 7.764748191833497], [-17.484780311584473, 5.477952337265015], [7.72102225710114e-07, 8.755249977111816]]
max_vol_name_list: [['AI58_001_Ceilingbackground'], ['AI58_001_Floor_Basebackground'], ['AI58_001_Furniture_kitechen_base_002background'], ['AI58_001_Wall_002background'], ['AI58_001_Wall_004background']]
Model arrangement: single
sub_parameters: {'scale_uniform': True, 'rotate': True, 'position_range': (-2.5, 2.5), 'directory': 'ben_blobs/test_stls', 'scale_range': (0.35, 0.55), 'files': ['/gpfs/scratch/aarjun1/train_data/ben_blobs/test_stls/shape_621.stl', '/gpfs/scratch/aarjun1/train_data/ben_blobs/test_stls/shape_755.stl', '/gpfs/scratch/aarjun1/train_data/ben_blobs/test_stls/shape_864.stl', '/gpfs/scratch/aarjun1/train_data/ben_blobs/test_stls/shape_400.stl', '/gpfs/scratch/aarjun1/train_data/ben_blobs/test_stls/shape_685.stl', '/gpfs/scratch/aarjun1/train_data/ben_blobs/test_stls/shape_863.stl', '/gpfs/scratch/aarjun1/train_data/ben_blobs/test_stls/shape_905.stl', '/gpfs/scratch/aarjun1/train_data/ben_blobs/test_stls/shape_939.stl', '/gpfs/scratch/aarjun1/train_data/ben_blobs/test_stls/shape_631.stl', '/gpfs/scratch/aarjun1/train_data/ben_blobs/test_stls/shape_364.stl', '/gpfs/scratch/aarjun1/train_data/ben_blobs/test_stls/shape_375.stl', '/gpfs/scratch/aarjun1/train_data/ben_blobs/test_stls/shape_711.stl', '/gpfs/scratch/aarjun1/train_data/ben_blobs/test_stls/shape_892.stl', '/gpfs/scratch/aarjun1/train_data/ben_blobs/test_stls/shape_951.stl', '/gpfs/scratch/aarjun1/train_data/ben_blobs/test_stls/shape_702.stl', '/gpfs/scratch/aarjun1/train_data/ben_blobs/test_stls/shape_597.stl', '/gpfs/scratch/aarjun1/train_data/ben_blobs/test_stls/shape_17.stl', '/gpfs/scratch/aarjun1/train_data/ben_blobs/test_stls/shape_971.stl', '/gpfs/scratch/aarjun1/train_data/ben_blobs/test_stls/shape_371.stl', '/gpfs/scratch/aarjun1/train_data/ben_blobs/test_stls/shape_461.stl']}
position_range: (-2.5, 2.5)
position: [-1.6079057149203688, -2.845042434210729, 4.333218026979422]
##################################################
This is lenn: 1
##################################################
This is lenn: 20
Importing model from shape_400.stl
Scale: [0.5097704640448941, 0.5097704640448941, 0.5097704640448941]
model pos (-1.6079057149203688, -2.845042434210729, 4.333218026979422)
model counterr [1]
origin_location: [1.61208975315094, 4.537097454071045, 1.7211964130401611]
Model center location: [-1.6079058349132538, -2.8450424671173096, 4.333218097686768]
Camera location: (0.004183918237686157, 1.6920549869537354, 6.054414510726929), rotation: [-0.13887029772493775, -0.09783473602202343, -0.5675605707661421, -0.8056167844260067]
Camera counter: 5
Camera if_counter: 0
Camera bool_chi: False
Universal color works : [0.7967205244447608, 0.44579754173200115, 0.5793595008281591, 1]
before light location: [0.04215520620346069, 0.07242754101753235, 3.4023597240448]
counterr light: 1
if_counter light: 0
light location: (-1.565750628709793, -2.772614926099777, 7.735577821731567)
light bool_chi: False
Done Material: object
Color Material: [0.7289070851897329, 0.4141317723231177, 0.3811025304355691, 1]
##################################################
This is lenn: 1
light_colors: {'light': [0.7967205244447608, 0.44579754173200115, 0.5793595008281591, 1], 'scene_light': [0.7967205244447608, 0.44579754173200115, 0.5793595008281591, 1]}
scene_intensity: 155.5662800300652
Render activated_gpus: []
Render filename: 000000
