## SLURM PROLOG ###############################################################
##    Job ID : 3714926
##  Job Name : render_MI_val
##  Nodelist : node1756
##      CPUs : 7
##  Mem/Node : 40960 MB
## Directory : /gpfs/data/tserre/aarjun1/blender_render-color_pos
##   Started : Mon Dec 27 01:44:59 EST 2021
###############################################################################
14
##################################################
This is version: single_illuminant
##################################################
This is jobID: 3714926
##################################################
This is batch_size: 150000
##################################################
This is gpu_index: None
['scenes/AI_33/AI33_005/AI33_005_280.blend', 'scenes/AI_33/AI33_003/AI33_003_280.blend', 'scenes/AI_33/AI33_009/AI33_009_280.blend', 'scenes/AI_33/AI33_002/AI33_002_280.blend', 'scenes/AI_33/AI33_007/AI33_007_280.blend', 'scenes/AI_33/AI33_001/AI33_001_280.blend', 'scenes/AI_33/AI33_006/AI33_006_280.blend', 'scenes/AI_33/AI33_010/AI33_010_280.blend', 'scenes/AI_43/AI43_010/AI043_010_Blender.blend', 'scenes/AI_43/AI43_006/AI043_006_Blender.blend', 'scenes/AI_43/AI43_005/AI043_005_Blender.blend', 'scenes/AI_43/AI43_004/AI043_004.blend', 'scenes/AI_43/AI43_008_blender/AI043_008.blend', 'scenes/AI_43/AI43_009/AI043_009_Blender.blend', 'scenes/AI_43/AI43_003/AI043_003_Blender.blend', 'scenes/AI_43/AI43_001/AI043_001_Blender.blend', 'scenes/AI_48/AI48_001/AI48_001.blend', 'scenes/AI_48/AI48_002/AI48_002.blend', 'scenes/AI_48/AI48_008/AI48_008.blend', 'scenes/AI_48/AI48_010/AI48_010.blend', 'scenes/AI_48/AI48_009/AI48_009.blend', 'scenes/AI_48/AI48_003/AI48_003.blend', 'scenes/AI_48/AI48_004/AI48_004.blend', 'scenes/AI_58/AI58_002/AI58_002.blend', 'scenes/AI_58/AI58_005/AI58_005.blend', 'scenes/AI_58/AI58_007/AI58_007.blend', 'scenes/AI_58/AI58_001/AI58_001.blend', 'scenes/AI_58/AI58_008/AI58_008.blend', 'scenes/AI_58/AI58_006/AI58_006.blend', 'scenes/AI_58/AI58_009/AI58_009.blend', 'scenes/AI_58/AI58_010/AI58_010.blend']
blend_files len :  31
Rendering to folder: /gpfs/scratch/aarjun1/blender_data/data5/images_single_illuminant
Job folder successfully created
~~~~~~~~~~~~~~~~~~~~~~~~~~~~~~~~~~~~~~~~~~~~~~~~~~
Rendering index 0
##################################################
This is lenn: 31
Background: AI48_008.blend
Background pivot: [0.0, 0.0, 0.0]
Universal color works22 : [0.32581912504560584, 0.7233455156258976, 0.5059150346148947, 1]
Background intensity: 0.0
mat_count : 0
lamp_count: 0
vertices: [[-16.65146255493164, -25.752456665039062, -16.616926193237305], [-16.65146255493164, -25.752456665039062, 1.8437615633010864], [-16.65146255493164, 12.709089279174805, 1.8437598943710327], [-16.65146255493164, 12.709089279174805, -16.616928100585938], [19.19069480895996, -25.752456665039062, -16.616926193237305], [19.19069480895996, -25.752456665039062, 1.8437615633010864], [19.19069480895996, 12.709089279174805, 1.8437598943710327], [19.19069480895996, 12.709089279174805, -16.616928100585938]]
max_vol_name: ['AI48_008_313background']
bounding_limits: [[-10.823450660705566, 12.473951625823975], [-16.73909683227539, 8.260908031463623], [-16.616926193237305, 1.8437615633010864]]
max_vol_name_list: [['AI48_008_183background'], ['AI48_008_312background'], ['AI48_008_313background'], ['AI48_008_314background'], ['AI48_008_315background'], ['AI48_008_317background']]
Model arrangement: single
sub_parameters: {'scale_uniform': True, 'directory': 'ben_blobs/test_stls', 'scale_range': (0.35, 0.55), 'position_range': (-2.5, 2.5), 'rotate': True}
position_range: (-2.5, 2.5)
position: [3.8393870467799704, -8.413433942398354, -6.1051621629490604]
##################################################
This is lenn: 1
##################################################
This is lenn: 20
Importing model from shape_400.stl
Scale: [0.41707370958086554, 0.41707370958086554, 0.41707370958086554]
model pos (3.8393870467799704, -8.413433942398354, -6.1051621629490604)
model counterr [3]
origin_location: [-1.5128681659698486, -3.010267972946167, -1.9481779336929321]
Model center location: [5.575335502624512, -2.220670461654663, -3.087576985359192]
Camera location: (4.062467336654663, -5.23093843460083, -5.035754919052124), rotation: [0.48621963392835676, 0.8428190724433199, -0.19987631613043141, -0.11530800908213017]
Camera counter: 1
Camera if_counter: 0
Camera bool_chi: False
Universal color works : [0.32581912504560584, 0.7233455156258976, 0.5059150346148947, 1]
before light location: [0.017604907974600792, 0.29317134618759155, 2.427713632583618]
counterr light: 1
if_counter light: 0
light location: (5.5929404105991125, -1.9274991154670715, -0.6598633527755737)
light bool_chi: False
Done Material: object
Color Material: [0.3669648758392736, 0.3656400454674421, 0.4557966875992998, 1]
##################################################
This is lenn: 1
light_colors: {'light': [0.32581912504560584, 0.7233455156258976, 0.5059150346148947, 1], 'scene_light': [0.32581912504560584, 0.7233455156258976, 0.5059150346148947, 1]}
scene_intensity: 152.0212944814683
Render activated_gpus: []
Render filename: 000000
