## SLURM PROLOG ###############################################################
##    Job ID : 3714921
##  Job Name : render_MI_val
##  Nodelist : node1121
##      CPUs : 7
##  Mem/Node : 40960 MB
## Directory : /gpfs/data/tserre/aarjun1/blender_render-color_pos
##   Started : Mon Dec 27 01:44:59 EST 2021
###############################################################################
9
##################################################
This is version: single_illuminant
##################################################
This is jobID: 3714921
##################################################
This is batch_size: 150000
##################################################
This is gpu_index: None
['scenes/AI_33/AI33_005/AI33_005_280.blend', 'scenes/AI_33/AI33_003/AI33_003_280.blend', 'scenes/AI_33/AI33_009/AI33_009_280.blend', 'scenes/AI_33/AI33_002/AI33_002_280.blend', 'scenes/AI_33/AI33_007/AI33_007_280.blend', 'scenes/AI_33/AI33_001/AI33_001_280.blend', 'scenes/AI_33/AI33_006/AI33_006_280.blend', 'scenes/AI_33/AI33_010/AI33_010_280.blend', 'scenes/AI_43/AI43_010/AI043_010_Blender.blend', 'scenes/AI_43/AI43_006/AI043_006_Blender.blend', 'scenes/AI_43/AI43_005/AI043_005_Blender.blend', 'scenes/AI_43/AI43_004/AI043_004.blend', 'scenes/AI_43/AI43_008_blender/AI043_008.blend', 'scenes/AI_43/AI43_009/AI043_009_Blender.blend', 'scenes/AI_43/AI43_003/AI043_003_Blender.blend', 'scenes/AI_43/AI43_001/AI043_001_Blender.blend', 'scenes/AI_48/AI48_001/AI48_001.blend', 'scenes/AI_48/AI48_002/AI48_002.blend', 'scenes/AI_48/AI48_008/AI48_008.blend', 'scenes/AI_48/AI48_010/AI48_010.blend', 'scenes/AI_48/AI48_009/AI48_009.blend', 'scenes/AI_48/AI48_003/AI48_003.blend', 'scenes/AI_48/AI48_004/AI48_004.blend', 'scenes/AI_58/AI58_002/AI58_002.blend', 'scenes/AI_58/AI58_005/AI58_005.blend', 'scenes/AI_58/AI58_007/AI58_007.blend', 'scenes/AI_58/AI58_001/AI58_001.blend', 'scenes/AI_58/AI58_008/AI58_008.blend', 'scenes/AI_58/AI58_006/AI58_006.blend', 'scenes/AI_58/AI58_009/AI58_009.blend', 'scenes/AI_58/AI58_010/AI58_010.blend']
blend_files len :  31
Rendering to folder: /gpfs/scratch/aarjun1/blender_data/data5/images_single_illuminant
Job folder successfully created
~~~~~~~~~~~~~~~~~~~~~~~~~~~~~~~~~~~~~~~~~~~~~~~~~~
Rendering index 0
##################################################
This is lenn: 31
Background: AI48_009.blend
Background pivot: [0.0, 0.0, 0.0]
Universal color works22 : [0.49494208617846647, 0.60622843653691, 0.3072683019747343, 1]
Background intensity: 0.0
mat_count : 0
lamp_count: 0
vertices: [[12.323814392089844, 23.951065063476562, 4.115785121917725], [12.323814392089844, 23.951066970825195, 18.631988525390625], [12.32382869720459, -14.510455131530762, 18.63199234008789], [12.32382869720459, -14.510457038879395, 4.115789890289307], [-18.79796028137207, 23.951053619384766, 4.115785121917725], [-18.79796028137207, 23.9510555267334, 18.631988525390625], [-18.797945022583008, -14.510467529296875, 18.63199234008789], [-18.797945022583008, -14.510469436645508, 4.115789890289307]]
max_vol_name: ['AI48_009_roof_01background']
bounding_limits: [[8.010479354858399, -12.218674182891846], [15.568193531036377, -9.431795835494995], [4.115785121917725, 18.631988525390625]]
max_vol_name_list: [['AI48_009_baseboard_02background'], ['AI48_009_obj_007background'], ['AI48_009_roof_01background'], ['AI48_009_tablebackground'], ['Planebackground']]
Model arrangement: single
sub_parameters: {'scale_uniform': True, 'directory': 'ben_blobs/test_stls', 'scale_range': (0.35, 0.55), 'position_range': (-2.5, 2.5), 'rotate': True}
position_range: (-2.5, 2.5)
position: [4.382745863884658, -0.926862119509039, 6.753933400837778]
##################################################
This is lenn: 1
##################################################
This is lenn: 20
Importing model from shape_755.stl
Scale: [0.5474765245944255, 0.5474765245944255, 0.5474765245944255]
model pos (4.382745863884658, -0.926862119509039, 6.753933400837778)
model counterr [2]
origin_location: [-0.8960720300674438, -0.5611755847930908, -5.527465343475342]
Model center location: [6.822890281677246, 8.103616714477539, 4.710236549377441]
Camera location: (5.926818251609802, 7.542441129684448, -0.8172287940979004), rotation: [0.08254996259649171, 0.8709588589326704, -0.4822108406928079, -0.045704210313212215]
Camera counter: 3
Camera if_counter: 0
Camera bool_chi: False
Universal color works : [0.49494208617846647, 0.60622843653691, 0.3072683019747343, 1]
before light location: [-0.6571918725967407, -3.1393115520477295, 0.47160714864730835]
counterr light: 1
if_counter light: 0
light location: (6.165698409080505, 4.96430516242981, 5.18184369802475)
light bool_chi: False
Done Material: object
Color Material: [0.15612198267574204, 0.6508408568347049, 0.26938220928448264, 1]
##################################################
This is lenn: 1
light_colors: {'scene_light': [0.49494208617846647, 0.60622843653691, 0.3072683019747343, 1], 'light': [0.49494208617846647, 0.60622843653691, 0.3072683019747343, 1]}
scene_intensity: 151.05655214269302
Render activated_gpus: []
Render filename: 000000
