## SLURM PROLOG ###############################################################
##    Job ID : 3876001
##  Job Name : render_MI_val
##  Nodelist : gpu1401
##      CPUs : 1
##  Mem/Node : 40960 MB
## Directory : /gpfs/data/tserre/aarjun1/blender_render-color_pos
##   Started : Sat Jan 29 04:59:21 EST 2022
###############################################################################
11
##################################################
This is version: single_illuminant
##################################################
This is jobID: 3876001
##################################################
This is batch_size: 150000
##################################################
This is gpu_index: None
['scenes/AI_33/AI33_005/AI33_005_280.blend', 'scenes/AI_33/AI33_003/AI33_003_280.blend', 'scenes/AI_33/AI33_009/AI33_009_280.blend', 'scenes/AI_33/AI33_002/AI33_002_280.blend', 'scenes/AI_33/AI33_007/AI33_007_280.blend', 'scenes/AI_33/AI33_001/AI33_001_280.blend', 'scenes/AI_33/AI33_006/AI33_006_280.blend', 'scenes/AI_33/AI33_010/AI33_010_280.blend', 'scenes/AI_43/AI43_010/AI043_010_Blender.blend', 'scenes/AI_43/AI43_006/AI043_006_Blender.blend', 'scenes/AI_43/AI43_005/AI043_005_Blender.blend', 'scenes/AI_43/AI43_004/AI043_004.blend', 'scenes/AI_43/AI43_008_blender/AI043_008.blend', 'scenes/AI_43/AI43_009/AI043_009_Blender.blend', 'scenes/AI_43/AI43_003/AI043_003_Blender.blend', 'scenes/AI_43/AI43_001/AI043_001_Blender.blend', 'scenes/AI_48/AI48_001/AI48_001.blend', 'scenes/AI_48/AI48_002/AI48_002.blend', 'scenes/AI_48/AI48_008/AI48_008.blend', 'scenes/AI_48/AI48_010/AI48_010.blend', 'scenes/AI_48/AI48_009/AI48_009.blend', 'scenes/AI_48/AI48_003/AI48_003.blend', 'scenes/AI_48/AI48_004/AI48_004.blend', 'scenes/AI_58/AI58_002/AI58_002.blend', 'scenes/AI_58/AI58_005/AI58_005.blend', 'scenes/AI_58/AI58_007/AI58_007.blend', 'scenes/AI_58/AI58_001/AI58_001.blend', 'scenes/AI_58/AI58_008/AI58_008.blend', 'scenes/AI_58/AI58_006/AI58_006.blend', 'scenes/AI_58/AI58_009/AI58_009.blend', 'scenes/AI_58/AI58_010/AI58_010.blend']
blend_files len :  31
Rendering to folder: /gpfs/scratch/aarjun1/blender_data/data_no_filmic/images_single_illuminant
Job folder successfully created
~~~~~~~~~~~~~~~~~~~~~~~~~~~~~~~~~~~~~~~~~~~~~~~~~~
Rendering index 0
##################################################
This is lenn: 31
Background: AI48_008.blend
Background pivot: [0.0, 0.0, 0.0]
Universal color works22 : [0.2305597554855032, 0.49680491216553946, 0.5633103830815681, 1]
Background intensity: 0.0
mat_count : 0
lamp_count: 0
vertices: [[-16.65146255493164, -25.752456665039062, -16.616926193237305], [-16.65146255493164, -25.752456665039062, 1.8437615633010864], [-16.65146255493164, 12.709089279174805, 1.8437598943710327], [-16.65146255493164, 12.709089279174805, -16.616928100585938], [19.19069480895996, -25.752456665039062, -16.616926193237305], [19.19069480895996, -25.752456665039062, 1.8437615633010864], [19.19069480895996, 12.709089279174805, 1.8437598943710327], [19.19069480895996, 12.709089279174805, -16.616928100585938]]
max_vol_name: ['AI48_008_313background']
bounding_limits: [[-10.823450660705566, 12.473951625823975], [-16.73909683227539, 8.260908031463623], [-16.616926193237305, 1.8437615633010864]]
max_vol_name_list: [['AI48_008_183background'], ['AI48_008_312background'], ['AI48_008_313background'], ['AI48_008_314background'], ['AI48_008_315background'], ['AI48_008_317background']]
Model arrangement: single
sub_parameters: {'scale_uniform': True, 'rotate': True, 'directory': 'ben_blobs/test_stls', 'scale_range': (0.35, 0.55), 'position_range': (-2.5, 2.5)}
position_range: (-2.5, 2.5)
position: [2.1382609520899756, 1.8678777627821717, -16.3418815148753]
##################################################
This is lenn: 1
##################################################
This is lenn: 20
Importing model from shape_863.stl
Scale: [0.48516866104721607, 0.48516866104721607, 0.48516866104721607]
model pos (2.1382609520899756, 1.8678777627821717, -16.3418815148753)
model counterr [2]
origin_location: [1.3919293880462646, -0.84207683801651, 3.1708993911743164]
Model center location: [0.5099416971206665, -5.504613399505615, -14.898475646972656]
Camera location: (1.9018710851669312, -6.346690237522125, -11.72757625579834), rotation: [0.8467436334912464, 0.20453620837963638, 0.11531439240224442, 0.477381136523664]
Camera counter: 1
Camera if_counter: 0
Camera bool_chi: False
Universal color works : [0.2305597554855032, 0.49680491216553946, 0.5633103830815681, 1]
before light location: [-1.6891165971755981, -2.046501636505127, 1.5643298625946045]
counterr light: 1
if_counter light: 0
light location: (-1.1791749000549316, -7.551115036010742, -13.334145784378052)
light bool_chi: False
Done Material: object
Color Material: [0.25158135160465445, 0.6447702358851681, 0.3262270679647714, 1]
##################################################
This is lenn: 1
light_colors: {'light': [0.2305597554855032, 0.49680491216553946, 0.5633103830815681, 1], 'scene_light': [0.2305597554855032, 0.49680491216553946, 0.5633103830815681, 1]}
scene_intensity: 189.05861759509298
Render activated_gpus: []
Render filename: 000000
