## SLURM PROLOG ###############################################################
##    Job ID : 3714924
##  Job Name : render_MI_val
##  Nodelist : node1628
##      CPUs : 7
##  Mem/Node : 40960 MB
## Directory : /gpfs/data/tserre/aarjun1/blender_render-color_pos
##   Started : Mon Dec 27 01:44:59 EST 2021
###############################################################################
12
##################################################
This is version: single_illuminant
##################################################
This is jobID: 3714924
##################################################
This is batch_size: 150000
##################################################
This is gpu_index: None
['scenes/AI_33/AI33_005/AI33_005_280.blend', 'scenes/AI_33/AI33_003/AI33_003_280.blend', 'scenes/AI_33/AI33_009/AI33_009_280.blend', 'scenes/AI_33/AI33_002/AI33_002_280.blend', 'scenes/AI_33/AI33_007/AI33_007_280.blend', 'scenes/AI_33/AI33_001/AI33_001_280.blend', 'scenes/AI_33/AI33_006/AI33_006_280.blend', 'scenes/AI_33/AI33_010/AI33_010_280.blend', 'scenes/AI_43/AI43_010/AI043_010_Blender.blend', 'scenes/AI_43/AI43_006/AI043_006_Blender.blend', 'scenes/AI_43/AI43_005/AI043_005_Blender.blend', 'scenes/AI_43/AI43_004/AI043_004.blend', 'scenes/AI_43/AI43_008_blender/AI043_008.blend', 'scenes/AI_43/AI43_009/AI043_009_Blender.blend', 'scenes/AI_43/AI43_003/AI043_003_Blender.blend', 'scenes/AI_43/AI43_001/AI043_001_Blender.blend', 'scenes/AI_48/AI48_001/AI48_001.blend', 'scenes/AI_48/AI48_002/AI48_002.blend', 'scenes/AI_48/AI48_008/AI48_008.blend', 'scenes/AI_48/AI48_010/AI48_010.blend', 'scenes/AI_48/AI48_009/AI48_009.blend', 'scenes/AI_48/AI48_003/AI48_003.blend', 'scenes/AI_48/AI48_004/AI48_004.blend', 'scenes/AI_58/AI58_002/AI58_002.blend', 'scenes/AI_58/AI58_005/AI58_005.blend', 'scenes/AI_58/AI58_007/AI58_007.blend', 'scenes/AI_58/AI58_001/AI58_001.blend', 'scenes/AI_58/AI58_008/AI58_008.blend', 'scenes/AI_58/AI58_006/AI58_006.blend', 'scenes/AI_58/AI58_009/AI58_009.blend', 'scenes/AI_58/AI58_010/AI58_010.blend']
blend_files len :  31
Rendering to folder: /gpfs/scratch/aarjun1/blender_data/data5/images_single_illuminant
Job folder successfully created
~~~~~~~~~~~~~~~~~~~~~~~~~~~~~~~~~~~~~~~~~~~~~~~~~~
Rendering index 0
##################################################
This is lenn: 31
Background: AI48_001.blend
Background pivot: [0.0, 0.0, 0.0]
Universal color works22 : [0.6192757162588096, 0.23103285759586303, 0.4857769858924329, 1]
Background intensity: 0.0
mat_count : 0
lamp_count: 0
vertices: [[-16.806983947753906, -29.412220001220703, 1.1537459840837982e-06], [-16.806983947753906, -29.412220001220703, 16.106645584106445], [-16.806983947753906, 9.049315452575684, 16.106643676757812], [-16.806983947753906, 9.049314498901367, -5.274611112326966e-07], [16.836679458618164, -29.412220001220703, 1.1537459840837982e-06], [16.836679458618164, -29.412220001220703, 16.106645584106445], [16.836679458618164, 9.049315452575684, 16.106643676757812], [16.836679458618164, 9.049314498901367, -5.274611112326966e-07]]
max_vol_name: ['AI48_001_wallsbackground']
bounding_limits: [[-10.924539566040039, 10.943841648101808], [-19.117943000793456, 5.882055044174194], [1.1537459840837982e-06, 16.106645584106445]]
max_vol_name_list: [['AI48_001_ceiling_woodbackground'], ['AI48_001_floor_1background'], ['AI48_001_floor_2background'], ['AI48_001_floor_3background'], ['AI48_001_floor_4background'], ['AI48_001_floor_blackbackground'], ['AI48_001_wallsbackground']]
Model arrangement: single
sub_parameters: {'scale_range': (0.35, 0.55), 'scale_uniform': True, 'rotate': True, 'position_range': (-2.5, 2.5), 'directory': 'ben_blobs/test_stls'}
position_range: (-2.5, 2.5)
position: [-10.37711925442678, 4.063989542728631, 10.012174166788563]
##################################################
This is lenn: 1
##################################################
This is lenn: 20
Importing model from shape_864.stl
Scale: [0.4077050934002226, 0.4077050934002226, 0.4077050934002226]
model pos (-10.37711925442678, 4.063989542728631, 10.012174166788563)
model counterr [9]
origin_location: [2.6968729496002197, -2.2023470401763916, 0.22653460502624512]
Model center location: [0.750633493065834, -7.246121406555176, 3.8764456510543823]
Camera location: (3.4475064426660538, -9.448468446731567, 4.102980256080627), rotation: [0.6592622311726097, 0.6177637493716283, 0.2930973175426208, 0.31278622565730213]
Camera counter: 1
Camera if_counter: 0
Camera bool_chi: False
Universal color works : [0.6192757162588096, 0.23103285759586303, 0.4857769858924329, 1]
before light location: [0.9238709211349487, 1.4417724609375, 0.40990570187568665]
counterr light: 1
if_counter light: 0
light location: (1.6745044142007828, -5.804348945617676, 4.286351352930069)
light bool_chi: False
Done Material: object
Color Material: [0.6547155238169372, 0.5657935819839716, 0.30763308211049567, 1]
##################################################
This is lenn: 1
light_colors: {'light': [0.6192757162588096, 0.23103285759586303, 0.4857769858924329, 1], 'scene_light': [0.6192757162588096, 0.23103285759586303, 0.4857769858924329, 1]}
scene_intensity: 117.81250331580944
Render activated_gpus: []
Render filename: 000000
