## SLURM PROLOG ###############################################################
##    Job ID : 3853000
##  Job Name : render_MI_val
##  Nodelist : gpu1201
##      CPUs : 1
##  Mem/Node : 40960 MB
## Directory : /gpfs/data/tserre/aarjun1/blender_render-color_pos
##   Started : Thu Jan 27 07:42:23 EST 2022
###############################################################################
0
##################################################
This is version: single_illuminant
##################################################
This is jobID: 3853000
##################################################
This is batch_size: 150000
##################################################
This is gpu_index: None
['scenes/AI_33/AI33_005/AI33_005_280.blend', 'scenes/AI_33/AI33_003/AI33_003_280.blend', 'scenes/AI_33/AI33_009/AI33_009_280.blend', 'scenes/AI_33/AI33_002/AI33_002_280.blend', 'scenes/AI_33/AI33_007/AI33_007_280.blend', 'scenes/AI_33/AI33_001/AI33_001_280.blend', 'scenes/AI_33/AI33_006/AI33_006_280.blend', 'scenes/AI_33/AI33_010/AI33_010_280.blend', 'scenes/AI_43/AI43_010/AI043_010_Blender.blend', 'scenes/AI_43/AI43_006/AI043_006_Blender.blend', 'scenes/AI_43/AI43_005/AI043_005_Blender.blend', 'scenes/AI_43/AI43_004/AI043_004.blend', 'scenes/AI_43/AI43_008_blender/AI043_008.blend', 'scenes/AI_43/AI43_009/AI043_009_Blender.blend', 'scenes/AI_43/AI43_003/AI043_003_Blender.blend', 'scenes/AI_43/AI43_001/AI043_001_Blender.blend', 'scenes/AI_48/AI48_001/AI48_001.blend', 'scenes/AI_48/AI48_002/AI48_002.blend', 'scenes/AI_48/AI48_008/AI48_008.blend', 'scenes/AI_48/AI48_010/AI48_010.blend', 'scenes/AI_48/AI48_009/AI48_009.blend', 'scenes/AI_48/AI48_003/AI48_003.blend', 'scenes/AI_48/AI48_004/AI48_004.blend', 'scenes/AI_58/AI58_002/AI58_002.blend', 'scenes/AI_58/AI58_005/AI58_005.blend', 'scenes/AI_58/AI58_007/AI58_007.blend', 'scenes/AI_58/AI58_001/AI58_001.blend', 'scenes/AI_58/AI58_008/AI58_008.blend', 'scenes/AI_58/AI58_006/AI58_006.blend', 'scenes/AI_58/AI58_009/AI58_009.blend', 'scenes/AI_58/AI58_010/AI58_010.blend']
blend_files len :  31
Rendering to folder: /gpfs/scratch/aarjun1/blender_data/data5/images_single_illuminant
Job folder successfully created
~~~~~~~~~~~~~~~~~~~~~~~~~~~~~~~~~~~~~~~~~~~~~~~~~~
Rendering index 0
##################################################
This is lenn: 31
Background: AI33_006_280.blend
Background pivot: [0.0, 0.0, 0.0]
Universal color works22 : [0.6406457644458127, 0.5218579510025079, 0.3917621546427519, 1]
Background intensity: 0.0
mat_count : 0
lamp_count: 0
vertices: [[-22.693017959594727, -16.730457305908203, -0.10078243166208267], [-22.693017959594727, -16.730457305908203, 15.874728202819824], [-22.693017959594727, 9.639928817749023, 15.874726295471191], [-22.693017959594727, 9.639927864074707, -0.1007835865020752], [15.768498420715332, -16.730457305908203, -0.10078243166208267], [15.768498420715332, -16.730457305908203, 15.874728202819824], [15.768498420715332, 9.639928817749023, 15.874726295471191], [15.768498420715332, 9.639927864074707, -0.1007835865020752]]
max_vol_name: ['AI33_06_wallsbackground']
bounding_limits: [[-14.750461673736572, 10.249523973464965], [-10.874797248840332, 6.265953731536865], [-0.10078243166208267, 15.874728202819824]]
max_vol_name_list: [['AI33_06_parapetbackground'], ['AI33_06_wallsbackground'], ['AI33_06_window_framesbackground']]
Model arrangement: single
sub_parameters: {'position_range': (-2.5, 2.5), 'rotate': True, 'scale_range': (0.35, 0.55), 'directory': 'ben_blobs/test_stls', 'scale_uniform': True}
position_range: (-2.5, 2.5)
position: [-4.527393241272728, -8.23689327592571, 10.15280954460217]
##################################################
This is lenn: 1
##################################################
This is lenn: 20
Importing model from shape_892.stl
Scale: [0.5186058775133877, 0.5186058775133877, 0.5186058775133877]
model pos (-4.527393241272728, -8.23689327592571, 10.15280954460217)
model counterr [4]
origin_location: [-0.0560322068631649, -2.2450034618377686, -4.087276458740234]
Model center location: [0.7066592276096344, -8.844183921813965, 0.6461533904075623]
Camera location: (0.6506270207464695, -11.089187383651733, -3.441123068332672), rotation: [0.24855254233948207, 0.9685380597251444, -0.012084808983825968, -0.003101282356905367]
Camera counter: 2
Camera if_counter: 0
Camera bool_chi: False
Universal color works : [0.6406457644458127, 0.5218579510025079, 0.3917621546427519, 1]
before light location: [1.8126115798950195, -0.8061649203300476, 1.6888527870178223]
counterr light: 1
if_counter light: 0
light location: (2.519270807504654, -9.650348842144012, 2.3350061774253845)
light bool_chi: False
Done Material: object
Color Material: [0.2859147159142459, 0.5968984096203132, 0.4062764754156005, 1]
##################################################
This is lenn: 1
light_colors: {'light': [0.6406457644458127, 0.5218579510025079, 0.3917621546427519, 1], 'scene_light': [0.6406457644458127, 0.5218579510025079, 0.3917621546427519, 1]}
scene_intensity: 103.9060599921459
Render activated_gpus: []
Render filename: 000000
info_dict: {'scene_color': [0.6406457644458127, 0.5218579510025079, 0.3917621546427519, 1], 'light_intensity': 103.9060599921459, 'blob_color': [0.2859147159142459, 0.5968984096203132, 0.4062764754156005, 1], 'scene_name': 'AI33_006_280.blend', 'camera_dist': 4.663583279200837}
Render activated_gpus: []
Render filename: 000000.gt_sm
