## SLURM PROLOG ###############################################################
##    Job ID : 3836834
##  Job Name : render_MI_val
##  Nodelist : gpu1402
##      CPUs : 1
##  Mem/Node : 40960 MB
## Directory : /gpfs/data/tserre/aarjun1/blender_render-color_pos
##   Started : Tue Jan 25 06:52:12 EST 2022
###############################################################################
0
##################################################
This is version: single_illuminant
##################################################
This is jobID: 3836834
##################################################
This is batch_size: 150000
##################################################
This is gpu_index: None
['scenes/AI_33/AI33_005/AI33_005_280.blend', 'scenes/AI_33/AI33_003/AI33_003_280.blend', 'scenes/AI_33/AI33_009/AI33_009_280.blend', 'scenes/AI_33/AI33_002/AI33_002_280.blend', 'scenes/AI_33/AI33_007/AI33_007_280.blend', 'scenes/AI_33/AI33_001/AI33_001_280.blend', 'scenes/AI_33/AI33_006/AI33_006_280.blend', 'scenes/AI_33/AI33_010/AI33_010_280.blend', 'scenes/AI_43/AI43_010/AI043_010_Blender.blend', 'scenes/AI_43/AI43_006/AI043_006_Blender.blend', 'scenes/AI_43/AI43_005/AI043_005_Blender.blend', 'scenes/AI_43/AI43_004/AI043_004.blend', 'scenes/AI_43/AI43_008_blender/AI043_008.blend', 'scenes/AI_43/AI43_009/AI043_009_Blender.blend', 'scenes/AI_43/AI43_003/AI043_003_Blender.blend', 'scenes/AI_43/AI43_001/AI043_001_Blender.blend', 'scenes/AI_48/AI48_001/AI48_001.blend', 'scenes/AI_48/AI48_002/AI48_002.blend', 'scenes/AI_48/AI48_008/AI48_008.blend', 'scenes/AI_48/AI48_010/AI48_010.blend', 'scenes/AI_48/AI48_009/AI48_009.blend', 'scenes/AI_48/AI48_003/AI48_003.blend', 'scenes/AI_48/AI48_004/AI48_004.blend', 'scenes/AI_58/AI58_002/AI58_002.blend', 'scenes/AI_58/AI58_005/AI58_005.blend', 'scenes/AI_58/AI58_007/AI58_007.blend', 'scenes/AI_58/AI58_001/AI58_001.blend', 'scenes/AI_58/AI58_008/AI58_008.blend', 'scenes/AI_58/AI58_006/AI58_006.blend', 'scenes/AI_58/AI58_009/AI58_009.blend', 'scenes/AI_58/AI58_010/AI58_010.blend']
blend_files len :  31
Rendering to folder: /gpfs/scratch/aarjun1/blender_data/data5/images_single_illuminant
Job folder successfully created
~~~~~~~~~~~~~~~~~~~~~~~~~~~~~~~~~~~~~~~~~~~~~~~~~~
Rendering index 0
##################################################
This is lenn: 31
Background: AI33_005_280.blend
Background pivot: [0.0, 0.0, 0.0]
Universal color works22 : [0.727006977416983, 0.22845077102556977, 0.7282545390747983, 1]
Background intensity: 0.0
mat_count : 0
lamp_count: 0
vertices: [[-12.64403247833252, -17.905441284179688, 0.1412685662508011], [-12.64403247833252, -17.905439376831055, 10.013442993164062], [-12.64403247833252, 20.556135177612305, 10.013442039489746], [-12.64403247833252, 20.556135177612305, 0.14126689732074738], [10.782952308654785, -17.905441284179688, 0.1412685662508011], [10.782952308654785, -17.905439376831055, 10.013442993164062], [10.782952308654785, 20.556135177612305, 10.013442039489746], [10.782952308654785, 20.556135177612305, 0.14126689732074738]]
max_vol_name: ['AI33_005_66background']
bounding_limits: [[-8.218621110916137, 7.00891900062561], [-11.638535594940185, 13.361487865447998], [0.1412685662508011, 10.013442993164062]]
max_vol_name_list: [['AI33_005_66background']]
Model arrangement: single
sub_parameters: {'rotate': True, 'scale_range': (0.35, 0.55), 'directory': 'ben_blobs/test_stls', 'position_range': (-2.5, 2.5), 'scale_uniform': True}
position_range: (-2.5, 2.5)
position: [-3.2535457247156723, 7.801346319265006, 2.4787407445608856]
##################################################
This is lenn: 1
##################################################
This is lenn: 20
Importing model from shape_685.stl
Scale: [0.38936558805810173, 0.38936558805810173, 0.38936558805810173]
model pos (-3.2535457247156723, 7.801346319265006, 2.4787407445608856)
model counterr [1]
origin_location: [2.1156959533691406, -3.154008150100708, -0.22082248330116272]
Model center location: [-3.2535457611083984, 7.801346302032471, 2.478740692138672]
Camera location: (-1.1378498077392578, 4.647338151931763, 2.257918208837509), rotation: [0.656546643933636, 0.6958294298617639, 0.2117643786282676, 0.199809301139651]
Camera counter: 1
Camera if_counter: 0
Camera bool_chi: False
Universal color works : [0.727006977416983, 0.22845077102556977, 0.7282545390747983, 1]
before light location: [-0.7157869935035706, 0.4281950294971466, 1.5584436655044556]
counterr light: 1
if_counter light: 0
light location: (-3.969332754611969, 8.229541331529617, 4.037184357643127)
light bool_chi: False
Done Material: object
Color Material: [0.8968276241357362, 0.7417438264765366, 0.8799984365570318, 1]
##################################################
This is lenn: 1
light_colors: {'light': [0.727006977416983, 0.22845077102556977, 0.7282545390747983, 1], 'scene_light': [0.727006977416983, 0.22845077102556977, 0.7282545390747983, 1]}
scene_intensity: 174.95114637537876
Render activated_gpus: []
Render filename: 000000
info_dict: {'camera_dist': 3.804300112653514, 'light_intensity': 174.95114637537876, 'blob_color': [0.8968276241357362, 0.7417438264765366, 0.8799984365570318, 1], 'scene_color': [0.727006977416983, 0.22845077102556977, 0.7282545390747983, 1], 'scene_name': 'AI33_005_280.blend'}
Render activated_gpus: []
Render filename: 000000.gt_sm
Render activated_gpus: []
Render filename: 000000.gt_r
Render activated_gpus: []
Render filename: 000000.gt_ill
Render 0 complete
Data from render 0 saved
~~~~~~~~~~~~~~~~~~~~~~~~~~~~~~~~~~~~~~~~~~~~~~~~~~
Rendering index 1
##################################################
This is lenn: 31
Background: AI58_008.blend
Background pivot: [0.0, 0.0, 0.0]
Universal color works22 : [0.1738639962319094, 0.5768527185071521, 0.3252272626509276, 1]
Background intensity: 0.0
mat_count : 0
lamp_count: 0
vertices: [[-22.068096160888672, -17.96973419189453, 1.0610897334117908e-06], [-22.068096160888672, -17.96973419189453, 8.354351997375488], [-22.068096160888672, 9.457755088806152, 8.354351043701172], [-22.068096160888672, 9.457755088806152, -1.3780386609596462e-07], [16.39344024658203, -17.96973419189453, 1.0610897334117908e-06], [16.39344024658203, -17.96973419189453, 8.354351997375488], [16.39344024658203, 9.457755088806152, 8.354351043701172], [16.39344024658203, 9.457755088806152, -1.3780386609596462e-07]]
max_vol_name: ['AI58_008_WallV003background']
bounding_limits: [[-14.344262504577637, 10.655736160278321], [-11.680327224731446, 6.147540807723999], [1.0610897334117908e-06, 8.354351997375488]]
max_vol_name_list: [['AI58_008_Ceilingbackground'], ['AI58_008_Floorbackground'], ['AI58_008_Strip_Wallbackground'], ['AI58_008_WallV003background'], ['AI58_008_WallV004background'], ['AI58_008_Worktop_002background'], ['Am158_059_06background']]
Model arrangement: single
sub_parameters: {'rotate': True, 'directory': 'ben_blobs/test_stls', 'position_range': (-2.5, 2.5), 'scale_uniform': True, 'scale_range': (0.35, 0.55), 'files': ['/gpfs/scratch/aarjun1/train_data/ben_blobs/test_stls/shape_621.stl', '/gpfs/scratch/aarjun1/train_data/ben_blobs/test_stls/shape_755.stl', '/gpfs/scratch/aarjun1/train_data/ben_blobs/test_stls/shape_864.stl', '/gpfs/scratch/aarjun1/train_data/ben_blobs/test_stls/shape_400.stl', '/gpfs/scratch/aarjun1/train_data/ben_blobs/test_stls/shape_685.stl', '/gpfs/scratch/aarjun1/train_data/ben_blobs/test_stls/shape_863.stl', '/gpfs/scratch/aarjun1/train_data/ben_blobs/test_stls/shape_905.stl', '/gpfs/scratch/aarjun1/train_data/ben_blobs/test_stls/shape_939.stl', '/gpfs/scratch/aarjun1/train_data/ben_blobs/test_stls/shape_631.stl', '/gpfs/scratch/aarjun1/train_data/ben_blobs/test_stls/shape_364.stl', '/gpfs/scratch/aarjun1/train_data/ben_blobs/test_stls/shape_375.stl', '/gpfs/scratch/aarjun1/train_data/ben_blobs/test_stls/shape_711.stl', '/gpfs/scratch/aarjun1/train_data/ben_blobs/test_stls/shape_892.stl', '/gpfs/scratch/aarjun1/train_data/ben_blobs/test_stls/shape_951.stl', '/gpfs/scratch/aarjun1/train_data/ben_blobs/test_stls/shape_702.stl', '/gpfs/scratch/aarjun1/train_data/ben_blobs/test_stls/shape_597.stl', '/gpfs/scratch/aarjun1/train_data/ben_blobs/test_stls/shape_17.stl', '/gpfs/scratch/aarjun1/train_data/ben_blobs/test_stls/shape_971.stl', '/gpfs/scratch/aarjun1/train_data/ben_blobs/test_stls/shape_371.stl', '/gpfs/scratch/aarjun1/train_data/ben_blobs/test_stls/shape_461.stl']}
position_range: (-2.5, 2.5)
position: [1.6830810141498187, -10.21523752589363, 1.9951556339716772]
##################################################
This is lenn: 1
##################################################
This is lenn: 20
Importing model from shape_905.stl
Scale: [0.38108957538264404, 0.38108957538264404, 0.38108957538264404]
model pos (1.6830810141498187, -10.21523752589363, 1.9951556339716772)
model counterr [2]
origin_location: [-1.2895898818969727, 2.9990625381469727, -1.7706851959228516]
Model center location: [-5.044806003570557, -7.354537010192871, 2.838528871536255]
Camera location: (-6.334395885467529, -4.355474472045898, 1.0678436756134033), rotation: [0.10314271647274793, 0.17328184166318367, -0.841642618688487, -0.5009717415140537]
Camera counter: 1
Camera if_counter: 0
Camera bool_chi: False
Universal color works : [0.1738639962319094, 0.5768527185071521, 0.3252272626509276, 1]
before light location: [2.339595317840576, 0.7177908420562744, 0.15085476636886597]
counterr light: 2
if_counter light: 0
light location: (-2.7052106857299805, -6.636746168136597, 2.989383637905121)
light bool_chi: False
Done Material: object
Color Material: [0.49092745652320646, 0.19595374733346677, 0.1235904932741203, 1]
##################################################
This is lenn: 1
light_colors: {'light': [0.1738639962319094, 0.5768527185071521, 0.3252272626509276, 1], 'scene_light': [0.1738639962319094, 0.5768527185071521, 0.3252272626509276, 1]}
scene_intensity: 121.32242502753844
Render activated_gpus: []
Render filename: 000001
info_dict: {'camera_dist': 3.7138584025603287, 'light_intensity': 121.32242502753844, 'blob_color': [0.49092745652320646, 0.19595374733346677, 0.1235904932741203, 1], 'scene_color': [0.1738639962319094, 0.5768527185071521, 0.3252272626509276, 1], 'scene_name': 'AI58_008.blend'}
Render activated_gpus: []
Render filename: 000001.gt_sm
Render activated_gpus: []
Render filename: 000001.gt_r
Render activated_gpus: []
Render filename: 000001.gt_ill
Render 1 complete
Data from render 1 saved
~~~~~~~~~~~~~~~~~~~~~~~~~~~~~~~~~~~~~~~~~~~~~~~~~~
Rendering index 2
##################################################
This is lenn: 31
Background: AI48_010.blend
Background pivot: [0.0, 0.0, 0.0]
Universal color works22 : [0.6144243496937841, 0.3350864615859296, 0.26600117853546734, 1]
Background intensity: 0.0
mat_count : 0
lamp_count: 0
vertices: [[-20.06157112121582, -26.123455047607422, 0.10113560408353806], [-20.06157112121582, -26.123451232910156, 19.30266571044922], [-20.06157112121582, 6.163540840148926, 19.30265998840332], [-20.06157112121582, 6.16353702545166, 0.10112892836332321], [18.399972915649414, -26.123455047607422, 0.10113560408353806], [18.399972915649414, -26.123451232910156, 19.30266571044922], [18.399972915649414, 6.163540840148926, 19.30265998840332], [18.399972915649414, 6.16353702545166, 0.10112892836332321]]
max_vol_name: ['AI48_010_planks_walls_mainbackground']
bounding_limits: [[-13.040021228790284, 11.95998239517212], [-16.980243301391603, 4.006301546096802], [0.10113560408353806, 19.30266571044922]]
max_vol_name_list: [['AI48_010_planks_walls_mainbackground'], ['AI48_010_walls_ornamentbackground'], ['Planebackground'], ['Plane.001background']]
Model arrangement: single
sub_parameters: {'rotate': True, 'directory': 'ben_blobs/test_stls', 'position_range': (-2.5, 2.5), 'scale_uniform': True, 'scale_range': (0.35, 0.55), 'files': ['/gpfs/scratch/aarjun1/train_data/ben_blobs/test_stls/shape_621.stl', '/gpfs/scratch/aarjun1/train_data/ben_blobs/test_stls/shape_755.stl', '/gpfs/scratch/aarjun1/train_data/ben_blobs/test_stls/shape_864.stl', '/gpfs/scratch/aarjun1/train_data/ben_blobs/test_stls/shape_400.stl', '/gpfs/scratch/aarjun1/train_data/ben_blobs/test_stls/shape_685.stl', '/gpfs/scratch/aarjun1/train_data/ben_blobs/test_stls/shape_863.stl', '/gpfs/scratch/aarjun1/train_data/ben_blobs/test_stls/shape_905.stl', '/gpfs/scratch/aarjun1/train_data/ben_blobs/test_stls/shape_939.stl', '/gpfs/scratch/aarjun1/train_data/ben_blobs/test_stls/shape_631.stl', '/gpfs/scratch/aarjun1/train_data/ben_blobs/test_stls/shape_364.stl', '/gpfs/scratch/aarjun1/train_data/ben_blobs/test_stls/shape_375.stl', '/gpfs/scratch/aarjun1/train_data/ben_blobs/test_stls/shape_711.stl', '/gpfs/scratch/aarjun1/train_data/ben_blobs/test_stls/shape_892.stl', '/gpfs/scratch/aarjun1/train_data/ben_blobs/test_stls/shape_951.stl', '/gpfs/scratch/aarjun1/train_data/ben_blobs/test_stls/shape_702.stl', '/gpfs/scratch/aarjun1/train_data/ben_blobs/test_stls/shape_597.stl', '/gpfs/scratch/aarjun1/train_data/ben_blobs/test_stls/shape_17.stl', '/gpfs/scratch/aarjun1/train_data/ben_blobs/test_stls/shape_971.stl', '/gpfs/scratch/aarjun1/train_data/ben_blobs/test_stls/shape_371.stl', '/gpfs/scratch/aarjun1/train_data/ben_blobs/test_stls/shape_461.stl']}
position_range: (-2.5, 2.5)
position: [7.539317111306637, -9.527406868869186, 9.039966922430175]
##################################################
This is lenn: 1
##################################################
This is lenn: 20
Importing model from shape_400.stl
Scale: [0.5172639354236375, 0.5172639354236375, 0.5172639354236375]
model pos (7.539317111306637, -9.527406868869186, 9.039966922430175)
model counterr [15]
origin_location: [-0.13036812841892242, 1.2155040502548218, 5.2154669761657715]
Model center location: [-6.338541746139526, -12.254098892211914, 5.506702423095703]
Camera location: (-6.468909874558449, -11.038594841957092, 10.722169399261475), rotation: [0.05304412296033934, 0.006133499780790649, -0.11470093348283929, -0.991963909150919]
Camera counter: 1
Camera if_counter: 0
Camera bool_chi: False
Universal color works : [0.6144243496937841, 0.3350864615859296, 0.26600117853546734, 1]
before light location: [-0.8738020062446594, 0.04362151771783829, 3.1685991287231445]
counterr light: 1
if_counter light: 0
light location: (-7.212343752384186, -12.210477374494076, 8.675301551818848)
light bool_chi: False
Done Material: object
Color Material: [0.5917004326004137, 0.14858159569138485, 0.5260211684953707, 1]
##################################################
This is lenn: 1
light_colors: {'light': [0.6144243496937841, 0.3350864615859296, 0.26600117853546734, 1], 'scene_light': [0.6144243496937841, 0.3350864615859296, 0.26600117853546734, 1]}
scene_intensity: 143.89289740272443
Render activated_gpus: []
Render filename: 000002
info_dict: {'camera_dist': 5.356821979921404, 'light_intensity': 143.89289740272443, 'blob_color': [0.5917004326004137, 0.14858159569138485, 0.5260211684953707, 1], 'scene_color': [0.6144243496937841, 0.3350864615859296, 0.26600117853546734, 1], 'scene_name': 'AI48_010.blend'}
Render activated_gpus: []
Render filename: 000002.gt_sm
Render activated_gpus: []
Render filename: 000002.gt_r
Render activated_gpus: []
Render filename: 000002.gt_ill
Render 2 complete
Data from render 2 saved
~~~~~~~~~~~~~~~~~~~~~~~~~~~~~~~~~~~~~~~~~~~~~~~~~~
Rendering index 3
##################################################
This is lenn: 31
Background: AI58_001.blend
Background pivot: [0.0, 0.0, 0.0]
Universal color works22 : [0.21228319438374443, 0.22998725704261747, 0.31998823814195076, 1]
Background intensity: 0.0
mat_count : 0
lamp_count: 0
vertices: [[-26.5157527923584, -26.899662017822266, 7.72102225710114e-07], [-26.5157527923584, -26.899662017822266, 8.755249977111816], [-26.5157527923584, 8.427618980407715, 8.755248069763184], [-26.5157527923584, 8.427618980407715, -7.721023393969517e-07], [11.94576644897461, -26.899662017822266, 7.72102225710114e-07], [11.94576644897461, -26.899662017822266, 8.755249977111816], [11.94576644897461, 8.427618980407715, 8.755248069763184], [11.94576644897461, 8.427618980407715, -7.721023393969517e-07]]
max_vol_name: ['AI58_001_Wall_002background']
bounding_limits: [[-17.23523931503296, 7.764748191833497], [-17.484780311584473, 5.477952337265015], [7.72102225710114e-07, 8.755249977111816]]
max_vol_name_list: [['AI58_001_Ceilingbackground'], ['AI58_001_Floor_Basebackground'], ['AI58_001_Furniture_kitechen_base_002background'], ['AI58_001_Wall_002background'], ['AI58_001_Wall_004background']]
Model arrangement: single
sub_parameters: {'rotate': True, 'directory': 'ben_blobs/test_stls', 'position_range': (-2.5, 2.5), 'scale_uniform': True, 'scale_range': (0.35, 0.55), 'files': ['/gpfs/scratch/aarjun1/train_data/ben_blobs/test_stls/shape_621.stl', '/gpfs/scratch/aarjun1/train_data/ben_blobs/test_stls/shape_755.stl', '/gpfs/scratch/aarjun1/train_data/ben_blobs/test_stls/shape_864.stl', '/gpfs/scratch/aarjun1/train_data/ben_blobs/test_stls/shape_400.stl', '/gpfs/scratch/aarjun1/train_data/ben_blobs/test_stls/shape_685.stl', '/gpfs/scratch/aarjun1/train_data/ben_blobs/test_stls/shape_863.stl', '/gpfs/scratch/aarjun1/train_data/ben_blobs/test_stls/shape_905.stl', '/gpfs/scratch/aarjun1/train_data/ben_blobs/test_stls/shape_939.stl', '/gpfs/scratch/aarjun1/train_data/ben_blobs/test_stls/shape_631.stl', '/gpfs/scratch/aarjun1/train_data/ben_blobs/test_stls/shape_364.stl', '/gpfs/scratch/aarjun1/train_data/ben_blobs/test_stls/shape_375.stl', '/gpfs/scratch/aarjun1/train_data/ben_blobs/test_stls/shape_711.stl', '/gpfs/scratch/aarjun1/train_data/ben_blobs/test_stls/shape_892.stl', '/gpfs/scratch/aarjun1/train_data/ben_blobs/test_stls/shape_951.stl', '/gpfs/scratch/aarjun1/train_data/ben_blobs/test_stls/shape_702.stl', '/gpfs/scratch/aarjun1/train_data/ben_blobs/test_stls/shape_597.stl', '/gpfs/scratch/aarjun1/train_data/ben_blobs/test_stls/shape_17.stl', '/gpfs/scratch/aarjun1/train_data/ben_blobs/test_stls/shape_971.stl', '/gpfs/scratch/aarjun1/train_data/ben_blobs/test_stls/shape_371.stl', '/gpfs/scratch/aarjun1/train_data/ben_blobs/test_stls/shape_461.stl']}
position_range: (-2.5, 2.5)
position: [3.4843902909969806, -5.939424203453235, 0.034310150023683546]
##################################################
This is lenn: 1
##################################################
This is lenn: 20
Importing model from shape_863.stl
Scale: [0.4742973699469901, 0.4742973699469901, 0.4742973699469901]
model pos (3.4843902909969806, -5.939424203453235, 0.034310150023683546)
model counterr [4]
origin_location: [1.3270562887191772, 3.641995429992676, -1.2156113386154175]
Model center location: [-16.0698299407959, 1.7689661383628845, 7.174250602722168]
Camera location: (-14.742773652076721, 5.41096156835556, 5.9586392641067505), rotation: [-0.10289212648593654, -0.14010074347917678, -0.7937190657259768, -0.5829194083978214]
Camera counter: 3
Camera if_counter: 0
Camera bool_chi: False
Universal color works : [0.21228319438374443, 0.22998725704261747, 0.31998823814195076, 1]
before light location: [0.22895361483097076, -2.7825024127960205, 0.5284435153007507]
counterr light: 25
if_counter light: 0
light location: (-15.840876325964928, -1.013536274433136, 7.702694118022919)
light bool_chi: True
~~~~~~~~~~~~~~~~~~~~~~~~~~~~~~~~~~~~~~~~~~~~~~~~~~
Rendering index 3
##################################################
This is lenn: 31
Background: AI33_006_280.blend
Background pivot: [0.0, 0.0, 0.0]
Universal color works22 : [0.8999938249943341, 0.15704127062050122, 0.8372566509499892, 1]
Background intensity: 0.0
mat_count : 0
lamp_count: 0
vertices: [[-22.693017959594727, -16.730457305908203, -0.10078243166208267], [-22.693017959594727, -16.730457305908203, 15.874728202819824], [-22.693017959594727, 9.639928817749023, 15.874726295471191], [-22.693017959594727, 9.639927864074707, -0.1007835865020752], [15.768498420715332, -16.730457305908203, -0.10078243166208267], [15.768498420715332, -16.730457305908203, 15.874728202819824], [15.768498420715332, 9.639928817749023, 15.874726295471191], [15.768498420715332, 9.639927864074707, -0.1007835865020752]]
max_vol_name: ['AI33_06_wallsbackground']
bounding_limits: [[-14.750461673736572, 10.249523973464965], [-10.874797248840332, 6.265953731536865], [-0.10078243166208267, 15.874728202819824]]
max_vol_name_list: [['AI33_06_parapetbackground'], ['AI33_06_wallsbackground'], ['AI33_06_window_framesbackground']]
Model arrangement: single
sub_parameters: {'rotate': True, 'directory': 'ben_blobs/test_stls', 'position_range': (-2.5, 2.5), 'scale_uniform': True, 'scale_range': (0.35, 0.55), 'files': ['/gpfs/scratch/aarjun1/train_data/ben_blobs/test_stls/shape_621.stl', '/gpfs/scratch/aarjun1/train_data/ben_blobs/test_stls/shape_755.stl', '/gpfs/scratch/aarjun1/train_data/ben_blobs/test_stls/shape_864.stl', '/gpfs/scratch/aarjun1/train_data/ben_blobs/test_stls/shape_400.stl', '/gpfs/scratch/aarjun1/train_data/ben_blobs/test_stls/shape_685.stl', '/gpfs/scratch/aarjun1/train_data/ben_blobs/test_stls/shape_863.stl', '/gpfs/scratch/aarjun1/train_data/ben_blobs/test_stls/shape_905.stl', '/gpfs/scratch/aarjun1/train_data/ben_blobs/test_stls/shape_939.stl', '/gpfs/scratch/aarjun1/train_data/ben_blobs/test_stls/shape_631.stl', '/gpfs/scratch/aarjun1/train_data/ben_blobs/test_stls/shape_364.stl', '/gpfs/scratch/aarjun1/train_data/ben_blobs/test_stls/shape_375.stl', '/gpfs/scratch/aarjun1/train_data/ben_blobs/test_stls/shape_711.stl', '/gpfs/scratch/aarjun1/train_data/ben_blobs/test_stls/shape_892.stl', '/gpfs/scratch/aarjun1/train_data/ben_blobs/test_stls/shape_951.stl', '/gpfs/scratch/aarjun1/train_data/ben_blobs/test_stls/shape_702.stl', '/gpfs/scratch/aarjun1/train_data/ben_blobs/test_stls/shape_597.stl', '/gpfs/scratch/aarjun1/train_data/ben_blobs/test_stls/shape_17.stl', '/gpfs/scratch/aarjun1/train_data/ben_blobs/test_stls/shape_971.stl', '/gpfs/scratch/aarjun1/train_data/ben_blobs/test_stls/shape_371.stl', '/gpfs/scratch/aarjun1/train_data/ben_blobs/test_stls/shape_461.stl']}
position_range: (-2.5, 2.5)
position: [5.9003033736867625, -3.5971467608199896, 12.352483592373673]
##################################################
This is lenn: 1
##################################################
This is lenn: 20
Importing model from shape_364.stl
Scale: [0.4337500576853348, 0.4337500576853348, 0.4337500576853348]
model pos (5.9003033736867625, -3.5971467608199896, 12.352483592373673)
model counterr [3]
origin_location: [0.9468276500701904, 0.3448347747325897, -3.8115108013153076]
Model center location: [-4.729197025299072, -2.7691872119903564, 7.77786922454834]
Camera location: (-3.782369375228882, -2.4243524372577667, 3.9663584232330322), rotation: [-0.07390684176294636, -0.5687111112027251, -0.8123791310986586, -0.10557271470686302]
Camera counter: 1
Camera if_counter: 0
Camera bool_chi: False
Universal color works : [0.8999938249943341, 0.15704127062050122, 0.8372566509499892, 1]
before light location: [-0.7880849242210388, 1.6272673606872559, 0.8659399747848511]
counterr light: 1
if_counter light: 0
light location: (-5.517281949520111, -1.1419198513031006, 8.643809199333191)
light bool_chi: False
Done Material: object
Color Material: [0.24318260951074386, 0.7756874799336188, 0.6488352657290409, 1]
##################################################
This is lenn: 1
light_colors: {'light': [0.8999938249943341, 0.15704127062050122, 0.8372566509499892, 1], 'scene_light': [0.8999938249943341, 0.15704127062050122, 0.8372566509499892, 1]}
scene_intensity: 121.89452413525224
Render activated_gpus: []
Render filename: 000003
info_dict: {'camera_dist': 3.9424622013845068, 'light_intensity': 121.89452413525224, 'blob_color': [0.24318260951074386, 0.7756874799336188, 0.6488352657290409, 1], 'scene_color': [0.8999938249943341, 0.15704127062050122, 0.8372566509499892, 1], 'scene_name': 'AI33_006_280.blend'}
Render activated_gpus: []
Render filename: 000003.gt_sm
