## SLURM PROLOG ###############################################################
##    Job ID : 3876003
##  Job Name : render_MI_val
##  Nodelist : gpu1401
##      CPUs : 1
##  Mem/Node : 40960 MB
## Directory : /gpfs/data/tserre/aarjun1/blender_render-color_pos
##   Started : Sat Jan 29 04:59:24 EST 2022
###############################################################################
13
##################################################
This is version: single_illuminant
##################################################
This is jobID: 3876003
##################################################
This is batch_size: 150000
##################################################
This is gpu_index: None
['scenes/AI_33/AI33_005/AI33_005_280.blend', 'scenes/AI_33/AI33_003/AI33_003_280.blend', 'scenes/AI_33/AI33_009/AI33_009_280.blend', 'scenes/AI_33/AI33_002/AI33_002_280.blend', 'scenes/AI_33/AI33_007/AI33_007_280.blend', 'scenes/AI_33/AI33_001/AI33_001_280.blend', 'scenes/AI_33/AI33_006/AI33_006_280.blend', 'scenes/AI_33/AI33_010/AI33_010_280.blend', 'scenes/AI_43/AI43_010/AI043_010_Blender.blend', 'scenes/AI_43/AI43_006/AI043_006_Blender.blend', 'scenes/AI_43/AI43_005/AI043_005_Blender.blend', 'scenes/AI_43/AI43_004/AI043_004.blend', 'scenes/AI_43/AI43_008_blender/AI043_008.blend', 'scenes/AI_43/AI43_009/AI043_009_Blender.blend', 'scenes/AI_43/AI43_003/AI043_003_Blender.blend', 'scenes/AI_43/AI43_001/AI043_001_Blender.blend', 'scenes/AI_48/AI48_001/AI48_001.blend', 'scenes/AI_48/AI48_002/AI48_002.blend', 'scenes/AI_48/AI48_008/AI48_008.blend', 'scenes/AI_48/AI48_010/AI48_010.blend', 'scenes/AI_48/AI48_009/AI48_009.blend', 'scenes/AI_48/AI48_003/AI48_003.blend', 'scenes/AI_48/AI48_004/AI48_004.blend', 'scenes/AI_58/AI58_002/AI58_002.blend', 'scenes/AI_58/AI58_005/AI58_005.blend', 'scenes/AI_58/AI58_007/AI58_007.blend', 'scenes/AI_58/AI58_001/AI58_001.blend', 'scenes/AI_58/AI58_008/AI58_008.blend', 'scenes/AI_58/AI58_006/AI58_006.blend', 'scenes/AI_58/AI58_009/AI58_009.blend', 'scenes/AI_58/AI58_010/AI58_010.blend']
blend_files len :  31
Rendering to folder: /gpfs/scratch/aarjun1/blender_data/data_no_filmic/images_single_illuminant
Job folder successfully created
~~~~~~~~~~~~~~~~~~~~~~~~~~~~~~~~~~~~~~~~~~~~~~~~~~
Rendering index 0
##################################################
This is lenn: 31
Background: AI33_003_280.blend
Background pivot: [0.0, 0.0, 0.0]
Universal color works22 : [0.2631192085695905, 0.7067383711919419, 0.4074244223100617, 1]
Background intensity: 0.0
mat_count : 0
lamp_count: 0
vertices: [[16.631549835205078, 10.815349578857422, 2.2909021377563477], [16.631549835205078, 10.815349578857422, 8.506816864013672], [16.631547927856445, -4.666616916656494, 8.506817817687988], [16.631547927856445, -4.666617393493652, 2.290903091430664], [-21.830013275146484, 10.81535530090332, 2.2909021377563477], [-21.830013275146484, 10.81535530090332, 8.506816864013672], [-21.830015182495117, -4.666611194610596, 8.506817817687988], [-21.830015182495117, -4.666611671447754, 2.290903091430664]]
max_vol_name: ['AI33_003_185background']
bounding_limits: [[10.8105073928833, -14.189508628845216], [7.029977226257325, -3.033300995826721], [2.2909021377563477, 8.506816864013672]]
max_vol_name_list: [['AI33_003_185background'], ['AI33_003_37background']]
Model arrangement: single
sub_parameters: {'position_range': (-2.5, 2.5), 'directory': 'ben_blobs/test_stls', 'scale_uniform': True, 'rotate': True, 'scale_range': (0.35, 0.55)}
position_range: (-2.5, 2.5)
position: [3.868359525545218, 6.234227730666319, 6.979809847878571]
##################################################
This is lenn: 1
##################################################
This is lenn: 20
Importing model from shape_364.stl
Scale: [0.4197421407596445, 0.4197421407596445, 0.4197421407596445]
model pos (3.868359525545218, 6.234227730666319, 6.979809847878571)
model counterr [2]
origin_location: [0.23461566865444183, -3.8672127723693848, 0.2609366774559021]
Model center location: [0.9137447327375412, 3.6041289567947388, 3.3229637145996094]
Camera location: (1.148360401391983, -0.263083815574646, 3.5839003920555115), rotation: [0.7301433935719631, 0.6826221565594361, 0.020687607376558753, 0.02212779018327957]
Camera counter: 2
Camera if_counter: 0
Camera bool_chi: False
Universal color works : [0.2631192085695905, 0.7067383711919419, 0.4074244223100617, 1]
before light location: [-1.5512608289718628, 1.170237421989441, 0.7743761539459229]
counterr light: 1
if_counter light: 0
light location: (-0.6375160962343216, 4.77436637878418, 4.097339868545532)
light bool_chi: False
Done Material: object
Color Material: [0.8705295063657247, 0.10105947741472417, 0.5454181220798939, 1]
##################################################
This is lenn: 1
light_colors: {'light': [0.2631192085695905, 0.7067383711919419, 0.4074244223100617, 1], 'scene_light': [0.2631192085695905, 0.7067383711919419, 0.4074244223100617, 1]}
scene_intensity: 109.39862453950758
Render activated_gpus: []
Render filename: 000000
