## SLURM PROLOG ###############################################################
##    Job ID : 3853014
##  Job Name : render_MI_val
##  Nodelist : gpu1402
##      CPUs : 1
##  Mem/Node : 40960 MB
## Directory : /gpfs/data/tserre/aarjun1/blender_render-color_pos
##   Started : Thu Jan 27 07:42:26 EST 2022
###############################################################################
14
##################################################
This is version: single_illuminant
##################################################
This is jobID: 3853014
##################################################
This is batch_size: 150000
##################################################
This is gpu_index: None
['scenes/AI_33/AI33_005/AI33_005_280.blend', 'scenes/AI_33/AI33_003/AI33_003_280.blend', 'scenes/AI_33/AI33_009/AI33_009_280.blend', 'scenes/AI_33/AI33_002/AI33_002_280.blend', 'scenes/AI_33/AI33_007/AI33_007_280.blend', 'scenes/AI_33/AI33_001/AI33_001_280.blend', 'scenes/AI_33/AI33_006/AI33_006_280.blend', 'scenes/AI_33/AI33_010/AI33_010_280.blend', 'scenes/AI_43/AI43_010/AI043_010_Blender.blend', 'scenes/AI_43/AI43_006/AI043_006_Blender.blend', 'scenes/AI_43/AI43_005/AI043_005_Blender.blend', 'scenes/AI_43/AI43_004/AI043_004.blend', 'scenes/AI_43/AI43_008_blender/AI043_008.blend', 'scenes/AI_43/AI43_009/AI043_009_Blender.blend', 'scenes/AI_43/AI43_003/AI043_003_Blender.blend', 'scenes/AI_43/AI43_001/AI043_001_Blender.blend', 'scenes/AI_48/AI48_001/AI48_001.blend', 'scenes/AI_48/AI48_002/AI48_002.blend', 'scenes/AI_48/AI48_008/AI48_008.blend', 'scenes/AI_48/AI48_010/AI48_010.blend', 'scenes/AI_48/AI48_009/AI48_009.blend', 'scenes/AI_48/AI48_003/AI48_003.blend', 'scenes/AI_48/AI48_004/AI48_004.blend', 'scenes/AI_58/AI58_002/AI58_002.blend', 'scenes/AI_58/AI58_005/AI58_005.blend', 'scenes/AI_58/AI58_007/AI58_007.blend', 'scenes/AI_58/AI58_001/AI58_001.blend', 'scenes/AI_58/AI58_008/AI58_008.blend', 'scenes/AI_58/AI58_006/AI58_006.blend', 'scenes/AI_58/AI58_009/AI58_009.blend', 'scenes/AI_58/AI58_010/AI58_010.blend']
blend_files len :  31
Rendering to folder: /gpfs/scratch/aarjun1/blender_data/data5/images_single_illuminant
Job folder successfully created
~~~~~~~~~~~~~~~~~~~~~~~~~~~~~~~~~~~~~~~~~~~~~~~~~~
Rendering index 0
##################################################
This is lenn: 31
Background: AI33_009_280.blend
Background pivot: [0.0, 0.0, 0.0]
Universal color works22 : [0.6542875751627679, 0.7895822393900086, 0.3825804403006853, 1]
Background intensity: 0.0
mat_count : 0
lamp_count: 0
vertices: [[-20.98570442199707, -12.64957332611084, -5.10948371887207], [-20.98570442199707, -12.64957332611084, 3.2318785190582275], [-20.98570442199707, 17.741846084594727, 3.231877326965332], [-20.98570442199707, 17.741846084594727, -5.109485149383545], [17.475900650024414, -12.64957332611084, -5.10948371887207], [17.475900650024414, -12.64957332611084, 3.2318785190582275], [17.475900650024414, 17.741846084594727, 3.231877326965332], [17.475900650024414, 17.741846084594727, -5.109485149383545]]
max_vol_name: ['AI33_009_columns_001background']
bounding_limits: [[-13.640707874298096, 11.35933542251587], [-8.222222661972046, 11.532199954986572], [-5.10948371887207, 3.2318785190582275]]
max_vol_name_list: [['AI33_009_barrier_001hbackground'], ['AI33_009_books_001background'], ['AI33_009_cables_001background'], ['AI33_009_columns_001background'], ['AI33_009_floor_001background'], ['AI33_009_floor_001.001background'], ['AI33_009_frames_001background'], ['AI33_009_horizontal_pillars_001background'], ['AI33_009_lamp_001background'], ['AI33_009_lampstand_002background'], ['AI33_009_widnows_001background']]
Model arrangement: single
sub_parameters: {'scale_range': (0.35, 0.55), 'position_range': (-2.5, 2.5), 'directory': 'ben_blobs/test_stls', 'scale_uniform': True, 'rotate': True}
position_range: (-2.5, 2.5)
position: [-6.135941115573212, -5.102111659472716, 1.1566724722319863]
##################################################
This is lenn: 1
##################################################
This is lenn: 20
Importing model from shape_400.stl
Scale: [0.5187464025338445, 0.5187464025338445, 0.5187464025338445]
model pos (-6.135941115573212, -5.102111659472716, 1.1566724722319863)
model counterr [1]
origin_location: [-0.7964404225349426, 3.372680187225342, -3.2907826900482178]
Model center location: [-6.135941028594971, -5.10211181640625, 1.156672477722168]
Camera location: (-6.932381451129913, -1.7294316291809082, -2.13411021232605), rotation: [0.04564960626708684, 0.10630128917356053, -0.9126874964633727, -0.3919409179546326]
Camera counter: 1
Camera if_counter: 0
Camera bool_chi: False
Universal color works : [0.6542875751627679, 0.7895822393900086, 0.3825804403006853, 1]
before light location: [1.3076791763305664, -1.762320876121521, 2.547657012939453]
counterr light: 5
if_counter light: 0
light location: (-4.828261852264404, -6.864432692527771, 3.704329490661621)
light bool_chi: False
Done Material: object
Color Material: [0.7636699131063193, 0.769629777234773, 0.3507450520723874, 1]
##################################################
This is lenn: 1
light_colors: {'scene_light': [0.6542875751627679, 0.7895822393900086, 0.3825804403006853, 1], 'light': [0.6542875751627679, 0.7895822393900086, 0.3825804403006853, 1]}
scene_intensity: 114.07934910447278
Render activated_gpus: []
Render filename: 000000
info_dict: {'scene_color': [0.6542875751627679, 0.7895822393900086, 0.3825804403006853, 1], 'light_intensity': 114.07934910447278, 'camera_dist': 4.778968477095344, 'blob_color': [0.7636699131063193, 0.769629777234773, 0.3507450520723874, 1], 'scene_name': 'AI33_009_280.blend'}
Render activated_gpus: []
Render filename: 000000.gt_sm
