## SLURM PROLOG ###############################################################
##    Job ID : 3875993
##  Job Name : render_MI_val
##  Nodelist : gpu1202
##      CPUs : 1
##  Mem/Node : 40960 MB
## Directory : /gpfs/data/tserre/aarjun1/blender_render-color_pos
##   Started : Sat Jan 29 04:59:18 EST 2022
###############################################################################
3
##################################################
This is version: single_illuminant
##################################################
This is jobID: 3875993
##################################################
This is batch_size: 150000
##################################################
This is gpu_index: None
['scenes/AI_33/AI33_005/AI33_005_280.blend', 'scenes/AI_33/AI33_003/AI33_003_280.blend', 'scenes/AI_33/AI33_009/AI33_009_280.blend', 'scenes/AI_33/AI33_002/AI33_002_280.blend', 'scenes/AI_33/AI33_007/AI33_007_280.blend', 'scenes/AI_33/AI33_001/AI33_001_280.blend', 'scenes/AI_33/AI33_006/AI33_006_280.blend', 'scenes/AI_33/AI33_010/AI33_010_280.blend', 'scenes/AI_43/AI43_010/AI043_010_Blender.blend', 'scenes/AI_43/AI43_006/AI043_006_Blender.blend', 'scenes/AI_43/AI43_005/AI043_005_Blender.blend', 'scenes/AI_43/AI43_004/AI043_004.blend', 'scenes/AI_43/AI43_008_blender/AI043_008.blend', 'scenes/AI_43/AI43_009/AI043_009_Blender.blend', 'scenes/AI_43/AI43_003/AI043_003_Blender.blend', 'scenes/AI_43/AI43_001/AI043_001_Blender.blend', 'scenes/AI_48/AI48_001/AI48_001.blend', 'scenes/AI_48/AI48_002/AI48_002.blend', 'scenes/AI_48/AI48_008/AI48_008.blend', 'scenes/AI_48/AI48_010/AI48_010.blend', 'scenes/AI_48/AI48_009/AI48_009.blend', 'scenes/AI_48/AI48_003/AI48_003.blend', 'scenes/AI_48/AI48_004/AI48_004.blend', 'scenes/AI_58/AI58_002/AI58_002.blend', 'scenes/AI_58/AI58_005/AI58_005.blend', 'scenes/AI_58/AI58_007/AI58_007.blend', 'scenes/AI_58/AI58_001/AI58_001.blend', 'scenes/AI_58/AI58_008/AI58_008.blend', 'scenes/AI_58/AI58_006/AI58_006.blend', 'scenes/AI_58/AI58_009/AI58_009.blend', 'scenes/AI_58/AI58_010/AI58_010.blend']
blend_files len :  31
Rendering to folder: /gpfs/scratch/aarjun1/blender_data/data_no_filmic/images_single_illuminant
Output folder created successfully
Job folder successfully created
~~~~~~~~~~~~~~~~~~~~~~~~~~~~~~~~~~~~~~~~~~~~~~~~~~
Rendering index 0
##################################################
This is lenn: 31
Background: AI48_004.blend
Background pivot: [0.0, 0.0, 0.0]
Universal color works22 : [0.3062816235249459, 0.7990681628015367, 0.2100881959134256, 1]
Background intensity: 0.0
mat_count : 0
lamp_count: 0
vertices: [[-20.305208206176758, -18.652700424194336, -0.05821257457137108], [-20.305208206176758, -18.652700424194336, 10.971534729003906], [-20.305208206176758, 19.808794021606445, 10.971532821655273], [-20.305208206176758, 19.808794021606445, -0.058214254677295685], [2.1590309143066406, -18.652700424194336, -0.05821257457137108], [2.1590309143066406, -18.652700424194336, 10.971534729003906], [2.1590309143066406, 19.808794021606445, 10.971532821655273], [2.1590309143066406, 19.808794021606445, -0.058214254677295685]]
max_vol_name: ['AI48_004_blockerbackground']
bounding_limits: [[-13.198385334014892, 1.4033700942993164], [-12.124255275726318, 12.87571611404419], [-0.05821257457137108, 10.971534729003906]]
max_vol_name_list: [['AI48_004_basket_background'], ['AI48_004_blockerbackground'], ['AI48_004_floor_planksbackground'], ['AI48_004_planksbackground'], ['AI48_004_skull_hornsbackground'], ['AI48_004_table_v1background'], ['AI48_004_wood_construction_01background']]
Model arrangement: single
sub_parameters: {'scale_range': (0.35, 0.55), 'directory': 'ben_blobs/test_stls', 'scale_uniform': True, 'rotate': True, 'position_range': (-2.5, 2.5)}
position_range: (-2.5, 2.5)
position: [-6.671986927194293, -4.637636852663852, 10.441079768787567]
##################################################
This is lenn: 1
##################################################
This is lenn: 20
Importing model from shape_711.stl
Scale: [0.4521162545353896, 0.4521162545353896, 0.4521162545353896]
model pos (-6.671986927194293, -4.637636852663852, 10.441079768787567)
model counterr [10]
origin_location: [-3.6147403717041016, 2.2712061405181885, -0.3338787257671356]
Model center location: [-1.4306074976921082, -6.023849964141846, 6.910871505737305]
Camera location: (-5.04534786939621, -3.7526438236236572, 6.576992779970169), rotation: [0.32844070866404806, 0.35513077162399403, -0.6425478365184139, -0.5942567742344298]
Camera counter: 4
Camera if_counter: 0
Camera bool_chi: False
Universal color works : [0.3062816235249459, 0.7990681628015367, 0.2100881959134256, 1]
before light location: [-1.594415307044983, 0.33285626769065857, 0.8789448738098145]
counterr light: 1
if_counter light: 0
light location: (-3.025022804737091, -5.690993696451187, 7.789816379547119)
light bool_chi: False
Done Material: object
Color Material: [0.48502726450278155, 0.6643786409419001, 0.6889685768733537, 1]
##################################################
This is lenn: 1
light_colors: {'scene_light': [0.3062816235249459, 0.7990681628015367, 0.2100881959134256, 1], 'light': [0.3062816235249459, 0.7990681628015367, 0.2100881959134256, 1]}
scene_intensity: 169.3787679519131
Render activated_gpus: []
Render filename: 000000
