## SLURM PROLOG ###############################################################
##    Job ID : 3876007
##  Job Name : render_MI_val
##  Nodelist : gpu2004
##      CPUs : 1
##  Mem/Node : 40960 MB
## Directory : /gpfs/data/tserre/aarjun1/blender_render-color_pos
##   Started : Sat Jan 29 04:59:18 EST 2022
###############################################################################
17
##################################################
This is version: single_illuminant
##################################################
This is jobID: 3876007
##################################################
This is batch_size: 150000
##################################################
This is gpu_index: None
['scenes/AI_33/AI33_005/AI33_005_280.blend', 'scenes/AI_33/AI33_003/AI33_003_280.blend', 'scenes/AI_33/AI33_009/AI33_009_280.blend', 'scenes/AI_33/AI33_002/AI33_002_280.blend', 'scenes/AI_33/AI33_007/AI33_007_280.blend', 'scenes/AI_33/AI33_001/AI33_001_280.blend', 'scenes/AI_33/AI33_006/AI33_006_280.blend', 'scenes/AI_33/AI33_010/AI33_010_280.blend', 'scenes/AI_43/AI43_010/AI043_010_Blender.blend', 'scenes/AI_43/AI43_006/AI043_006_Blender.blend', 'scenes/AI_43/AI43_005/AI043_005_Blender.blend', 'scenes/AI_43/AI43_004/AI043_004.blend', 'scenes/AI_43/AI43_008_blender/AI043_008.blend', 'scenes/AI_43/AI43_009/AI043_009_Blender.blend', 'scenes/AI_43/AI43_003/AI043_003_Blender.blend', 'scenes/AI_43/AI43_001/AI043_001_Blender.blend', 'scenes/AI_48/AI48_001/AI48_001.blend', 'scenes/AI_48/AI48_002/AI48_002.blend', 'scenes/AI_48/AI48_008/AI48_008.blend', 'scenes/AI_48/AI48_010/AI48_010.blend', 'scenes/AI_48/AI48_009/AI48_009.blend', 'scenes/AI_48/AI48_003/AI48_003.blend', 'scenes/AI_48/AI48_004/AI48_004.blend', 'scenes/AI_58/AI58_002/AI58_002.blend', 'scenes/AI_58/AI58_005/AI58_005.blend', 'scenes/AI_58/AI58_007/AI58_007.blend', 'scenes/AI_58/AI58_001/AI58_001.blend', 'scenes/AI_58/AI58_008/AI58_008.blend', 'scenes/AI_58/AI58_006/AI58_006.blend', 'scenes/AI_58/AI58_009/AI58_009.blend', 'scenes/AI_58/AI58_010/AI58_010.blend']
blend_files len :  31
Rendering to folder: /gpfs/scratch/aarjun1/blender_data/data_no_filmic/images_single_illuminant
Output folder created successfully
Job folder successfully created
~~~~~~~~~~~~~~~~~~~~~~~~~~~~~~~~~~~~~~~~~~~~~~~~~~
Rendering index 0
##################################################
This is lenn: 31
Background: AI33_009_280.blend
Background pivot: [0.0, 0.0, 0.0]
Universal color works22 : [0.8764802985976554, 0.2870709885392274, 0.3787790238399117, 1]
Background intensity: 0.0
mat_count : 0
lamp_count: 0
vertices: [[-20.98570442199707, -12.64957332611084, -5.10948371887207], [-20.98570442199707, -12.64957332611084, 3.2318785190582275], [-20.98570442199707, 17.741846084594727, 3.231877326965332], [-20.98570442199707, 17.741846084594727, -5.109485149383545], [17.475900650024414, -12.64957332611084, -5.10948371887207], [17.475900650024414, -12.64957332611084, 3.2318785190582275], [17.475900650024414, 17.741846084594727, 3.231877326965332], [17.475900650024414, 17.741846084594727, -5.109485149383545]]
max_vol_name: ['AI33_009_columns_001background']
bounding_limits: [[-13.640707874298096, 11.35933542251587], [-8.222222661972046, 11.532199954986572], [-5.10948371887207, 3.2318785190582275]]
max_vol_name_list: [['AI33_009_barrier_001hbackground'], ['AI33_009_books_001background'], ['AI33_009_cables_001background'], ['AI33_009_columns_001background'], ['AI33_009_floor_001background'], ['AI33_009_floor_001.001background'], ['AI33_009_frames_001background'], ['AI33_009_horizontal_pillars_001background'], ['AI33_009_lamp_001background'], ['AI33_009_lampstand_002background'], ['AI33_009_widnows_001background']]
Model arrangement: single
sub_parameters: {'position_range': (-2.5, 2.5), 'directory': 'ben_blobs/test_stls', 'rotate': True, 'scale_uniform': True, 'scale_range': (0.35, 0.55)}
position_range: (-2.5, 2.5)
position: [-6.9370497400153885, 5.058127569553694, 0.6291337468506804]
##################################################
This is lenn: 1
##################################################
This is lenn: 20
Importing model from shape_755.stl
Scale: [0.40159997242956663, 0.40159997242956663, 0.40159997242956663]
model pos (-6.9370497400153885, 5.058127569553694, 0.6291337468506804)
model counterr [1]
origin_location: [1.4059418439865112, -3.0719919204711914, 2.482497215270996]
Model center location: [-6.937049865722656, 5.058127403259277, 0.6291337460279465]
Camera location: (-5.531108021736145, 1.986135482788086, 3.1116309612989426), rotation: [0.8717592862381622, 0.4412292536412929, 0.0961708285373161, 0.19000964272142584]
Camera counter: 2
Camera if_counter: 0
Camera bool_chi: False
Universal color works : [0.8764802985976554, 0.2870709885392274, 0.3787790238399117, 1]
before light location: [-0.2531588673591614, -1.0467033386230469, 1.741457223892212]
counterr light: 3
if_counter light: 0
light location: (-7.190208733081818, 4.0114240646362305, 2.3705909699201584)
light bool_chi: False
Done Material: object
Color Material: [0.5689195080616578, 0.2601890894519581, 0.8200878379060826, 1]
##################################################
This is lenn: 1
light_colors: {'scene_light': [0.8764802985976554, 0.2870709885392274, 0.3787790238399117, 1], 'light': [0.8764802985976554, 0.2870709885392274, 0.3787790238399117, 1]}
scene_intensity: 122.60308548211175
Render activated_gpus: []
Render filename: 000000
