## SLURM PROLOG ###############################################################
##    Job ID : 3876010
##  Job Name : render_MI_val
##  Nodelist : gpu2010
##      CPUs : 1
##  Mem/Node : 40960 MB
## Directory : /gpfs/data/tserre/aarjun1/blender_render-color_pos
##   Started : Sat Jan 29 04:59:18 EST 2022
###############################################################################
20
##################################################
This is version: single_illuminant
##################################################
This is jobID: 3876010
##################################################
This is batch_size: 150000
##################################################
This is gpu_index: None
['scenes/AI_33/AI33_005/AI33_005_280.blend', 'scenes/AI_33/AI33_003/AI33_003_280.blend', 'scenes/AI_33/AI33_009/AI33_009_280.blend', 'scenes/AI_33/AI33_002/AI33_002_280.blend', 'scenes/AI_33/AI33_007/AI33_007_280.blend', 'scenes/AI_33/AI33_001/AI33_001_280.blend', 'scenes/AI_33/AI33_006/AI33_006_280.blend', 'scenes/AI_33/AI33_010/AI33_010_280.blend', 'scenes/AI_43/AI43_010/AI043_010_Blender.blend', 'scenes/AI_43/AI43_006/AI043_006_Blender.blend', 'scenes/AI_43/AI43_005/AI043_005_Blender.blend', 'scenes/AI_43/AI43_004/AI043_004.blend', 'scenes/AI_43/AI43_008_blender/AI043_008.blend', 'scenes/AI_43/AI43_009/AI043_009_Blender.blend', 'scenes/AI_43/AI43_003/AI043_003_Blender.blend', 'scenes/AI_43/AI43_001/AI043_001_Blender.blend', 'scenes/AI_48/AI48_001/AI48_001.blend', 'scenes/AI_48/AI48_002/AI48_002.blend', 'scenes/AI_48/AI48_008/AI48_008.blend', 'scenes/AI_48/AI48_010/AI48_010.blend', 'scenes/AI_48/AI48_009/AI48_009.blend', 'scenes/AI_48/AI48_003/AI48_003.blend', 'scenes/AI_48/AI48_004/AI48_004.blend', 'scenes/AI_58/AI58_002/AI58_002.blend', 'scenes/AI_58/AI58_005/AI58_005.blend', 'scenes/AI_58/AI58_007/AI58_007.blend', 'scenes/AI_58/AI58_001/AI58_001.blend', 'scenes/AI_58/AI58_008/AI58_008.blend', 'scenes/AI_58/AI58_006/AI58_006.blend', 'scenes/AI_58/AI58_009/AI58_009.blend', 'scenes/AI_58/AI58_010/AI58_010.blend']
blend_files len :  31
Rendering to folder: /gpfs/scratch/aarjun1/blender_data/data_no_filmic/images_single_illuminant
Job folder successfully created
~~~~~~~~~~~~~~~~~~~~~~~~~~~~~~~~~~~~~~~~~~~~~~~~~~
Rendering index 0
##################################################
This is lenn: 31
Background: AI48_001.blend
Background pivot: [0.0, 0.0, 0.0]
Universal color works22 : [0.5686342994853625, 0.8423240011905032, 0.5123445503750358, 1]
Background intensity: 0.0
mat_count : 0
lamp_count: 0
vertices: [[-16.806983947753906, -29.412220001220703, 1.1537459840837982e-06], [-16.806983947753906, -29.412220001220703, 16.106645584106445], [-16.806983947753906, 9.049315452575684, 16.106643676757812], [-16.806983947753906, 9.049314498901367, -5.274611112326966e-07], [16.836679458618164, -29.412220001220703, 1.1537459840837982e-06], [16.836679458618164, -29.412220001220703, 16.106645584106445], [16.836679458618164, 9.049315452575684, 16.106643676757812], [16.836679458618164, 9.049314498901367, -5.274611112326966e-07]]
max_vol_name: ['AI48_001_wallsbackground']
bounding_limits: [[-10.924539566040039, 10.943841648101808], [-19.117943000793456, 5.882055044174194], [1.1537459840837982e-06, 16.106645584106445]]
max_vol_name_list: [['AI48_001_ceiling_woodbackground'], ['AI48_001_floor_1background'], ['AI48_001_floor_2background'], ['AI48_001_floor_3background'], ['AI48_001_floor_4background'], ['AI48_001_floor_blackbackground'], ['AI48_001_wallsbackground']]
Model arrangement: single
sub_parameters: {'directory': 'ben_blobs/test_stls', 'rotate': True, 'position_range': (-2.5, 2.5), 'scale_uniform': True, 'scale_range': (0.35, 0.55)}
position_range: (-2.5, 2.5)
position: [5.896799457039577, -1.0343596465386256, 3.2873888143865586]
##################################################
This is lenn: 1
##################################################
This is lenn: 20
Importing model from shape_755.stl
Scale: [0.37735695132290664, 0.37735695132290664, 0.37735695132290664]
model pos (5.896799457039577, -1.0343596465386256, 3.2873888143865586)
model counterr [3]
origin_location: [0.46844443678855896, -2.1850624084472656, 1.945778250694275]
Model center location: [6.172340393066406, -1.6131659746170044, 4.7932610511779785]
Camera location: (6.640784829854965, -3.79822838306427, 6.739039301872253), rotation: [0.9050594465676338, 0.4120177980854436, 0.04366907122790858, 0.09592572364909663]
Camera counter: 1
Camera if_counter: 0
Camera bool_chi: False
Universal color works : [0.5686342994853625, 0.8423240011905032, 0.5123445503750358, 1]
before light location: [-0.5839572548866272, -0.8924198150634766, 1.456496238708496]
counterr light: 1
if_counter light: 0
light location: (5.588383138179779, -2.505585789680481, 6.249757289886475)
light bool_chi: False
Done Material: object
Color Material: [0.7979854280190994, 0.2872985219681268, 0.6386705600031177, 1]
##################################################
This is lenn: 1
light_colors: {'scene_light': [0.5686342994853625, 0.8423240011905032, 0.5123445503750358, 1], 'light': [0.5686342994853625, 0.8423240011905032, 0.5123445503750358, 1]}
scene_intensity: 193.88821999181602
Render activated_gpus: []
Render filename: 000000
