## SLURM PROLOG ###############################################################
##    Job ID : 3836836
##  Job Name : render_MI_val
##  Nodelist : gpu1401
##      CPUs : 1
##  Mem/Node : 40960 MB
## Directory : /gpfs/data/tserre/aarjun1/blender_render-color_pos
##   Started : Tue Jan 25 06:52:12 EST 2022
###############################################################################
2
##################################################
This is version: single_illuminant
##################################################
This is jobID: 3836836
##################################################
This is batch_size: 150000
##################################################
This is gpu_index: None
['scenes/AI_33/AI33_005/AI33_005_280.blend', 'scenes/AI_33/AI33_003/AI33_003_280.blend', 'scenes/AI_33/AI33_009/AI33_009_280.blend', 'scenes/AI_33/AI33_002/AI33_002_280.blend', 'scenes/AI_33/AI33_007/AI33_007_280.blend', 'scenes/AI_33/AI33_001/AI33_001_280.blend', 'scenes/AI_33/AI33_006/AI33_006_280.blend', 'scenes/AI_33/AI33_010/AI33_010_280.blend', 'scenes/AI_43/AI43_010/AI043_010_Blender.blend', 'scenes/AI_43/AI43_006/AI043_006_Blender.blend', 'scenes/AI_43/AI43_005/AI043_005_Blender.blend', 'scenes/AI_43/AI43_004/AI043_004.blend', 'scenes/AI_43/AI43_008_blender/AI043_008.blend', 'scenes/AI_43/AI43_009/AI043_009_Blender.blend', 'scenes/AI_43/AI43_003/AI043_003_Blender.blend', 'scenes/AI_43/AI43_001/AI043_001_Blender.blend', 'scenes/AI_48/AI48_001/AI48_001.blend', 'scenes/AI_48/AI48_002/AI48_002.blend', 'scenes/AI_48/AI48_008/AI48_008.blend', 'scenes/AI_48/AI48_010/AI48_010.blend', 'scenes/AI_48/AI48_009/AI48_009.blend', 'scenes/AI_48/AI48_003/AI48_003.blend', 'scenes/AI_48/AI48_004/AI48_004.blend', 'scenes/AI_58/AI58_002/AI58_002.blend', 'scenes/AI_58/AI58_005/AI58_005.blend', 'scenes/AI_58/AI58_007/AI58_007.blend', 'scenes/AI_58/AI58_001/AI58_001.blend', 'scenes/AI_58/AI58_008/AI58_008.blend', 'scenes/AI_58/AI58_006/AI58_006.blend', 'scenes/AI_58/AI58_009/AI58_009.blend', 'scenes/AI_58/AI58_010/AI58_010.blend']
blend_files len :  31
Rendering to folder: /gpfs/scratch/aarjun1/blender_data/data5/images_single_illuminant
Job folder successfully created
~~~~~~~~~~~~~~~~~~~~~~~~~~~~~~~~~~~~~~~~~~~~~~~~~~
Rendering index 0
##################################################
This is lenn: 31
Background: AI58_008.blend
Background pivot: [0.0, 0.0, 0.0]
Universal color works22 : [0.2601652204986885, 0.5357156292080519, 0.17538129605305813, 1]
Background intensity: 0.0
mat_count : 0
lamp_count: 0
vertices: [[-22.068096160888672, -17.96973419189453, 1.0610897334117908e-06], [-22.068096160888672, -17.96973419189453, 8.354351997375488], [-22.068096160888672, 9.457755088806152, 8.354351043701172], [-22.068096160888672, 9.457755088806152, -1.3780386609596462e-07], [16.39344024658203, -17.96973419189453, 1.0610897334117908e-06], [16.39344024658203, -17.96973419189453, 8.354351997375488], [16.39344024658203, 9.457755088806152, 8.354351043701172], [16.39344024658203, 9.457755088806152, -1.3780386609596462e-07]]
max_vol_name: ['AI58_008_WallV003background']
bounding_limits: [[-14.344262504577637, 10.655736160278321], [-11.680327224731446, 6.147540807723999], [1.0610897334117908e-06, 8.354351997375488]]
max_vol_name_list: [['AI58_008_Ceilingbackground'], ['AI58_008_Floorbackground'], ['AI58_008_Strip_Wallbackground'], ['AI58_008_WallV003background'], ['AI58_008_WallV004background'], ['AI58_008_Worktop_002background'], ['Am158_059_06background']]
Model arrangement: single
sub_parameters: {'scale_range': (0.35, 0.55), 'directory': 'ben_blobs/test_stls', 'position_range': (-2.5, 2.5), 'scale_uniform': True, 'rotate': True}
position_range: (-2.5, 2.5)
position: [-7.885144344144815, 5.886704094162617, 1.6732055901360527]
##################################################
This is lenn: 1
##################################################
This is lenn: 20
Importing model from shape_371.stl
Scale: [0.35763303895653653, 0.35763303895653653, 0.35763303895653653]
model pos (-7.885144344144815, 5.886704094162617, 1.6732055901360527)
model counterr [2]
origin_location: [1.4474668502807617, 0.9015181660652161, 2.0735244750976562]
Model center location: [-7.2008562088012695, -1.531028151512146, 4.459967613220215]
Camera location: (-5.753389358520508, -0.6295099854469299, 6.533492088317871), rotation: [-0.45699168294053666, -0.1637783181558007, -0.29495180294450657, -0.8230058919382159]
Camera counter: 1
Camera if_counter: 0
Camera bool_chi: False
Universal color works : [0.2601652204986885, 0.5357156292080519, 0.17538129605305813, 1]
before light location: [0.5233227014541626, 0.41873377561569214, 1.1256909370422363]
counterr light: 1
if_counter light: 0
light location: (-6.677533507347107, -1.1122943758964539, 5.585658550262451)
light bool_chi: False
Done Material: object
Color Material: [0.7314957659308564, 0.764376441124157, 0.6210526637478769, 1]
##################################################
This is lenn: 1
light_colors: {'light': [0.2601652204986885, 0.5357156292080519, 0.17538129605305813, 1], 'scene_light': [0.2601652204986885, 0.5357156292080519, 0.17538129605305813, 1]}
scene_intensity: 149.61704177818342
Render activated_gpus: []
Render filename: 000000
info_dict: {'blob_color': [0.7314957659308564, 0.764376441124157, 0.6210526637478769, 1], 'light_intensity': 149.61704177818342, 'scene_color': [0.2601652204986885, 0.5357156292080519, 0.17538129605305813, 1], 'camera_dist': 2.684659947784134, 'scene_name': 'AI58_008.blend'}
Render activated_gpus: []
Render filename: 000000.gt_sm
Render activated_gpus: []
Render filename: 000000.gt_r
Render activated_gpus: []
Render filename: 000000.gt_ill
Render 0 complete
Data from render 0 saved
~~~~~~~~~~~~~~~~~~~~~~~~~~~~~~~~~~~~~~~~~~~~~~~~~~
Rendering index 1
##################################################
This is lenn: 31
Background: AI043_006_Blender.blend
Background pivot: [0.0, 0.0, 0.0]
Universal color works22 : [0.5530145537758551, 0.6081219662032032, 0.1754666586247116, 1]
Background intensity: 0.0
mat_count : 0
lamp_count: 0
vertices: [[-12.940886497497559, -18.502309799194336, 0.0058177774772048], [-12.940886497497559, -18.502307891845703, 10.257091522216797], [-12.940886497497559, 19.959228515625, 10.25709056854248], [-12.940886497497559, 19.959226608276367, 0.005816095974296331], [13.370844841003418, -18.502309799194336, 0.0058177774772048], [13.370844841003418, -18.502307891845703, 10.257091522216797], [13.370844841003418, 19.959228515625, 10.25709056854248], [13.370844841003418, 19.959226608276367, 0.005816095974296331]]
max_vol_name: ['AI43_006_00background']
bounding_limits: [[-8.411576223373414, 8.691049146652222], [-12.026500129699707, 12.973498535156251], [0.0058177774772048, 10.257091522216797]]
max_vol_name_list: [['AI43_006_00background'], ['AI43_006_206background'], ['AI43_006_55background']]
Model arrangement: single
sub_parameters: {'scale_range': (0.35, 0.55), 'directory': 'ben_blobs/test_stls', 'rotate': True, 'scale_uniform': True, 'files': ['/gpfs/scratch/aarjun1/train_data/ben_blobs/test_stls/shape_621.stl', '/gpfs/scratch/aarjun1/train_data/ben_blobs/test_stls/shape_755.stl', '/gpfs/scratch/aarjun1/train_data/ben_blobs/test_stls/shape_864.stl', '/gpfs/scratch/aarjun1/train_data/ben_blobs/test_stls/shape_400.stl', '/gpfs/scratch/aarjun1/train_data/ben_blobs/test_stls/shape_685.stl', '/gpfs/scratch/aarjun1/train_data/ben_blobs/test_stls/shape_863.stl', '/gpfs/scratch/aarjun1/train_data/ben_blobs/test_stls/shape_905.stl', '/gpfs/scratch/aarjun1/train_data/ben_blobs/test_stls/shape_939.stl', '/gpfs/scratch/aarjun1/train_data/ben_blobs/test_stls/shape_631.stl', '/gpfs/scratch/aarjun1/train_data/ben_blobs/test_stls/shape_364.stl', '/gpfs/scratch/aarjun1/train_data/ben_blobs/test_stls/shape_375.stl', '/gpfs/scratch/aarjun1/train_data/ben_blobs/test_stls/shape_711.stl', '/gpfs/scratch/aarjun1/train_data/ben_blobs/test_stls/shape_892.stl', '/gpfs/scratch/aarjun1/train_data/ben_blobs/test_stls/shape_951.stl', '/gpfs/scratch/aarjun1/train_data/ben_blobs/test_stls/shape_702.stl', '/gpfs/scratch/aarjun1/train_data/ben_blobs/test_stls/shape_597.stl', '/gpfs/scratch/aarjun1/train_data/ben_blobs/test_stls/shape_17.stl', '/gpfs/scratch/aarjun1/train_data/ben_blobs/test_stls/shape_971.stl', '/gpfs/scratch/aarjun1/train_data/ben_blobs/test_stls/shape_371.stl', '/gpfs/scratch/aarjun1/train_data/ben_blobs/test_stls/shape_461.stl'], 'position_range': (-2.5, 2.5)}
position_range: (-2.5, 2.5)
position: [5.4052302069113125, -6.157125097202042, 4.924548586318381]
##################################################
This is lenn: 1
##################################################
This is lenn: 20
Importing model from shape_939.stl
Scale: [0.35586947287201826, 0.35586947287201826, 0.35586947287201826]
model pos (5.4052302069113125, -6.157125097202042, 4.924548586318381)
model counterr [2]
origin_location: [-0.764068603515625, 0.7200592160224915, -3.373842477798462]
Model center location: [0.8754958063364029, 2.6143603324890137, 1.1122424006462097]
Camera location: (0.1114272028207779, 3.334419548511505, -2.261600077152252), rotation: [0.05955844817801601, 0.3918343834900182, -0.9076804705905968, -0.13796655563598445]
Camera counter: 2
Camera if_counter: 0
Camera bool_chi: False
Universal color works : [0.5530145537758551, 0.6081219662032032, 0.1754666586247116, 1]
before light location: [1.6456607580184937, 1.6537623405456543, 0.28016042709350586]
counterr light: 2
if_counter light: 0
light location: (2.5211565643548965, 4.268122673034668, 1.3924028277397156)
light bool_chi: False
Done Material: object
Color Material: [0.5738445080705098, 0.6309798192925606, 0.23703897179262814, 1]
##################################################
This is lenn: 1
light_colors: {'light': [0.5530145537758551, 0.6081219662032032, 0.1754666586247116, 1], 'scene_light': [0.5530145537758551, 0.6081219662032032, 0.1754666586247116, 1]}
scene_intensity: 120.22640855015581
Render activated_gpus: []
Render filename: 000001
info_dict: {'blob_color': [0.5738445080705098, 0.6309798192925606, 0.23703897179262814, 1], 'light_intensity': 120.22640855015581, 'scene_color': [0.5530145537758551, 0.6081219662032032, 0.1754666586247116, 1], 'camera_dist': 3.5334259820257317, 'scene_name': 'AI043_006_Blender.blend'}
Render activated_gpus: []
Render filename: 000001.gt_sm
Render activated_gpus: []
Render filename: 000001.gt_r
Render activated_gpus: []
Render filename: 000001.gt_ill
Render 1 complete
Data from render 1 saved
~~~~~~~~~~~~~~~~~~~~~~~~~~~~~~~~~~~~~~~~~~~~~~~~~~
Rendering index 2
##################################################
This is lenn: 31
Background: AI043_005_Blender.blend
Background pivot: [0.0, 0.0, 0.0]
Universal color works22 : [0.8058423687995359, 0.7109314961965406, 0.2723168710219389, 1]
Background intensity: 0.0
mat_count : 0
lamp_count: 0
vertices: [[-11.892767906188965, -19.629199981689453, -8.896159172058105], [-11.892767906188965, -19.62919807434082, 16.103839874267578], [-11.892767906188965, 17.433942794799805, 16.103837966918945], [-11.892767906188965, 17.433940887451172, -8.896161079406738], [17.099822998046875, -19.629199981689453, -8.896159172058105], [17.099822998046875, -19.62919807434082, 16.103839874267578], [17.099822998046875, 17.433942794799805, 16.103837966918945], [17.099822998046875, 17.433940887451172, -8.896161079406738]]
max_vol_name: ['AI43_005_building_001background']
bounding_limits: [[-7.7302991390228275, 11.114884948730468], [-12.758978748321534, 11.332062816619873], [-8.896159172058105, 16.103839874267578]]
max_vol_name_list: [['AI43_005_building_001background'], ['AI43_005_concrete_floor_001background'], ['AI43_005_glass_001background']]
Model arrangement: single
sub_parameters: {'scale_range': (0.35, 0.55), 'directory': 'ben_blobs/test_stls', 'rotate': True, 'scale_uniform': True, 'files': ['/gpfs/scratch/aarjun1/train_data/ben_blobs/test_stls/shape_621.stl', '/gpfs/scratch/aarjun1/train_data/ben_blobs/test_stls/shape_755.stl', '/gpfs/scratch/aarjun1/train_data/ben_blobs/test_stls/shape_864.stl', '/gpfs/scratch/aarjun1/train_data/ben_blobs/test_stls/shape_400.stl', '/gpfs/scratch/aarjun1/train_data/ben_blobs/test_stls/shape_685.stl', '/gpfs/scratch/aarjun1/train_data/ben_blobs/test_stls/shape_863.stl', '/gpfs/scratch/aarjun1/train_data/ben_blobs/test_stls/shape_905.stl', '/gpfs/scratch/aarjun1/train_data/ben_blobs/test_stls/shape_939.stl', '/gpfs/scratch/aarjun1/train_data/ben_blobs/test_stls/shape_631.stl', '/gpfs/scratch/aarjun1/train_data/ben_blobs/test_stls/shape_364.stl', '/gpfs/scratch/aarjun1/train_data/ben_blobs/test_stls/shape_375.stl', '/gpfs/scratch/aarjun1/train_data/ben_blobs/test_stls/shape_711.stl', '/gpfs/scratch/aarjun1/train_data/ben_blobs/test_stls/shape_892.stl', '/gpfs/scratch/aarjun1/train_data/ben_blobs/test_stls/shape_951.stl', '/gpfs/scratch/aarjun1/train_data/ben_blobs/test_stls/shape_702.stl', '/gpfs/scratch/aarjun1/train_data/ben_blobs/test_stls/shape_597.stl', '/gpfs/scratch/aarjun1/train_data/ben_blobs/test_stls/shape_17.stl', '/gpfs/scratch/aarjun1/train_data/ben_blobs/test_stls/shape_971.stl', '/gpfs/scratch/aarjun1/train_data/ben_blobs/test_stls/shape_371.stl', '/gpfs/scratch/aarjun1/train_data/ben_blobs/test_stls/shape_461.stl'], 'position_range': (-2.5, 2.5)}
position_range: (-2.5, 2.5)
position: [-6.407333143528865, 5.629377202875675, -1.894577192316171]
##################################################
This is lenn: 1
##################################################
This is lenn: 20
Importing model from shape_755.stl
Scale: [0.4479719102363149, 0.4479719102363149, 0.4479719102363149]
model pos (-6.407333143528865, 5.629377202875675, -1.894577192316171)
model counterr [9]
origin_location: [0.6423124670982361, 0.0198067557066679, 4.170377731323242]
Model center location: [-1.599815309047699, 7.705901622772217, -3.056215524673462]
Camera location: (-0.9575028419494629, 7.725708378478885, 1.1141622066497803), rotation: [-0.694091286531618, -0.053162894884679124, -0.05482752996203925, -0.7158246534778092]
Camera counter: 1
Camera if_counter: 0
Camera bool_chi: False
Universal color works : [0.8058423687995359, 0.7109314961965406, 0.2723168710219389, 1]
before light location: [-2.3524434566497803, 0.08016061037778854, 1.062290072441101]
counterr light: 1
if_counter light: 0
light location: (-3.9522587656974792, 7.786062233150005, -1.9939254522323608)
light bool_chi: False
Done Material: object
Color Material: [0.3595282765669182, 0.4702434379300069, 0.46669242091078045, 1]
##################################################
This is lenn: 1
light_colors: {'light': [0.8058423687995359, 0.7109314961965406, 0.2723168710219389, 1], 'scene_light': [0.8058423687995359, 0.7109314961965406, 0.2723168710219389, 1]}
scene_intensity: 160.36982103118277
Render activated_gpus: []
Render filename: 000002
info_dict: {'blob_color': [0.3595282765669182, 0.4702434379300069, 0.46669242091078045, 1], 'light_intensity': 160.36982103118277, 'scene_color': [0.8058423687995359, 0.7109314961965406, 0.2723168710219389, 1], 'camera_dist': 4.219598089259004, 'scene_name': 'AI043_005_Blender.blend'}
Render activated_gpus: []
Render filename: 000002.gt_sm
Render activated_gpus: []
Render filename: 000002.gt_r
Render activated_gpus: []
Render filename: 000002.gt_ill
Render 2 complete
Data from render 2 saved
~~~~~~~~~~~~~~~~~~~~~~~~~~~~~~~~~~~~~~~~~~~~~~~~~~
Rendering index 3
##################################################
This is lenn: 31
Background: AI33_005_280.blend
Background pivot: [0.0, 0.0, 0.0]
Universal color works22 : [0.3983267376023416, 0.1473226118770744, 0.1447361923900588, 1]
Background intensity: 0.0
mat_count : 0
lamp_count: 0
vertices: [[-12.64403247833252, -17.905441284179688, 0.1412685662508011], [-12.64403247833252, -17.905439376831055, 10.013442993164062], [-12.64403247833252, 20.556135177612305, 10.013442039489746], [-12.64403247833252, 20.556135177612305, 0.14126689732074738], [10.782952308654785, -17.905441284179688, 0.1412685662508011], [10.782952308654785, -17.905439376831055, 10.013442993164062], [10.782952308654785, 20.556135177612305, 10.013442039489746], [10.782952308654785, 20.556135177612305, 0.14126689732074738]]
max_vol_name: ['AI33_005_66background']
bounding_limits: [[-8.218621110916137, 7.00891900062561], [-11.638535594940185, 13.361487865447998], [0.1412685662508011, 10.013442993164062]]
max_vol_name_list: [['AI33_005_66background']]
Model arrangement: single
sub_parameters: {'scale_range': (0.35, 0.55), 'directory': 'ben_blobs/test_stls', 'rotate': True, 'scale_uniform': True, 'files': ['/gpfs/scratch/aarjun1/train_data/ben_blobs/test_stls/shape_621.stl', '/gpfs/scratch/aarjun1/train_data/ben_blobs/test_stls/shape_755.stl', '/gpfs/scratch/aarjun1/train_data/ben_blobs/test_stls/shape_864.stl', '/gpfs/scratch/aarjun1/train_data/ben_blobs/test_stls/shape_400.stl', '/gpfs/scratch/aarjun1/train_data/ben_blobs/test_stls/shape_685.stl', '/gpfs/scratch/aarjun1/train_data/ben_blobs/test_stls/shape_863.stl', '/gpfs/scratch/aarjun1/train_data/ben_blobs/test_stls/shape_905.stl', '/gpfs/scratch/aarjun1/train_data/ben_blobs/test_stls/shape_939.stl', '/gpfs/scratch/aarjun1/train_data/ben_blobs/test_stls/shape_631.stl', '/gpfs/scratch/aarjun1/train_data/ben_blobs/test_stls/shape_364.stl', '/gpfs/scratch/aarjun1/train_data/ben_blobs/test_stls/shape_375.stl', '/gpfs/scratch/aarjun1/train_data/ben_blobs/test_stls/shape_711.stl', '/gpfs/scratch/aarjun1/train_data/ben_blobs/test_stls/shape_892.stl', '/gpfs/scratch/aarjun1/train_data/ben_blobs/test_stls/shape_951.stl', '/gpfs/scratch/aarjun1/train_data/ben_blobs/test_stls/shape_702.stl', '/gpfs/scratch/aarjun1/train_data/ben_blobs/test_stls/shape_597.stl', '/gpfs/scratch/aarjun1/train_data/ben_blobs/test_stls/shape_17.stl', '/gpfs/scratch/aarjun1/train_data/ben_blobs/test_stls/shape_971.stl', '/gpfs/scratch/aarjun1/train_data/ben_blobs/test_stls/shape_371.stl', '/gpfs/scratch/aarjun1/train_data/ben_blobs/test_stls/shape_461.stl'], 'position_range': (-2.5, 2.5)}
position_range: (-2.5, 2.5)
position: [-5.079937088995072, -8.777351949389653, 2.4985539157897128]
##################################################
This is lenn: 1
##################################################
This is lenn: 20
Importing model from shape_621.stl
Scale: [0.4969355521809279, 0.4969355521809279, 0.4969355521809279]
model pos (-5.079937088995072, -8.777351949389653, 2.4985539157897128)
model counterr [3]
origin_location: [-1.7799938917160034, 3.138965368270874, -1.3605135679244995]
Model center location: [-1.2047545313835144, -0.06605494022369385, 6.048480987548828]
Camera location: (-2.984748423099518, 3.07291042804718, 4.687967419624329), rotation: [0.1451029155800376, 0.20978125445310983, -0.7952262353943972, -0.5500474558714974]
Camera counter: 1
Camera if_counter: 0
Camera bool_chi: False
Universal color works : [0.3983267376023416, 0.1473226118770744, 0.1447361923900588, 1]
before light location: [1.9699585437774658, -0.1811995506286621, 0.01553312037140131]
counterr light: 1
if_counter light: 0
light location: (0.7652040123939514, -0.24725449085235596, 6.064014107920229)
light bool_chi: False
Done Material: object
Color Material: [0.5027810536795844, 0.25578227184281277, 0.6407710770937756, 1]
##################################################
This is lenn: 1
light_colors: {'light': [0.3983267376023416, 0.1473226118770744, 0.1447361923900588, 1], 'scene_light': [0.3983267376023416, 0.1473226118770744, 0.1447361923900588, 1]}
scene_intensity: 165.05187456781908
Render activated_gpus: []
Render filename: 000003
info_dict: {'blob_color': [0.5027810536795844, 0.25578227184281277, 0.6407710770937756, 1], 'light_intensity': 165.05187456781908, 'scene_color': [0.3983267376023416, 0.1473226118770744, 0.1447361923900588, 1], 'camera_dist': 3.856485317780536, 'scene_name': 'AI33_005_280.blend'}
Render activated_gpus: []
Render filename: 000003.gt_sm
