## SLURM PROLOG ###############################################################
##    Job ID : 3876011
##  Job Name : render_MI_val
##  Nodelist : gpu2010
##      CPUs : 1
##  Mem/Node : 40960 MB
## Directory : /gpfs/data/tserre/aarjun1/blender_render-color_pos
##   Started : Sat Jan 29 04:59:18 EST 2022
###############################################################################
21
##################################################
This is version: single_illuminant
##################################################
This is jobID: 3876011
##################################################
This is batch_size: 150000
##################################################
This is gpu_index: None
['scenes/AI_33/AI33_005/AI33_005_280.blend', 'scenes/AI_33/AI33_003/AI33_003_280.blend', 'scenes/AI_33/AI33_009/AI33_009_280.blend', 'scenes/AI_33/AI33_002/AI33_002_280.blend', 'scenes/AI_33/AI33_007/AI33_007_280.blend', 'scenes/AI_33/AI33_001/AI33_001_280.blend', 'scenes/AI_33/AI33_006/AI33_006_280.blend', 'scenes/AI_33/AI33_010/AI33_010_280.blend', 'scenes/AI_43/AI43_010/AI043_010_Blender.blend', 'scenes/AI_43/AI43_006/AI043_006_Blender.blend', 'scenes/AI_43/AI43_005/AI043_005_Blender.blend', 'scenes/AI_43/AI43_004/AI043_004.blend', 'scenes/AI_43/AI43_008_blender/AI043_008.blend', 'scenes/AI_43/AI43_009/AI043_009_Blender.blend', 'scenes/AI_43/AI43_003/AI043_003_Blender.blend', 'scenes/AI_43/AI43_001/AI043_001_Blender.blend', 'scenes/AI_48/AI48_001/AI48_001.blend', 'scenes/AI_48/AI48_002/AI48_002.blend', 'scenes/AI_48/AI48_008/AI48_008.blend', 'scenes/AI_48/AI48_010/AI48_010.blend', 'scenes/AI_48/AI48_009/AI48_009.blend', 'scenes/AI_48/AI48_003/AI48_003.blend', 'scenes/AI_48/AI48_004/AI48_004.blend', 'scenes/AI_58/AI58_002/AI58_002.blend', 'scenes/AI_58/AI58_005/AI58_005.blend', 'scenes/AI_58/AI58_007/AI58_007.blend', 'scenes/AI_58/AI58_001/AI58_001.blend', 'scenes/AI_58/AI58_008/AI58_008.blend', 'scenes/AI_58/AI58_006/AI58_006.blend', 'scenes/AI_58/AI58_009/AI58_009.blend', 'scenes/AI_58/AI58_010/AI58_010.blend']
blend_files len :  31
Rendering to folder: /gpfs/scratch/aarjun1/blender_data/data_no_filmic/images_single_illuminant
Job folder successfully created
~~~~~~~~~~~~~~~~~~~~~~~~~~~~~~~~~~~~~~~~~~~~~~~~~~
Rendering index 0
##################################################
This is lenn: 31
Background: AI48_009.blend
Background pivot: [0.0, 0.0, 0.0]
Universal color works22 : [0.8171307286403562, 0.414312343923977, 0.8897277303800206, 1]
Background intensity: 0.0
mat_count : 0
lamp_count: 0
vertices: [[12.323814392089844, 23.951065063476562, 4.115785121917725], [12.323814392089844, 23.951066970825195, 18.631988525390625], [12.32382869720459, -14.510455131530762, 18.63199234008789], [12.32382869720459, -14.510457038879395, 4.115789890289307], [-18.79796028137207, 23.951053619384766, 4.115785121917725], [-18.79796028137207, 23.9510555267334, 18.631988525390625], [-18.797945022583008, -14.510467529296875, 18.63199234008789], [-18.797945022583008, -14.510469436645508, 4.115789890289307]]
max_vol_name: ['AI48_009_roof_01background']
bounding_limits: [[8.010479354858399, -12.218674182891846], [15.568193531036377, -9.431795835494995], [4.115785121917725, 18.631988525390625]]
max_vol_name_list: [['AI48_009_baseboard_02background'], ['AI48_009_obj_007background'], ['AI48_009_roof_01background'], ['AI48_009_tablebackground'], ['Planebackground']]
Model arrangement: single
sub_parameters: {'directory': 'ben_blobs/test_stls', 'scale_uniform': True, 'scale_range': (0.35, 0.55), 'position_range': (-2.5, 2.5), 'rotate': True}
position_range: (-2.5, 2.5)
position: [4.601162979094482, 2.6918851769840693, 17.665091665115252]
##################################################
This is lenn: 1
##################################################
This is lenn: 20
Importing model from shape_951.stl
Scale: [0.4648412714347172, 0.4648412714347172, 0.4648412714347172]
model pos (4.601162979094482, 2.6918851769840693, 17.665091665115252)
model counterr [2]
origin_location: [-1.9687585830688477, 0.7604808807373047, -2.6662845611572266]
Model center location: [5.603085994720459, 15.531485557556152, 4.732785224914551]
Camera location: (3.6343274116516113, 16.291966438293457, 2.066500663757324), rotation: [0.1858189295882874, 0.5341422415594479, -0.7789318551641065, -0.27097703998515205]
Camera counter: 1
Camera if_counter: 0
Camera bool_chi: False
Universal color works : [0.8171307286403562, 0.414312343923977, 0.8897277303800206, 1]
before light location: [-0.40455496311187744, -0.726391077041626, 1.7102489471435547]
counterr light: 1
if_counter light: 0
light location: (5.1985310316085815, 14.805094480514526, 6.4430341720581055)
light bool_chi: False
Done Material: object
Color Material: [0.7045839117053876, 0.41756791504748925, 0.7523566154102784, 1]
##################################################
This is lenn: 1
light_colors: {'light': [0.8171307286403562, 0.414312343923977, 0.8897277303800206, 1], 'scene_light': [0.8171307286403562, 0.414312343923977, 0.8897277303800206, 1]}
scene_intensity: 178.09781993336512
Render activated_gpus: []
Render filename: 000000
