## SLURM PROLOG ###############################################################
##    Job ID : 3853001
##  Job Name : render_MI_val
##  Nodelist : gpu1202
##      CPUs : 1
##  Mem/Node : 40960 MB
## Directory : /gpfs/data/tserre/aarjun1/blender_render-color_pos
##   Started : Thu Jan 27 07:42:23 EST 2022
###############################################################################
1
##################################################
This is version: single_illuminant
##################################################
This is jobID: 3853001
##################################################
This is batch_size: 150000
##################################################
This is gpu_index: None
['scenes/AI_33/AI33_005/AI33_005_280.blend', 'scenes/AI_33/AI33_003/AI33_003_280.blend', 'scenes/AI_33/AI33_009/AI33_009_280.blend', 'scenes/AI_33/AI33_002/AI33_002_280.blend', 'scenes/AI_33/AI33_007/AI33_007_280.blend', 'scenes/AI_33/AI33_001/AI33_001_280.blend', 'scenes/AI_33/AI33_006/AI33_006_280.blend', 'scenes/AI_33/AI33_010/AI33_010_280.blend', 'scenes/AI_43/AI43_010/AI043_010_Blender.blend', 'scenes/AI_43/AI43_006/AI043_006_Blender.blend', 'scenes/AI_43/AI43_005/AI043_005_Blender.blend', 'scenes/AI_43/AI43_004/AI043_004.blend', 'scenes/AI_43/AI43_008_blender/AI043_008.blend', 'scenes/AI_43/AI43_009/AI043_009_Blender.blend', 'scenes/AI_43/AI43_003/AI043_003_Blender.blend', 'scenes/AI_43/AI43_001/AI043_001_Blender.blend', 'scenes/AI_48/AI48_001/AI48_001.blend', 'scenes/AI_48/AI48_002/AI48_002.blend', 'scenes/AI_48/AI48_008/AI48_008.blend', 'scenes/AI_48/AI48_010/AI48_010.blend', 'scenes/AI_48/AI48_009/AI48_009.blend', 'scenes/AI_48/AI48_003/AI48_003.blend', 'scenes/AI_48/AI48_004/AI48_004.blend', 'scenes/AI_58/AI58_002/AI58_002.blend', 'scenes/AI_58/AI58_005/AI58_005.blend', 'scenes/AI_58/AI58_007/AI58_007.blend', 'scenes/AI_58/AI58_001/AI58_001.blend', 'scenes/AI_58/AI58_008/AI58_008.blend', 'scenes/AI_58/AI58_006/AI58_006.blend', 'scenes/AI_58/AI58_009/AI58_009.blend', 'scenes/AI_58/AI58_010/AI58_010.blend']
blend_files len :  31
Rendering to folder: /gpfs/scratch/aarjun1/blender_data/data5/images_single_illuminant
Job folder successfully created
~~~~~~~~~~~~~~~~~~~~~~~~~~~~~~~~~~~~~~~~~~~~~~~~~~
Rendering index 0
##################################################
This is lenn: 31
Background: AI48_004.blend
Background pivot: [0.0, 0.0, 0.0]
Universal color works22 : [0.8757022646448662, 0.2603308472148391, 0.3124585703156442, 1]
Background intensity: 0.0
mat_count : 0
lamp_count: 0
vertices: [[-20.305208206176758, -18.652700424194336, -0.05821257457137108], [-20.305208206176758, -18.652700424194336, 10.971534729003906], [-20.305208206176758, 19.808794021606445, 10.971532821655273], [-20.305208206176758, 19.808794021606445, -0.058214254677295685], [2.1590309143066406, -18.652700424194336, -0.05821257457137108], [2.1590309143066406, -18.652700424194336, 10.971534729003906], [2.1590309143066406, 19.808794021606445, 10.971532821655273], [2.1590309143066406, 19.808794021606445, -0.058214254677295685]]
max_vol_name: ['AI48_004_blockerbackground']
bounding_limits: [[-13.198385334014892, 1.4033700942993164], [-12.124255275726318, 12.87571611404419], [-0.05821257457137108, 10.971534729003906]]
max_vol_name_list: [['AI48_004_basket_background'], ['AI48_004_blockerbackground'], ['AI48_004_floor_planksbackground'], ['AI48_004_planksbackground'], ['AI48_004_skull_hornsbackground'], ['AI48_004_table_v1background'], ['AI48_004_wood_construction_01background']]
Model arrangement: single
sub_parameters: {'position_range': (-2.5, 2.5), 'rotate': True, 'scale_uniform': True, 'scale_range': (0.35, 0.55), 'directory': 'ben_blobs/test_stls'}
position_range: (-2.5, 2.5)
position: [-1.4082076977694946, -9.795994146774316, 1.2386451079329115]
##################################################
This is lenn: 1
##################################################
This is lenn: 20
Importing model from shape_621.stl
Scale: [0.45219165342479567, 0.45219165342479567, 0.45219165342479567]
model pos (-1.4082076977694946, -9.795994146774316, 1.2386451079329115)
model counterr [1]
origin_location: [0.6353675127029419, -3.591135025024414, 2.550194263458252]
Model center location: [-1.4082076847553253, -9.795994281768799, 1.2386449575424194]
Camera location: (-0.7728401720523834, -13.387129306793213, 3.7888392210006714), rotation: [0.8834690465721138, 0.4602561741845172, 0.04040205254966779, 0.0775523824506084]
Camera counter: 1
Camera if_counter: 0
Camera bool_chi: False
Universal color works : [0.8757022646448662, 0.2603308472148391, 0.3124585703156442, 1]
before light location: [0.5675669312477112, 2.3585875034332275, 0.00037305246223695576]
counterr light: 2
if_counter light: 0
light location: (-0.8406407535076141, -7.437406778335571, 1.2390180100046564)
light bool_chi: False
Done Material: object
Color Material: [0.7347781766715483, 0.20556861693403938, 0.5848797567309663, 1]
##################################################
This is lenn: 1
light_colors: {'light': [0.8757022646448662, 0.2603308472148391, 0.3124585703156442, 1], 'scene_light': [0.8757022646448662, 0.2603308472148391, 0.3124585703156442, 1]}
scene_intensity: 139.2036172955279
Render activated_gpus: []
Render filename: 000000
