## SLURM PROLOG ###############################################################
##    Job ID : 3879103
##  Job Name : render_MI_val
##  Nodelist : gpu2003
##      CPUs : 1
##  Mem/Node : 40960 MB
## Directory : /gpfs/data/tserre/aarjun1/blender_render-color_pos
##   Started : Sun Jan 30 01:41:20 EST 2022
###############################################################################

##################################################
This is version: single_illuminant
##################################################
This is jobID: 3879103
##################################################
This is batch_size: 150000
##################################################
This is gpu_index: 0,1,2,3,4
['scenes/AI_33/AI33_005/AI33_005_280.blend', 'scenes/AI_33/AI33_003/AI33_003_280.blend', 'scenes/AI_33/AI33_009/AI33_009_280.blend', 'scenes/AI_33/AI33_002/AI33_002_280.blend', 'scenes/AI_33/AI33_007/AI33_007_280.blend', 'scenes/AI_33/AI33_001/AI33_001_280.blend', 'scenes/AI_33/AI33_006/AI33_006_280.blend', 'scenes/AI_33/AI33_010/AI33_010_280.blend', 'scenes/AI_43/AI43_010/AI043_010_Blender.blend', 'scenes/AI_43/AI43_006/AI043_006_Blender.blend', 'scenes/AI_43/AI43_005/AI043_005_Blender.blend', 'scenes/AI_43/AI43_004/AI043_004.blend', 'scenes/AI_43/AI43_008_blender/AI043_008.blend', 'scenes/AI_43/AI43_009/AI043_009_Blender.blend', 'scenes/AI_43/AI43_003/AI043_003_Blender.blend', 'scenes/AI_43/AI43_001/AI043_001_Blender.blend', 'scenes/AI_48/AI48_001/AI48_001.blend', 'scenes/AI_48/AI48_002/AI48_002.blend', 'scenes/AI_48/AI48_008/AI48_008.blend', 'scenes/AI_48/AI48_010/AI48_010.blend', 'scenes/AI_48/AI48_009/AI48_009.blend', 'scenes/AI_48/AI48_003/AI48_003.blend', 'scenes/AI_48/AI48_004/AI48_004.blend', 'scenes/AI_58/AI58_002/AI58_002.blend', 'scenes/AI_58/AI58_005/AI58_005.blend', 'scenes/AI_58/AI58_007/AI58_007.blend', 'scenes/AI_58/AI58_001/AI58_001.blend', 'scenes/AI_58/AI58_008/AI58_008.blend', 'scenes/AI_58/AI58_006/AI58_006.blend', 'scenes/AI_58/AI58_009/AI58_009.blend', 'scenes/AI_58/AI58_010/AI58_010.blend']
blend_files len :  31
Rendering to folder: /gpfs/scratch/aarjun1/blender_data/data_no_filmic/images_single_illuminant
Job folder successfully created
~~~~~~~~~~~~~~~~~~~~~~~~~~~~~~~~~~~~~~~~~~~~~~~~~~
Rendering index 0
##################################################
This is lenn: 31
Background: AI48_010.blend
Background pivot: [0.0, 0.0, 0.0]
Universal color works22 : [0.19826281297498946, 0.2087472775219796, 0.21670959294520273, 1]
Background intensity: 0.0
mat_count : 0
lamp_count: 0
vertices: [[-20.06157112121582, -26.123455047607422, 0.10113560408353806], [-20.06157112121582, -26.123451232910156, 19.30266571044922], [-20.06157112121582, 6.163540840148926, 19.30265998840332], [-20.06157112121582, 6.16353702545166, 0.10112892836332321], [18.399972915649414, -26.123455047607422, 0.10113560408353806], [18.399972915649414, -26.123451232910156, 19.30266571044922], [18.399972915649414, 6.163540840148926, 19.30265998840332], [18.399972915649414, 6.16353702545166, 0.10112892836332321]]
max_vol_name: ['AI48_010_planks_walls_mainbackground']
bounding_limits: [[-13.040021228790284, 11.95998239517212], [-16.980243301391603, 4.006301546096802], [0.10113560408353806, 19.30266571044922]]
max_vol_name_list: [['AI48_010_planks_walls_mainbackground'], ['AI48_010_walls_ornamentbackground'], ['Planebackground'], ['Plane.001background']]
Model arrangement: single
sub_parameters: {'position_range': (-2.5, 2.5), 'scale_uniform': True, 'scale_range': (0.35, 0.55), 'rotate': True, 'directory': 'ben_blobs/test_stls'}
position_range: (-2.5, 2.5)
position: [-5.102008437632256, -16.784734348518626, 6.762040455923421]
##################################################
This is lenn: 1
##################################################
This is lenn: 20
Importing model from shape_711.stl
Scale: [0.3770698129623803, 0.3770698129623803, 0.3770698129623803]
model pos (-5.102008437632256, -16.784734348518626, 6.762040455923421)
model counterr [25]
origin_location: [0.2572874128818512, -0.2702888548374176, 3.4096615314483643]
Model center location: [-1.2960582375526428, -0.3886032998561859, 7.3899853229522705]
Camera location: (-1.0387708246707916, -0.6588921546936035, 10.799646854400635), rotation: [0.9271448427277693, 0.05058406502495241, 0.020226194172552718, 0.37072172048336394]
Camera counter: 1
Camera if_counter: 0
Camera bool_chi: False
Universal color works : [0.19826281297498946, 0.2087472775219796, 0.21670959294520273, 1]
before light location: [0.4442363977432251, -0.8060612082481384, 1.5001733303070068]
counterr light: 1
if_counter light: 0
light location: (-0.8518218398094177, -1.1946645081043243, 8.890158653259277)
light bool_chi: False
Done Material: object
Color Material: [0.6494867378948107, 0.878688919732243, 0.7728766634432684, 1]
##################################################
This is lenn: 1
light_colors: {'light': [0.19826281297498946, 0.2087472775219796, 0.21670959294520273, 1], 'scene_light': [0.19826281297498946, 0.2087472775219796, 0.21670959294520273, 1]}
scene_intensity: 140.16406431127652
Render activated_gpus: ['Quadro RTX 6000 (Display)', 'Quadro RTX 6000 (Display)', 'Quadro RTX 6000 (Display)', 'Quadro RTX 6000 (Display)', 'Quadro RTX 6000 (Display)']
Render filename: 000000
info_dict: {'blob_color': [0.6494867378948107, 0.878688919732243, 0.7728766634432684, 1], 'camera_dist': 3.4300210840336773, 'scene_color': [0.19826281297498946, 0.2087472775219796, 0.21670959294520273, 1], 'light_intensity': 140.16406431127652, 'scene_name': 'AI48_010.blend'}
Render activated_gpus: ['Quadro RTX 6000 (Display)', 'Quadro RTX 6000 (Display)', 'Quadro RTX 6000 (Display)', 'Quadro RTX 6000 (Display)', 'Quadro RTX 6000 (Display)']
Render filename: 000000.gt_sm
Render activated_gpus: ['Quadro RTX 6000 (Display)', 'Quadro RTX 6000 (Display)', 'Quadro RTX 6000 (Display)', 'Quadro RTX 6000 (Display)', 'Quadro RTX 6000 (Display)']
Render filename: 000000.gt_r
Render activated_gpus: ['Quadro RTX 6000 (Display)', 'Quadro RTX 6000 (Display)', 'Quadro RTX 6000 (Display)', 'Quadro RTX 6000 (Display)', 'Quadro RTX 6000 (Display)']
Render filename: 000000.gt_ill
Render 0 complete
Data from render 0 saved
~~~~~~~~~~~~~~~~~~~~~~~~~~~~~~~~~~~~~~~~~~~~~~~~~~
Rendering index 1
##################################################
This is lenn: 31
Background: AI48_009.blend
Background pivot: [0.0, 0.0, 0.0]
Universal color works22 : [0.8361811515038039, 0.40056123489902806, 0.34838428154423595, 1]
Background intensity: 0.0
mat_count : 0
lamp_count: 0
vertices: [[12.323814392089844, 23.951065063476562, 4.115785121917725], [12.323814392089844, 23.951066970825195, 18.631988525390625], [12.32382869720459, -14.510455131530762, 18.63199234008789], [12.32382869720459, -14.510457038879395, 4.115789890289307], [-18.79796028137207, 23.951053619384766, 4.115785121917725], [-18.79796028137207, 23.9510555267334, 18.631988525390625], [-18.797945022583008, -14.510467529296875, 18.63199234008789], [-18.797945022583008, -14.510469436645508, 4.115789890289307]]
max_vol_name: ['AI48_009_roof_01background']
bounding_limits: [[8.010479354858399, -12.218674182891846], [15.568193531036377, -9.431795835494995], [4.115785121917725, 18.631988525390625]]
max_vol_name_list: [['AI48_009_baseboard_02background'], ['AI48_009_obj_007background'], ['AI48_009_roof_01background'], ['AI48_009_tablebackground'], ['Planebackground']]
Model arrangement: single
sub_parameters: {'scale_range': (0.35, 0.55), 'rotate': True, 'position_range': (-2.5, 2.5), 'files': ['/gpfs/scratch/aarjun1/train_data/ben_blobs/test_stls/shape_621.stl', '/gpfs/scratch/aarjun1/train_data/ben_blobs/test_stls/shape_755.stl', '/gpfs/scratch/aarjun1/train_data/ben_blobs/test_stls/shape_864.stl', '/gpfs/scratch/aarjun1/train_data/ben_blobs/test_stls/shape_400.stl', '/gpfs/scratch/aarjun1/train_data/ben_blobs/test_stls/shape_685.stl', '/gpfs/scratch/aarjun1/train_data/ben_blobs/test_stls/shape_863.stl', '/gpfs/scratch/aarjun1/train_data/ben_blobs/test_stls/shape_905.stl', '/gpfs/scratch/aarjun1/train_data/ben_blobs/test_stls/shape_939.stl', '/gpfs/scratch/aarjun1/train_data/ben_blobs/test_stls/shape_631.stl', '/gpfs/scratch/aarjun1/train_data/ben_blobs/test_stls/shape_364.stl', '/gpfs/scratch/aarjun1/train_data/ben_blobs/test_stls/shape_375.stl', '/gpfs/scratch/aarjun1/train_data/ben_blobs/test_stls/shape_711.stl', '/gpfs/scratch/aarjun1/train_data/ben_blobs/test_stls/shape_892.stl', '/gpfs/scratch/aarjun1/train_data/ben_blobs/test_stls/shape_951.stl', '/gpfs/scratch/aarjun1/train_data/ben_blobs/test_stls/shape_702.stl', '/gpfs/scratch/aarjun1/train_data/ben_blobs/test_stls/shape_597.stl', '/gpfs/scratch/aarjun1/train_data/ben_blobs/test_stls/shape_17.stl', '/gpfs/scratch/aarjun1/train_data/ben_blobs/test_stls/shape_971.stl', '/gpfs/scratch/aarjun1/train_data/ben_blobs/test_stls/shape_371.stl', '/gpfs/scratch/aarjun1/train_data/ben_blobs/test_stls/shape_461.stl'], 'scale_uniform': True, 'directory': 'ben_blobs/test_stls'}
position_range: (-2.5, 2.5)
position: [4.942891410584796, -9.215254261014447, 17.281829369492627]
##################################################
This is lenn: 1
##################################################
This is lenn: 20
Importing model from shape_711.stl
Scale: [0.5189854286556952, 0.5189854286556952, 0.5189854286556952]
model pos (4.942891410584796, -9.215254261014447, 17.281829369492627)
model counterr [25]
origin_location: [-1.0045150518417358, -2.833839178085327, 2.7362046241760254]
Model center location: [-0.8460566401481628, 5.456873416900635, 10.227090835571289]
Camera location: (-1.8505716919898987, 2.6230342388153076, 12.963295459747314), rotation: [0.9013868854307923, 0.3984596325496666, -0.06853219428377184, -0.1550320687742118]
Camera counter: 1
Camera if_counter: 0
Camera bool_chi: False
Universal color works : [0.8361811515038039, 0.40056123489902806, 0.34838428154423595, 1]
before light location: [-1.818949818611145, -1.082169771194458, 1.9361361265182495]
counterr light: 2
if_counter light: 0
light location: (-2.665006458759308, 4.374703645706177, 12.163226962089539)
light bool_chi: False
Done Material: object
Color Material: [0.2931524293300295, 0.6864320778242496, 0.4205494083533179, 1]
##################################################
This is lenn: 1
light_colors: {'light': [0.8361811515038039, 0.40056123489902806, 0.34838428154423595, 1], 'scene_light': [0.8361811515038039, 0.40056123489902806, 0.34838428154423595, 1]}
scene_intensity: 100.40163654782141
Render activated_gpus: ['Quadro RTX 6000 (Display)', 'Quadro RTX 6000 (Display)', 'Quadro RTX 6000 (Display)', 'Quadro RTX 6000 (Display)', 'Quadro RTX 6000 (Display)']
Render filename: 000001
info_dict: {'blob_color': [0.2931524293300295, 0.6864320778242496, 0.4205494083533179, 1], 'camera_dist': 4.0652811368944946, 'scene_color': [0.8361811515038039, 0.40056123489902806, 0.34838428154423595, 1], 'light_intensity': 100.40163654782141, 'scene_name': 'AI48_009.blend'}
Render activated_gpus: ['Quadro RTX 6000 (Display)', 'Quadro RTX 6000 (Display)', 'Quadro RTX 6000 (Display)', 'Quadro RTX 6000 (Display)', 'Quadro RTX 6000 (Display)']
Render filename: 000001.gt_sm
