## SLURM PROLOG ###############################################################
##    Job ID : 3714911
##  Job Name : render_MI_val
##  Nodelist : node1749
##      CPUs : 7
##  Mem/Node : 40960 MB
## Directory : /gpfs/data/tserre/aarjun1/blender_render-color_pos
##   Started : Mon Dec 27 01:44:59 EST 2021
###############################################################################
15
##################################################
This is version: single_illuminant
##################################################
This is jobID: 3714911
##################################################
This is batch_size: 150000
##################################################
This is gpu_index: None
['scenes/AI_33/AI33_005/AI33_005_280.blend', 'scenes/AI_33/AI33_003/AI33_003_280.blend', 'scenes/AI_33/AI33_009/AI33_009_280.blend', 'scenes/AI_33/AI33_002/AI33_002_280.blend', 'scenes/AI_33/AI33_007/AI33_007_280.blend', 'scenes/AI_33/AI33_001/AI33_001_280.blend', 'scenes/AI_33/AI33_006/AI33_006_280.blend', 'scenes/AI_33/AI33_010/AI33_010_280.blend', 'scenes/AI_43/AI43_010/AI043_010_Blender.blend', 'scenes/AI_43/AI43_006/AI043_006_Blender.blend', 'scenes/AI_43/AI43_005/AI043_005_Blender.blend', 'scenes/AI_43/AI43_004/AI043_004.blend', 'scenes/AI_43/AI43_008_blender/AI043_008.blend', 'scenes/AI_43/AI43_009/AI043_009_Blender.blend', 'scenes/AI_43/AI43_003/AI043_003_Blender.blend', 'scenes/AI_43/AI43_001/AI043_001_Blender.blend', 'scenes/AI_48/AI48_001/AI48_001.blend', 'scenes/AI_48/AI48_002/AI48_002.blend', 'scenes/AI_48/AI48_008/AI48_008.blend', 'scenes/AI_48/AI48_010/AI48_010.blend', 'scenes/AI_48/AI48_009/AI48_009.blend', 'scenes/AI_48/AI48_003/AI48_003.blend', 'scenes/AI_48/AI48_004/AI48_004.blend', 'scenes/AI_58/AI58_002/AI58_002.blend', 'scenes/AI_58/AI58_005/AI58_005.blend', 'scenes/AI_58/AI58_007/AI58_007.blend', 'scenes/AI_58/AI58_001/AI58_001.blend', 'scenes/AI_58/AI58_008/AI58_008.blend', 'scenes/AI_58/AI58_006/AI58_006.blend', 'scenes/AI_58/AI58_009/AI58_009.blend', 'scenes/AI_58/AI58_010/AI58_010.blend']
blend_files len :  31
Rendering to folder: /gpfs/scratch/aarjun1/blender_data/data5/images_single_illuminant
Job folder successfully created
~~~~~~~~~~~~~~~~~~~~~~~~~~~~~~~~~~~~~~~~~~~~~~~~~~
Rendering index 0
##################################################
This is lenn: 31
Background: AI58_009.blend
Background pivot: [0.0, 0.0, 0.0]
Universal color works22 : [0.20230509314153383, 0.14192475089377166, 0.32917887999579265, 1]
Background intensity: 0.0
mat_count : 0
lamp_count: 0
vertices: [[-23.008420944213867, -23.52539825439453, 5.276008891996753e-07], [-23.008420944213867, -23.5253963470459, 16.323223114013672], [-23.008420944213867, 1.3799560070037842, 16.323223114013672], [-23.008420944213867, 1.3799552917480469, -5.610467042060918e-07], [15.453126907348633, -23.52539825439453, 5.276008891996753e-07], [15.453126907348633, -23.5253963470459, 16.323223114013672], [15.453126907348633, 1.3799560070037842, 16.323223114013672], [15.453126907348633, 1.3799552917480469, -5.610467042060918e-07]]
max_vol_name: ['AI58_009_Ceilingbackground']
bounding_limits: [[-14.955473613739015, 10.044532489776612], [-15.291507625579834, 0.8969714045524597], [5.276008891996753e-07, 16.323223114013672]]
max_vol_name_list: [['AI58_009_Base_Floorbackground'], ['AI58_009_Ceilingbackground'], ['AI58_009_Wall_001background'], ['AM212_002_soilbackground']]
Model arrangement: single
sub_parameters: {'scale_uniform': True, 'directory': 'ben_blobs/test_stls', 'rotate': True, 'position_range': (-2.5, 2.5), 'scale_range': (0.35, 0.55)}
position_range: (-2.5, 2.5)
position: [-5.726476968031459, -3.488801637832914, 10.157312210370975]
##################################################
This is lenn: 1
##################################################
This is lenn: 20
Importing model from shape_364.stl
Scale: [0.43042547483268306, 0.43042547483268306, 0.43042547483268306]
model pos (-5.726476968031459, -3.488801637832914, 10.157312210370975)
model counterr [1]
origin_location: [-1.314501404762268, -3.207667827606201, 1.1531566381454468]
Model center location: [-5.726477146148682, -3.4888017177581787, 10.157312393188477]
Camera location: (-7.04097855091095, -6.69646954536438, 11.310469031333923), rotation: [0.7957754629559026, 0.5739336902768994, -0.1130372713298479, -0.15672940698146412]
Camera counter: 1
Camera if_counter: 0
Camera bool_chi: False
Universal color works : [0.20230509314153383, 0.14192475089377166, 0.32917887999579265, 1]
before light location: [0.5776864290237427, -1.0748132467269897, 1.7781420946121216]
counterr light: 1
if_counter light: 0
light location: (-5.148790717124939, -4.5636149644851685, 11.935454487800598)
light bool_chi: False
Done Material: object
Color Material: [0.36812740358421425, 0.8786855050853473, 0.4994244657646102, 1]
##################################################
This is lenn: 1
light_colors: {'scene_light': [0.20230509314153383, 0.14192475089377166, 0.32917887999579265, 1], 'light': [0.20230509314153383, 0.14192475089377166, 0.32917887999579265, 1]}
scene_intensity: 190.8501118669633
Render activated_gpus: []
Render filename: 000000
info_dict: {'scene_color': [0.20230509314153383, 0.14192475089377166, 0.32917887999579265, 1], 'scene_name': 'AI58_009.blend', 'camera_dist': 3.653329586484194, 'light_intensity': 190.8501118669633, 'blob_color': [0.36812740358421425, 0.8786855050853473, 0.4994244657646102, 1]}
Render activated_gpus: []
Render filename: 000000.gt_sm
