## SLURM PROLOG ###############################################################
##    Job ID : 3836853
##  Job Name : render_MI_val
##  Nodelist : gpu2116
##      CPUs : 1
##  Mem/Node : 40960 MB
## Directory : /gpfs/data/tserre/aarjun1/blender_render-color_pos
##   Started : Tue Jan 25 06:52:23 EST 2022
###############################################################################
19
##################################################
This is version: single_illuminant
##################################################
This is jobID: 3836853
##################################################
This is batch_size: 150000
##################################################
This is gpu_index: None
['scenes/AI_33/AI33_005/AI33_005_280.blend', 'scenes/AI_33/AI33_003/AI33_003_280.blend', 'scenes/AI_33/AI33_009/AI33_009_280.blend', 'scenes/AI_33/AI33_002/AI33_002_280.blend', 'scenes/AI_33/AI33_007/AI33_007_280.blend', 'scenes/AI_33/AI33_001/AI33_001_280.blend', 'scenes/AI_33/AI33_006/AI33_006_280.blend', 'scenes/AI_33/AI33_010/AI33_010_280.blend', 'scenes/AI_43/AI43_010/AI043_010_Blender.blend', 'scenes/AI_43/AI43_006/AI043_006_Blender.blend', 'scenes/AI_43/AI43_005/AI043_005_Blender.blend', 'scenes/AI_43/AI43_004/AI043_004.blend', 'scenes/AI_43/AI43_008_blender/AI043_008.blend', 'scenes/AI_43/AI43_009/AI043_009_Blender.blend', 'scenes/AI_43/AI43_003/AI043_003_Blender.blend', 'scenes/AI_43/AI43_001/AI043_001_Blender.blend', 'scenes/AI_48/AI48_001/AI48_001.blend', 'scenes/AI_48/AI48_002/AI48_002.blend', 'scenes/AI_48/AI48_008/AI48_008.blend', 'scenes/AI_48/AI48_010/AI48_010.blend', 'scenes/AI_48/AI48_009/AI48_009.blend', 'scenes/AI_48/AI48_003/AI48_003.blend', 'scenes/AI_48/AI48_004/AI48_004.blend', 'scenes/AI_58/AI58_002/AI58_002.blend', 'scenes/AI_58/AI58_005/AI58_005.blend', 'scenes/AI_58/AI58_007/AI58_007.blend', 'scenes/AI_58/AI58_001/AI58_001.blend', 'scenes/AI_58/AI58_008/AI58_008.blend', 'scenes/AI_58/AI58_006/AI58_006.blend', 'scenes/AI_58/AI58_009/AI58_009.blend', 'scenes/AI_58/AI58_010/AI58_010.blend']
blend_files len :  31
Rendering to folder: /gpfs/scratch/aarjun1/blender_data/data5/images_single_illuminant
Job folder successfully created
~~~~~~~~~~~~~~~~~~~~~~~~~~~~~~~~~~~~~~~~~~~~~~~~~~
Rendering index 0
##################################################
This is lenn: 31
Background: AI58_005.blend
Background pivot: [0.0, 0.0, 0.0]
Universal color works22 : [0.5490627191915588, 0.4315741683455614, 0.5160288514764226, 1]
Background intensity: 0.0
mat_count : 0
lamp_count: 0
vertices: [[0.5979589819908142, -19.17183494567871, 21.756919860839844], [-4.243265151977539, -19.171838760375977, 8.455748558044434], [-4.243294715881348, 19.289690017700195, 8.455747604370117], [0.5979296565055847, 19.28969383239746, 21.75691795349121], [-15.031867980957031, -19.171846389770508, 27.44570541381836], [-19.873092651367188, -19.171850204467773, 14.144533157348633], [-19.87312126159668, 19.2896785736084, 14.144532203674316], [-15.03189754486084, 19.289682388305664, 27.445703506469727]]
max_vol_name: ['AI58_05_Object002background']
bounding_limits: [[0.3886733382940292, -9.77071418762207], [-12.461695194244385, 12.538298511505127], [21.756919860839844, 8.455748558044434]]
max_vol_name_list: [['AI58_05_floor_woodbackground'], ['AI58_05_Object002background'], ['AI_58_05_037background']]
Model arrangement: single
sub_parameters: {'directory': 'ben_blobs/test_stls', 'scale_uniform': True, 'scale_range': (0.35, 0.55), 'position_range': (-2.5, 2.5), 'rotate': True}
position_range: (-2.5, 2.5)
position: [-8.658147014638166, -9.217141192984494, 9.420855872970481]
##################################################
This is lenn: 1
##################################################
This is lenn: 20
Importing model from shape_621.stl
Scale: [0.424434579980252, 0.424434579980252, 0.424434579980252]
model pos (-8.658147014638166, -9.217141192984494, 9.420855872970481)
model counterr [7]
origin_location: [-3.9226157665252686, 0.3480569124221802, 0.23104234039783478]
Model center location: [-9.333107948303223, -0.6923977732658386, 9.406550407409668]
Camera location: (-13.255723714828491, -0.34434086084365845, 9.637592747807503), rotation: [0.49117429534187057, 0.46320192694927603, -0.5061220697075602, -0.5366863488303294]
Camera counter: 1
Camera if_counter: 0
Camera bool_chi: False
Universal color works : [0.5490627191915588, 0.4315741683455614, 0.5160288514764226, 1]
before light location: [2.069357395172119, -0.29624202847480774, 1.0987874269485474]
counterr light: 1
if_counter light: 0
light location: (-7.2637505531311035, -0.9886398017406464, 10.505337834358215)
light bool_chi: False
Done Material: object
Color Material: [0.63764792891861, 0.8482260992696335, 0.6173657310938194, 1]
##################################################
This is lenn: 1
light_colors: {'scene_light': [0.5490627191915588, 0.4315741683455614, 0.5160288514764226, 1], 'light': [0.5490627191915588, 0.4315741683455614, 0.5160288514764226, 1]}
scene_intensity: 125.40374665521787
Render activated_gpus: []
Render filename: 000000
info_dict: {'blob_color': [0.63764792891861, 0.8482260992696335, 0.6173657310938194, 1], 'scene_name': 'AI58_005.blend', 'camera_dist': 3.9447989339298384, 'scene_color': [0.5490627191915588, 0.4315741683455614, 0.5160288514764226, 1], 'light_intensity': 125.40374665521787}
Render activated_gpus: []
Render filename: 000000.gt_sm
