## SLURM PROLOG ###############################################################
##    Job ID : 3853007
##  Job Name : render_MI_val
##  Nodelist : gpu1401
##      CPUs : 1
##  Mem/Node : 40960 MB
## Directory : /gpfs/data/tserre/aarjun1/blender_render-color_pos
##   Started : Thu Jan 27 07:42:26 EST 2022
###############################################################################
7
##################################################
This is version: single_illuminant
##################################################
This is jobID: 3853007
##################################################
This is batch_size: 150000
##################################################
This is gpu_index: None
['scenes/AI_33/AI33_005/AI33_005_280.blend', 'scenes/AI_33/AI33_003/AI33_003_280.blend', 'scenes/AI_33/AI33_009/AI33_009_280.blend', 'scenes/AI_33/AI33_002/AI33_002_280.blend', 'scenes/AI_33/AI33_007/AI33_007_280.blend', 'scenes/AI_33/AI33_001/AI33_001_280.blend', 'scenes/AI_33/AI33_006/AI33_006_280.blend', 'scenes/AI_33/AI33_010/AI33_010_280.blend', 'scenes/AI_43/AI43_010/AI043_010_Blender.blend', 'scenes/AI_43/AI43_006/AI043_006_Blender.blend', 'scenes/AI_43/AI43_005/AI043_005_Blender.blend', 'scenes/AI_43/AI43_004/AI043_004.blend', 'scenes/AI_43/AI43_008_blender/AI043_008.blend', 'scenes/AI_43/AI43_009/AI043_009_Blender.blend', 'scenes/AI_43/AI43_003/AI043_003_Blender.blend', 'scenes/AI_43/AI43_001/AI043_001_Blender.blend', 'scenes/AI_48/AI48_001/AI48_001.blend', 'scenes/AI_48/AI48_002/AI48_002.blend', 'scenes/AI_48/AI48_008/AI48_008.blend', 'scenes/AI_48/AI48_010/AI48_010.blend', 'scenes/AI_48/AI48_009/AI48_009.blend', 'scenes/AI_48/AI48_003/AI48_003.blend', 'scenes/AI_48/AI48_004/AI48_004.blend', 'scenes/AI_58/AI58_002/AI58_002.blend', 'scenes/AI_58/AI58_005/AI58_005.blend', 'scenes/AI_58/AI58_007/AI58_007.blend', 'scenes/AI_58/AI58_001/AI58_001.blend', 'scenes/AI_58/AI58_008/AI58_008.blend', 'scenes/AI_58/AI58_006/AI58_006.blend', 'scenes/AI_58/AI58_009/AI58_009.blend', 'scenes/AI_58/AI58_010/AI58_010.blend']
blend_files len :  31
Rendering to folder: /gpfs/scratch/aarjun1/blender_data/data5/images_single_illuminant
Job folder successfully created
~~~~~~~~~~~~~~~~~~~~~~~~~~~~~~~~~~~~~~~~~~~~~~~~~~
Rendering index 0
##################################################
This is lenn: 31
Background: AI33_005_280.blend
Background pivot: [0.0, 0.0, 0.0]
Universal color works22 : [0.7232636998181395, 0.8747845218074398, 0.5595841422343789, 1]
Background intensity: 0.0
mat_count : 0
lamp_count: 0
vertices: [[-12.64403247833252, -17.905441284179688, 0.1412685662508011], [-12.64403247833252, -17.905439376831055, 10.013442993164062], [-12.64403247833252, 20.556135177612305, 10.013442039489746], [-12.64403247833252, 20.556135177612305, 0.14126689732074738], [10.782952308654785, -17.905441284179688, 0.1412685662508011], [10.782952308654785, -17.905439376831055, 10.013442993164062], [10.782952308654785, 20.556135177612305, 10.013442039489746], [10.782952308654785, 20.556135177612305, 0.14126689732074738]]
max_vol_name: ['AI33_005_66background']
bounding_limits: [[-8.218621110916137, 7.00891900062561], [-11.638535594940185, 13.361487865447998], [0.1412685662508011, 10.013442993164062]]
max_vol_name_list: [['AI33_005_66background']]
Model arrangement: single
sub_parameters: {'rotate': True, 'scale_range': (0.35, 0.55), 'scale_uniform': True, 'position_range': (-2.5, 2.5), 'directory': 'ben_blobs/test_stls'}
position_range: (-2.5, 2.5)
position: [-4.205955833925571, 8.078141997696916, 6.665909062172786]
##################################################
This is lenn: 1
##################################################
This is lenn: 20
Importing model from shape_461.stl
Scale: [0.3790535102207397, 0.3790535102207397, 0.3790535102207397]
model pos (-4.205955833925571, 8.078141997696916, 6.665909062172786)
model counterr [1]
origin_location: [-0.00017172147636301816, 0.00982024148106575, 3.2567403316497803]
Model center location: [-4.205955862998962, 8.078142404556274, 6.665909290313721]
Camera location: (-4.206127584475325, 8.08796264603734, 9.922649621963501), rotation: [0.008742228726915397, 1.3182464335479189e-05, -0.0015078472555258324, -0.9999606490556332]
Camera counter: 2
Camera if_counter: 0
Camera bool_chi: False
Universal color works : [0.7232636998181395, 0.8747845218074398, 0.5595841422343789, 1]
before light location: [-0.5557674765586853, -1.1801934242248535, 0.5267304182052612]
counterr light: 1
if_counter light: 0
light location: (-4.761723339557648, 6.897948980331421, 7.192639708518982)
light bool_chi: False
Done Material: object
Color Material: [0.32612335258939185, 0.6377152741862832, 0.6036454267984608, 1]
##################################################
This is lenn: 1
light_colors: {'scene_light': [0.7232636998181395, 0.8747845218074398, 0.5595841422343789, 1], 'light': [0.7232636998181395, 0.8747845218074398, 0.5595841422343789, 1]}
scene_intensity: 133.15373592112496
Render activated_gpus: []
Render filename: 000000
