## SLURM PROLOG ###############################################################
##    Job ID : 3714922
##  Job Name : render_MI_val
##  Nodelist : node1602
##      CPUs : 7
##  Mem/Node : 40960 MB
## Directory : /gpfs/data/tserre/aarjun1/blender_render-color_pos
##   Started : Mon Dec 27 01:44:59 EST 2021
###############################################################################
10
##################################################
This is version: single_illuminant
##################################################
This is jobID: 3714922
##################################################
This is batch_size: 150000
##################################################
This is gpu_index: None
['scenes/AI_33/AI33_005/AI33_005_280.blend', 'scenes/AI_33/AI33_003/AI33_003_280.blend', 'scenes/AI_33/AI33_009/AI33_009_280.blend', 'scenes/AI_33/AI33_002/AI33_002_280.blend', 'scenes/AI_33/AI33_007/AI33_007_280.blend', 'scenes/AI_33/AI33_001/AI33_001_280.blend', 'scenes/AI_33/AI33_006/AI33_006_280.blend', 'scenes/AI_33/AI33_010/AI33_010_280.blend', 'scenes/AI_43/AI43_010/AI043_010_Blender.blend', 'scenes/AI_43/AI43_006/AI043_006_Blender.blend', 'scenes/AI_43/AI43_005/AI043_005_Blender.blend', 'scenes/AI_43/AI43_004/AI043_004.blend', 'scenes/AI_43/AI43_008_blender/AI043_008.blend', 'scenes/AI_43/AI43_009/AI043_009_Blender.blend', 'scenes/AI_43/AI43_003/AI043_003_Blender.blend', 'scenes/AI_43/AI43_001/AI043_001_Blender.blend', 'scenes/AI_48/AI48_001/AI48_001.blend', 'scenes/AI_48/AI48_002/AI48_002.blend', 'scenes/AI_48/AI48_008/AI48_008.blend', 'scenes/AI_48/AI48_010/AI48_010.blend', 'scenes/AI_48/AI48_009/AI48_009.blend', 'scenes/AI_48/AI48_003/AI48_003.blend', 'scenes/AI_48/AI48_004/AI48_004.blend', 'scenes/AI_58/AI58_002/AI58_002.blend', 'scenes/AI_58/AI58_005/AI58_005.blend', 'scenes/AI_58/AI58_007/AI58_007.blend', 'scenes/AI_58/AI58_001/AI58_001.blend', 'scenes/AI_58/AI58_008/AI58_008.blend', 'scenes/AI_58/AI58_006/AI58_006.blend', 'scenes/AI_58/AI58_009/AI58_009.blend', 'scenes/AI_58/AI58_010/AI58_010.blend']
blend_files len :  31
Rendering to folder: /gpfs/scratch/aarjun1/blender_data/data5/images_single_illuminant
Job folder successfully created
~~~~~~~~~~~~~~~~~~~~~~~~~~~~~~~~~~~~~~~~~~~~~~~~~~
Rendering index 0
##################################################
This is lenn: 31
Background: AI58_001.blend
Background pivot: [0.0, 0.0, 0.0]
Universal color works22 : [0.45708397265169975, 0.21775269041684614, 0.6783897941869108, 1]
Background intensity: 0.0
mat_count : 0
lamp_count: 0
vertices: [[-26.5157527923584, -26.899662017822266, 7.72102225710114e-07], [-26.5157527923584, -26.899662017822266, 8.755249977111816], [-26.5157527923584, 8.427618980407715, 8.755248069763184], [-26.5157527923584, 8.427618980407715, -7.721023393969517e-07], [11.94576644897461, -26.899662017822266, 7.72102225710114e-07], [11.94576644897461, -26.899662017822266, 8.755249977111816], [11.94576644897461, 8.427618980407715, 8.755248069763184], [11.94576644897461, 8.427618980407715, -7.721023393969517e-07]]
max_vol_name: ['AI58_001_Wall_002background']
bounding_limits: [[-17.23523931503296, 7.764748191833497], [-17.484780311584473, 5.477952337265015], [7.72102225710114e-07, 8.755249977111816]]
max_vol_name_list: [['AI58_001_Ceilingbackground'], ['AI58_001_Floor_Basebackground'], ['AI58_001_Furniture_kitechen_base_002background'], ['AI58_001_Wall_002background'], ['AI58_001_Wall_004background']]
Model arrangement: single
sub_parameters: {'scale_range': (0.35, 0.55), 'scale_uniform': True, 'directory': 'ben_blobs/test_stls', 'position_range': (-2.5, 2.5), 'rotate': True}
position_range: (-2.5, 2.5)
position: [-7.743270038100654, 4.103970132013867, 2.115730096879927]
##################################################
This is lenn: 1
##################################################
This is lenn: 20
Importing model from shape_951.stl
Scale: [0.43786596622141083, 0.43786596622141083, 0.43786596622141083]
model pos (-7.743270038100654, 4.103970132013867, 2.115730096879927)
model counterr [1]
origin_location: [0.0609717071056366, 0.0008805666584521532, -3.8845083713531494]
Model center location: [-7.743269681930542, 4.103970050811768, 2.1157299280166626]
Camera location: (-7.682297974824905, 4.10485061747022, -1.7687784433364868), rotation: [-0.005509267210280584, -0.7019610332223947, -0.7121721100498983, -0.005589407770917087]
Camera counter: 2
Camera if_counter: 0
Camera bool_chi: False
Universal color works : [0.45708397265169975, 0.21775269041684614, 0.6783897941869108, 1]
before light location: [-1.238906979560852, 0.508968710899353, 1.7580451965332031]
counterr light: 1
if_counter light: 0
light location: (-8.982176661491394, 4.612938761711121, 3.8737751245498657)
light bool_chi: False
Done Material: object
Color Material: [0.5282223775457374, 0.32759048241836863, 0.17906813599974625, 1]
##################################################
This is lenn: 1
light_colors: {'scene_light': [0.45708397265169975, 0.21775269041684614, 0.6783897941869108, 1], 'light': [0.45708397265169975, 0.21775269041684614, 0.6783897941869108, 1]}
scene_intensity: 152.28605625321165
Render activated_gpus: []
Render filename: 000000
