## SLURM PROLOG ###############################################################
##    Job ID : 3876005
##  Job Name : render_MI_val
##  Nodelist : gpu2009
##      CPUs : 1
##  Mem/Node : 40960 MB
## Directory : /gpfs/data/tserre/aarjun1/blender_render-color_pos
##   Started : Sat Jan 29 04:59:18 EST 2022
###############################################################################
15
##################################################
This is version: single_illuminant
##################################################
This is jobID: 3876005
##################################################
This is batch_size: 150000
##################################################
This is gpu_index: None
['scenes/AI_33/AI33_005/AI33_005_280.blend', 'scenes/AI_33/AI33_003/AI33_003_280.blend', 'scenes/AI_33/AI33_009/AI33_009_280.blend', 'scenes/AI_33/AI33_002/AI33_002_280.blend', 'scenes/AI_33/AI33_007/AI33_007_280.blend', 'scenes/AI_33/AI33_001/AI33_001_280.blend', 'scenes/AI_33/AI33_006/AI33_006_280.blend', 'scenes/AI_33/AI33_010/AI33_010_280.blend', 'scenes/AI_43/AI43_010/AI043_010_Blender.blend', 'scenes/AI_43/AI43_006/AI043_006_Blender.blend', 'scenes/AI_43/AI43_005/AI043_005_Blender.blend', 'scenes/AI_43/AI43_004/AI043_004.blend', 'scenes/AI_43/AI43_008_blender/AI043_008.blend', 'scenes/AI_43/AI43_009/AI043_009_Blender.blend', 'scenes/AI_43/AI43_003/AI043_003_Blender.blend', 'scenes/AI_43/AI43_001/AI043_001_Blender.blend', 'scenes/AI_48/AI48_001/AI48_001.blend', 'scenes/AI_48/AI48_002/AI48_002.blend', 'scenes/AI_48/AI48_008/AI48_008.blend', 'scenes/AI_48/AI48_010/AI48_010.blend', 'scenes/AI_48/AI48_009/AI48_009.blend', 'scenes/AI_48/AI48_003/AI48_003.blend', 'scenes/AI_48/AI48_004/AI48_004.blend', 'scenes/AI_58/AI58_002/AI58_002.blend', 'scenes/AI_58/AI58_005/AI58_005.blend', 'scenes/AI_58/AI58_007/AI58_007.blend', 'scenes/AI_58/AI58_001/AI58_001.blend', 'scenes/AI_58/AI58_008/AI58_008.blend', 'scenes/AI_58/AI58_006/AI58_006.blend', 'scenes/AI_58/AI58_009/AI58_009.blend', 'scenes/AI_58/AI58_010/AI58_010.blend']
blend_files len :  31
Rendering to folder: /gpfs/scratch/aarjun1/blender_data/data_no_filmic/images_single_illuminant
Job folder successfully created
~~~~~~~~~~~~~~~~~~~~~~~~~~~~~~~~~~~~~~~~~~~~~~~~~~
Rendering index 0
##################################################
This is lenn: 31
Background: AI33_007_280.blend
Background pivot: [0.0, 0.0, 0.0]
Universal color works22 : [0.27321440923620016, 0.731164007154834, 0.8438726114924128, 1]
Background intensity: 0.0
mat_count : 0
lamp_count: 0
vertices: [[-12.647257804870605, -11.510225296020508, -2.31748628616333], [-12.647257804870605, -11.510225296020508, 6.975137233734131], [-12.647257804870605, 13.080890655517578, 6.9751362800598145], [-12.647257804870605, 13.080890655517578, -2.3174872398376465], [25.814292907714844, -11.510225296020508, -2.31748628616333], [25.814292907714844, -11.510225296020508, 6.975137233734131], [25.814292907714844, 13.080890655517578, 6.9751362800598145], [25.814292907714844, 13.080890655517578, -2.3174872398376465]]
max_vol_name: ['AI33_007_obj_137background']
bounding_limits: [[-8.220717573165894, 16.779290390014648], [-7.48164644241333, 8.502578926086427], [-2.31748628616333, 6.975137233734131]]
max_vol_name_list: [['AI33_007_obj_024background'], ['AI33_007_obj_025background'], ['AI33_007_obj_027background'], ['AI33_007_obj_028background'], ['AI33_007_obj_030background'], ['AI33_007_obj_087background'], ['AI33_007_obj_090background'], ['AI33_007_obj_091background'], ['AI33_007_obj_123background'], ['AI33_007_obj_124background'], ['AI33_007_obj_134background'], ['AI33_007_obj_137background'], ['AI33_007_obj_161background'], ['AI33_007_obj_162background'], ['AI33_007_obj_163background']]
Model arrangement: single
sub_parameters: {'rotate': True, 'directory': 'ben_blobs/test_stls', 'scale_range': (0.35, 0.55), 'scale_uniform': True, 'position_range': (-2.5, 2.5)}
position_range: (-2.5, 2.5)
position: [1.7977407039334263, 7.737492055680127, 5.098854716647438]
##################################################
This is lenn: 1
##################################################
This is lenn: 20
Importing model from shape_939.stl
Scale: [0.3893681468045943, 0.3893681468045943, 0.3893681468045943]
model pos (1.7977407039334263, 7.737492055680127, 5.098854716647438)
model counterr [4]
origin_location: [0.9521124362945557, 0.03711738809943199, -3.4054315090179443]
Model center location: [-4.989912271499634, 1.715736746788025, 5.916773319244385]
Camera location: (-4.037799835205078, 1.752854134887457, 2.5113418102264404), rotation: [-0.09426680825348982, -0.6867579190592659, -0.7140523201231257, -0.09801333377591151]
Camera counter: 1
Camera if_counter: 0
Camera bool_chi: False
Universal color works : [0.27321440923620016, 0.731164007154834, 0.8438726114924128, 1]
before light location: [-0.9005482792854309, 1.716139554977417, 1.5285512208938599]
counterr light: 25
if_counter light: 0
light location: (-5.890460550785065, 3.431876301765442, 7.445324540138245)
light bool_chi: True
~~~~~~~~~~~~~~~~~~~~~~~~~~~~~~~~~~~~~~~~~~~~~~~~~~
Rendering index 0
##################################################
This is lenn: 31
Background: AI58_007.blend
Background pivot: [0.0, 0.0, 0.0]
Universal color works22 : [0.3011713186154249, 0.6886840934808461, 0.2763795480172438, 1]
Background intensity: 0.0
mat_count : 0
lamp_count: 0
vertices: [[-16.913087844848633, -20.58535385131836, 0.006578351370990276], [-16.913087844848633, -20.585351943969727, 20.187366485595703], [-16.913087844848633, 17.876163482666016, 20.18736457824707], [-16.913087844848633, 17.876161575317383, 0.006576670333743095], [9.707633972167969, -20.58535385131836, 0.006578351370990276], [9.707633972167969, -20.585351943969727, 20.187366485595703], [9.707633972167969, 17.876163482666016, 20.18736457824707], [9.707633972167969, 17.876161575317383, 0.006576670333743095]]
max_vol_name: ['AI58_07_Wallsbackground']
bounding_limits: [[-10.993507099151612, 6.3099620819091795], [-13.380478763580323, 11.61950626373291], [0.006578351370990276, 20.187366485595703]]
max_vol_name_list: [['AI58_07_09background'], ['AI58_07_Wallsbackground'], ['AM237_012_cutlery_01background'], ['AM237_012_tea_towelbackground']]
Model arrangement: single
sub_parameters: {'directory': 'ben_blobs/test_stls', 'position_range': (-2.5, 2.5), 'rotate': True, 'scale_range': (0.35, 0.55), 'scale_uniform': True, 'files': ['/gpfs/scratch/aarjun1/train_data/ben_blobs/test_stls/shape_621.stl', '/gpfs/scratch/aarjun1/train_data/ben_blobs/test_stls/shape_755.stl', '/gpfs/scratch/aarjun1/train_data/ben_blobs/test_stls/shape_864.stl', '/gpfs/scratch/aarjun1/train_data/ben_blobs/test_stls/shape_400.stl', '/gpfs/scratch/aarjun1/train_data/ben_blobs/test_stls/shape_685.stl', '/gpfs/scratch/aarjun1/train_data/ben_blobs/test_stls/shape_863.stl', '/gpfs/scratch/aarjun1/train_data/ben_blobs/test_stls/shape_905.stl', '/gpfs/scratch/aarjun1/train_data/ben_blobs/test_stls/shape_939.stl', '/gpfs/scratch/aarjun1/train_data/ben_blobs/test_stls/shape_631.stl', '/gpfs/scratch/aarjun1/train_data/ben_blobs/test_stls/shape_364.stl', '/gpfs/scratch/aarjun1/train_data/ben_blobs/test_stls/shape_375.stl', '/gpfs/scratch/aarjun1/train_data/ben_blobs/test_stls/shape_711.stl', '/gpfs/scratch/aarjun1/train_data/ben_blobs/test_stls/shape_892.stl', '/gpfs/scratch/aarjun1/train_data/ben_blobs/test_stls/shape_951.stl', '/gpfs/scratch/aarjun1/train_data/ben_blobs/test_stls/shape_702.stl', '/gpfs/scratch/aarjun1/train_data/ben_blobs/test_stls/shape_597.stl', '/gpfs/scratch/aarjun1/train_data/ben_blobs/test_stls/shape_17.stl', '/gpfs/scratch/aarjun1/train_data/ben_blobs/test_stls/shape_971.stl', '/gpfs/scratch/aarjun1/train_data/ben_blobs/test_stls/shape_371.stl', '/gpfs/scratch/aarjun1/train_data/ben_blobs/test_stls/shape_461.stl']}
position_range: (-2.5, 2.5)
position: [4.919600475576505, -11.175977853336663, 10.221776028613219]
##################################################
This is lenn: 1
##################################################
This is lenn: 20
Importing model from shape_892.stl
Scale: [0.474353101307352, 0.474353101307352, 0.474353101307352]
model pos (4.919600475576505, -11.175977853336663, 10.221776028613219)
model counterr [2]
origin_location: [-4.12517786026001, 1.2675604820251465, 2.0146148204803467]
Model center location: [6.266321420669556, -8.754324436187744, 7.027281045913696]
Camera location: (2.141143560409546, -7.486763954162598, 9.041895866394043), rotation: [0.5012583933204198, 0.31918597286123634, -0.43199210555521494, -0.678412233522089]
Camera counter: 1
Camera if_counter: 0
Camera bool_chi: False
Universal color works : [0.3011713186154249, 0.6886840934808461, 0.2763795480172438, 1]
before light location: [-0.22842377424240112, -0.6815536022186279, 2.1268279552459717]
counterr light: 1
if_counter light: 0
light location: (6.0378976464271545, -9.435878038406372, 9.154109001159668)
light bool_chi: False
Done Material: object
Color Material: [0.7583341736287281, 0.16506149685073934, 0.6383656345369677, 1]
##################################################
This is lenn: 1
light_colors: {'light': [0.3011713186154249, 0.6886840934808461, 0.2763795480172438, 1], 'scene_light': [0.3011713186154249, 0.6886840934808461, 0.2763795480172438, 1]}
scene_intensity: 105.43760586775088
Render activated_gpus: []
Render filename: 000000
