## SLURM PROLOG ###############################################################
##    Job ID : 3876014
##  Job Name : render_MI_val
##  Nodelist : gpu2005
##      CPUs : 1
##  Mem/Node : 40960 MB
## Directory : /gpfs/data/tserre/aarjun1/blender_render-color_pos
##   Started : Sat Jan 29 04:59:18 EST 2022
###############################################################################
24
##################################################
This is version: single_illuminant
##################################################
This is jobID: 3876014
##################################################
This is batch_size: 150000
##################################################
This is gpu_index: None
['scenes/AI_33/AI33_005/AI33_005_280.blend', 'scenes/AI_33/AI33_003/AI33_003_280.blend', 'scenes/AI_33/AI33_009/AI33_009_280.blend', 'scenes/AI_33/AI33_002/AI33_002_280.blend', 'scenes/AI_33/AI33_007/AI33_007_280.blend', 'scenes/AI_33/AI33_001/AI33_001_280.blend', 'scenes/AI_33/AI33_006/AI33_006_280.blend', 'scenes/AI_33/AI33_010/AI33_010_280.blend', 'scenes/AI_43/AI43_010/AI043_010_Blender.blend', 'scenes/AI_43/AI43_006/AI043_006_Blender.blend', 'scenes/AI_43/AI43_005/AI043_005_Blender.blend', 'scenes/AI_43/AI43_004/AI043_004.blend', 'scenes/AI_43/AI43_008_blender/AI043_008.blend', 'scenes/AI_43/AI43_009/AI043_009_Blender.blend', 'scenes/AI_43/AI43_003/AI043_003_Blender.blend', 'scenes/AI_43/AI43_001/AI043_001_Blender.blend', 'scenes/AI_48/AI48_001/AI48_001.blend', 'scenes/AI_48/AI48_002/AI48_002.blend', 'scenes/AI_48/AI48_008/AI48_008.blend', 'scenes/AI_48/AI48_010/AI48_010.blend', 'scenes/AI_48/AI48_009/AI48_009.blend', 'scenes/AI_48/AI48_003/AI48_003.blend', 'scenes/AI_48/AI48_004/AI48_004.blend', 'scenes/AI_58/AI58_002/AI58_002.blend', 'scenes/AI_58/AI58_005/AI58_005.blend', 'scenes/AI_58/AI58_007/AI58_007.blend', 'scenes/AI_58/AI58_001/AI58_001.blend', 'scenes/AI_58/AI58_008/AI58_008.blend', 'scenes/AI_58/AI58_006/AI58_006.blend', 'scenes/AI_58/AI58_009/AI58_009.blend', 'scenes/AI_58/AI58_010/AI58_010.blend']
blend_files len :  31
Rendering to folder: /gpfs/scratch/aarjun1/blender_data/data_no_filmic/images_single_illuminant
Output folder created successfully
Job folder successfully created
~~~~~~~~~~~~~~~~~~~~~~~~~~~~~~~~~~~~~~~~~~~~~~~~~~
Rendering index 0
##################################################
This is lenn: 31
Background: AI48_001.blend
Background pivot: [0.0, 0.0, 0.0]
Universal color works22 : [0.40991554308901557, 0.3690231851923599, 0.8032595012389127, 1]
Background intensity: 0.0
mat_count : 0
lamp_count: 0
vertices: [[-16.806983947753906, -29.412220001220703, 1.1537459840837982e-06], [-16.806983947753906, -29.412220001220703, 16.106645584106445], [-16.806983947753906, 9.049315452575684, 16.106643676757812], [-16.806983947753906, 9.049314498901367, -5.274611112326966e-07], [16.836679458618164, -29.412220001220703, 1.1537459840837982e-06], [16.836679458618164, -29.412220001220703, 16.106645584106445], [16.836679458618164, 9.049315452575684, 16.106643676757812], [16.836679458618164, 9.049314498901367, -5.274611112326966e-07]]
max_vol_name: ['AI48_001_wallsbackground']
bounding_limits: [[-10.924539566040039, 10.943841648101808], [-19.117943000793456, 5.882055044174194], [1.1537459840837982e-06, 16.106645584106445]]
max_vol_name_list: [['AI48_001_ceiling_woodbackground'], ['AI48_001_floor_1background'], ['AI48_001_floor_2background'], ['AI48_001_floor_3background'], ['AI48_001_floor_4background'], ['AI48_001_floor_blackbackground'], ['AI48_001_wallsbackground']]
Model arrangement: single
sub_parameters: {'rotate': True, 'position_range': (-2.5, 2.5), 'scale_uniform': True, 'scale_range': (0.35, 0.55), 'directory': 'ben_blobs/test_stls'}
position_range: (-2.5, 2.5)
position: [-4.996046041635814, 1.7213075184101747, 3.9100201419816685]
##################################################
This is lenn: 1
##################################################
This is lenn: 20
Importing model from shape_951.stl
Scale: [0.461443130440222, 0.461443130440222, 0.461443130440222]
model pos (-4.996046041635814, 1.7213075184101747, 3.9100201419816685)
model counterr [1]
origin_location: [4.043611526489258, 2.9152672290802, -0.4953532814979553]
Model center location: [-4.99604606628418, 1.7213075160980225, 3.910020112991333]
Camera location: (-0.9524345397949219, 4.636574745178223, 3.4146668314933777), rotation: [-0.30583075259876763, -0.3377274118651504, -0.6598346163289756, -0.5975165479999128]
Camera counter: 1
Camera if_counter: 0
Camera bool_chi: False
Universal color works : [0.40991554308901557, 0.3690231851923599, 0.8032595012389127, 1]
before light location: [0.9784842729568481, -1.5427263975143433, 0.6857454180717468]
counterr light: 1
if_counter light: 0
light location: (-4.0175617933273315, 0.1785811185836792, 4.59576553106308)
light bool_chi: False
Done Material: object
Color Material: [0.3123443088568011, 0.8205407613900073, 0.7031070696369034, 1]
##################################################
This is lenn: 1
light_colors: {'scene_light': [0.40991554308901557, 0.3690231851923599, 0.8032595012389127, 1], 'light': [0.40991554308901557, 0.3690231851923599, 0.8032595012389127, 1]}
scene_intensity: 163.41850679554847
Render activated_gpus: []
Render filename: 000000
