## SLURM PROLOG ###############################################################
##    Job ID : 3714973
##  Job Name : render_MI_val
##  Nodelist : node1360
##      CPUs : 14
##  Mem/Node : 40960 MB
## Directory : /gpfs/data/tserre/aarjun1/blender_render-color_pos
##   Started : Mon Dec 27 02:42:29 EST 2021
###############################################################################
11
##################################################
This is version: single_illuminant
##################################################
This is jobID: 3714973
##################################################
This is batch_size: 150000
##################################################
This is gpu_index: None
['scenes/AI_33/AI33_005/AI33_005_280.blend', 'scenes/AI_33/AI33_003/AI33_003_280.blend', 'scenes/AI_33/AI33_009/AI33_009_280.blend', 'scenes/AI_33/AI33_002/AI33_002_280.blend', 'scenes/AI_33/AI33_007/AI33_007_280.blend', 'scenes/AI_33/AI33_001/AI33_001_280.blend', 'scenes/AI_33/AI33_006/AI33_006_280.blend', 'scenes/AI_33/AI33_010/AI33_010_280.blend', 'scenes/AI_43/AI43_010/AI043_010_Blender.blend', 'scenes/AI_43/AI43_006/AI043_006_Blender.blend', 'scenes/AI_43/AI43_005/AI043_005_Blender.blend', 'scenes/AI_43/AI43_004/AI043_004.blend', 'scenes/AI_43/AI43_008_blender/AI043_008.blend', 'scenes/AI_43/AI43_009/AI043_009_Blender.blend', 'scenes/AI_43/AI43_003/AI043_003_Blender.blend', 'scenes/AI_43/AI43_001/AI043_001_Blender.blend', 'scenes/AI_48/AI48_001/AI48_001.blend', 'scenes/AI_48/AI48_002/AI48_002.blend', 'scenes/AI_48/AI48_008/AI48_008.blend', 'scenes/AI_48/AI48_010/AI48_010.blend', 'scenes/AI_48/AI48_009/AI48_009.blend', 'scenes/AI_48/AI48_003/AI48_003.blend', 'scenes/AI_48/AI48_004/AI48_004.blend', 'scenes/AI_58/AI58_002/AI58_002.blend', 'scenes/AI_58/AI58_005/AI58_005.blend', 'scenes/AI_58/AI58_007/AI58_007.blend', 'scenes/AI_58/AI58_001/AI58_001.blend', 'scenes/AI_58/AI58_008/AI58_008.blend', 'scenes/AI_58/AI58_006/AI58_006.blend', 'scenes/AI_58/AI58_009/AI58_009.blend', 'scenes/AI_58/AI58_010/AI58_010.blend']
blend_files len :  31
Rendering to folder: /gpfs/scratch/aarjun1/blender_data/data5/images_single_illuminant
Job folder successfully created
~~~~~~~~~~~~~~~~~~~~~~~~~~~~~~~~~~~~~~~~~~~~~~~~~~
Rendering index 0
##################################################
This is lenn: 31
Background: AI043_009_Blender.blend
Background pivot: [0.0, 0.0, 0.0]
Universal color works22 : [0.5819604405148754, 0.8669616436077646, 0.3279392939336522, 1]
Background intensity: 0.0
mat_count : 0
lamp_count: 0
vertices: [[-16.523958206176758, -19.33608627319336, -0.0009480653679929674], [-16.523958206176758, -19.33608627319336, 17.028749465942383], [-16.523958206176758, 19.12545394897461, 17.028749465942383], [-16.523958206176758, 19.12545394897461, -0.0009497465216554701], [13.915477752685547, -19.33608627319336, -0.0009480653679929674], [13.915477752685547, -19.33608627319336, 17.028749465942383], [13.915477752685547, 19.12545394897461, 17.028749465942383], [13.915477752685547, 19.12545394897461, -0.0009497465216554701]]
max_vol_name: ['AI43_009_04background']
bounding_limits: [[-10.740572834014893, 9.045060539245606], [-12.568456077575684, 12.431545066833497], [-0.0009480653679929674, 17.028749465942383]]
max_vol_name_list: [['AI43_009_04background'], ['AI43_009_05background'], ['AI43_009_09background'], ['AI43_009_10background'], ['AI43_009_57background'], ['AI43_009_71background']]
Model arrangement: single
sub_parameters: {'position_range': (-2.5, 2.5), 'rotate': True, 'scale_range': (0.35, 0.55), 'scale_uniform': True, 'directory': 'ben_blobs/test_stls'}
position_range: (-2.5, 2.5)
position: [-9.234108925013865, -5.534931411960074, 11.731137758648206]
##################################################
This is lenn: 1
##################################################
This is lenn: 20
Importing model from shape_364.stl
Scale: [0.5046237687129903, 0.5046237687129903, 0.5046237687129903]
model pos (-9.234108925013865, -5.534931411960074, 11.731137758648206)
model counterr [2]
origin_location: [0.9525256752967834, -1.4763239622116089, -3.281118869781494]
Model center location: [-8.559845924377441, 10.844526290893555, 13.2908353805542]
Camera location: (-7.607320249080658, 9.368202328681946, 10.009716510772705), rotation: [0.23342294982364167, 0.930405531490739, 0.2740992418903354, 0.06876684566132427]
Camera counter: 1
Camera if_counter: 0
Camera bool_chi: False
Universal color works : [0.5819604405148754, 0.8669616436077646, 0.3279392939336522, 1]
before light location: [-0.04754866287112236, 2.2675957679748535, 2.6370060443878174]
counterr light: 1
if_counter light: 0
light location: (-8.607394587248564, 13.112122058868408, 15.927841424942017)
light bool_chi: False
Done Material: object
Color Material: [0.7407767402092953, 0.8896911646872838, 0.5966573221097459, 1]
##################################################
This is lenn: 1
light_colors: {'light': [0.5819604405148754, 0.8669616436077646, 0.3279392939336522, 1], 'scene_light': [0.5819604405148754, 0.8669616436077646, 0.3279392939336522, 1]}
scene_intensity: 111.65661710833777
Render activated_gpus: []
Render filename: 000000
