## SLURM PROLOG ###############################################################
##    Job ID : 3836846
##  Job Name : render_MI_val
##  Nodelist : gpu2009
##      CPUs : 1
##  Mem/Node : 40960 MB
## Directory : /gpfs/data/tserre/aarjun1/blender_render-color_pos
##   Started : Tue Jan 25 06:52:23 EST 2022
###############################################################################
12
##################################################
This is version: single_illuminant
##################################################
This is jobID: 3836846
##################################################
This is batch_size: 150000
##################################################
This is gpu_index: None
['scenes/AI_33/AI33_005/AI33_005_280.blend', 'scenes/AI_33/AI33_003/AI33_003_280.blend', 'scenes/AI_33/AI33_009/AI33_009_280.blend', 'scenes/AI_33/AI33_002/AI33_002_280.blend', 'scenes/AI_33/AI33_007/AI33_007_280.blend', 'scenes/AI_33/AI33_001/AI33_001_280.blend', 'scenes/AI_33/AI33_006/AI33_006_280.blend', 'scenes/AI_33/AI33_010/AI33_010_280.blend', 'scenes/AI_43/AI43_010/AI043_010_Blender.blend', 'scenes/AI_43/AI43_006/AI043_006_Blender.blend', 'scenes/AI_43/AI43_005/AI043_005_Blender.blend', 'scenes/AI_43/AI43_004/AI043_004.blend', 'scenes/AI_43/AI43_008_blender/AI043_008.blend', 'scenes/AI_43/AI43_009/AI043_009_Blender.blend', 'scenes/AI_43/AI43_003/AI043_003_Blender.blend', 'scenes/AI_43/AI43_001/AI043_001_Blender.blend', 'scenes/AI_48/AI48_001/AI48_001.blend', 'scenes/AI_48/AI48_002/AI48_002.blend', 'scenes/AI_48/AI48_008/AI48_008.blend', 'scenes/AI_48/AI48_010/AI48_010.blend', 'scenes/AI_48/AI48_009/AI48_009.blend', 'scenes/AI_48/AI48_003/AI48_003.blend', 'scenes/AI_48/AI48_004/AI48_004.blend', 'scenes/AI_58/AI58_002/AI58_002.blend', 'scenes/AI_58/AI58_005/AI58_005.blend', 'scenes/AI_58/AI58_007/AI58_007.blend', 'scenes/AI_58/AI58_001/AI58_001.blend', 'scenes/AI_58/AI58_008/AI58_008.blend', 'scenes/AI_58/AI58_006/AI58_006.blend', 'scenes/AI_58/AI58_009/AI58_009.blend', 'scenes/AI_58/AI58_010/AI58_010.blend']
blend_files len :  31
Rendering to folder: /gpfs/scratch/aarjun1/blender_data/data5/images_single_illuminant
Job folder successfully created
~~~~~~~~~~~~~~~~~~~~~~~~~~~~~~~~~~~~~~~~~~~~~~~~~~
Rendering index 0
##################################################
This is lenn: 31
Background: AI48_009.blend
Background pivot: [0.0, 0.0, 0.0]
Universal color works22 : [0.3237502324208228, 0.817246429736217, 0.3501021488348871, 1]
Background intensity: 0.0
mat_count : 0
lamp_count: 0
vertices: [[12.323814392089844, 23.951065063476562, 4.115785121917725], [12.323814392089844, 23.951066970825195, 18.631988525390625], [12.32382869720459, -14.510455131530762, 18.63199234008789], [12.32382869720459, -14.510457038879395, 4.115789890289307], [-18.79796028137207, 23.951053619384766, 4.115785121917725], [-18.79796028137207, 23.9510555267334, 18.631988525390625], [-18.797945022583008, -14.510467529296875, 18.63199234008789], [-18.797945022583008, -14.510469436645508, 4.115789890289307]]
max_vol_name: ['AI48_009_roof_01background']
bounding_limits: [[8.010479354858399, -12.218674182891846], [15.568193531036377, -9.431795835494995], [4.115785121917725, 18.631988525390625]]
max_vol_name_list: [['AI48_009_baseboard_02background'], ['AI48_009_obj_007background'], ['AI48_009_roof_01background'], ['AI48_009_tablebackground'], ['Planebackground']]
Model arrangement: single
sub_parameters: {'scale_uniform': True, 'directory': 'ben_blobs/test_stls', 'position_range': (-2.5, 2.5), 'rotate': True, 'scale_range': (0.35, 0.55)}
position_range: (-2.5, 2.5)
position: [-5.855055715033958, -1.672377012918977, 15.953529689442728]
##################################################
This is lenn: 1
##################################################
This is lenn: 20
Importing model from shape_17.stl
Scale: [0.4023544353832845, 0.4023544353832845, 0.4023544353832845]
model pos (-5.855055715033958, -1.672377012918977, 15.953529689442728)
model counterr [2]
origin_location: [-2.587782621383667, -2.0352468490600586, 0.014664297923445702]
Model center location: [0.637107327580452, -0.9404711127281189, 8.74634838104248]
Camera location: (-1.950675293803215, -2.9757179617881775, 8.761012678965926), rotation: [0.637456416437107, 0.634623381661438, -0.3082630136952832, -0.30963913670475207]
Camera counter: 1
Camera if_counter: 0
Camera bool_chi: False
Universal color works : [0.3237502324208228, 0.817246429736217, 0.3501021488348871, 1]
before light location: [-1.4939475059509277, 0.5171626210212708, 0.046074122190475464]
counterr light: 1
if_counter light: 0
light location: (-0.8568401783704758, -0.42330849170684814, 8.792422503232956)
light bool_chi: False
Done Material: object
Color Material: [0.16316581851309878, 0.4059837610841286, 0.5629545248539919, 1]
##################################################
This is lenn: 1
light_colors: {'light': [0.3237502324208228, 0.817246429736217, 0.3501021488348871, 1], 'scene_light': [0.3237502324208228, 0.817246429736217, 0.3501021488348871, 1]}
scene_intensity: 187.53384256899065
Render activated_gpus: []
Render filename: 000000
info_dict: {'camera_dist': 3.2922733291417052, 'blob_color': [0.16316581851309878, 0.4059837610841286, 0.5629545248539919, 1], 'scene_color': [0.3237502324208228, 0.817246429736217, 0.3501021488348871, 1], 'scene_name': 'AI48_009.blend', 'light_intensity': 187.53384256899065}
Render activated_gpus: []
Render filename: 000000.gt_sm
Render activated_gpus: []
Render filename: 000000.gt_r
Render activated_gpus: []
Render filename: 000000.gt_ill
Render 0 complete
Data from render 0 saved
~~~~~~~~~~~~~~~~~~~~~~~~~~~~~~~~~~~~~~~~~~~~~~~~~~
Rendering index 1
##################################################
This is lenn: 31
Background: AI48_001.blend
Background pivot: [0.0, 0.0, 0.0]
Universal color works22 : [0.8985779033736444, 0.6775411612938855, 0.5468752363676185, 1]
Background intensity: 0.0
mat_count : 0
lamp_count: 0
vertices: [[-16.806983947753906, -29.412220001220703, 1.1537459840837982e-06], [-16.806983947753906, -29.412220001220703, 16.106645584106445], [-16.806983947753906, 9.049315452575684, 16.106643676757812], [-16.806983947753906, 9.049314498901367, -5.274611112326966e-07], [16.836679458618164, -29.412220001220703, 1.1537459840837982e-06], [16.836679458618164, -29.412220001220703, 16.106645584106445], [16.836679458618164, 9.049315452575684, 16.106643676757812], [16.836679458618164, 9.049314498901367, -5.274611112326966e-07]]
max_vol_name: ['AI48_001_wallsbackground']
bounding_limits: [[-10.924539566040039, 10.943841648101808], [-19.117943000793456, 5.882055044174194], [1.1537459840837982e-06, 16.106645584106445]]
max_vol_name_list: [['AI48_001_ceiling_woodbackground'], ['AI48_001_floor_1background'], ['AI48_001_floor_2background'], ['AI48_001_floor_3background'], ['AI48_001_floor_4background'], ['AI48_001_floor_blackbackground'], ['AI48_001_wallsbackground']]
Model arrangement: single
sub_parameters: {'directory': 'ben_blobs/test_stls', 'rotate': True, 'scale_range': (0.35, 0.55), 'scale_uniform': True, 'files': ['/gpfs/scratch/aarjun1/train_data/ben_blobs/test_stls/shape_621.stl', '/gpfs/scratch/aarjun1/train_data/ben_blobs/test_stls/shape_755.stl', '/gpfs/scratch/aarjun1/train_data/ben_blobs/test_stls/shape_864.stl', '/gpfs/scratch/aarjun1/train_data/ben_blobs/test_stls/shape_400.stl', '/gpfs/scratch/aarjun1/train_data/ben_blobs/test_stls/shape_685.stl', '/gpfs/scratch/aarjun1/train_data/ben_blobs/test_stls/shape_863.stl', '/gpfs/scratch/aarjun1/train_data/ben_blobs/test_stls/shape_905.stl', '/gpfs/scratch/aarjun1/train_data/ben_blobs/test_stls/shape_939.stl', '/gpfs/scratch/aarjun1/train_data/ben_blobs/test_stls/shape_631.stl', '/gpfs/scratch/aarjun1/train_data/ben_blobs/test_stls/shape_364.stl', '/gpfs/scratch/aarjun1/train_data/ben_blobs/test_stls/shape_375.stl', '/gpfs/scratch/aarjun1/train_data/ben_blobs/test_stls/shape_711.stl', '/gpfs/scratch/aarjun1/train_data/ben_blobs/test_stls/shape_892.stl', '/gpfs/scratch/aarjun1/train_data/ben_blobs/test_stls/shape_951.stl', '/gpfs/scratch/aarjun1/train_data/ben_blobs/test_stls/shape_702.stl', '/gpfs/scratch/aarjun1/train_data/ben_blobs/test_stls/shape_597.stl', '/gpfs/scratch/aarjun1/train_data/ben_blobs/test_stls/shape_17.stl', '/gpfs/scratch/aarjun1/train_data/ben_blobs/test_stls/shape_971.stl', '/gpfs/scratch/aarjun1/train_data/ben_blobs/test_stls/shape_371.stl', '/gpfs/scratch/aarjun1/train_data/ben_blobs/test_stls/shape_461.stl'], 'position_range': (-2.5, 2.5)}
position_range: (-2.5, 2.5)
position: [-7.095573862483148, -6.732360724378671, 6.381460249410583]
##################################################
This is lenn: 1
##################################################
This is lenn: 20
Importing model from shape_951.stl
Scale: [0.4178414347304037, 0.4178414347304037, 0.4178414347304037]
model pos (-7.095573862483148, -6.732360724378671, 6.381460249410583)
model counterr [1]
origin_location: [-0.24372173845767975, -0.1721498817205429, 3.6211462020874023]
Model center location: [-7.095573902130127, -6.732360601425171, 6.381460428237915]
Camera location: (-7.339295640587807, -6.904510483145714, 10.002606630325317), rotation: [0.887205773138318, 0.03649181388957415, -0.01890141859096981, -0.4595399873834017]
Camera counter: 2
Camera if_counter: 0
Camera bool_chi: False
Universal color works : [0.8985779033736444, 0.6775411612938855, 0.5468752363676185, 1]
before light location: [-2.8449113368988037, -0.7233129739761353, 0.3255147337913513]
counterr light: 2
if_counter light: 0
light location: (-9.94048523902893, -7.455673575401306, 6.706975162029266)
light bool_chi: False
Done Material: object
Color Material: [0.6285086428852673, 0.3289661153241977, 0.25465392932712627, 1]
##################################################
This is lenn: 1
light_colors: {'light': [0.8985779033736444, 0.6775411612938855, 0.5468752363676185, 1], 'scene_light': [0.8985779033736444, 0.6775411612938855, 0.5468752363676185, 1]}
scene_intensity: 191.30773963590298
Render activated_gpus: []
Render filename: 000001
info_dict: {'camera_dist': 3.63341928277831, 'blob_color': [0.6285086428852673, 0.3289661153241977, 0.25465392932712627, 1], 'scene_color': [0.8985779033736444, 0.6775411612938855, 0.5468752363676185, 1], 'scene_name': 'AI48_001.blend', 'light_intensity': 191.30773963590298}
Render activated_gpus: []
Render filename: 000001.gt_sm
Render activated_gpus: []
Render filename: 000001.gt_r
Render activated_gpus: []
Render filename: 000001.gt_ill
Render 1 complete
Data from render 1 saved
~~~~~~~~~~~~~~~~~~~~~~~~~~~~~~~~~~~~~~~~~~~~~~~~~~
Rendering index 2
##################################################
This is lenn: 31
Background: AI58_010.blend
Background pivot: [0.0, 0.0, 0.0]
Universal color works22 : [0.6739149771109485, 0.8872374144498377, 0.11601069243423137, 1]
Background intensity: 0.0
mat_count : 0
lamp_count: 0
vertices: [[-12.820508003234863, -12.82050609588623, 8.406033771279908e-07], [-12.820508003234863, -12.82050609588623, 11.538455963134766], [-12.820508003234863, 25.641016006469727, 11.53845500946045], [-12.820508003234863, 25.641014099121094, -8.406032065977342e-07], [12.82050609588623, -12.82050609588623, 8.406033771279908e-07], [12.82050609588623, -12.82050609588623, 11.538455963134766], [12.82050609588623, 25.641016006469727, 11.53845500946045], [12.82050609588623, 25.641014099121094, -8.406032065977342e-07]]
max_vol_name: ['AI_58_10_008background']
bounding_limits: [[-8.333330202102662, 8.33332896232605], [-8.33332896232605, 16.666660404205324], [8.406033771279908e-07, 11.538455963134766]]
max_vol_name_list: [['AI_58_10_008background'], ['AI_58_10_terracotabackground']]
Model arrangement: single
sub_parameters: {'directory': 'ben_blobs/test_stls', 'rotate': True, 'scale_range': (0.35, 0.55), 'scale_uniform': True, 'files': ['/gpfs/scratch/aarjun1/train_data/ben_blobs/test_stls/shape_621.stl', '/gpfs/scratch/aarjun1/train_data/ben_blobs/test_stls/shape_755.stl', '/gpfs/scratch/aarjun1/train_data/ben_blobs/test_stls/shape_864.stl', '/gpfs/scratch/aarjun1/train_data/ben_blobs/test_stls/shape_400.stl', '/gpfs/scratch/aarjun1/train_data/ben_blobs/test_stls/shape_685.stl', '/gpfs/scratch/aarjun1/train_data/ben_blobs/test_stls/shape_863.stl', '/gpfs/scratch/aarjun1/train_data/ben_blobs/test_stls/shape_905.stl', '/gpfs/scratch/aarjun1/train_data/ben_blobs/test_stls/shape_939.stl', '/gpfs/scratch/aarjun1/train_data/ben_blobs/test_stls/shape_631.stl', '/gpfs/scratch/aarjun1/train_data/ben_blobs/test_stls/shape_364.stl', '/gpfs/scratch/aarjun1/train_data/ben_blobs/test_stls/shape_375.stl', '/gpfs/scratch/aarjun1/train_data/ben_blobs/test_stls/shape_711.stl', '/gpfs/scratch/aarjun1/train_data/ben_blobs/test_stls/shape_892.stl', '/gpfs/scratch/aarjun1/train_data/ben_blobs/test_stls/shape_951.stl', '/gpfs/scratch/aarjun1/train_data/ben_blobs/test_stls/shape_702.stl', '/gpfs/scratch/aarjun1/train_data/ben_blobs/test_stls/shape_597.stl', '/gpfs/scratch/aarjun1/train_data/ben_blobs/test_stls/shape_17.stl', '/gpfs/scratch/aarjun1/train_data/ben_blobs/test_stls/shape_971.stl', '/gpfs/scratch/aarjun1/train_data/ben_blobs/test_stls/shape_371.stl', '/gpfs/scratch/aarjun1/train_data/ben_blobs/test_stls/shape_461.stl'], 'position_range': (-2.5, 2.5)}
position_range: (-2.5, 2.5)
position: [2.2954248172011766, -2.0780148921318773, 9.236916261043477]
##################################################
This is lenn: 1
##################################################
This is lenn: 20
Importing model from shape_755.stl
Scale: [0.40208412020614837, 0.40208412020614837, 0.40208412020614837]
model pos (2.2954248172011766, -2.0780148921318773, 9.236916261043477)
model counterr [1]
origin_location: [-1.2182555198669434, -1.5529674291610718, -2.3261640071868896]
Model center location: [2.295424699783325, -2.078014850616455, 9.236916542053223]
Camera location: (1.0771691799163818, -3.630982279777527, 6.910752534866333), rotation: [0.3257182321165383, 0.8873018594390538, -0.3065024562859652, -0.11251350049458375]
Camera counter: 1
Camera if_counter: 0
Camera bool_chi: False
Universal color works : [0.6739149771109485, 0.8872374144498377, 0.11601069243423137, 1]
before light location: [1.6113710403442383, -0.9161917567253113, 0.7257910370826721]
counterr light: 25
if_counter light: 0
light location: (3.9067957401275635, -2.9942066073417664, 9.962707579135895)
light bool_chi: True
~~~~~~~~~~~~~~~~~~~~~~~~~~~~~~~~~~~~~~~~~~~~~~~~~~
Rendering index 2
##################################################
This is lenn: 31
Background: AI58_006.blend
Background pivot: [0.0, 0.0, 0.0]
Universal color works22 : [0.1042640051898613, 0.3869127402068452, 0.6233233234748179, 1]
Background intensity: 0.0
mat_count : 0
lamp_count: 0
vertices: [[-22.152263641357422, -12.628111839294434, 7.5573836966214e-07], [-22.152263641357422, -12.628110885620117, 17.048904418945312], [-22.152263641357422, 15.926796913146973, 17.048904418945312], [-22.152263641357422, 15.926795959472656, -4.924362997371645e-07], [16.309301376342773, -12.628111839294434, 7.5573836966214e-07], [16.309301376342773, -12.628110885620117, 17.048904418945312], [16.309301376342773, 15.926796913146973, 17.048904418945312], [16.309301376342773, 15.926795959472656, -4.924362997371645e-07]]
max_vol_name: ['AI_58_06_125background']
bounding_limits: [[-14.398971366882325, 10.601045894622803], [-8.208272075653076, 10.352417993545533], [7.5573836966214e-07, 17.048904418945312]]
max_vol_name_list: [['AI_58_06_125background'], ['AI_58_06_128background'], ['AI_58_06_129background']]
Model arrangement: single
sub_parameters: {'directory': 'ben_blobs/test_stls', 'rotate': True, 'scale_range': (0.35, 0.55), 'scale_uniform': True, 'files': ['/gpfs/scratch/aarjun1/train_data/ben_blobs/test_stls/shape_621.stl', '/gpfs/scratch/aarjun1/train_data/ben_blobs/test_stls/shape_755.stl', '/gpfs/scratch/aarjun1/train_data/ben_blobs/test_stls/shape_864.stl', '/gpfs/scratch/aarjun1/train_data/ben_blobs/test_stls/shape_400.stl', '/gpfs/scratch/aarjun1/train_data/ben_blobs/test_stls/shape_685.stl', '/gpfs/scratch/aarjun1/train_data/ben_blobs/test_stls/shape_863.stl', '/gpfs/scratch/aarjun1/train_data/ben_blobs/test_stls/shape_905.stl', '/gpfs/scratch/aarjun1/train_data/ben_blobs/test_stls/shape_939.stl', '/gpfs/scratch/aarjun1/train_data/ben_blobs/test_stls/shape_631.stl', '/gpfs/scratch/aarjun1/train_data/ben_blobs/test_stls/shape_364.stl', '/gpfs/scratch/aarjun1/train_data/ben_blobs/test_stls/shape_375.stl', '/gpfs/scratch/aarjun1/train_data/ben_blobs/test_stls/shape_711.stl', '/gpfs/scratch/aarjun1/train_data/ben_blobs/test_stls/shape_892.stl', '/gpfs/scratch/aarjun1/train_data/ben_blobs/test_stls/shape_951.stl', '/gpfs/scratch/aarjun1/train_data/ben_blobs/test_stls/shape_702.stl', '/gpfs/scratch/aarjun1/train_data/ben_blobs/test_stls/shape_597.stl', '/gpfs/scratch/aarjun1/train_data/ben_blobs/test_stls/shape_17.stl', '/gpfs/scratch/aarjun1/train_data/ben_blobs/test_stls/shape_971.stl', '/gpfs/scratch/aarjun1/train_data/ben_blobs/test_stls/shape_371.stl', '/gpfs/scratch/aarjun1/train_data/ben_blobs/test_stls/shape_461.stl'], 'position_range': (-2.5, 2.5)}
position_range: (-2.5, 2.5)
position: [1.4975379513868035, -6.415964513725792, 16.453700731056447]
##################################################
This is lenn: 1
##################################################
This is lenn: 20
Importing model from shape_597.stl
Scale: [0.45611391619020736, 0.45611391619020736, 0.45611391619020736]
model pos (1.4975379513868035, -6.415964513725792, 16.453700731056447)
model counterr [3]
origin_location: [-1.3330045938491821, 0.10622519254684448, 3.099644660949707]
Model center location: [0.2879166901111603, 4.036983966827393, 6.38994026184082]
Camera location: (-1.0450879037380219, 4.143209159374237, 9.489584922790527), rotation: [0.6644211839354571, 0.1372083481294595, -0.14857724649527768, -0.7194742256434707]
Camera counter: 3
Camera if_counter: 0
Camera bool_chi: False
Universal color works : [0.1042640051898613, 0.3869127402068452, 0.6233233234748179, 1]
before light location: [1.022416353225708, -0.6059980988502502, 1.9920352697372437]
counterr light: 3
if_counter light: 0
light location: (1.3103330433368683, 3.4309858679771423, 8.381975531578064)
light bool_chi: False
Done Material: object
Color Material: [0.727739912674539, 0.8407704993088546, 0.8884023798988343, 1]
##################################################
This is lenn: 1
light_colors: {'light': [0.1042640051898613, 0.3869127402068452, 0.6233233234748179, 1], 'scene_light': [0.1042640051898613, 0.3869127402068452, 0.6233233234748179, 1]}
scene_intensity: 115.31220173674073
Render activated_gpus: []
Render filename: 000002
info_dict: {'camera_dist': 3.3757935456583628, 'blob_color': [0.727739912674539, 0.8407704993088546, 0.8884023798988343, 1], 'scene_color': [0.1042640051898613, 0.3869127402068452, 0.6233233234748179, 1], 'scene_name': 'AI58_006.blend', 'light_intensity': 115.31220173674073}
Render activated_gpus: []
Render filename: 000002.gt_sm
Render activated_gpus: []
Render filename: 000002.gt_r
Render activated_gpus: []
Render filename: 000002.gt_ill
Render 2 complete
Data from render 2 saved
~~~~~~~~~~~~~~~~~~~~~~~~~~~~~~~~~~~~~~~~~~~~~~~~~~
Rendering index 3
##################################################
This is lenn: 31
Background: AI043_009_Blender.blend
Background pivot: [0.0, 0.0, 0.0]
Universal color works22 : [0.3212009354167694, 0.4564842316038189, 0.8003815659267727, 1]
Background intensity: 0.0
mat_count : 0
lamp_count: 0
vertices: [[-16.523958206176758, -19.33608627319336, -0.0009480653679929674], [-16.523958206176758, -19.33608627319336, 17.028749465942383], [-16.523958206176758, 19.12545394897461, 17.028749465942383], [-16.523958206176758, 19.12545394897461, -0.0009497465216554701], [13.915477752685547, -19.33608627319336, -0.0009480653679929674], [13.915477752685547, -19.33608627319336, 17.028749465942383], [13.915477752685547, 19.12545394897461, 17.028749465942383], [13.915477752685547, 19.12545394897461, -0.0009497465216554701]]
max_vol_name: ['AI43_009_04background']
bounding_limits: [[-10.740572834014893, 9.045060539245606], [-12.568456077575684, 12.431545066833497], [-0.0009480653679929674, 17.028749465942383]]
max_vol_name_list: [['AI43_009_04background'], ['AI43_009_05background'], ['AI43_009_09background'], ['AI43_009_10background'], ['AI43_009_57background'], ['AI43_009_71background']]
Model arrangement: single
sub_parameters: {'directory': 'ben_blobs/test_stls', 'rotate': True, 'scale_range': (0.35, 0.55), 'scale_uniform': True, 'files': ['/gpfs/scratch/aarjun1/train_data/ben_blobs/test_stls/shape_621.stl', '/gpfs/scratch/aarjun1/train_data/ben_blobs/test_stls/shape_755.stl', '/gpfs/scratch/aarjun1/train_data/ben_blobs/test_stls/shape_864.stl', '/gpfs/scratch/aarjun1/train_data/ben_blobs/test_stls/shape_400.stl', '/gpfs/scratch/aarjun1/train_data/ben_blobs/test_stls/shape_685.stl', '/gpfs/scratch/aarjun1/train_data/ben_blobs/test_stls/shape_863.stl', '/gpfs/scratch/aarjun1/train_data/ben_blobs/test_stls/shape_905.stl', '/gpfs/scratch/aarjun1/train_data/ben_blobs/test_stls/shape_939.stl', '/gpfs/scratch/aarjun1/train_data/ben_blobs/test_stls/shape_631.stl', '/gpfs/scratch/aarjun1/train_data/ben_blobs/test_stls/shape_364.stl', '/gpfs/scratch/aarjun1/train_data/ben_blobs/test_stls/shape_375.stl', '/gpfs/scratch/aarjun1/train_data/ben_blobs/test_stls/shape_711.stl', '/gpfs/scratch/aarjun1/train_data/ben_blobs/test_stls/shape_892.stl', '/gpfs/scratch/aarjun1/train_data/ben_blobs/test_stls/shape_951.stl', '/gpfs/scratch/aarjun1/train_data/ben_blobs/test_stls/shape_702.stl', '/gpfs/scratch/aarjun1/train_data/ben_blobs/test_stls/shape_597.stl', '/gpfs/scratch/aarjun1/train_data/ben_blobs/test_stls/shape_17.stl', '/gpfs/scratch/aarjun1/train_data/ben_blobs/test_stls/shape_971.stl', '/gpfs/scratch/aarjun1/train_data/ben_blobs/test_stls/shape_371.stl', '/gpfs/scratch/aarjun1/train_data/ben_blobs/test_stls/shape_461.stl'], 'position_range': (-2.5, 2.5)}
position_range: (-2.5, 2.5)
position: [-5.885217972678452, -9.621937706184013, 1.4280184646990508]
##################################################
This is lenn: 1
##################################################
This is lenn: 20
Importing model from shape_685.stl
Scale: [0.46901326215421985, 0.46901326215421985, 0.46901326215421985]
model pos (-5.885217972678452, -9.621937706184013, 1.4280184646990508)
model counterr [4]
origin_location: [-0.581829845905304, 0.05103561654686928, -3.466503381729126]
Model center location: [5.731454372406006, -4.836769104003906, 1.495349645614624]
Camera location: (5.149624526500702, -4.785733487457037, -1.971153736114502), rotation: [0.056312452764580204, 0.6731558576450135, -0.7347868836202969, -0.06146815957400673]
Camera counter: 2
Camera if_counter: 0
Camera bool_chi: False
Universal color works : [0.3212009354167694, 0.4564842316038189, 0.8003815659267727, 1]
before light location: [0.2673138380050659, -0.3454568684101105, 1.8033140897750854]
counterr light: 1
if_counter light: 0
light location: (5.998768210411072, -5.182225972414017, 3.2986637353897095)
light bool_chi: False
Done Material: object
Color Material: [0.4418508057031707, 0.8384659395179787, 0.19910342422941804, 1]
##################################################
This is lenn: 1
light_colors: {'light': [0.3212009354167694, 0.4564842316038189, 0.8003815659267727, 1], 'scene_light': [0.3212009354167694, 0.4564842316038189, 0.8003815659267727, 1]}
scene_intensity: 188.87008918757348
Render activated_gpus: []
Render filename: 000003
