## SLURM PROLOG ###############################################################
##    Job ID : 3853017
##  Job Name : render_MI_val
##  Nodelist : gpu2003
##      CPUs : 1
##  Mem/Node : 40960 MB
## Directory : /gpfs/data/tserre/aarjun1/blender_render-color_pos
##   Started : Thu Jan 27 07:42:26 EST 2022
###############################################################################
17
##################################################
This is version: single_illuminant
##################################################
This is jobID: 3853017
##################################################
This is batch_size: 150000
##################################################
This is gpu_index: None
['scenes/AI_33/AI33_005/AI33_005_280.blend', 'scenes/AI_33/AI33_003/AI33_003_280.blend', 'scenes/AI_33/AI33_009/AI33_009_280.blend', 'scenes/AI_33/AI33_002/AI33_002_280.blend', 'scenes/AI_33/AI33_007/AI33_007_280.blend', 'scenes/AI_33/AI33_001/AI33_001_280.blend', 'scenes/AI_33/AI33_006/AI33_006_280.blend', 'scenes/AI_33/AI33_010/AI33_010_280.blend', 'scenes/AI_43/AI43_010/AI043_010_Blender.blend', 'scenes/AI_43/AI43_006/AI043_006_Blender.blend', 'scenes/AI_43/AI43_005/AI043_005_Blender.blend', 'scenes/AI_43/AI43_004/AI043_004.blend', 'scenes/AI_43/AI43_008_blender/AI043_008.blend', 'scenes/AI_43/AI43_009/AI043_009_Blender.blend', 'scenes/AI_43/AI43_003/AI043_003_Blender.blend', 'scenes/AI_43/AI43_001/AI043_001_Blender.blend', 'scenes/AI_48/AI48_001/AI48_001.blend', 'scenes/AI_48/AI48_002/AI48_002.blend', 'scenes/AI_48/AI48_008/AI48_008.blend', 'scenes/AI_48/AI48_010/AI48_010.blend', 'scenes/AI_48/AI48_009/AI48_009.blend', 'scenes/AI_48/AI48_003/AI48_003.blend', 'scenes/AI_48/AI48_004/AI48_004.blend', 'scenes/AI_58/AI58_002/AI58_002.blend', 'scenes/AI_58/AI58_005/AI58_005.blend', 'scenes/AI_58/AI58_007/AI58_007.blend', 'scenes/AI_58/AI58_001/AI58_001.blend', 'scenes/AI_58/AI58_008/AI58_008.blend', 'scenes/AI_58/AI58_006/AI58_006.blend', 'scenes/AI_58/AI58_009/AI58_009.blend', 'scenes/AI_58/AI58_010/AI58_010.blend']
blend_files len :  31
Rendering to folder: /gpfs/scratch/aarjun1/blender_data/data5/images_single_illuminant
Job folder successfully created
~~~~~~~~~~~~~~~~~~~~~~~~~~~~~~~~~~~~~~~~~~~~~~~~~~
Rendering index 0
##################################################
This is lenn: 31
Background: AI33_006_280.blend
Background pivot: [0.0, 0.0, 0.0]
Universal color works22 : [0.7071054498366931, 0.7562108411548315, 0.48161002011632625, 1]
Background intensity: 0.0
mat_count : 0
lamp_count: 0
vertices: [[-22.693017959594727, -16.730457305908203, -0.10078243166208267], [-22.693017959594727, -16.730457305908203, 15.874728202819824], [-22.693017959594727, 9.639928817749023, 15.874726295471191], [-22.693017959594727, 9.639927864074707, -0.1007835865020752], [15.768498420715332, -16.730457305908203, -0.10078243166208267], [15.768498420715332, -16.730457305908203, 15.874728202819824], [15.768498420715332, 9.639928817749023, 15.874726295471191], [15.768498420715332, 9.639927864074707, -0.1007835865020752]]
max_vol_name: ['AI33_06_wallsbackground']
bounding_limits: [[-14.750461673736572, 10.249523973464965], [-10.874797248840332, 6.265953731536865], [-0.10078243166208267, 15.874728202819824]]
max_vol_name_list: [['AI33_06_parapetbackground'], ['AI33_06_wallsbackground'], ['AI33_06_window_framesbackground']]
Model arrangement: single
sub_parameters: {'directory': 'ben_blobs/test_stls', 'position_range': (-2.5, 2.5), 'scale_range': (0.35, 0.55), 'rotate': True, 'scale_uniform': True}
position_range: (-2.5, 2.5)
position: [-11.441197131716095, -6.458872748449024, 5.573395498098626]
##################################################
This is lenn: 1
##################################################
This is lenn: 20
Importing model from shape_631.stl
Scale: [0.4325318801968985, 0.4325318801968985, 0.4325318801968985]
model pos (-11.441197131716095, -6.458872748449024, 5.573395498098626)
model counterr [7]
origin_location: [0.7501084208488464, -1.341687560081482, 2.963087797164917]
Model center location: [-0.20924657583236694, -1.4667591154575348, 7.720711946487427]
Camera location: (0.5408618450164795, -2.8084466755390167, 10.683799743652344), rotation: [0.9401214717457341, 0.22933817815058544, 0.05975652007698718, 0.24495872450985245]
Camera counter: 1
Camera if_counter: 0
Camera bool_chi: False
Universal color works : [0.7071054498366931, 0.7562108411548315, 0.48161002011632625, 1]
before light location: [-1.4838899374008179, 0.19528412818908691, 1.6069133281707764]
counterr light: 1
if_counter light: 0
light location: (-1.6931365132331848, -1.2714749872684479, 9.327625274658203)
light bool_chi: False
Done Material: object
Color Material: [0.185797520977202, 0.5888777851201844, 0.6386158762635634, 1]
##################################################
This is lenn: 1
light_colors: {'scene_light': [0.7071054498366931, 0.7562108411548315, 0.48161002011632625, 1], 'light': [0.7071054498366931, 0.7562108411548315, 0.48161002011632625, 1]}
scene_intensity: 150.52637770900037
Render activated_gpus: []
Render filename: 000000
