## SLURM PROLOG ###############################################################
##    Job ID : 3876004
##  Job Name : render_MI_val
##  Nodelist : gpu1401
##      CPUs : 1
##  Mem/Node : 40960 MB
## Directory : /gpfs/data/tserre/aarjun1/blender_render-color_pos
##   Started : Sat Jan 29 04:59:26 EST 2022
###############################################################################
14
##################################################
This is version: single_illuminant
##################################################
This is jobID: 3876004
##################################################
This is batch_size: 150000
##################################################
This is gpu_index: None
['scenes/AI_33/AI33_005/AI33_005_280.blend', 'scenes/AI_33/AI33_003/AI33_003_280.blend', 'scenes/AI_33/AI33_009/AI33_009_280.blend', 'scenes/AI_33/AI33_002/AI33_002_280.blend', 'scenes/AI_33/AI33_007/AI33_007_280.blend', 'scenes/AI_33/AI33_001/AI33_001_280.blend', 'scenes/AI_33/AI33_006/AI33_006_280.blend', 'scenes/AI_33/AI33_010/AI33_010_280.blend', 'scenes/AI_43/AI43_010/AI043_010_Blender.blend', 'scenes/AI_43/AI43_006/AI043_006_Blender.blend', 'scenes/AI_43/AI43_005/AI043_005_Blender.blend', 'scenes/AI_43/AI43_004/AI043_004.blend', 'scenes/AI_43/AI43_008_blender/AI043_008.blend', 'scenes/AI_43/AI43_009/AI043_009_Blender.blend', 'scenes/AI_43/AI43_003/AI043_003_Blender.blend', 'scenes/AI_43/AI43_001/AI043_001_Blender.blend', 'scenes/AI_48/AI48_001/AI48_001.blend', 'scenes/AI_48/AI48_002/AI48_002.blend', 'scenes/AI_48/AI48_008/AI48_008.blend', 'scenes/AI_48/AI48_010/AI48_010.blend', 'scenes/AI_48/AI48_009/AI48_009.blend', 'scenes/AI_48/AI48_003/AI48_003.blend', 'scenes/AI_48/AI48_004/AI48_004.blend', 'scenes/AI_58/AI58_002/AI58_002.blend', 'scenes/AI_58/AI58_005/AI58_005.blend', 'scenes/AI_58/AI58_007/AI58_007.blend', 'scenes/AI_58/AI58_001/AI58_001.blend', 'scenes/AI_58/AI58_008/AI58_008.blend', 'scenes/AI_58/AI58_006/AI58_006.blend', 'scenes/AI_58/AI58_009/AI58_009.blend', 'scenes/AI_58/AI58_010/AI58_010.blend']
blend_files len :  31
Rendering to folder: /gpfs/scratch/aarjun1/blender_data/data_no_filmic/images_single_illuminant
Job folder successfully created
~~~~~~~~~~~~~~~~~~~~~~~~~~~~~~~~~~~~~~~~~~~~~~~~~~
Rendering index 0
##################################################
This is lenn: 31
Background: AI33_005_280.blend
Background pivot: [0.0, 0.0, 0.0]
Universal color works22 : [0.6633993639044728, 0.8982715016998877, 0.4744111667296811, 1]
Background intensity: 0.0
mat_count : 0
lamp_count: 0
vertices: [[-12.64403247833252, -17.905441284179688, 0.1412685662508011], [-12.64403247833252, -17.905439376831055, 10.013442993164062], [-12.64403247833252, 20.556135177612305, 10.013442039489746], [-12.64403247833252, 20.556135177612305, 0.14126689732074738], [10.782952308654785, -17.905441284179688, 0.1412685662508011], [10.782952308654785, -17.905439376831055, 10.013442993164062], [10.782952308654785, 20.556135177612305, 10.013442039489746], [10.782952308654785, 20.556135177612305, 0.14126689732074738]]
max_vol_name: ['AI33_005_66background']
bounding_limits: [[-8.218621110916137, 7.00891900062561], [-11.638535594940185, 13.361487865447998], [0.1412685662508011, 10.013442993164062]]
max_vol_name_list: [['AI33_005_66background']]
Model arrangement: single
sub_parameters: {'rotate': True, 'position_range': (-2.5, 2.5), 'scale_uniform': True, 'scale_range': (0.35, 0.55), 'directory': 'ben_blobs/test_stls'}
position_range: (-2.5, 2.5)
position: [-4.877899360372274, -10.606357395500773, 9.778068995368544]
##################################################
This is lenn: 1
##################################################
This is lenn: 20
Importing model from shape_631.stl
Scale: [0.47239852725811277, 0.47239852725811277, 0.47239852725811277]
model pos (-4.877899360372274, -10.606357395500773, 9.778068995368544)
model counterr [2]
origin_location: [0.43225425481796265, -3.1904804706573486, -0.9179385304450989]
Model center location: [-4.458494782447815, 7.4354472160339355, 2.630049467086792]
Camera location: (-4.026240527629852, 4.244966745376587, 1.7121109366416931), rotation: [0.6010546428126985, 0.7963709324490512, 0.053701849904937544, 0.04053104514215612]
Camera counter: 1
Camera if_counter: 0
Camera bool_chi: False
Universal color works : [0.6633993639044728, 0.8982715016998877, 0.4744111667296811, 1]
before light location: [1.1753263473510742, 1.299834966659546, 2.527418613433838]
counterr light: 1
if_counter light: 0
light location: (-3.2831684350967407, 8.735282182693481, 5.15746808052063)
light bool_chi: False
Done Material: object
Color Material: [0.8681347980259294, 0.4971428760925899, 0.7564014865963483, 1]
##################################################
This is lenn: 1
light_colors: {'scene_light': [0.6633993639044728, 0.8982715016998877, 0.4744111667296811, 1], 'light': [0.6633993639044728, 0.8982715016998877, 0.4744111667296811, 1]}
scene_intensity: 108.44606675961333
Render activated_gpus: []
Render filename: 000000
