## SLURM PROLOG ###############################################################
##    Job ID : 3836855
##  Job Name : render_MI_val
##  Nodelist : gpu2116
##      CPUs : 1
##  Mem/Node : 40960 MB
## Directory : /gpfs/data/tserre/aarjun1/blender_render-color_pos
##   Started : Tue Jan 25 06:52:24 EST 2022
###############################################################################
21
##################################################
This is version: single_illuminant
##################################################
This is jobID: 3836855
##################################################
This is batch_size: 150000
##################################################
This is gpu_index: None
['scenes/AI_33/AI33_005/AI33_005_280.blend', 'scenes/AI_33/AI33_003/AI33_003_280.blend', 'scenes/AI_33/AI33_009/AI33_009_280.blend', 'scenes/AI_33/AI33_002/AI33_002_280.blend', 'scenes/AI_33/AI33_007/AI33_007_280.blend', 'scenes/AI_33/AI33_001/AI33_001_280.blend', 'scenes/AI_33/AI33_006/AI33_006_280.blend', 'scenes/AI_33/AI33_010/AI33_010_280.blend', 'scenes/AI_43/AI43_010/AI043_010_Blender.blend', 'scenes/AI_43/AI43_006/AI043_006_Blender.blend', 'scenes/AI_43/AI43_005/AI043_005_Blender.blend', 'scenes/AI_43/AI43_004/AI043_004.blend', 'scenes/AI_43/AI43_008_blender/AI043_008.blend', 'scenes/AI_43/AI43_009/AI043_009_Blender.blend', 'scenes/AI_43/AI43_003/AI043_003_Blender.blend', 'scenes/AI_43/AI43_001/AI043_001_Blender.blend', 'scenes/AI_48/AI48_001/AI48_001.blend', 'scenes/AI_48/AI48_002/AI48_002.blend', 'scenes/AI_48/AI48_008/AI48_008.blend', 'scenes/AI_48/AI48_010/AI48_010.blend', 'scenes/AI_48/AI48_009/AI48_009.blend', 'scenes/AI_48/AI48_003/AI48_003.blend', 'scenes/AI_48/AI48_004/AI48_004.blend', 'scenes/AI_58/AI58_002/AI58_002.blend', 'scenes/AI_58/AI58_005/AI58_005.blend', 'scenes/AI_58/AI58_007/AI58_007.blend', 'scenes/AI_58/AI58_001/AI58_001.blend', 'scenes/AI_58/AI58_008/AI58_008.blend', 'scenes/AI_58/AI58_006/AI58_006.blend', 'scenes/AI_58/AI58_009/AI58_009.blend', 'scenes/AI_58/AI58_010/AI58_010.blend']
blend_files len :  31
Rendering to folder: /gpfs/scratch/aarjun1/blender_data/data5/images_single_illuminant
Job folder successfully created
~~~~~~~~~~~~~~~~~~~~~~~~~~~~~~~~~~~~~~~~~~~~~~~~~~
Rendering index 0
##################################################
This is lenn: 31
Background: AI043_009_Blender.blend
Background pivot: [0.0, 0.0, 0.0]
Universal color works22 : [0.5486524799753891, 0.31481614870086017, 0.6919764878433077, 1]
Background intensity: 0.0
mat_count : 0
lamp_count: 0
vertices: [[-16.523958206176758, -19.33608627319336, -0.0009480653679929674], [-16.523958206176758, -19.33608627319336, 17.028749465942383], [-16.523958206176758, 19.12545394897461, 17.028749465942383], [-16.523958206176758, 19.12545394897461, -0.0009497465216554701], [13.915477752685547, -19.33608627319336, -0.0009480653679929674], [13.915477752685547, -19.33608627319336, 17.028749465942383], [13.915477752685547, 19.12545394897461, 17.028749465942383], [13.915477752685547, 19.12545394897461, -0.0009497465216554701]]
max_vol_name: ['AI43_009_04background']
bounding_limits: [[-10.740572834014893, 9.045060539245606], [-12.568456077575684, 12.431545066833497], [-0.0009480653679929674, 17.028749465942383]]
max_vol_name_list: [['AI43_009_04background'], ['AI43_009_05background'], ['AI43_009_09background'], ['AI43_009_10background'], ['AI43_009_57background'], ['AI43_009_71background']]
Model arrangement: single
sub_parameters: {'scale_uniform': True, 'rotate': True, 'directory': 'ben_blobs/test_stls', 'scale_range': (0.35, 0.55), 'position_range': (-2.5, 2.5)}
position_range: (-2.5, 2.5)
position: [2.451668700161461, -12.549818023422485, 7.917422463700553]
##################################################
This is lenn: 1
##################################################
This is lenn: 20
Importing model from shape_971.stl
Scale: [0.3542545984268279, 0.3542545984268279, 0.3542545984268279]
model pos (2.451668700161461, -12.549818023422485, 7.917422463700553)
model counterr [4]
origin_location: [1.0708131790161133, 1.8827043771743774, 0.8660996556282043]
Model center location: [1.9823299050331116, 4.26382577419281, 4.235686182975769]
Camera location: (3.053143084049225, 6.1465301513671875, 5.101785838603973), rotation: [-0.2117255948412889, -0.14336173795295928, -0.5420348538376951, -0.8005110254114917]
Camera counter: 1
Camera if_counter: 0
Camera bool_chi: False
Universal color works : [0.5486524799753891, 0.31481614870086017, 0.6919764878433077, 1]
before light location: [-0.9904011487960815, -1.014096975326538, 1.4556002616882324]
counterr light: 1
if_counter light: 0
light location: (0.99192875623703, 3.249728798866272, 5.6912864446640015)
light bool_chi: False
Done Material: object
Color Material: [0.8481110223905124, 0.69924377246831, 0.5606750720454808, 1]
##################################################
This is lenn: 1
light_colors: {'light': [0.5486524799753891, 0.31481614870086017, 0.6919764878433077, 1], 'scene_light': [0.5486524799753891, 0.31481614870086017, 0.6919764878433077, 1]}
scene_intensity: 124.93006213499294
Render activated_gpus: []
Render filename: 000000
info_dict: {'blob_color': [0.8481110223905124, 0.69924377246831, 0.5606750720454808, 1], 'scene_name': 'AI043_009_Blender.blend', 'scene_color': [0.5486524799753891, 0.31481614870086017, 0.6919764878433077, 1], 'camera_dist': 2.3326691256295757, 'light_intensity': 124.93006213499294}
Render activated_gpus: []
Render filename: 000000.gt_sm
