## SLURM PROLOG ###############################################################
##    Job ID : 3853024
##  Job Name : render_MI_val
##  Nodelist : gpu2010
##      CPUs : 1
##  Mem/Node : 40960 MB
## Directory : /gpfs/data/tserre/aarjun1/blender_render-color_pos
##   Started : Thu Jan 27 07:42:23 EST 2022
###############################################################################
24
##################################################
This is version: single_illuminant
##################################################
This is jobID: 3853024
##################################################
This is batch_size: 150000
##################################################
This is gpu_index: None
['scenes/AI_33/AI33_005/AI33_005_280.blend', 'scenes/AI_33/AI33_003/AI33_003_280.blend', 'scenes/AI_33/AI33_009/AI33_009_280.blend', 'scenes/AI_33/AI33_002/AI33_002_280.blend', 'scenes/AI_33/AI33_007/AI33_007_280.blend', 'scenes/AI_33/AI33_001/AI33_001_280.blend', 'scenes/AI_33/AI33_006/AI33_006_280.blend', 'scenes/AI_33/AI33_010/AI33_010_280.blend', 'scenes/AI_43/AI43_010/AI043_010_Blender.blend', 'scenes/AI_43/AI43_006/AI043_006_Blender.blend', 'scenes/AI_43/AI43_005/AI043_005_Blender.blend', 'scenes/AI_43/AI43_004/AI043_004.blend', 'scenes/AI_43/AI43_008_blender/AI043_008.blend', 'scenes/AI_43/AI43_009/AI043_009_Blender.blend', 'scenes/AI_43/AI43_003/AI043_003_Blender.blend', 'scenes/AI_43/AI43_001/AI043_001_Blender.blend', 'scenes/AI_48/AI48_001/AI48_001.blend', 'scenes/AI_48/AI48_002/AI48_002.blend', 'scenes/AI_48/AI48_008/AI48_008.blend', 'scenes/AI_48/AI48_010/AI48_010.blend', 'scenes/AI_48/AI48_009/AI48_009.blend', 'scenes/AI_48/AI48_003/AI48_003.blend', 'scenes/AI_48/AI48_004/AI48_004.blend', 'scenes/AI_58/AI58_002/AI58_002.blend', 'scenes/AI_58/AI58_005/AI58_005.blend', 'scenes/AI_58/AI58_007/AI58_007.blend', 'scenes/AI_58/AI58_001/AI58_001.blend', 'scenes/AI_58/AI58_008/AI58_008.blend', 'scenes/AI_58/AI58_006/AI58_006.blend', 'scenes/AI_58/AI58_009/AI58_009.blend', 'scenes/AI_58/AI58_010/AI58_010.blend']
blend_files len :  31
Rendering to folder: /gpfs/scratch/aarjun1/blender_data/data5/images_single_illuminant
Job folder successfully created
~~~~~~~~~~~~~~~~~~~~~~~~~~~~~~~~~~~~~~~~~~~~~~~~~~
Rendering index 0
##################################################
This is lenn: 31
Background: AI48_001.blend
Background pivot: [0.0, 0.0, 0.0]
Universal color works22 : [0.32621983512481056, 0.6992873484741248, 0.4775788614305122, 1]
Background intensity: 0.0
mat_count : 0
lamp_count: 0
vertices: [[-16.806983947753906, -29.412220001220703, 1.1537459840837982e-06], [-16.806983947753906, -29.412220001220703, 16.106645584106445], [-16.806983947753906, 9.049315452575684, 16.106643676757812], [-16.806983947753906, 9.049314498901367, -5.274611112326966e-07], [16.836679458618164, -29.412220001220703, 1.1537459840837982e-06], [16.836679458618164, -29.412220001220703, 16.106645584106445], [16.836679458618164, 9.049315452575684, 16.106643676757812], [16.836679458618164, 9.049314498901367, -5.274611112326966e-07]]
max_vol_name: ['AI48_001_wallsbackground']
bounding_limits: [[-10.924539566040039, 10.943841648101808], [-19.117943000793456, 5.882055044174194], [1.1537459840837982e-06, 16.106645584106445]]
max_vol_name_list: [['AI48_001_ceiling_woodbackground'], ['AI48_001_floor_1background'], ['AI48_001_floor_2background'], ['AI48_001_floor_3background'], ['AI48_001_floor_4background'], ['AI48_001_floor_blackbackground'], ['AI48_001_wallsbackground']]
Model arrangement: single
sub_parameters: {'scale_uniform': True, 'rotate': True, 'directory': 'ben_blobs/test_stls', 'position_range': (-2.5, 2.5), 'scale_range': (0.35, 0.55)}
position_range: (-2.5, 2.5)
position: [-6.489484646453584, -7.318350056551706, 6.3130653022127685]
##################################################
This is lenn: 1
##################################################
This is lenn: 20
Importing model from shape_755.stl
Scale: [0.5451735949330585, 0.5451735949330585, 0.5451735949330585]
model pos (-6.489484646453584, -7.318350056551706, 6.3130653022127685)
model counterr [1]
origin_location: [0.14761711657047272, 3.678710699081421, -2.773977518081665]
Model center location: [-6.489484786987305, -7.318349838256836, 6.313065528869629]
Camera location: (-6.341867670416832, -3.639639139175415, 3.539088010787964), rotation: [-0.008947541039506565, -0.01794458657891595, -0.894740489957346, -0.44613606551448676]
Camera counter: 1
Camera if_counter: 0
Camera bool_chi: False
Universal color works : [0.32621983512481056, 0.6992873484741248, 0.4775788614305122, 1]
before light location: [1.4185506105422974, 2.165191650390625, 0.8923547863960266]
counterr light: 1
if_counter light: 0
light location: (-5.070934176445007, -5.153158187866211, 7.2054203152656555)
light bool_chi: False
Done Material: object
Color Material: [0.6702127872975183, 0.5818605180616865, 0.8838155718736783, 1]
##################################################
This is lenn: 1
light_colors: {'scene_light': [0.32621983512481056, 0.6992873484741248, 0.4775788614305122, 1], 'light': [0.32621983512481056, 0.6992873484741248, 0.4775788614305122, 1]}
scene_intensity: 130.9551511445024
Render activated_gpus: []
Render filename: 000000
