## SLURM PROLOG ###############################################################
##    Job ID : 3876000
##  Job Name : render_MI_val
##  Nodelist : gpu1402
##      CPUs : 1
##  Mem/Node : 40960 MB
## Directory : /gpfs/data/tserre/aarjun1/blender_render-color_pos
##   Started : Sat Jan 29 04:59:18 EST 2022
###############################################################################
10
##################################################
This is version: single_illuminant
##################################################
This is jobID: 3876000
##################################################
This is batch_size: 150000
##################################################
This is gpu_index: None
['scenes/AI_33/AI33_005/AI33_005_280.blend', 'scenes/AI_33/AI33_003/AI33_003_280.blend', 'scenes/AI_33/AI33_009/AI33_009_280.blend', 'scenes/AI_33/AI33_002/AI33_002_280.blend', 'scenes/AI_33/AI33_007/AI33_007_280.blend', 'scenes/AI_33/AI33_001/AI33_001_280.blend', 'scenes/AI_33/AI33_006/AI33_006_280.blend', 'scenes/AI_33/AI33_010/AI33_010_280.blend', 'scenes/AI_43/AI43_010/AI043_010_Blender.blend', 'scenes/AI_43/AI43_006/AI043_006_Blender.blend', 'scenes/AI_43/AI43_005/AI043_005_Blender.blend', 'scenes/AI_43/AI43_004/AI043_004.blend', 'scenes/AI_43/AI43_008_blender/AI043_008.blend', 'scenes/AI_43/AI43_009/AI043_009_Blender.blend', 'scenes/AI_43/AI43_003/AI043_003_Blender.blend', 'scenes/AI_43/AI43_001/AI043_001_Blender.blend', 'scenes/AI_48/AI48_001/AI48_001.blend', 'scenes/AI_48/AI48_002/AI48_002.blend', 'scenes/AI_48/AI48_008/AI48_008.blend', 'scenes/AI_48/AI48_010/AI48_010.blend', 'scenes/AI_48/AI48_009/AI48_009.blend', 'scenes/AI_48/AI48_003/AI48_003.blend', 'scenes/AI_48/AI48_004/AI48_004.blend', 'scenes/AI_58/AI58_002/AI58_002.blend', 'scenes/AI_58/AI58_005/AI58_005.blend', 'scenes/AI_58/AI58_007/AI58_007.blend', 'scenes/AI_58/AI58_001/AI58_001.blend', 'scenes/AI_58/AI58_008/AI58_008.blend', 'scenes/AI_58/AI58_006/AI58_006.blend', 'scenes/AI_58/AI58_009/AI58_009.blend', 'scenes/AI_58/AI58_010/AI58_010.blend']
blend_files len :  31
Rendering to folder: /gpfs/scratch/aarjun1/blender_data/data_no_filmic/images_single_illuminant
Job folder successfully created
~~~~~~~~~~~~~~~~~~~~~~~~~~~~~~~~~~~~~~~~~~~~~~~~~~
Rendering index 0
##################################################
This is lenn: 31
Background: AI043_006_Blender.blend
Background pivot: [0.0, 0.0, 0.0]
Universal color works22 : [0.29065833771235483, 0.8477887652389853, 0.22927459460593394, 1]
Background intensity: 0.0
mat_count : 0
lamp_count: 0
vertices: [[-12.940886497497559, -18.502309799194336, 0.0058177774772048], [-12.940886497497559, -18.502307891845703, 10.257091522216797], [-12.940886497497559, 19.959228515625, 10.25709056854248], [-12.940886497497559, 19.959226608276367, 0.005816095974296331], [13.370844841003418, -18.502309799194336, 0.0058177774772048], [13.370844841003418, -18.502307891845703, 10.257091522216797], [13.370844841003418, 19.959228515625, 10.25709056854248], [13.370844841003418, 19.959226608276367, 0.005816095974296331]]
max_vol_name: ['AI43_006_00background']
bounding_limits: [[-8.411576223373414, 8.691049146652222], [-12.026500129699707, 12.973498535156251], [0.0058177774772048, 10.257091522216797]]
max_vol_name_list: [['AI43_006_00background'], ['AI43_006_206background'], ['AI43_006_55background']]
Model arrangement: single
sub_parameters: {'scale_uniform': True, 'position_range': (-2.5, 2.5), 'scale_range': (0.35, 0.55), 'rotate': True, 'directory': 'ben_blobs/test_stls'}
position_range: (-2.5, 2.5)
position: [2.2370762772762074, 6.249967732825096, 5.85608711434721]
##################################################
This is lenn: 1
##################################################
This is lenn: 20
Importing model from shape_939.stl
Scale: [0.4813940107777073, 0.4813940107777073, 0.4813940107777073]
model pos (2.2370762772762074, 6.249967732825096, 5.85608711434721)
model counterr [1]
origin_location: [2.2688348293304443, 0.4896657466888428, -3.131338119506836]
Model center location: [2.2370763421058655, 6.249967575073242, 5.8560872077941895]
Camera location: (4.50591117143631, 6.739633321762085, 2.7247490882873535), rotation: [-0.19694650173362868, -0.5964306254046923, -0.7388864013799984, -0.2439866192846839]
Camera counter: 1
Camera if_counter: 0
Camera bool_chi: False
Universal color works : [0.29065833771235483, 0.8477887652389853, 0.22927459460593394, 1]
before light location: [-0.27553239464759827, -0.22718356549739838, 2.6639721393585205]
counterr light: 1
if_counter light: 0
light location: (1.9615439474582672, 6.022784009575844, 8.52005934715271)
light bool_chi: False
Done Material: object
Color Material: [0.451996975123523, 0.12735432943042407, 0.48462510703121464, 1]
##################################################
This is lenn: 1
light_colors: {'light': [0.29065833771235483, 0.8477887652389853, 0.22927459460593394, 1], 'scene_light': [0.29065833771235483, 0.8477887652389853, 0.22927459460593394, 1]}
scene_intensity: 178.49346670117453
Render activated_gpus: []
Render filename: 000000
