## SLURM PROLOG ###############################################################
##    Job ID : 3714919
##  Job Name : render_MI_val
##  Nodelist : node1109
##      CPUs : 7
##  Mem/Node : 40960 MB
## Directory : /gpfs/data/tserre/aarjun1/blender_render-color_pos
##   Started : Mon Dec 27 01:44:59 EST 2021
###############################################################################
7
##################################################
This is version: single_illuminant
##################################################
This is jobID: 3714919
##################################################
This is batch_size: 150000
##################################################
This is gpu_index: None
['scenes/AI_33/AI33_005/AI33_005_280.blend', 'scenes/AI_33/AI33_003/AI33_003_280.blend', 'scenes/AI_33/AI33_009/AI33_009_280.blend', 'scenes/AI_33/AI33_002/AI33_002_280.blend', 'scenes/AI_33/AI33_007/AI33_007_280.blend', 'scenes/AI_33/AI33_001/AI33_001_280.blend', 'scenes/AI_33/AI33_006/AI33_006_280.blend', 'scenes/AI_33/AI33_010/AI33_010_280.blend', 'scenes/AI_43/AI43_010/AI043_010_Blender.blend', 'scenes/AI_43/AI43_006/AI043_006_Blender.blend', 'scenes/AI_43/AI43_005/AI043_005_Blender.blend', 'scenes/AI_43/AI43_004/AI043_004.blend', 'scenes/AI_43/AI43_008_blender/AI043_008.blend', 'scenes/AI_43/AI43_009/AI043_009_Blender.blend', 'scenes/AI_43/AI43_003/AI043_003_Blender.blend', 'scenes/AI_43/AI43_001/AI043_001_Blender.blend', 'scenes/AI_48/AI48_001/AI48_001.blend', 'scenes/AI_48/AI48_002/AI48_002.blend', 'scenes/AI_48/AI48_008/AI48_008.blend', 'scenes/AI_48/AI48_010/AI48_010.blend', 'scenes/AI_48/AI48_009/AI48_009.blend', 'scenes/AI_48/AI48_003/AI48_003.blend', 'scenes/AI_48/AI48_004/AI48_004.blend', 'scenes/AI_58/AI58_002/AI58_002.blend', 'scenes/AI_58/AI58_005/AI58_005.blend', 'scenes/AI_58/AI58_007/AI58_007.blend', 'scenes/AI_58/AI58_001/AI58_001.blend', 'scenes/AI_58/AI58_008/AI58_008.blend', 'scenes/AI_58/AI58_006/AI58_006.blend', 'scenes/AI_58/AI58_009/AI58_009.blend', 'scenes/AI_58/AI58_010/AI58_010.blend']
blend_files len :  31
Rendering to folder: /gpfs/scratch/aarjun1/blender_data/data5/images_single_illuminant
Job folder successfully created
~~~~~~~~~~~~~~~~~~~~~~~~~~~~~~~~~~~~~~~~~~~~~~~~~~
Rendering index 0
##################################################
This is lenn: 31
Background: AI33_002_280.blend
Background pivot: [0.0, 0.0, 0.0]
Universal color works22 : [0.3441250193654376, 0.8196753561052236, 0.6002899163901924, 1]
Background intensity: 0.0
mat_count : 0
lamp_count: 0
vertices: [[-24.545372009277344, -13.37139892578125, 0.3248749077320099], [-24.545372009277344, -13.37139892578125, 0.3254264295101166], [-24.545372009277344, 4.167393684387207, 0.3254256546497345], [-24.545372009277344, 4.167393684387207, 0.3248741328716278], [13.916197776794434, -13.37139892578125, 0.3248749077320099], [13.916197776794434, -13.37139892578125, 0.3254264295101166], [13.916197776794434, 4.167393684387207, 0.3254256546497345], [13.916197776794434, 4.167393684387207, 0.3248741328716278]]
max_vol_name: ['AI33_002_693background']
bounding_limits: [[-15.954491806030275, 9.045528554916382], [-8.691409301757814, 2.7088058948516847], [0.3248749077320099, 0.3254264295101166]]
max_vol_name_list: [['AI33_002_693background']]
Model arrangement: single
sub_parameters: {'directory': 'ben_blobs/test_stls', 'rotate': True, 'scale_uniform': True, 'scale_range': (0.35, 0.55), 'position_range': (-2.5, 2.5)}
position_range: (-2.5, 2.5)
position: [-4.889538209383344, 0.17723958330351586, 0.3253035684830618]
##################################################
This is lenn: 1
##################################################
This is lenn: 20
Importing model from shape_863.stl
Scale: [0.5064776761615638, 0.5064776761615638, 0.5064776761615638]
model pos (-4.889538209383344, 0.17723958330351586, 0.3253035684830618)
model counterr [25]
origin_location: [2.7028615474700928, 0.3698144257068634, -4.584644794464111]
Model center location: [-11.840716361999512, -1.3983615338802338, 0.3250454217195511]
Camera location: (-9.137854814529419, -1.0285471081733704, -4.25959937274456), rotation: [-0.1743329573164151, -0.6338989455283868, -0.7265370647590149, -0.1998100107168499]
Camera counter: 25
Camera if_counter: 0
Camera bool_chi: True
~~~~~~~~~~~~~~~~~~~~~~~~~~~~~~~~~~~~~~~~~~~~~~~~~~
Rendering index 0
##################################################
This is lenn: 31
Background: AI043_010_Blender.blend
Background pivot: [0.0, 0.0, 0.0]
Universal color works22 : [0.2505127241189071, 0.8551398316379516, 0.8782287936416119, 1]
Background intensity: 0.0
mat_count : 0
lamp_count: 0
vertices: [[-11.075819969177246, -38.1632194519043, -10.511170387268066], [-11.075819969177246, -38.1632194519043, 0.9072744250297546], [-11.075819969177246, 0.298321008682251, 0.9072727560997009], [-11.075819969177246, 0.2983205020427704, -10.5111722946167], [22.316909790039062, -38.1632194519043, -10.511170387268066], [22.316909790039062, -38.1632194519043, 0.9072744250297546], [22.316909790039062, 0.298321008682251, 0.9072727560997009], [22.316909790039062, 0.2983205020427704, -10.5111722946167]]
max_vol_name: ['AI43_010_obj_01background']
bounding_limits: [[-7.1992829799652105, 14.505991363525391], [-24.806092643737795, 0.19390865564346313], [-10.511170387268066, 0.9072744250297546]]
max_vol_name_list: [['AI43_010_obj_01background'], ['AI43_010_obj_04background'], ['AI43_010_obj_11background'], ['AI43_010_obj_17background']]
Model arrangement: single
sub_parameters: {'rotate': True, 'scale_range': (0.35, 0.55), 'files': ['/gpfs/scratch/aarjun1/train_data/ben_blobs/test_stls/shape_621.stl', '/gpfs/scratch/aarjun1/train_data/ben_blobs/test_stls/shape_755.stl', '/gpfs/scratch/aarjun1/train_data/ben_blobs/test_stls/shape_864.stl', '/gpfs/scratch/aarjun1/train_data/ben_blobs/test_stls/shape_400.stl', '/gpfs/scratch/aarjun1/train_data/ben_blobs/test_stls/shape_685.stl', '/gpfs/scratch/aarjun1/train_data/ben_blobs/test_stls/shape_863.stl', '/gpfs/scratch/aarjun1/train_data/ben_blobs/test_stls/shape_905.stl', '/gpfs/scratch/aarjun1/train_data/ben_blobs/test_stls/shape_939.stl', '/gpfs/scratch/aarjun1/train_data/ben_blobs/test_stls/shape_631.stl', '/gpfs/scratch/aarjun1/train_data/ben_blobs/test_stls/shape_364.stl', '/gpfs/scratch/aarjun1/train_data/ben_blobs/test_stls/shape_375.stl', '/gpfs/scratch/aarjun1/train_data/ben_blobs/test_stls/shape_711.stl', '/gpfs/scratch/aarjun1/train_data/ben_blobs/test_stls/shape_892.stl', '/gpfs/scratch/aarjun1/train_data/ben_blobs/test_stls/shape_951.stl', '/gpfs/scratch/aarjun1/train_data/ben_blobs/test_stls/shape_702.stl', '/gpfs/scratch/aarjun1/train_data/ben_blobs/test_stls/shape_597.stl', '/gpfs/scratch/aarjun1/train_data/ben_blobs/test_stls/shape_17.stl', '/gpfs/scratch/aarjun1/train_data/ben_blobs/test_stls/shape_971.stl', '/gpfs/scratch/aarjun1/train_data/ben_blobs/test_stls/shape_371.stl', '/gpfs/scratch/aarjun1/train_data/ben_blobs/test_stls/shape_461.stl'], 'directory': 'ben_blobs/test_stls', 'scale_uniform': True, 'position_range': (-2.5, 2.5)}
position_range: (-2.5, 2.5)
position: [9.665566929802022, -2.089727817516952, -8.024812325503738]
##################################################
This is lenn: 1
##################################################
This is lenn: 20
Importing model from shape_939.stl
Scale: [0.5372625350955622, 0.5372625350955622, 0.5372625350955622]
model pos (9.665566929802022, -2.089727817516952, -8.024812325503738)
model counterr [5]
origin_location: [0.49484550952911377, -2.1714181900024414, 3.6940698623657227]
Model center location: [-0.7110261023044586, -17.673250198364258, -5.18255090713501]
Camera location: (-0.21618059277534485, -19.8446683883667, -1.488481044769287), rotation: [0.9573921013652937, 0.26627359341659773, 0.02995658798963761, 0.10770951920967232]
Camera counter: 1
Camera if_counter: 0
Camera bool_chi: False
Universal color works : [0.2505127241189071, 0.8551398316379516, 0.8782287936416119, 1]
before light location: [-1.2824208736419678, 1.6668744087219238, 0.4403512179851532]
counterr light: 1
if_counter light: 0
light location: (-1.9934469759464264, -16.006375789642334, -4.742199689149857)
light bool_chi: False
Done Material: object
Color Material: [0.5184085246901268, 0.12018938133613331, 0.47346438140038183, 1]
##################################################
This is lenn: 1
light_colors: {'scene_light': [0.2505127241189071, 0.8551398316379516, 0.8782287936416119, 1], 'light': [0.2505127241189071, 0.8551398316379516, 0.8782287936416119, 1]}
scene_intensity: 107.653711804063
Render activated_gpus: []
Render filename: 000000
