## SLURM PROLOG ###############################################################
##    Job ID : 3836858
##  Job Name : render_MI_val
##  Nodelist : gpu2103
##      CPUs : 1
##  Mem/Node : 40960 MB
## Directory : /gpfs/data/tserre/aarjun1/blender_render-color_pos
##   Started : Tue Jan 25 06:52:22 EST 2022
###############################################################################
24
##################################################
This is version: single_illuminant
##################################################
This is jobID: 3836858
##################################################
This is batch_size: 150000
##################################################
This is gpu_index: None
['scenes/AI_33/AI33_005/AI33_005_280.blend', 'scenes/AI_33/AI33_003/AI33_003_280.blend', 'scenes/AI_33/AI33_009/AI33_009_280.blend', 'scenes/AI_33/AI33_002/AI33_002_280.blend', 'scenes/AI_33/AI33_007/AI33_007_280.blend', 'scenes/AI_33/AI33_001/AI33_001_280.blend', 'scenes/AI_33/AI33_006/AI33_006_280.blend', 'scenes/AI_33/AI33_010/AI33_010_280.blend', 'scenes/AI_43/AI43_010/AI043_010_Blender.blend', 'scenes/AI_43/AI43_006/AI043_006_Blender.blend', 'scenes/AI_43/AI43_005/AI043_005_Blender.blend', 'scenes/AI_43/AI43_004/AI043_004.blend', 'scenes/AI_43/AI43_008_blender/AI043_008.blend', 'scenes/AI_43/AI43_009/AI043_009_Blender.blend', 'scenes/AI_43/AI43_003/AI043_003_Blender.blend', 'scenes/AI_43/AI43_001/AI043_001_Blender.blend', 'scenes/AI_48/AI48_001/AI48_001.blend', 'scenes/AI_48/AI48_002/AI48_002.blend', 'scenes/AI_48/AI48_008/AI48_008.blend', 'scenes/AI_48/AI48_010/AI48_010.blend', 'scenes/AI_48/AI48_009/AI48_009.blend', 'scenes/AI_48/AI48_003/AI48_003.blend', 'scenes/AI_48/AI48_004/AI48_004.blend', 'scenes/AI_58/AI58_002/AI58_002.blend', 'scenes/AI_58/AI58_005/AI58_005.blend', 'scenes/AI_58/AI58_007/AI58_007.blend', 'scenes/AI_58/AI58_001/AI58_001.blend', 'scenes/AI_58/AI58_008/AI58_008.blend', 'scenes/AI_58/AI58_006/AI58_006.blend', 'scenes/AI_58/AI58_009/AI58_009.blend', 'scenes/AI_58/AI58_010/AI58_010.blend']
blend_files len :  31
Rendering to folder: /gpfs/scratch/aarjun1/blender_data/data5/images_single_illuminant
Job folder successfully created
~~~~~~~~~~~~~~~~~~~~~~~~~~~~~~~~~~~~~~~~~~~~~~~~~~
Rendering index 0
##################################################
This is lenn: 31
Background: AI58_010.blend
Background pivot: [0.0, 0.0, 0.0]
Universal color works22 : [0.7263522898982554, 0.829009367381578, 0.4741998501334692, 1]
Background intensity: 0.0
mat_count : 0
lamp_count: 0
vertices: [[-12.820508003234863, -12.82050609588623, 8.406033771279908e-07], [-12.820508003234863, -12.82050609588623, 11.538455963134766], [-12.820508003234863, 25.641016006469727, 11.53845500946045], [-12.820508003234863, 25.641014099121094, -8.406032065977342e-07], [12.82050609588623, -12.82050609588623, 8.406033771279908e-07], [12.82050609588623, -12.82050609588623, 11.538455963134766], [12.82050609588623, 25.641016006469727, 11.53845500946045], [12.82050609588623, 25.641014099121094, -8.406032065977342e-07]]
max_vol_name: ['AI_58_10_008background']
bounding_limits: [[-8.333330202102662, 8.33332896232605], [-8.33332896232605, 16.666660404205324], [8.406033771279908e-07, 11.538455963134766]]
max_vol_name_list: [['AI_58_10_008background'], ['AI_58_10_terracotabackground']]
Model arrangement: single
sub_parameters: {'scale_range': (0.35, 0.55), 'rotate': True, 'directory': 'ben_blobs/test_stls', 'scale_uniform': True, 'position_range': (-2.5, 2.5)}
position_range: (-2.5, 2.5)
position: [-2.7941092583952747, 7.745487481188874, 0.7423865476121831]
##################################################
This is lenn: 1
##################################################
This is lenn: 20
Importing model from shape_685.stl
Scale: [0.4154141031562924, 0.4154141031562924, 0.4154141031562924]
model pos (-2.7941092583952747, 7.745487481188874, 0.7423865476121831)
model counterr [1]
origin_location: [2.3820247650146484, 1.6310203075408936, 2.552125930786133]
Model center location: [-2.794109344482422, 7.745487928390503, 0.7423864752054214]
Camera location: (-0.41208457946777344, 9.376508235931396, 3.2945124059915543), rotation: [-0.4251948053775771, -0.19163568424509803, -0.36347116885102365, -0.806457594308534]
Camera counter: 1
Camera if_counter: 0
Camera bool_chi: False
Universal color works : [0.7263522898982554, 0.829009367381578, 0.4741998501334692, 1]
before light location: [2.609503984451294, -0.18646959960460663, 0.5852918028831482]
counterr light: 2
if_counter light: 0
light location: (-0.18460536003112793, 7.559018328785896, 1.3276782780885696)
light bool_chi: False
Done Material: object
Color Material: [0.4457004882170793, 0.15298915026012044, 0.46644201751066094, 1]
##################################################
This is lenn: 1
light_colors: {'scene_light': [0.7263522898982554, 0.829009367381578, 0.4741998501334692, 1], 'light': [0.7263522898982554, 0.829009367381578, 0.4741998501334692, 1]}
scene_intensity: 148.036330025034
Render activated_gpus: []
Render filename: 000000
