## SLURM PROLOG ###############################################################
##    Job ID : 3714914
##  Job Name : render_MI_val
##  Nodelist : node1111
##      CPUs : 7
##  Mem/Node : 40960 MB
## Directory : /gpfs/data/tserre/aarjun1/blender_render-color_pos
##   Started : Mon Dec 27 01:44:59 EST 2021
###############################################################################
2
##################################################
This is version: single_illuminant
##################################################
This is jobID: 3714914
##################################################
This is batch_size: 150000
##################################################
This is gpu_index: None
['scenes/AI_33/AI33_005/AI33_005_280.blend', 'scenes/AI_33/AI33_003/AI33_003_280.blend', 'scenes/AI_33/AI33_009/AI33_009_280.blend', 'scenes/AI_33/AI33_002/AI33_002_280.blend', 'scenes/AI_33/AI33_007/AI33_007_280.blend', 'scenes/AI_33/AI33_001/AI33_001_280.blend', 'scenes/AI_33/AI33_006/AI33_006_280.blend', 'scenes/AI_33/AI33_010/AI33_010_280.blend', 'scenes/AI_43/AI43_010/AI043_010_Blender.blend', 'scenes/AI_43/AI43_006/AI043_006_Blender.blend', 'scenes/AI_43/AI43_005/AI043_005_Blender.blend', 'scenes/AI_43/AI43_004/AI043_004.blend', 'scenes/AI_43/AI43_008_blender/AI043_008.blend', 'scenes/AI_43/AI43_009/AI043_009_Blender.blend', 'scenes/AI_43/AI43_003/AI043_003_Blender.blend', 'scenes/AI_43/AI43_001/AI043_001_Blender.blend', 'scenes/AI_48/AI48_001/AI48_001.blend', 'scenes/AI_48/AI48_002/AI48_002.blend', 'scenes/AI_48/AI48_008/AI48_008.blend', 'scenes/AI_48/AI48_010/AI48_010.blend', 'scenes/AI_48/AI48_009/AI48_009.blend', 'scenes/AI_48/AI48_003/AI48_003.blend', 'scenes/AI_48/AI48_004/AI48_004.blend', 'scenes/AI_58/AI58_002/AI58_002.blend', 'scenes/AI_58/AI58_005/AI58_005.blend', 'scenes/AI_58/AI58_007/AI58_007.blend', 'scenes/AI_58/AI58_001/AI58_001.blend', 'scenes/AI_58/AI58_008/AI58_008.blend', 'scenes/AI_58/AI58_006/AI58_006.blend', 'scenes/AI_58/AI58_009/AI58_009.blend', 'scenes/AI_58/AI58_010/AI58_010.blend']
blend_files len :  31
Rendering to folder: /gpfs/scratch/aarjun1/blender_data/data5/images_single_illuminant
Job folder successfully created
~~~~~~~~~~~~~~~~~~~~~~~~~~~~~~~~~~~~~~~~~~~~~~~~~~
Rendering index 0
##################################################
This is lenn: 31
Background: AI043_006_Blender.blend
Background pivot: [0.0, 0.0, 0.0]
Universal color works22 : [0.44962148029901383, 0.2736605758904663, 0.34551336887954626, 1]
Background intensity: 0.0
mat_count : 0
lamp_count: 0
vertices: [[-12.940886497497559, -18.502309799194336, 0.0058177774772048], [-12.940886497497559, -18.502307891845703, 10.257091522216797], [-12.940886497497559, 19.959228515625, 10.25709056854248], [-12.940886497497559, 19.959226608276367, 0.005816095974296331], [13.370844841003418, -18.502309799194336, 0.0058177774772048], [13.370844841003418, -18.502307891845703, 10.257091522216797], [13.370844841003418, 19.959228515625, 10.25709056854248], [13.370844841003418, 19.959226608276367, 0.005816095974296331]]
max_vol_name: ['AI43_006_00background']
bounding_limits: [[-8.411576223373414, 8.691049146652222], [-12.026500129699707, 12.973498535156251], [0.0058177774772048, 10.257091522216797]]
max_vol_name_list: [['AI43_006_00background'], ['AI43_006_206background'], ['AI43_006_55background']]
Model arrangement: single
sub_parameters: {'directory': 'ben_blobs/test_stls', 'rotate': True, 'scale_uniform': True, 'scale_range': (0.35, 0.55), 'position_range': (-2.5, 2.5)}
position_range: (-2.5, 2.5)
position: [6.812153227421593, -5.5888587357714234, 9.447894107606968]
##################################################
This is lenn: 1
##################################################
This is lenn: 20
Importing model from shape_17.stl
Scale: [0.3831509725515113, 0.3831509725515113, 0.3831509725515113]
model pos (6.812153227421593, -5.5888587357714234, 9.447894107606968)
model counterr [2]
origin_location: [-0.3941037058830261, -2.0883312225341797, -2.87260103225708]
Model center location: [1.830209732055664, 3.224961042404175, 7.184093952178955]
Camera location: (1.436106026172638, 1.1366298198699951, 4.311492919921875), rotation: [0.31175821140207416, 0.9455867279648594, -0.0884435972072688, -0.029159691924449546]
Camera counter: 1
Camera if_counter: 0
Camera bool_chi: False
Universal color works : [0.44962148029901383, 0.2736605758904663, 0.34551336887954626, 1]
before light location: [-1.5431681871414185, -0.654955267906189, 1.6480482816696167]
counterr light: 1
if_counter light: 0
light location: (0.2870415449142456, 2.570005774497986, 8.832142233848572)
light bool_chi: False
Done Material: object
Color Material: [0.16811003377170497, 0.10735716905522744, 0.1429440834460145, 1]
##################################################
This is lenn: 1
light_colors: {'light': [0.44962148029901383, 0.2736605758904663, 0.34551336887954626, 1], 'scene_light': [0.44962148029901383, 0.2736605758904663, 0.34551336887954626, 1]}
scene_intensity: 171.0564324808582
Render activated_gpus: []
Render filename: 000000
info_dict: {'camera_dist': 3.573273249630691, 'scene_name': 'AI043_006_Blender.blend', 'light_intensity': 171.0564324808582, 'blob_color': [0.16811003377170497, 0.10735716905522744, 0.1429440834460145, 1], 'scene_color': [0.44962148029901383, 0.2736605758904663, 0.34551336887954626, 1]}
Render activated_gpus: []
Render filename: 000000.gt_sm
