## SLURM PROLOG ###############################################################
##    Job ID : 3875998
##  Job Name : render_MI_val
##  Nodelist : gpu1402
##      CPUs : 1
##  Mem/Node : 40960 MB
## Directory : /gpfs/data/tserre/aarjun1/blender_render-color_pos
##   Started : Sat Jan 29 04:59:18 EST 2022
###############################################################################
8
##################################################
This is version: single_illuminant
##################################################
This is jobID: 3875998
##################################################
This is batch_size: 150000
##################################################
This is gpu_index: None
['scenes/AI_33/AI33_005/AI33_005_280.blend', 'scenes/AI_33/AI33_003/AI33_003_280.blend', 'scenes/AI_33/AI33_009/AI33_009_280.blend', 'scenes/AI_33/AI33_002/AI33_002_280.blend', 'scenes/AI_33/AI33_007/AI33_007_280.blend', 'scenes/AI_33/AI33_001/AI33_001_280.blend', 'scenes/AI_33/AI33_006/AI33_006_280.blend', 'scenes/AI_33/AI33_010/AI33_010_280.blend', 'scenes/AI_43/AI43_010/AI043_010_Blender.blend', 'scenes/AI_43/AI43_006/AI043_006_Blender.blend', 'scenes/AI_43/AI43_005/AI043_005_Blender.blend', 'scenes/AI_43/AI43_004/AI043_004.blend', 'scenes/AI_43/AI43_008_blender/AI043_008.blend', 'scenes/AI_43/AI43_009/AI043_009_Blender.blend', 'scenes/AI_43/AI43_003/AI043_003_Blender.blend', 'scenes/AI_43/AI43_001/AI043_001_Blender.blend', 'scenes/AI_48/AI48_001/AI48_001.blend', 'scenes/AI_48/AI48_002/AI48_002.blend', 'scenes/AI_48/AI48_008/AI48_008.blend', 'scenes/AI_48/AI48_010/AI48_010.blend', 'scenes/AI_48/AI48_009/AI48_009.blend', 'scenes/AI_48/AI48_003/AI48_003.blend', 'scenes/AI_48/AI48_004/AI48_004.blend', 'scenes/AI_58/AI58_002/AI58_002.blend', 'scenes/AI_58/AI58_005/AI58_005.blend', 'scenes/AI_58/AI58_007/AI58_007.blend', 'scenes/AI_58/AI58_001/AI58_001.blend', 'scenes/AI_58/AI58_008/AI58_008.blend', 'scenes/AI_58/AI58_006/AI58_006.blend', 'scenes/AI_58/AI58_009/AI58_009.blend', 'scenes/AI_58/AI58_010/AI58_010.blend']
blend_files len :  31
Rendering to folder: /gpfs/scratch/aarjun1/blender_data/data_no_filmic/images_single_illuminant
Job folder successfully created
~~~~~~~~~~~~~~~~~~~~~~~~~~~~~~~~~~~~~~~~~~~~~~~~~~
Rendering index 0
##################################################
This is lenn: 31
Background: AI48_002.blend
Background pivot: [0.0, 0.0, 0.0]
Universal color works22 : [0.20685189794335568, 0.14431062996779565, 0.4206829714591146, 1]
Background intensity: 0.0
mat_count : 0
lamp_count: 0
vertices: [[-7.997471809387207, -14.2140474319458, 0.060391463339328766], [-7.997471809387207, -14.2140474319458, 9.41245174407959], [-7.997471809387207, 24.24751853942871, 9.412449836730957], [-7.997471809387207, 24.24751853942871, 0.06038977950811386], [5.4071455001831055, -14.2140474319458, 0.060391463339328766], [5.4071455001831055, -14.2140474319458, 9.41245174407959], [5.4071455001831055, 24.24751853942871, 9.412449836730957], [5.4071455001831055, 24.24751853942871, 0.06038977950811386]]
max_vol_name: ['AI48_002_wallsbackground']
bounding_limits: [[-5.198356676101684, 3.5146445751190187], [-9.23913083076477, 15.760887050628662], [0.060391463339328766, 9.41245174407959]]
max_vol_name_list: [['AI48_002_ceilingbackground'], ['AI48_002_floorbackground'], ['AI48_002_wallsbackground'], ['AI48_002_window_glassbackground'], ['AI48_002_windowsillsbackground']]
Model arrangement: single
sub_parameters: {'position_range': (-2.5, 2.5), 'scale_uniform': True, 'directory': 'ben_blobs/test_stls', 'scale_range': (0.35, 0.55), 'rotate': True}
position_range: (-2.5, 2.5)
position: [1.5555527596540397, 11.626874745213742, 8.420647290722124]
##################################################
This is lenn: 1
##################################################
This is lenn: 20
Importing model from shape_702.stl
Scale: [0.46128277006197627, 0.46128277006197627, 0.46128277006197627]
model pos (1.5555527596540397, 11.626874745213742, 8.420647290722124)
model counterr [2]
origin_location: [-0.36144718527793884, 0.28206631541252136, 4.246047019958496]
Model center location: [2.053675353527069, -2.050412118434906, 6.919504642486572]
Camera location: (1.6922281682491302, -1.7683458030223846, 11.165551662445068), rotation: [0.4379896575064141, 0.02357820136925281, -0.048307999247569886, -0.8973714200632321]
Camera counter: 2
Camera if_counter: 0
Camera bool_chi: False
Universal color works : [0.20685189794335568, 0.14431062996779565, 0.4206829714591146, 1]
before light location: [1.0510739088058472, 2.3838632106781006, 1.2658274173736572]
counterr light: 1
if_counter light: 0
light location: (3.1047492623329163, 0.3334510922431946, 8.18533205986023)
light bool_chi: False
Done Material: object
Color Material: [0.10418962067166425, 0.22897474344937072, 0.7907183437891517, 1]
##################################################
This is lenn: 1
light_colors: {'scene_light': [0.20685189794335568, 0.14431062996779565, 0.4206829714591146, 1], 'light': [0.20685189794335568, 0.14431062996779565, 0.4206829714591146, 1]}
scene_intensity: 171.90313068767995
Render activated_gpus: []
Render filename: 000000
