## SLURM PROLOG ###############################################################
##    Job ID : 3714916
##  Job Name : render_MI_val
##  Nodelist : node1103
##      CPUs : 7
##  Mem/Node : 40960 MB
## Directory : /gpfs/data/tserre/aarjun1/blender_render-color_pos
##   Started : Mon Dec 27 01:45:15 EST 2021
###############################################################################
4
##################################################
This is version: single_illuminant
##################################################
This is jobID: 3714916
##################################################
This is batch_size: 150000
##################################################
This is gpu_index: None
['scenes/AI_33/AI33_005/AI33_005_280.blend', 'scenes/AI_33/AI33_003/AI33_003_280.blend', 'scenes/AI_33/AI33_009/AI33_009_280.blend', 'scenes/AI_33/AI33_002/AI33_002_280.blend', 'scenes/AI_33/AI33_007/AI33_007_280.blend', 'scenes/AI_33/AI33_001/AI33_001_280.blend', 'scenes/AI_33/AI33_006/AI33_006_280.blend', 'scenes/AI_33/AI33_010/AI33_010_280.blend', 'scenes/AI_43/AI43_010/AI043_010_Blender.blend', 'scenes/AI_43/AI43_006/AI043_006_Blender.blend', 'scenes/AI_43/AI43_005/AI043_005_Blender.blend', 'scenes/AI_43/AI43_004/AI043_004.blend', 'scenes/AI_43/AI43_008_blender/AI043_008.blend', 'scenes/AI_43/AI43_009/AI043_009_Blender.blend', 'scenes/AI_43/AI43_003/AI043_003_Blender.blend', 'scenes/AI_43/AI43_001/AI043_001_Blender.blend', 'scenes/AI_48/AI48_001/AI48_001.blend', 'scenes/AI_48/AI48_002/AI48_002.blend', 'scenes/AI_48/AI48_008/AI48_008.blend', 'scenes/AI_48/AI48_010/AI48_010.blend', 'scenes/AI_48/AI48_009/AI48_009.blend', 'scenes/AI_48/AI48_003/AI48_003.blend', 'scenes/AI_48/AI48_004/AI48_004.blend', 'scenes/AI_58/AI58_002/AI58_002.blend', 'scenes/AI_58/AI58_005/AI58_005.blend', 'scenes/AI_58/AI58_007/AI58_007.blend', 'scenes/AI_58/AI58_001/AI58_001.blend', 'scenes/AI_58/AI58_008/AI58_008.blend', 'scenes/AI_58/AI58_006/AI58_006.blend', 'scenes/AI_58/AI58_009/AI58_009.blend', 'scenes/AI_58/AI58_010/AI58_010.blend']
blend_files len :  31
Rendering to folder: /gpfs/scratch/aarjun1/blender_data/data5/images_single_illuminant
Job folder successfully created
~~~~~~~~~~~~~~~~~~~~~~~~~~~~~~~~~~~~~~~~~~~~~~~~~~
Rendering index 0
##################################################
This is lenn: 31
Background: AI48_009.blend
Background pivot: [0.0, 0.0, 0.0]
Universal color works22 : [0.17366480937329287, 0.3426487395914257, 0.802571916538823, 1]
Background intensity: 0.0
mat_count : 0
lamp_count: 0
vertices: [[12.323814392089844, 23.951065063476562, 4.115785121917725], [12.323814392089844, 23.951066970825195, 18.631988525390625], [12.32382869720459, -14.510455131530762, 18.63199234008789], [12.32382869720459, -14.510457038879395, 4.115789890289307], [-18.79796028137207, 23.951053619384766, 4.115785121917725], [-18.79796028137207, 23.9510555267334, 18.631988525390625], [-18.797945022583008, -14.510467529296875, 18.63199234008789], [-18.797945022583008, -14.510469436645508, 4.115789890289307]]
max_vol_name: ['AI48_009_roof_01background']
bounding_limits: [[8.010479354858399, -12.218674182891846], [15.568193531036377, -9.431795835494995], [4.115785121917725, 18.631988525390625]]
max_vol_name_list: [['AI48_009_baseboard_02background'], ['AI48_009_obj_007background'], ['AI48_009_roof_01background'], ['AI48_009_tablebackground'], ['Planebackground']]
Model arrangement: single
sub_parameters: {'position_range': (-2.5, 2.5), 'scale_uniform': True, 'directory': 'ben_blobs/test_stls', 'rotate': True, 'scale_range': (0.35, 0.55)}
position_range: (-2.5, 2.5)
position: [-3.652050118672596, 12.785082825351452, 14.592259098872463]
##################################################
This is lenn: 1
##################################################
This is lenn: 20
Importing model from shape_905.stl
Scale: [0.5064238254147595, 0.5064238254147595, 0.5064238254147595]
model pos (-3.652050118672596, 12.785082825351452, 14.592259098872463)
model counterr [25]
origin_location: [0.43238773941993713, 0.7107293009757996, 4.0865092277526855]
Model center location: [-3.840196132659912, -7.00504207611084, 10.078335285186768]
Camera location: (-3.407808393239975, -6.29431277513504, 14.164844512939453), rotation: [-0.2685280297143618, -0.02705569794101467, -0.09652800350923997, -0.9580412470270617]
Camera counter: 1
Camera if_counter: 0
Camera bool_chi: False
Universal color works : [0.17366480937329287, 0.3426487395914257, 0.802571916538823, 1]
before light location: [-1.3351877927780151, -0.821373701095581, 1.0211985111236572]
counterr light: 1
if_counter light: 0
light location: (-5.175383925437927, -7.826415777206421, 11.099533796310425)
light bool_chi: False
Done Material: object
Color Material: [0.7951961267970856, 0.47807539608944116, 0.6316350108647666, 1]
##################################################
This is lenn: 1
light_colors: {'light': [0.17366480937329287, 0.3426487395914257, 0.802571916538823, 1], 'scene_light': [0.17366480937329287, 0.3426487395914257, 0.802571916538823, 1]}
scene_intensity: 176.93367622831317
Render activated_gpus: []
Render filename: 000000
