## SLURM PROLOG ###############################################################
##    Job ID : 3875992
##  Job Name : render_MI_val
##  Nodelist : gpu1202
##      CPUs : 1
##  Mem/Node : 40960 MB
## Directory : /gpfs/data/tserre/aarjun1/blender_render-color_pos
##   Started : Sat Jan 29 04:59:18 EST 2022
###############################################################################
2
##################################################
This is version: single_illuminant
##################################################
This is jobID: 3875992
##################################################
This is batch_size: 150000
##################################################
This is gpu_index: None
['scenes/AI_33/AI33_005/AI33_005_280.blend', 'scenes/AI_33/AI33_003/AI33_003_280.blend', 'scenes/AI_33/AI33_009/AI33_009_280.blend', 'scenes/AI_33/AI33_002/AI33_002_280.blend', 'scenes/AI_33/AI33_007/AI33_007_280.blend', 'scenes/AI_33/AI33_001/AI33_001_280.blend', 'scenes/AI_33/AI33_006/AI33_006_280.blend', 'scenes/AI_33/AI33_010/AI33_010_280.blend', 'scenes/AI_43/AI43_010/AI043_010_Blender.blend', 'scenes/AI_43/AI43_006/AI043_006_Blender.blend', 'scenes/AI_43/AI43_005/AI043_005_Blender.blend', 'scenes/AI_43/AI43_004/AI043_004.blend', 'scenes/AI_43/AI43_008_blender/AI043_008.blend', 'scenes/AI_43/AI43_009/AI043_009_Blender.blend', 'scenes/AI_43/AI43_003/AI043_003_Blender.blend', 'scenes/AI_43/AI43_001/AI043_001_Blender.blend', 'scenes/AI_48/AI48_001/AI48_001.blend', 'scenes/AI_48/AI48_002/AI48_002.blend', 'scenes/AI_48/AI48_008/AI48_008.blend', 'scenes/AI_48/AI48_010/AI48_010.blend', 'scenes/AI_48/AI48_009/AI48_009.blend', 'scenes/AI_48/AI48_003/AI48_003.blend', 'scenes/AI_48/AI48_004/AI48_004.blend', 'scenes/AI_58/AI58_002/AI58_002.blend', 'scenes/AI_58/AI58_005/AI58_005.blend', 'scenes/AI_58/AI58_007/AI58_007.blend', 'scenes/AI_58/AI58_001/AI58_001.blend', 'scenes/AI_58/AI58_008/AI58_008.blend', 'scenes/AI_58/AI58_006/AI58_006.blend', 'scenes/AI_58/AI58_009/AI58_009.blend', 'scenes/AI_58/AI58_010/AI58_010.blend']
blend_files len :  31
Rendering to folder: /gpfs/scratch/aarjun1/blender_data/data_no_filmic/images_single_illuminant
Output folder created successfully
Job folder successfully created
~~~~~~~~~~~~~~~~~~~~~~~~~~~~~~~~~~~~~~~~~~~~~~~~~~
Rendering index 0
##################################################
This is lenn: 31
Background: AI043_008.blend
Background pivot: [0.0, 0.0, 0.0]
Universal color works22 : [0.8178396298681204, 0.44796973531077733, 0.6229393736462487, 1]
Background intensity: 0.0
mat_count : 0
lamp_count: 0
vertices: [[-29.12395477294922, -29.605159759521484, -5.40560245513916], [-29.12395477294922, -29.605159759521484, 3.831458330154419], [-29.12395477294922, 8.856380462646484, 3.831456422805786], [-29.12395477294922, 8.856380462646484, -5.405603885650635], [2.9008073806762695, -29.605159759521484, -5.40560245513916], [2.9008073806762695, -29.605159759521484, 3.831458330154419], [2.9008073806762695, 8.856380462646484, 3.831456422805786], [2.9008073806762695, 8.856380462646484, -5.405603885650635]]
max_vol_name: ['AI43_008_258.001background']
bounding_limits: [[-18.930570602416992, 1.8855247974395752], [-19.243353843688965, 5.756647300720215], [-5.40560245513916, 3.831458330154419]]
max_vol_name_list: [['AI43_008_099background'], ['AI43_008_258background'], ['AI43_008_258.001background'], ['AI43_008_258.009background'], ['AI43_008_258.010background']]
Model arrangement: single
sub_parameters: {'scale_uniform': True, 'position_range': (-2.5, 2.5), 'scale_range': (0.35, 0.55), 'directory': 'ben_blobs/test_stls', 'rotate': True}
position_range: (-2.5, 2.5)
position: [-5.667131616670794, 0.8528229086922394, -3.8292115104025095]
##################################################
This is lenn: 1
##################################################
This is lenn: 20
Importing model from shape_621.stl
Scale: [0.5327731121441892, 0.5327731121441892, 0.5327731121441892]
model pos (-5.667131616670794, 0.8528229086922394, -3.8292115104025095)
model counterr [2]
origin_location: [1.1560842990875244, -0.5054709911346436, 4.104080677032471]
Model center location: [-9.687344551086426, -3.842361092567444, -0.5925913453102112]
Camera location: (-8.531260251998901, -4.347832083702087, 3.5114893317222595), rotation: [0.8275530319358873, 0.12433954819874157, 0.081340361636891, 0.5413680833372364]
Camera counter: 1
Camera if_counter: 0
Camera bool_chi: False
Universal color works : [0.8178396298681204, 0.44796973531077733, 0.6229393736462487, 1]
before light location: [-0.9861288070678711, -2.507991075515747, 1.5401802062988281]
counterr light: 2
if_counter light: 0
light location: (-10.673473358154297, -6.350352168083191, 0.9475888609886169)
light bool_chi: False
Done Material: object
Color Material: [0.5852500051197443, 0.6854478571892625, 0.6998545433922746, 1]
##################################################
This is lenn: 1
light_colors: {'scene_light': [0.8178396298681204, 0.44796973531077733, 0.6229393736462487, 1], 'light': [0.8178396298681204, 0.44796973531077733, 0.6229393736462487, 1]}
scene_intensity: 140.65445995763199
Render activated_gpus: []
Render filename: 000000
