## SLURM PROLOG ###############################################################
##    Job ID : 3836857
##  Job Name : render_MI_val
##  Nodelist : gpu2115
##      CPUs : 1
##  Mem/Node : 40960 MB
## Directory : /gpfs/data/tserre/aarjun1/blender_render-color_pos
##   Started : Tue Jan 25 06:52:23 EST 2022
###############################################################################
23
##################################################
This is version: single_illuminant
##################################################
This is jobID: 3836857
##################################################
This is batch_size: 150000
##################################################
This is gpu_index: None
['scenes/AI_33/AI33_005/AI33_005_280.blend', 'scenes/AI_33/AI33_003/AI33_003_280.blend', 'scenes/AI_33/AI33_009/AI33_009_280.blend', 'scenes/AI_33/AI33_002/AI33_002_280.blend', 'scenes/AI_33/AI33_007/AI33_007_280.blend', 'scenes/AI_33/AI33_001/AI33_001_280.blend', 'scenes/AI_33/AI33_006/AI33_006_280.blend', 'scenes/AI_33/AI33_010/AI33_010_280.blend', 'scenes/AI_43/AI43_010/AI043_010_Blender.blend', 'scenes/AI_43/AI43_006/AI043_006_Blender.blend', 'scenes/AI_43/AI43_005/AI043_005_Blender.blend', 'scenes/AI_43/AI43_004/AI043_004.blend', 'scenes/AI_43/AI43_008_blender/AI043_008.blend', 'scenes/AI_43/AI43_009/AI043_009_Blender.blend', 'scenes/AI_43/AI43_003/AI043_003_Blender.blend', 'scenes/AI_43/AI43_001/AI043_001_Blender.blend', 'scenes/AI_48/AI48_001/AI48_001.blend', 'scenes/AI_48/AI48_002/AI48_002.blend', 'scenes/AI_48/AI48_008/AI48_008.blend', 'scenes/AI_48/AI48_010/AI48_010.blend', 'scenes/AI_48/AI48_009/AI48_009.blend', 'scenes/AI_48/AI48_003/AI48_003.blend', 'scenes/AI_48/AI48_004/AI48_004.blend', 'scenes/AI_58/AI58_002/AI58_002.blend', 'scenes/AI_58/AI58_005/AI58_005.blend', 'scenes/AI_58/AI58_007/AI58_007.blend', 'scenes/AI_58/AI58_001/AI58_001.blend', 'scenes/AI_58/AI58_008/AI58_008.blend', 'scenes/AI_58/AI58_006/AI58_006.blend', 'scenes/AI_58/AI58_009/AI58_009.blend', 'scenes/AI_58/AI58_010/AI58_010.blend']
blend_files len :  31
Rendering to folder: /gpfs/scratch/aarjun1/blender_data/data5/images_single_illuminant
Job folder successfully created
~~~~~~~~~~~~~~~~~~~~~~~~~~~~~~~~~~~~~~~~~~~~~~~~~~
Rendering index 0
##################################################
This is lenn: 31
Background: AI33_007_280.blend
Background pivot: [0.0, 0.0, 0.0]
Universal color works22 : [0.33746190219650707, 0.33176577807334634, 0.7926014471712782, 1]
Background intensity: 0.0
mat_count : 0
lamp_count: 0
vertices: [[-12.647257804870605, -11.510225296020508, -2.31748628616333], [-12.647257804870605, -11.510225296020508, 6.975137233734131], [-12.647257804870605, 13.080890655517578, 6.9751362800598145], [-12.647257804870605, 13.080890655517578, -2.3174872398376465], [25.814292907714844, -11.510225296020508, -2.31748628616333], [25.814292907714844, -11.510225296020508, 6.975137233734131], [25.814292907714844, 13.080890655517578, 6.9751362800598145], [25.814292907714844, 13.080890655517578, -2.3174872398376465]]
max_vol_name: ['AI33_007_obj_137background']
bounding_limits: [[-8.220717573165894, 16.779290390014648], [-7.48164644241333, 8.502578926086427], [-2.31748628616333, 6.975137233734131]]
max_vol_name_list: [['AI33_007_obj_024background'], ['AI33_007_obj_025background'], ['AI33_007_obj_027background'], ['AI33_007_obj_028background'], ['AI33_007_obj_030background'], ['AI33_007_obj_087background'], ['AI33_007_obj_090background'], ['AI33_007_obj_091background'], ['AI33_007_obj_123background'], ['AI33_007_obj_124background'], ['AI33_007_obj_134background'], ['AI33_007_obj_137background'], ['AI33_007_obj_161background'], ['AI33_007_obj_162background'], ['AI33_007_obj_163background']]
Model arrangement: single
sub_parameters: {'scale_uniform': True, 'position_range': (-2.5, 2.5), 'scale_range': (0.35, 0.55), 'directory': 'ben_blobs/test_stls', 'rotate': True}
position_range: (-2.5, 2.5)
position: [-1.403278781189381, -6.757137892546303, -2.0979033647301146]
##################################################
This is lenn: 1
##################################################
This is lenn: 20
Importing model from shape_371.stl
Scale: [0.5338025754891735, 0.5338025754891735, 0.5338025754891735]
model pos (-1.403278781189381, -6.757137892546303, -2.0979033647301146)
model counterr [2]
origin_location: [-1.3724645376205444, -5.238708019256592, -1.5076483488082886]
Model center location: [2.4484195709228516, 1.928286075592041, 2.824021577835083]
Camera location: (1.0759550333023071, -3.310421943664551, 1.3163732290267944), rotation: [0.5999412066015463, 0.7897766206113898, -0.10173817214343996, -0.07728377893222599]
Camera counter: 4
Camera if_counter: 0
Camera bool_chi: False
Universal color works : [0.33746190219650707, 0.33176577807334634, 0.7926014471712782, 1]
before light location: [-1.3306939601898193, 1.935640811920166, 1.0176912546157837]
counterr light: 1
if_counter light: 0
light location: (1.1177256107330322, 3.863926887512207, 3.8417128324508667)
light bool_chi: False
Done Material: object
Color Material: [0.31854459998962287, 0.8038647483763713, 0.7651751014813086, 1]
##################################################
This is lenn: 1
light_colors: {'light': [0.33746190219650707, 0.33176577807334634, 0.7926014471712782, 1], 'scene_light': [0.33746190219650707, 0.33176577807334634, 0.7926014471712782, 1]}
scene_intensity: 125.92918473217189
Render activated_gpus: []
Render filename: 000000
info_dict: {'scene_color': [0.33746190219650707, 0.33176577807334634, 0.7926014471712782, 1], 'camera_dist': 5.621452139946907, 'light_intensity': 125.92918473217189, 'scene_name': 'AI33_007_280.blend', 'blob_color': [0.31854459998962287, 0.8038647483763713, 0.7651751014813086, 1]}
Render activated_gpus: []
Render filename: 000000.gt_sm
Render activated_gpus: []
Render filename: 000000.gt_r
Render activated_gpus: []
Render filename: 000000.gt_ill
Render 0 complete
Data from render 0 saved
~~~~~~~~~~~~~~~~~~~~~~~~~~~~~~~~~~~~~~~~~~~~~~~~~~
Rendering index 1
##################################################
This is lenn: 31
Background: AI58_008.blend
Background pivot: [0.0, 0.0, 0.0]
Universal color works22 : [0.7343839445454634, 0.5002654287984887, 0.6888822105059385, 1]
Background intensity: 0.0
mat_count : 0
lamp_count: 0
vertices: [[-22.068096160888672, -17.96973419189453, 1.0610897334117908e-06], [-22.068096160888672, -17.96973419189453, 8.354351997375488], [-22.068096160888672, 9.457755088806152, 8.354351043701172], [-22.068096160888672, 9.457755088806152, -1.3780386609596462e-07], [16.39344024658203, -17.96973419189453, 1.0610897334117908e-06], [16.39344024658203, -17.96973419189453, 8.354351997375488], [16.39344024658203, 9.457755088806152, 8.354351043701172], [16.39344024658203, 9.457755088806152, -1.3780386609596462e-07]]
max_vol_name: ['AI58_008_WallV003background']
bounding_limits: [[-14.344262504577637, 10.655736160278321], [-11.680327224731446, 6.147540807723999], [1.0610897334117908e-06, 8.354351997375488]]
max_vol_name_list: [['AI58_008_Ceilingbackground'], ['AI58_008_Floorbackground'], ['AI58_008_Strip_Wallbackground'], ['AI58_008_WallV003background'], ['AI58_008_WallV004background'], ['AI58_008_Worktop_002background'], ['Am158_059_06background']]
Model arrangement: single
sub_parameters: {'scale_uniform': True, 'position_range': (-2.5, 2.5), 'files': ['/gpfs/scratch/aarjun1/train_data/ben_blobs/test_stls/shape_621.stl', '/gpfs/scratch/aarjun1/train_data/ben_blobs/test_stls/shape_755.stl', '/gpfs/scratch/aarjun1/train_data/ben_blobs/test_stls/shape_864.stl', '/gpfs/scratch/aarjun1/train_data/ben_blobs/test_stls/shape_400.stl', '/gpfs/scratch/aarjun1/train_data/ben_blobs/test_stls/shape_685.stl', '/gpfs/scratch/aarjun1/train_data/ben_blobs/test_stls/shape_863.stl', '/gpfs/scratch/aarjun1/train_data/ben_blobs/test_stls/shape_905.stl', '/gpfs/scratch/aarjun1/train_data/ben_blobs/test_stls/shape_939.stl', '/gpfs/scratch/aarjun1/train_data/ben_blobs/test_stls/shape_631.stl', '/gpfs/scratch/aarjun1/train_data/ben_blobs/test_stls/shape_364.stl', '/gpfs/scratch/aarjun1/train_data/ben_blobs/test_stls/shape_375.stl', '/gpfs/scratch/aarjun1/train_data/ben_blobs/test_stls/shape_711.stl', '/gpfs/scratch/aarjun1/train_data/ben_blobs/test_stls/shape_892.stl', '/gpfs/scratch/aarjun1/train_data/ben_blobs/test_stls/shape_951.stl', '/gpfs/scratch/aarjun1/train_data/ben_blobs/test_stls/shape_702.stl', '/gpfs/scratch/aarjun1/train_data/ben_blobs/test_stls/shape_597.stl', '/gpfs/scratch/aarjun1/train_data/ben_blobs/test_stls/shape_17.stl', '/gpfs/scratch/aarjun1/train_data/ben_blobs/test_stls/shape_971.stl', '/gpfs/scratch/aarjun1/train_data/ben_blobs/test_stls/shape_371.stl', '/gpfs/scratch/aarjun1/train_data/ben_blobs/test_stls/shape_461.stl'], 'scale_range': (0.35, 0.55), 'directory': 'ben_blobs/test_stls', 'rotate': True}
position_range: (-2.5, 2.5)
position: [-9.293623614272025, -8.279163681190782, 1.7505161711071406]
##################################################
This is lenn: 1
##################################################
This is lenn: 20
Importing model from shape_755.stl
Scale: [0.3834972614439453, 0.3834972614439453, 0.3834972614439453]
model pos (-9.293623614272025, -8.279163681190782, 1.7505161711071406)
model counterr [2]
origin_location: [0.0416855625808239, -0.002869405085220933, 3.1553404331207275]
Model center location: [0.30507592856884, 2.6473381519317627, 6.2582621574401855]
Camera location: (0.3467614911496639, 2.6444687468465418, 9.413602590560913), rotation: [0.730966881153779, 0.004839656805278643, 0.004517973477667987, 0.682380820578934]
Camera counter: 3
Camera if_counter: 0
Camera bool_chi: False
Universal color works : [0.7343839445454634, 0.5002654287984887, 0.6888822105059385, 1]
before light location: [0.01905624382197857, -0.061111804097890854, 2.2635860443115234]
counterr light: 9
if_counter light: 0
light location: (0.3241321723908186, 2.586226347833872, 8.521848201751709)
light bool_chi: False
Done Material: object
Color Material: [0.4935502339418413, 0.48798783855086103, 0.6342010508306262, 1]
##################################################
This is lenn: 1
light_colors: {'light': [0.7343839445454634, 0.5002654287984887, 0.6888822105059385, 1], 'scene_light': [0.7343839445454634, 0.5002654287984887, 0.6888822105059385, 1]}
scene_intensity: 104.32278834584272
Render activated_gpus: []
Render filename: 000001
info_dict: {'scene_color': [0.7343839445454634, 0.5002654287984887, 0.6888822105059385, 1], 'camera_dist': 3.155617082045875, 'light_intensity': 104.32278834584272, 'scene_name': 'AI58_008.blend', 'blob_color': [0.4935502339418413, 0.48798783855086103, 0.6342010508306262, 1]}
Render activated_gpus: []
Render filename: 000001.gt_sm
Render activated_gpus: []
Render filename: 000001.gt_r
Render activated_gpus: []
Render filename: 000001.gt_ill
Render 1 complete
Data from render 1 saved
~~~~~~~~~~~~~~~~~~~~~~~~~~~~~~~~~~~~~~~~~~~~~~~~~~
Rendering index 2
##################################################
This is lenn: 31
Background: AI58_001.blend
Background pivot: [0.0, 0.0, 0.0]
Universal color works22 : [0.5247716310064848, 0.6084701347403499, 0.3123316460767044, 1]
Background intensity: 0.0
mat_count : 0
lamp_count: 0
vertices: [[-26.5157527923584, -26.899662017822266, 7.72102225710114e-07], [-26.5157527923584, -26.899662017822266, 8.755249977111816], [-26.5157527923584, 8.427618980407715, 8.755248069763184], [-26.5157527923584, 8.427618980407715, -7.721023393969517e-07], [11.94576644897461, -26.899662017822266, 7.72102225710114e-07], [11.94576644897461, -26.899662017822266, 8.755249977111816], [11.94576644897461, 8.427618980407715, 8.755248069763184], [11.94576644897461, 8.427618980407715, -7.721023393969517e-07]]
max_vol_name: ['AI58_001_Wall_002background']
bounding_limits: [[-17.23523931503296, 7.764748191833497], [-17.484780311584473, 5.477952337265015], [7.72102225710114e-07, 8.755249977111816]]
max_vol_name_list: [['AI58_001_Ceilingbackground'], ['AI58_001_Floor_Basebackground'], ['AI58_001_Furniture_kitechen_base_002background'], ['AI58_001_Wall_002background'], ['AI58_001_Wall_004background']]
Model arrangement: single
sub_parameters: {'scale_uniform': True, 'position_range': (-2.5, 2.5), 'files': ['/gpfs/scratch/aarjun1/train_data/ben_blobs/test_stls/shape_621.stl', '/gpfs/scratch/aarjun1/train_data/ben_blobs/test_stls/shape_755.stl', '/gpfs/scratch/aarjun1/train_data/ben_blobs/test_stls/shape_864.stl', '/gpfs/scratch/aarjun1/train_data/ben_blobs/test_stls/shape_400.stl', '/gpfs/scratch/aarjun1/train_data/ben_blobs/test_stls/shape_685.stl', '/gpfs/scratch/aarjun1/train_data/ben_blobs/test_stls/shape_863.stl', '/gpfs/scratch/aarjun1/train_data/ben_blobs/test_stls/shape_905.stl', '/gpfs/scratch/aarjun1/train_data/ben_blobs/test_stls/shape_939.stl', '/gpfs/scratch/aarjun1/train_data/ben_blobs/test_stls/shape_631.stl', '/gpfs/scratch/aarjun1/train_data/ben_blobs/test_stls/shape_364.stl', '/gpfs/scratch/aarjun1/train_data/ben_blobs/test_stls/shape_375.stl', '/gpfs/scratch/aarjun1/train_data/ben_blobs/test_stls/shape_711.stl', '/gpfs/scratch/aarjun1/train_data/ben_blobs/test_stls/shape_892.stl', '/gpfs/scratch/aarjun1/train_data/ben_blobs/test_stls/shape_951.stl', '/gpfs/scratch/aarjun1/train_data/ben_blobs/test_stls/shape_702.stl', '/gpfs/scratch/aarjun1/train_data/ben_blobs/test_stls/shape_597.stl', '/gpfs/scratch/aarjun1/train_data/ben_blobs/test_stls/shape_17.stl', '/gpfs/scratch/aarjun1/train_data/ben_blobs/test_stls/shape_971.stl', '/gpfs/scratch/aarjun1/train_data/ben_blobs/test_stls/shape_371.stl', '/gpfs/scratch/aarjun1/train_data/ben_blobs/test_stls/shape_461.stl'], 'scale_range': (0.35, 0.55), 'directory': 'ben_blobs/test_stls', 'rotate': True}
position_range: (-2.5, 2.5)
position: [-5.443281074981222, 2.8453305331621443, 6.953899465508927]
##################################################
This is lenn: 1
##################################################
This is lenn: 20
Importing model from shape_371.stl
Scale: [0.39714943909541167, 0.39714943909541167, 0.39714943909541167]
model pos (-5.443281074981222, 2.8453305331621443, 6.953899465508927)
model counterr [1]
origin_location: [-0.3196811378002167, 2.496915578842163, -3.555246353149414]
Model center location: [-5.443281412124634, 2.845330595970154, 6.953899383544922]
Camera location: (-5.7629625499248505, 5.342246174812317, 3.398653030395508), rotation: [0.01929169090793731, 0.06063065559741872, -0.9509944472739783, -0.3025910036960788]
Camera counter: 1
Camera if_counter: 0
Camera bool_chi: False
Universal color works : [0.5247716310064848, 0.6084701347403499, 0.3123316460767044, 1]
before light location: [0.7367994785308838, 1.3538650274276733, 1.8503519296646118]
counterr light: 25
if_counter light: 0
light location: (-4.70648193359375, 4.199195623397827, 8.804251313209534)
light bool_chi: True
~~~~~~~~~~~~~~~~~~~~~~~~~~~~~~~~~~~~~~~~~~~~~~~~~~
Rendering index 2
##################################################
This is lenn: 31
Background: AI58_002.blend
Background pivot: [0.0, 0.0, 0.0]
Universal color works22 : [0.8690595156951385, 0.5878312757994419, 0.35192496186042643, 1]
Background intensity: 0.0
mat_count : 0
lamp_count: 0
vertices: [[-15.02265739440918, -25.264122009277344, 3.1269394185073907e-08], [-15.02265739440918, -25.26412010192871, 17.63616943359375], [-15.02265739440918, 11.207364082336426, 17.636167526245117], [-15.02265739440918, 11.20736312866211, -1.5629498193447944e-06], [23.438867568969727, -25.264122009277344, 3.1269394185073907e-08], [23.438867568969727, -25.26412010192871, 17.63616943359375], [23.438867568969727, 11.207364082336426, 17.636167526245117], [23.438867568969727, 11.20736312866211, -1.5629498193447944e-06]]
max_vol_name: ['AI58_002_Wall_001background']
bounding_limits: [[-9.764727306365968, 15.235263919830322], [-16.421678066253662, 7.284786653518677], [3.1269394185073907e-08, 17.63616943359375]]
max_vol_name_list: [['AI58_002_Floorbackground'], ['AI58_002_Furniture_Kitchen_Base_004background'], ['AI58_002_Strip_Ceilingbackground'], ['AI58_002_Strip_Floorbackground'], ['AI58_002_Wall_001background'], ['AI58_002_Wall_004background']]
Model arrangement: single
sub_parameters: {'scale_uniform': True, 'position_range': (-2.5, 2.5), 'files': ['/gpfs/scratch/aarjun1/train_data/ben_blobs/test_stls/shape_621.stl', '/gpfs/scratch/aarjun1/train_data/ben_blobs/test_stls/shape_755.stl', '/gpfs/scratch/aarjun1/train_data/ben_blobs/test_stls/shape_864.stl', '/gpfs/scratch/aarjun1/train_data/ben_blobs/test_stls/shape_400.stl', '/gpfs/scratch/aarjun1/train_data/ben_blobs/test_stls/shape_685.stl', '/gpfs/scratch/aarjun1/train_data/ben_blobs/test_stls/shape_863.stl', '/gpfs/scratch/aarjun1/train_data/ben_blobs/test_stls/shape_905.stl', '/gpfs/scratch/aarjun1/train_data/ben_blobs/test_stls/shape_939.stl', '/gpfs/scratch/aarjun1/train_data/ben_blobs/test_stls/shape_631.stl', '/gpfs/scratch/aarjun1/train_data/ben_blobs/test_stls/shape_364.stl', '/gpfs/scratch/aarjun1/train_data/ben_blobs/test_stls/shape_375.stl', '/gpfs/scratch/aarjun1/train_data/ben_blobs/test_stls/shape_711.stl', '/gpfs/scratch/aarjun1/train_data/ben_blobs/test_stls/shape_892.stl', '/gpfs/scratch/aarjun1/train_data/ben_blobs/test_stls/shape_951.stl', '/gpfs/scratch/aarjun1/train_data/ben_blobs/test_stls/shape_702.stl', '/gpfs/scratch/aarjun1/train_data/ben_blobs/test_stls/shape_597.stl', '/gpfs/scratch/aarjun1/train_data/ben_blobs/test_stls/shape_17.stl', '/gpfs/scratch/aarjun1/train_data/ben_blobs/test_stls/shape_971.stl', '/gpfs/scratch/aarjun1/train_data/ben_blobs/test_stls/shape_371.stl', '/gpfs/scratch/aarjun1/train_data/ben_blobs/test_stls/shape_461.stl'], 'scale_range': (0.35, 0.55), 'directory': 'ben_blobs/test_stls', 'rotate': True}
position_range: (-2.5, 2.5)
position: [10.286775675769382, -3.3957875897344945, 17.014192445755608]
##################################################
This is lenn: 1
##################################################
This is lenn: 20
Importing model from shape_364.stl
Scale: [0.534179621019408, 0.534179621019408, 0.534179621019408]
model pos (10.286775675769382, -3.3957875897344945, 17.014192445755608)
model counterr [15]
origin_location: [1.5510938167572021, 3.208606481552124, 2.524897336959839]
Model center location: [-9.307347297668457, -5.855179309844971, 6.652195453643799]
Camera location: (-7.756253480911255, -2.6465728282928467, 9.177092790603638), rotation: [-0.19830852635147747, -0.10253754927260615, -0.44770431118396553, -0.8658640939043287]
Camera counter: 1
Camera if_counter: 0
Camera bool_chi: False
Universal color works : [0.8690595156951385, 0.5878312757994419, 0.35192496186042643, 1]
before light location: [1.360854148864746, 0.25443530082702637, 1.3501629829406738]
counterr light: 1
if_counter light: 0
light location: (-7.946493148803711, -5.600744009017944, 8.002358436584473)
light bool_chi: False
Done Material: object
Color Material: [0.10975160386496148, 0.7553702510372199, 0.2800695154200862, 1]
##################################################
This is lenn: 1
light_colors: {'light': [0.8690595156951385, 0.5878312757994419, 0.35192496186042643, 1], 'scene_light': [0.8690595156951385, 0.5878312757994419, 0.35192496186042643, 1]}
scene_intensity: 142.90059400396171
Render activated_gpus: []
Render filename: 000002
info_dict: {'scene_color': [0.8690595156951385, 0.5878312757994419, 0.35192496186042643, 1], 'camera_dist': 4.367625687261628, 'light_intensity': 142.90059400396171, 'scene_name': 'AI58_002.blend', 'blob_color': [0.10975160386496148, 0.7553702510372199, 0.2800695154200862, 1]}
Render activated_gpus: []
Render filename: 000002.gt_sm
Render activated_gpus: []
Render filename: 000002.gt_r
Render activated_gpus: []
Render filename: 000002.gt_ill
Render 2 complete
Data from render 2 saved
~~~~~~~~~~~~~~~~~~~~~~~~~~~~~~~~~~~~~~~~~~~~~~~~~~
Rendering index 3
##################################################
This is lenn: 31
Background: AI33_010_280.blend
Background pivot: [0.0, 0.0, 0.0]
Universal color works22 : [0.7092270911086243, 0.14318970383551194, 0.19092226055207961, 1]
Background intensity: 0.0
mat_count : 0
lamp_count: 0
vertices: [[-18.70944595336914, -8.807384490966797, -1.0464365482330322], [-18.70944595336914, -8.80738353729248, 12.178155899047852], [-18.70944595336914, 29.654129028320312, 12.178153991699219], [-18.70944595336914, 29.654129028320312, -1.046438217163086], [15.27591609954834, -8.807384490966797, -1.0464365482330322], [15.27591609954834, -8.80738353729248, 12.178155899047852], [15.27591609954834, 29.654129028320312, 12.178153991699219], [15.27591609954834, 29.654129028320312, -1.046438217163086]]
max_vol_name: ['AI33_010_01background']
bounding_limits: [[-12.161139869689942, 9.92934546470642], [-5.724799299240113, 19.275183868408202], [-1.0464365482330322, 12.178155899047852]]
max_vol_name_list: [['AI33_010_01background'], ['AI33_010_650background']]
Model arrangement: single
sub_parameters: {'scale_uniform': True, 'position_range': (-2.5, 2.5), 'files': ['/gpfs/scratch/aarjun1/train_data/ben_blobs/test_stls/shape_621.stl', '/gpfs/scratch/aarjun1/train_data/ben_blobs/test_stls/shape_755.stl', '/gpfs/scratch/aarjun1/train_data/ben_blobs/test_stls/shape_864.stl', '/gpfs/scratch/aarjun1/train_data/ben_blobs/test_stls/shape_400.stl', '/gpfs/scratch/aarjun1/train_data/ben_blobs/test_stls/shape_685.stl', '/gpfs/scratch/aarjun1/train_data/ben_blobs/test_stls/shape_863.stl', '/gpfs/scratch/aarjun1/train_data/ben_blobs/test_stls/shape_905.stl', '/gpfs/scratch/aarjun1/train_data/ben_blobs/test_stls/shape_939.stl', '/gpfs/scratch/aarjun1/train_data/ben_blobs/test_stls/shape_631.stl', '/gpfs/scratch/aarjun1/train_data/ben_blobs/test_stls/shape_364.stl', '/gpfs/scratch/aarjun1/train_data/ben_blobs/test_stls/shape_375.stl', '/gpfs/scratch/aarjun1/train_data/ben_blobs/test_stls/shape_711.stl', '/gpfs/scratch/aarjun1/train_data/ben_blobs/test_stls/shape_892.stl', '/gpfs/scratch/aarjun1/train_data/ben_blobs/test_stls/shape_951.stl', '/gpfs/scratch/aarjun1/train_data/ben_blobs/test_stls/shape_702.stl', '/gpfs/scratch/aarjun1/train_data/ben_blobs/test_stls/shape_597.stl', '/gpfs/scratch/aarjun1/train_data/ben_blobs/test_stls/shape_17.stl', '/gpfs/scratch/aarjun1/train_data/ben_blobs/test_stls/shape_971.stl', '/gpfs/scratch/aarjun1/train_data/ben_blobs/test_stls/shape_371.stl', '/gpfs/scratch/aarjun1/train_data/ben_blobs/test_stls/shape_461.stl'], 'scale_range': (0.35, 0.55), 'directory': 'ben_blobs/test_stls', 'rotate': True}
position_range: (-2.5, 2.5)
position: [1.0810358583576178, -0.7206441540162993, 2.068525530623055]
##################################################
This is lenn: 1
##################################################
This is lenn: 20
Importing model from shape_461.stl
Scale: [0.4015120044265959, 0.4015120044265959, 0.4015120044265959]
model pos (1.0810358583576178, -0.7206441540162993, 2.068525530623055)
model counterr [1]
origin_location: [1.9485416412353516, 3.5008392333984375, -1.656832218170166]
Model center location: [1.0810358226299286, -0.7206441760063171, 2.068525493144989]
Camera location: (3.02957746386528, 2.7801950573921204, 0.411693274974823), rotation: [-0.13963412999223446, -0.20884485342833087, -0.8046458989938676, -0.5379880241884211]
Camera counter: 1
Camera if_counter: 0
Camera bool_chi: False
Universal color works : [0.7092270911086243, 0.14318970383551194, 0.19092226055207961, 1]
before light location: [1.4504919052124023, 2.1845953464508057, 1.0416547060012817]
counterr light: 1
if_counter light: 0
light location: (2.531527727842331, 1.4639511704444885, 3.1101801991462708)
light bool_chi: False
Done Material: object
Color Material: [0.11115178769841433, 0.2891960430642649, 0.6874880106591396, 1]
##################################################
This is lenn: 1
light_colors: {'light': [0.7092270911086243, 0.14318970383551194, 0.19092226055207961, 1], 'scene_light': [0.7092270911086243, 0.14318970383551194, 0.19092226055207961, 1]}
scene_intensity: 106.62161918527971
Render activated_gpus: []
Render filename: 000003
info_dict: {'scene_color': [0.7092270911086243, 0.14318970383551194, 0.19092226055207961, 1], 'camera_dist': 4.335640998156626, 'light_intensity': 106.62161918527971, 'scene_name': 'AI33_010_280.blend', 'blob_color': [0.11115178769841433, 0.2891960430642649, 0.6874880106591396, 1]}
Render activated_gpus: []
Render filename: 000003.gt_sm
Render activated_gpus: []
Render filename: 000003.gt_r
Render activated_gpus: []
Render filename: 000003.gt_ill
Render 3 complete
Data from render 3 saved
~~~~~~~~~~~~~~~~~~~~~~~~~~~~~~~~~~~~~~~~~~~~~~~~~~
Rendering index 4
##################################################
This is lenn: 31
Background: AI58_001.blend
Background pivot: [0.0, 0.0, 0.0]
Universal color works22 : [0.5744395614437001, 0.3873646942909671, 0.6149442097761632, 1]
Background intensity: 0.0
mat_count : 0
lamp_count: 0
vertices: [[-26.5157527923584, -26.899662017822266, 7.72102225710114e-07], [-26.5157527923584, -26.899662017822266, 8.755249977111816], [-26.5157527923584, 8.427618980407715, 8.755248069763184], [-26.5157527923584, 8.427618980407715, -7.721023393969517e-07], [11.94576644897461, -26.899662017822266, 7.72102225710114e-07], [11.94576644897461, -26.899662017822266, 8.755249977111816], [11.94576644897461, 8.427618980407715, 8.755248069763184], [11.94576644897461, 8.427618980407715, -7.721023393969517e-07]]
max_vol_name: ['AI58_001_Wall_002background']
bounding_limits: [[-17.23523931503296, 7.764748191833497], [-17.484780311584473, 5.477952337265015], [7.72102225710114e-07, 8.755249977111816]]
max_vol_name_list: [['AI58_001_Ceilingbackground'], ['AI58_001_Floor_Basebackground'], ['AI58_001_Furniture_kitechen_base_002background'], ['AI58_001_Wall_002background'], ['AI58_001_Wall_004background']]
Model arrangement: single
sub_parameters: {'scale_uniform': True, 'position_range': (-2.5, 2.5), 'files': ['/gpfs/scratch/aarjun1/train_data/ben_blobs/test_stls/shape_621.stl', '/gpfs/scratch/aarjun1/train_data/ben_blobs/test_stls/shape_755.stl', '/gpfs/scratch/aarjun1/train_data/ben_blobs/test_stls/shape_864.stl', '/gpfs/scratch/aarjun1/train_data/ben_blobs/test_stls/shape_400.stl', '/gpfs/scratch/aarjun1/train_data/ben_blobs/test_stls/shape_685.stl', '/gpfs/scratch/aarjun1/train_data/ben_blobs/test_stls/shape_863.stl', '/gpfs/scratch/aarjun1/train_data/ben_blobs/test_stls/shape_905.stl', '/gpfs/scratch/aarjun1/train_data/ben_blobs/test_stls/shape_939.stl', '/gpfs/scratch/aarjun1/train_data/ben_blobs/test_stls/shape_631.stl', '/gpfs/scratch/aarjun1/train_data/ben_blobs/test_stls/shape_364.stl', '/gpfs/scratch/aarjun1/train_data/ben_blobs/test_stls/shape_375.stl', '/gpfs/scratch/aarjun1/train_data/ben_blobs/test_stls/shape_711.stl', '/gpfs/scratch/aarjun1/train_data/ben_blobs/test_stls/shape_892.stl', '/gpfs/scratch/aarjun1/train_data/ben_blobs/test_stls/shape_951.stl', '/gpfs/scratch/aarjun1/train_data/ben_blobs/test_stls/shape_702.stl', '/gpfs/scratch/aarjun1/train_data/ben_blobs/test_stls/shape_597.stl', '/gpfs/scratch/aarjun1/train_data/ben_blobs/test_stls/shape_17.stl', '/gpfs/scratch/aarjun1/train_data/ben_blobs/test_stls/shape_971.stl', '/gpfs/scratch/aarjun1/train_data/ben_blobs/test_stls/shape_371.stl', '/gpfs/scratch/aarjun1/train_data/ben_blobs/test_stls/shape_461.stl'], 'scale_range': (0.35, 0.55), 'directory': 'ben_blobs/test_stls', 'rotate': True}
position_range: (-2.5, 2.5)
position: [-11.108660981269194, -1.1871689764724387, 2.4798223610445587]
##################################################
This is lenn: 1
##################################################
This is lenn: 20
Importing model from shape_892.stl
Scale: [0.47383959616684634, 0.47383959616684634, 0.47383959616684634]
model pos (-11.108660981269194, -1.1871689764724387, 2.4798223610445587)
model counterr [2]
origin_location: [-0.5889031291007996, 0.6673151850700378, 3.2676446437835693]
Model center location: [-14.8194580078125, 3.2833787202835083, 2.4398242235183716]
Camera location: (-15.4083611369133, 3.950693905353546, 5.707468867301941), rotation: [0.3505838403346058, 0.0468902195654892, -0.12399880512395318, -0.9271011673669555]
Camera counter: 1
Camera if_counter: 0
Camera bool_chi: False
Universal color works : [0.5744395614437001, 0.3873646942909671, 0.6149442097761632, 1]
before light location: [-1.3545165061950684, -0.043755996972322464, 1.443244218826294]
counterr light: 1
if_counter light: 0
light location: (-16.17397451400757, 3.239622723311186, 3.8830684423446655)
light bool_chi: False
Done Material: object
Color Material: [0.5135843941873227, 0.2362581153475384, 0.8081145882654699, 1]
##################################################
This is lenn: 1
light_colors: {'light': [0.5744395614437001, 0.3873646942909671, 0.6149442097761632, 1], 'scene_light': [0.5744395614437001, 0.3873646942909671, 0.6149442097761632, 1]}
scene_intensity: 185.7511591560858
Render activated_gpus: []
Render filename: 000004
