## SLURM PROLOG ###############################################################
##    Job ID : 3853012
##  Job Name : render_MI_val
##  Nodelist : gpu1402
##      CPUs : 1
##  Mem/Node : 40960 MB
## Directory : /gpfs/data/tserre/aarjun1/blender_render-color_pos
##   Started : Thu Jan 27 07:42:26 EST 2022
###############################################################################
12
##################################################
This is version: single_illuminant
##################################################
This is jobID: 3853012
##################################################
This is batch_size: 150000
##################################################
This is gpu_index: None
['scenes/AI_33/AI33_005/AI33_005_280.blend', 'scenes/AI_33/AI33_003/AI33_003_280.blend', 'scenes/AI_33/AI33_009/AI33_009_280.blend', 'scenes/AI_33/AI33_002/AI33_002_280.blend', 'scenes/AI_33/AI33_007/AI33_007_280.blend', 'scenes/AI_33/AI33_001/AI33_001_280.blend', 'scenes/AI_33/AI33_006/AI33_006_280.blend', 'scenes/AI_33/AI33_010/AI33_010_280.blend', 'scenes/AI_43/AI43_010/AI043_010_Blender.blend', 'scenes/AI_43/AI43_006/AI043_006_Blender.blend', 'scenes/AI_43/AI43_005/AI043_005_Blender.blend', 'scenes/AI_43/AI43_004/AI043_004.blend', 'scenes/AI_43/AI43_008_blender/AI043_008.blend', 'scenes/AI_43/AI43_009/AI043_009_Blender.blend', 'scenes/AI_43/AI43_003/AI043_003_Blender.blend', 'scenes/AI_43/AI43_001/AI043_001_Blender.blend', 'scenes/AI_48/AI48_001/AI48_001.blend', 'scenes/AI_48/AI48_002/AI48_002.blend', 'scenes/AI_48/AI48_008/AI48_008.blend', 'scenes/AI_48/AI48_010/AI48_010.blend', 'scenes/AI_48/AI48_009/AI48_009.blend', 'scenes/AI_48/AI48_003/AI48_003.blend', 'scenes/AI_48/AI48_004/AI48_004.blend', 'scenes/AI_58/AI58_002/AI58_002.blend', 'scenes/AI_58/AI58_005/AI58_005.blend', 'scenes/AI_58/AI58_007/AI58_007.blend', 'scenes/AI_58/AI58_001/AI58_001.blend', 'scenes/AI_58/AI58_008/AI58_008.blend', 'scenes/AI_58/AI58_006/AI58_006.blend', 'scenes/AI_58/AI58_009/AI58_009.blend', 'scenes/AI_58/AI58_010/AI58_010.blend']
blend_files len :  31
Rendering to folder: /gpfs/scratch/aarjun1/blender_data/data5/images_single_illuminant
Job folder successfully created
~~~~~~~~~~~~~~~~~~~~~~~~~~~~~~~~~~~~~~~~~~~~~~~~~~
Rendering index 0
##################################################
This is lenn: 31
Background: AI48_001.blend
Background pivot: [0.0, 0.0, 0.0]
Universal color works22 : [0.7798958622091328, 0.5956773238447266, 0.4278423626952311, 1]
Background intensity: 0.0
mat_count : 0
lamp_count: 0
vertices: [[-16.806983947753906, -29.412220001220703, 1.1537459840837982e-06], [-16.806983947753906, -29.412220001220703, 16.106645584106445], [-16.806983947753906, 9.049315452575684, 16.106643676757812], [-16.806983947753906, 9.049314498901367, -5.274611112326966e-07], [16.836679458618164, -29.412220001220703, 1.1537459840837982e-06], [16.836679458618164, -29.412220001220703, 16.106645584106445], [16.836679458618164, 9.049315452575684, 16.106643676757812], [16.836679458618164, 9.049314498901367, -5.274611112326966e-07]]
max_vol_name: ['AI48_001_wallsbackground']
bounding_limits: [[-10.924539566040039, 10.943841648101808], [-19.117943000793456, 5.882055044174194], [1.1537459840837982e-06, 16.106645584106445]]
max_vol_name_list: [['AI48_001_ceiling_woodbackground'], ['AI48_001_floor_1background'], ['AI48_001_floor_2background'], ['AI48_001_floor_3background'], ['AI48_001_floor_4background'], ['AI48_001_floor_blackbackground'], ['AI48_001_wallsbackground']]
Model arrangement: single
sub_parameters: {'directory': 'ben_blobs/test_stls', 'rotate': True, 'scale_range': (0.35, 0.55), 'position_range': (-2.5, 2.5), 'scale_uniform': True}
position_range: (-2.5, 2.5)
position: [-10.045793870728826, -9.669877189618262, 8.98130767881344]
##################################################
This is lenn: 1
##################################################
This is lenn: 20
Importing model from shape_621.stl
Scale: [0.3641270276881957, 0.3641270276881957, 0.3641270276881957]
model pos (-10.045793870728826, -9.669877189618262, 8.98130767881344)
model counterr [1]
origin_location: [0.09110487252473831, -1.1629317998886108, -2.5602550506591797]
Model center location: [-10.045793533325195, -9.669877052307129, 8.981307983398438]
Camera location: (-9.954688660800457, -10.83280885219574, 6.421052932739258), rotation: [0.21197128773526708, 0.9764941801847666, 0.03819110336956428, 0.00829028736223033]
Camera counter: 1
Camera if_counter: 0
Camera bool_chi: False
Universal color works : [0.7798958622091328, 0.5956773238447266, 0.4278423626952311, 1]
before light location: [0.08309976011514664, -0.2145257145166397, 1.5486444234848022]
counterr light: 1
if_counter light: 0
light location: (-9.962693773210049, -9.884402766823769, 10.52995240688324)
light bool_chi: False
Done Material: object
Color Material: [0.7942616142555434, 0.635028543831865, 0.8401470171963217, 1]
##################################################
This is lenn: 1
light_colors: {'scene_light': [0.7798958622091328, 0.5956773238447266, 0.4278423626952311, 1], 'light': [0.7798958622091328, 0.5956773238447266, 0.4278423626952311, 1]}
scene_intensity: 112.04052982911918
Render activated_gpus: []
Render filename: 000000
